[1568390939588] NEW SESSION
[1568391234280] left click on word 33.1.6 ('不')
[1568391234280] new alignment group
[1568391234281] add 33.1.6 to 33[:]
[1568391234871] left click on word 33.1.7 ('知道')
[1568391234871] del 33.1.7 from 33[1:7]
[1568391234871] add 33.1.7 to 33[:6]
[1568391235670] left click on word 33.1.6 ('不')
[1568391235670] del 33.1.6 from 33[:6,7]
[1568391236767] left click on word 33.0.1 ('wonder')
[1568391236767] del 33.0.1 from 33[1:]
[1568391236768] add 33.0.1 to 33[:7]
[1568391237550] left click on word 33.1.6 ('不')
[1568391237550] add 33.1.6 to 33[1:7]
[1568391237979] right click on word 33.1.6 ('不')
[1568391238525] right click on word 33.1.6 ('不')
[1568391239385] label 33[1:7,6] as modulation
[1568391312774] left click on word 33.0.2 ('if')
[1568391312774] new alignment group
[1568391312774] add 33.0.2 to 33[:]
[1568391314661] right click on word 33.0.2 ('if')
[1568391315774] left click on word 33.0.1 ('wonder')
[1568391315774] edit 33[1:7,6]
[1568391316494] left click on word 33.0.2 ('if')
[1568391316494] del 33.0.2 from 33[2:]
[1568391316494] add 33.0.2 to 33[1:7,6]
[1568391317691] left click on word 33.1.9 ('会')
[1568391317691] add 33.1.9 to 33[1,2:7,6]
[1568391318262] left click on word 33.1.10 ('不')
[1568391318263] add 33.1.10 to 33[1,2:7,6,9]
[1568391318710] left click on word 33.1.11 ('会')
[1568391318711] add 33.1.11 to 33[1,2:7,6,9,10]
[1568391319359] right click on word 33.1.11 ('会')
[1568391321544] right click on word 33.1.11 ('会')
[1568391323430] label 33[1,2:7,6,9,10,11] as uncertain
[1568391333351] left click on word 33.0.5 ('put')
[1568391333351] new alignment group
[1568391333351] add 33.0.5 to 33[:]
[1568391334185] left click on word 33.0.7 ('up')
[1568391334186] add 33.0.7 to 33[5:]
[1568391335584] left click on word 33.1.12 ('让')
[1568391335585] add 33.1.12 to 33[5,7:]
[1568391336862] left click on word 33.1.14 ('住')
[1568391336862] add 33.1.14 to 33[5,7:12]
[1568391337371] right click on word 33.1.14 ('住')
[1568391371230] right click on word 33.1.12 ('让')
[1568391372422] label 33[5,7:12,14] as equivalence
[1568391425459] left click on word 34.0.1 (',')
[1568391425459] new alignment group
[1568391425460] add 34.0.1 to 34[:]
[1568391426492] left click on word 34.1.1 ('，')
[1568391426493] add 34.1.1 to 34[1:]
[1568391429431] right click on word 34.0.1 (',')
[1568391440453] left click on word 34.0.2 ('like')
[1568391440453] edit 34[2:6]
[1568391441103] left click on word 34.1.3 ('和')
[1568391441103] add 34.1.3 to 34[2:6]
[1568391441574] right click on word 34.1.3 ('和')
[1568391444970] left click on word 34.0.3 ('a')
[1568391444970] new alignment group
[1568391444970] add 34.0.3 to 34[:]
[1568391445543] left click on word 34.0.4 ('lot')
[1568391445543] add 34.0.4 to 34[3:]
[1568391446526] left click on word 34.1.4 ('大多数')
[1568391446526] add 34.1.4 to 34[3,4:]
[1568391447399] left click on word 34.0.5 ('of')
[1568391447399] add 34.0.5 to 34[3,4:4]
[1568391450311] left click on word 34.0.5 ('of')
[1568391450311] del 34.0.5 from 34[3,4,5:4]
[1568391452217] right click on word 34.0.4 ('lot')
[1568391459013] left click on word 34.0.3 ('a')
[1568391459013] edit 34[3,4:4]
[1568391460982] right click on word 34.1.4 ('大多数')
[1568391461893] right click on word 34.1.4 ('大多数')
[1568391463389] label 34[3,4:4] as uncertain
[1568391465526] left click on word 34.0.6 ('men')
[1568391465526] edit 34[6:5]
[1568391466821] cancel edit
[1568391475903] left click on word 34.0.10 ('impatient')
[1568391475904] edit 34[10:8]
[1568391477048] left click on word 34.1.7 ('没什么')
[1568391477048] add 34.1.7 to 34[10:8]
[1568391478180] right click on word 34.1.7 ('没什么')
[1568391487238] left click on word 34.1.9 ('；')
[1568391487238] new alignment group
[1568391487238] add 34.1.9 to 34[:]
[1568391487998] left click on word 34.0.11 (';')
[1568391487998] add 34.0.11 to 34[:9]
[1568391488453] right click on word 34.0.11 (';')
[1568391497926] left click on word 34.0.15 ('on')
[1568391497926] new alignment group
[1568391497926] add 34.0.15 to 34[:]
[1568391498510] left click on word 34.0.16 ('his')
[1568391498510] add 34.0.16 to 34[15:]
[1568391499199] left click on word 34.0.17 ('49th')
[1568391499199] del 34.0.17 from 34[17:11]
[1568391499199] add 34.0.17 to 34[15,16:]
[1568391500182] left click on word 34.1.14 ('时候')
[1568391500182] add 34.1.14 to 34[15,16,17:]
[1568391500687] left click on word 34.1.13 ('的')
[1568391500687] add 34.1.13 to 34[15,16,17:14]
[1568391501166] left click on word 34.1.12 ('岁')
[1568391501167] del 34.1.12 from 34[12:12]
[1568391501167] add 34.1.12 to 34[15,16,17:14,13]
[1568391501670] left click on word 34.1.11 ('四十九')
[1568391501670] del 34.1.11 from 34[:11]
[1568391501671] add 34.1.11 to 34[15,16,17:14,13,12]
[1568391502187] right click on word 34.1.11 ('四十九')
[1568391502973] right click on word 34.1.11 ('四十九')
[1568391504606] label 34[15,16,17:14,13,12,11] as equivalence
[1568391513039] left click on word 34.1.17 ('买')
[1568391513039] edit 34[13:17]
[1568391513663] left click on word 34.1.18 ('了')
[1568391513663] add 34.1.18 to 34[13:17]
[1568391514245] right click on word 34.1.18 ('了')
[1568391516478] left click on word 34.1.19 ('这')
[1568391516479] edit 34[14:19]
[1568391516942] left click on word 34.1.20 ('辆')
[1568391516942] add 34.1.20 to 34[14:19]
[1568391517505] left click on word 34.1.21 ('车')
[1568391517506] add 34.1.21 to 34[14:19,20]
[1568391524677] right click on word 34.1.21 ('车')
[1568391525774] right click on word 34.1.21 ('车')
[1568391528222] label 34[14:19,20,21] as particularization
[1568391532305] left click on word 35.1.2 ('，')
[1568391532305] new alignment group
[1568391532305] add 35.1.2 to 35[:]
[1568391533078] cancel edit
[1568391533590] left click on word 35.0.2 (',')
[1568391533590] new alignment group
[1568391533590] add 35.0.2 to 35[:]
[1568391534742] left click on word 35.1.2 ('，')
[1568391534742] add 35.1.2 to 35[2:]
[1568391536775] cancel edit
[1568391537589] left click on word 35.1.2 ('，')
[1568391537589] new alignment group
[1568391537589] add 35.1.2 to 35[:]
[1568391538205] left click on word 35.0.2 (',')
[1568391538205] add 35.0.2 to 35[:2]
[1568391538573] right click on word 35.0.2 (',')
[1568391540072] left click on word 35.0.4 (',')
[1568391540072] new alignment group
[1568391540072] add 35.0.4 to 35[:]
[1568391540662] left click on word 35.1.4 ('，')
[1568391540663] add 35.1.4 to 35[4:]
[1568391540943] right click on word 35.1.4 ('，')
[1568391543656] left click on word 35.0.6 ('dodged')
[1568391543656] new alignment group
[1568391543656] add 35.0.6 to 35[:]
[1568391544142] left click on word 35.1.6 ('躲过')
[1568391544142] add 35.1.6 to 35[6:]
[1568391544606] left click on word 35.1.7 ('了')
[1568391544606] add 35.1.7 to 35[6:6]
[1568391544966] right click on word 35.1.7 ('了')
[1568391581806] right click on word 35.1.8 ('一个')
[1568391583088] label 35[7:8] as uncertain
[1568391587336] right click on word 35.1.7 ('了')
[1568391588462] label 35[6:6,7] as uncertain
[1568391591848] left click on word 36.0.0 ('Let')
[1568391591848] edit 36[0:0]
[1568391592382] left click on word 36.0.1 (''s')
[1568391592383] add 36.0.1 to 36[0:0]
[1568391592872] left click on word 36.1.1 ('我们')
[1568391592872] add 36.1.1 to 36[0,1:0]
[1568391593229] right click on word 36.1.1 ('我们')
[1568391593774] right click on word 36.1.1 ('我们')
[1568391596429] label 36[0,1:0,1] as equivalence
[1568391607262] left click on word 36.1.4 ('他们')
[1568391607262] edit 36[7:4]
[1568391607989] left click on word 36.0.7 ('team')
[1568391607989] del 36.0.7 from 36[7:4]
[1568391609073] left click on word 36.1.4 ('他们')
[1568391609073] del 36.1.4 from 36[:4]
[1568391609527] right click on word 36.1.4 ('他们')
[1568391609527] add 36.1.4 to 36[:]
[1568391834308] left click on word 37.0.1 ('Aussie')
[1568391834308] edit 37[1:5]
[1568391839214] left click on word 37.0.2 ('pussies')
[1568391839214] add 37.0.2 to 37[1:5]
[1568391840222] left click on word 37.1.6 ('佬')
[1568391840222] add 37.1.6 to 37[1,2:5]
[1568391840715] right click on word 37.1.6 ('佬')
[1568391841310] right click on word 37.1.6 ('佬')
[1568391842424] label 37[1,2:5,6] as equivalence
[1568391848576] right click on word 37.1.7 ('有')
[1568391861855] label 37[3:7] as lexical_shift
[1568391868311] left click on word 37.1.10 ('？')
[1568391868311] new alignment group
[1568391868311] add 37.1.10 to 37[:]
[1568391869231] left click on word 37.0.8 ('?')
[1568391869231] del 37.0.8 from 37[8:9]
[1568391869231] add 37.0.8 to 37[:10]
[1568391869975] right click on word 37.0.8 ('?')
[1568391884994] left click on word 38.0.1 ('be')
[1568391884994] new alignment group
[1568391884994] add 38.0.1 to 38[:]
[1568391886013] left click on word 38.1.1 ('作为')
[1568391886013] del 38.1.1 from 38[3:1]
[1568391886014] add 38.1.1 to 38[1:]
[1568391886736] right click on word 38.1.1 ('作为')
[1568391887496] right click on word 38.1.1 ('作为')
[1568391891293] label 38[1:1] as particularization
[1568391894494] left click on word 38.1.2 ('储备')
[1568391894494] new alignment group
[1568391894495] add 38.1.2 to 38[:]
[1568391895454] left click on word 38.0.3 ('back-up')
[1568391895454] del 38.0.3 from 38[3:]
[1568391895454] add 38.0.3 to 38[:2]
[1568391896283] right click on word 38.0.3 ('back-up')
[1568391898350] right click on word 38.0.3 ('back-up')
[1568391899454] label 38[3:2] as transposition
[1568391907431] right click on word 38.1.3 ('能源')
[1568391908999] label 38[4:3] as particularization
[1568391910566] left click on word 38.1.4 ('-')
[1568391910566] new alignment group
[1568391910566] add 38.1.4 to 38[:]
[1568391911160] left click on word 38.1.5 ('-')
[1568391911160] add 38.1.5 to 38[:4]
[1568391912103] left click on word 38.0.5 ('--')
[1568391912103] add 38.0.5 to 38[:4,5]
[1568391913182] right click on word 38.1.5 ('-')
[1568391914663] left click on word 38.1.6 ('当然')
[1568391914664] edit 38[7:6]
[1568391915360] left click on word 38.0.6 ('of')
[1568391915360] add 38.0.6 to 38[7:6]
[1568391915638] right click on word 38.0.6 ('of')
[1568391916534] right click on word 38.0.6 ('of')
[1568391919135] label 38[7,6:6] as equivalence
[1568391920695] left click on word 38.1.7 ('，')
[1568391920695] new alignment group
[1568391920695] add 38.1.7 to 38[:]
[1568391921510] left click on word 38.0.8 (',')
[1568391921510] add 38.0.8 to 38[:7]
[1568391921862] right click on word 38.0.8 (',')
[1568391925454] left click on word 38.1.8 ('晚上')
[1568391925454] edit 38[15:8]
[1568391926527] left click on word 38.0.14 ('at')
[1568391926527] add 38.0.14 to 38[15:8]
[1568391927026] right click on word 38.0.14 ('at')
[1568391932452] right click on word 38.0.14 ('at')
[1568391949976] left click on word 38.0.14 ('at')
[1568391949976] edit 38[15,14:8]
[1568391951047] left click on word 38.0.14 ('at')
[1568391951047] del 38.0.14 from 38[15,14:8]
[1568391951961] right click on word 38.0.15 ('night')
[1568391955176] left click on word 38.1.7 ('，')
[1568391955176] edit 38[8:7]
[1568391955961] right click on word 38.1.7 ('，')
[1568391960295] left click on word 38.1.9 ('不')
[1568391960295] edit 38[11:9]
[1568391960846] left click on word 38.1.10 ('能')
[1568391960846] del 38.1.10 from 38[10:10]
[1568391960846] add 38.1.10 to 38[11:9]
[1568391961990] left click on word 38.0.10 ('ca')
[1568391961990] del 38.0.10 from 38[10:]
[1568391961990] add 38.0.10 to 38[11:9,10]
[1568391963045] right click on word 38.0.10 ('ca')
[1568391964654] right click on word 38.0.11 ('n't')
[1568391965895] label 38[11,10:9,10] as uncertain
[1568391981176] left click on word 38.1.12 ('，')
[1568391981176] new alignment group
[1568391981176] add 38.1.12 to 38[:]
[1568391982245] left click on word 38.0.16 (',')
[1568391982245] add 38.0.16 to 38[:12]
[1568391982693] right click on word 38.0.16 (',')
[1568392021687] left click on word 39.1.5 ('武馆')
[1568392021687] new alignment group
[1568392021687] add 39.1.5 to 39[:]
[1568392022792] left click on word 39.0.8 ('a')
[1568392022792] add 39.0.8 to 39[:5]
[1568392023183] left click on word 39.0.9 ('dojo')
[1568392023183] add 39.0.9 to 39[8:5]
[1568392023662] right click on word 39.0.9 ('dojo')
[1568392038286] left click on word 40.0.3 ('all')
[1568392038287] edit 40[3:0]
[1568392038751] left click on word 40.0.4 ('the')
[1568392038751] add 40.0.4 to 40[3:0]
[1568392039151] left click on word 40.0.5 ('time')
[1568392039151] add 40.0.5 to 40[3,4:0]
[1568392039445] right click on word 40.0.5 ('time')
[1568392040313] right click on word 40.0.5 ('time')
[1568392041350] label 40[3,4,5:0] as equivalence
[1568392046464] left click on word 40.0.6 ('about')
[1568392046464] new alignment group
[1568392046464] add 40.0.6 to 40[:]
[1568392047327] left click on word 40.1.3 ('过于')
[1568392047327] add 40.1.3 to 40[6:]
[1568392047815] right click on word 40.1.3 ('过于')
[1568392048461] right click on word 40.1.3 ('过于')
[1568392049862] label 40[6:3] as translation_error
[1568392063598] left click on word 40.0.9 ('mattered')
[1568392063598] new alignment group
[1568392063598] add 40.0.9 to 40[:]
[1568392064119] left click on word 40.0.10 ('to')
[1568392064119] add 40.0.10 to 40[9:]
[1568392064623] left click on word 40.0.11 ('us')
[1568392064623] del 40.0.11 from 40[11:4]
[1568392064623] add 40.0.11 to 40[9,10:]
[1568392065350] left click on word 40.1.4 ('我们')
[1568392065350] del 40.1.4 from 40[:4]
[1568392065350] add 40.1.4 to 40[9,10,11:]
[1568392065791] left click on word 40.1.5 ('的')
[1568392065791] add 40.1.5 to 40[9,10,11:4]
[1568392066286] left click on word 40.1.6 ('事情')
[1568392066286] del 40.1.6 from 40[7:6]
[1568392066287] add 40.1.6 to 40[9,10,11:4,5]
[1568392066844] right click on word 40.1.6 ('事情')
[1568392067724] right click on word 40.1.6 ('事情')
[1568392074864] label 40[9,10,11:4,5,6] as uncertain
[1568392079057] left click on word 41.0.2 ('are')
[1568392079057] new alignment group
[1568392079057] add 41.0.2 to 41[:]
[1568392079762] left click on word 41.1.2 ('是')
[1568392079762] add 41.1.2 to 41[2:]
[1568392080078] right click on word 41.1.2 ('是')
[1568392087146] left click on word 41.0.4 ('close')
[1568392087146] new alignment group
[1568392087146] add 41.0.4 to 41[:]
[1568392103889] left click on word 41.0.4 ('close')
[1568392103889] del 41.0.4 from 41[4:]
[1568392104496] left click on word 41.0.5 ('personal')
[1568392104497] add 41.0.5 to 41[:]
[1568392107101] left click on word 41.1.4 ('最好')
[1568392107101] add 41.1.4 to 41[5:]
[1568392107712] left click on word 41.1.5 ('的')
[1568392107712] add 41.1.5 to 41[5:4]
[1568392108574] left click on word 41.0.4 ('close')
[1568392108574] add 41.0.4 to 41[5:4,5]
[1568392111238] right click on word 41.0.4 ('close')
[1568392112144] right click on word 41.0.4 ('close')
[1568392113463] label 41[5,4:4,5] as uncertain
[1568392119504] right click on word 41.0.8 ('mine')
[1568392121448] label 41[8:3] as transposition
[1568392134263] left click on word 42.0.2 ('mean')
[1568392134263] new alignment group
[1568392134263] add 42.0.2 to 42[:]
[1568392134888] cancel edit
[1568392135342] left click on word 42.0.3 ('a')
[1568392135342] new alignment group
[1568392135342] add 42.0.3 to 42[:]
[1568392135782] left click on word 42.0.4 ('lot')
[1568392135782] del 42.0.4 from 42[4:3]
[1568392135782] add 42.0.4 to 42[3:]
[1568392136375] left click on word 42.1.4 ('重要')
[1568392136375] add 42.1.4 to 42[3,4:]
[1568392136864] left click on word 42.0.2 ('mean')
[1568392136864] add 42.0.2 to 42[3,4:4]
[1568392137350] left click on word 42.1.3 ('很')
[1568392137350] del 42.1.3 from 42[:3]
[1568392137350] add 42.1.3 to 42[3,4,2:4]
[1568392137734] right click on word 42.1.3 ('很')
[1568392138362] right click on word 42.1.3 ('很')
[1568392139463] label 42[3,4,2:4,3] as uncertain
[1568392141750] left click on word 42.1.0 ('对')
[1568392141750] new alignment group
[1568392141750] add 42.1.0 to 42[:]
[1568392142329] left click on word 42.1.2 ('来说')
[1568392142329] add 42.1.2 to 42[:0]
[1568392143159] left click on word 42.0.5 ('to')
[1568392143159] add 42.0.5 to 42[:0,2]
[1568392143703] right click on word 42.0.5 ('to')
[1568392146566] left click on word 42.1.6 ('？')
[1568392146566] new alignment group
[1568392146566] add 42.1.6 to 42[:]
[1568392147480] left click on word 42.0.7 ('?')
[1568392147480] del 42.0.7 from 42[7:5]
[1568392147480] add 42.0.7 to 42[:6]
[1568392147846] right click on word 42.0.7 ('?')
[1568392150470] right click on word 42.1.5 ('吧')
[1568392151440] label 42[:5] as unaligned_explicitation
[1568392155112] left click on word 43.0.0 ('A')
[1568392155112] new alignment group
[1568392155112] add 43.0.0 to 43[:]
[1568392158102] right click on word 43.0.0 ('A')
[1568392161096] left click on word 43.0.1 ('rational')
[1568392161096] edit 43[1:0]
[1568392161697] left click on word 43.1.1 ('的')
[1568392161697] add 43.1.1 to 43[1:0]
[1568392161935] right click on word 43.1.1 ('的')
[1568392178141] left click on word 43.1.4 ('把')
[1568392178141] edit 43[4:4]
[1568392178790] left click on word 43.1.6 ('看作')
[1568392178790] del 43.1.6 from 43[6:6]
[1568392178790] add 43.1.6 to 43[4:4]
[1568392179686] left click on word 43.0.6 ('as')
[1568392179686] del 43.0.6 from 43[6:]
[1568392179686] add 43.0.6 to 43[4:4,6]
[1568392180865] right click on word 43.0.6 ('as')
[1568392181518] right click on word 43.0.6 ('as')
[1568392182599] label 43[4,6:4,6] as uncertain
[1568392187287] left click on word 43.0.5 ('that')
[1568392187287] new alignment group
[1568392187287] add 43.0.5 to 43[:]
[1568392188344] left click on word 43.1.5 ('它')
[1568392188344] add 43.1.5 to 43[5:]
[1568392189239] right click on word 43.1.5 ('它')
[1568392189790] right click on word 43.1.5 ('它')
[1568392195066] label 43[5:5] as particularization
[1568392197454] left click on word 43.1.7 ('一个')
[1568392197455] new alignment group
[1568392197455] add 43.1.7 to 43[:]
[1568392198510] left click on word 43.0.7 ('a')
[1568392198510] add 43.0.7 to 43[:7]
[1568392199542] right click on word 43.0.7 ('a')
[1568392200104] right click on word 43.0.7 ('a')
[1568392201135] label 43[7:7] as uncertain
[1568392203855] left click on word 44.0.0 ('Ivan')
[1568392203855] new alignment group
[1568392203855] add 44.0.0 to 44[:]
[1568392204239] left click on word 44.1.0 ('吉姆')
[1568392204239] add 44.1.0 to 44[0:]
[1568392204534] right click on word 44.1.0 ('吉姆')
[1568392218919] left click on word 45.1.2 ('波')
[1568392218919] new alignment group
[1568392218919] add 45.1.2 to 45[:]
[1568392219360] left click on word 45.1.1 ('脉冲')
[1568392219360] del 45.1.1 from 45[1:1]
[1568392219360] add 45.1.1 to 45[:2]
[1568392220104] left click on word 45.0.2 ('forces')
[1568392220104] del 45.0.2 from 45[2:4]
[1568392220104] add 45.0.2 to 45[:2,1]
[1568392220601] left click on word 45.0.1 ('pulse')
[1568392220601] del 45.0.1 from 45[1:]
[1568392220601] add 45.0.1 to 45[2:2,1]
[1568392220951] right click on word 45.0.1 ('pulse')
[1568392225959] left click on word 45.0.2 ('forces')
[1568392225959] edit 45[2,1:2,1]
[1568392226653] left click on word 45.0.2 ('forces')
[1568392226653] del 45.0.2 from 45[2,1:2,1]
[1568392227834] right click on word 45.1.2 ('波')
[1568392229299] left click on word 45.1.4 ('强制')
[1568392229299] edit 45[:4]
[1568392229951] left click on word 45.0.2 ('forces')
[1568392229951] add 45.0.2 to 45[:4]
[1568392230315] right click on word 45.0.2 ('forces')
[1568392238466] left click on word 45.0.3 ('the')
[1568392238466] new alignment group
[1568392238466] add 45.0.3 to 45[:]
[1568392238943] left click on word 45.0.4 ('circuit')
[1568392238943] add 45.0.4 to 45[3:]
[1568392239401] left click on word 45.0.5 ('breaker')
[1568392239401] add 45.0.5 to 45[3,4:]
[1568392240160] left click on word 45.1.5 ('断路')
[1568392240160] add 45.1.5 to 45[3,4,5:]
[1568392240685] left click on word 45.1.6 ('器')
[1568392240685] add 45.1.6 to 45[3,4,5:5]
[1568392241252] right click on word 45.1.6 ('器')
[1568392245654] left click on word 45.1.7 ('切断')
[1568392245654] new alignment group
[1568392245655] add 45.1.7 to 45[:]
[1568392246360] left click on word 45.0.7 ('shut')
[1568392246360] add 45.0.7 to 45[:7]
[1568392247101] left click on word 45.0.8 ('down')
[1568392247101] add 45.0.8 to 45[7:7]
[1568392248351] right click on word 45.0.8 ('down')
[1568392249482] right click on word 45.0.8 ('down')
[1568392250771] label 45[7,8:7] as equivalence
[1568392257069] left click on word 45.0.9 ('her')
[1568392257069] edit 45[9:8]
[1568392259567] right click on word 45.0.9 ('her')
[1568392260210] right click on word 45.0.9 ('her')
[1568392261969] label 45[9:8] as transposition
[1568392276552] right click on word 45.1.8 ('她')
[1568392277919] label 45[9:8] as uncertain
[1568392283175] right click on word 45.0.13 ('seconds')
[1568392284674] label 45[13:11] as lexical_shift
[1568392291407] left click on word 46.0.1 ('do')
[1568392291407] new alignment group
[1568392291407] add 46.0.1 to 46[:]
[1568392292143] left click on word 46.0.2 ('n't')
[1568392292143] del 46.0.2 from 46[2:3]
[1568392292143] add 46.0.2 to 46[1:]
[1568392295470] left click on word 46.1.7 ('不')
[1568392295470] del 46.1.7 from 46[6:7]
[1568392295470] add 46.1.7 to 46[1,2:]
[1568392296222] right click on word 46.1.7 ('不')
[1568392297286] right click on word 46.1.7 ('不')
[1568392298391] label 46[1,2:7] as uncertain
[1568392311038] right click on word 46.1.0 ('不')
[1568392313142] left click on word 46.1.0 ('不')
[1568392313142] edit 46[2:0]
[1568392314871] left click on word 46.0.2 ('n't')
[1568392314871] del 46.0.2 from 46[1,2:7]
[1568392314871] add 46.0.2 to 46[2:0]
[1568392315928] left click on word 46.1.0 ('不')
[1568392315929] del 46.1.0 from 46[2:0]
[1568392317435] left click on word 46.0.2 ('n't')
[1568392317436] del 46.0.2 from 46[2:]
[1568392317436] add 46.0.2 to 46[1:7]
[1568392317820] right click on word 46.0.2 ('n't')
[1568392317820] del 46.0.2 from 46[1,2:7]
[1568392317820] add 46.0.2 to 46[:]
[1568392320084] left click on word 46.1.7 ('不')
[1568392320084] edit 46[1:7]
[1568392321026] left click on word 46.0.2 ('n't')
[1568392321026] del 46.0.2 from 46[2:]
[1568392321026] add 46.0.2 to 46[1:7]
[1568392321470] right click on word 46.0.2 ('n't')
[1568392327970] left click on word 47.0.4 ('get')
[1568392327970] new alignment group
[1568392327970] add 47.0.4 to 47[:]
[1568392328462] left click on word 47.0.5 ('out')
[1568392328464] del 47.0.5 from 47[5:3]
[1568392328464] add 47.0.5 to 47[4:]
[1568392329111] left click on word 47.0.6 ('of')
[1568392329111] add 47.0.6 to 47[4,5:]
[1568392329791] left click on word 47.1.3 ('离开')
[1568392329792] del 47.1.3 from 47[:3]
[1568392329792] add 47.1.3 to 47[4,5,6:]
[1568392331006] right click on word 47.0.4 ('get')
[1568392335671] left click on word 47.1.5 ('好')
[1568392335671] edit 47[9:5]
[1568392336263] left click on word 47.1.6 ('吗')
[1568392336263] del 47.1.6 from 47[10:6]
[1568392336263] add 47.1.6 to 47[9:5]
[1568392336541] right click on word 47.1.6 ('吗')
[1568392337467] left click on word 47.1.7 ('？')
[1568392337467] new alignment group
[1568392337467] add 47.1.7 to 47[:]
[1568392339152] left click on word 47.0.10 ('?')
[1568392339152] del 47.0.10 from 47[10:]
[1568392339152] add 47.0.10 to 47[:7]
[1568392340153] right click on word 47.1.7 ('？')
[1568392344055] left click on word 48.0.0 ('A')
[1568392344055] new alignment group
[1568392344055] add 48.0.0 to 48[:]
[1568392344495] left click on word 48.0.1 ('couple')
[1568392344495] del 48.0.1 from 48[1:0]
[1568392344495] add 48.0.1 to 48[0:]
[1568392344885] right click on word 48.0.1 ('couple')
[1568392345689] left click on word 48.1.0 ('几')
[1568392345689] edit 48[:0]
[1568392346136] left click on word 48.0.0 ('A')
[1568392346136] del 48.0.0 from 48[0,1:]
[1568392346136] add 48.0.0 to 48[:0]
[1568392346520] left click on word 48.0.1 ('couple')
[1568392346520] del 48.0.1 from 48[1:]
[1568392346520] add 48.0.1 to 48[0:0]
[1568392346871] right click on word 48.0.1 ('couple')
[1568392348986] right click on word 48.1.1 ('小时')
[1568392350386] label 48[2:1] as lexical_shift
[1568392351621] left click on word 48.1.2 ('之后')
[1568392351621] edit 48[3:2]
[1568392352542] cancel edit
[1568392368111] left click on word 48.0.7 ('in')
[1568392368111] edit 48[7:8]
[1568392368718] left click on word 48.1.8 ('在')
[1568392368719] del 48.1.8 from 48[7:8]
[1568392369462] left click on word 48.1.12 ('里')
[1568392369462] add 48.1.12 to 48[7:]
[1568392370104] left click on word 48.1.8 ('在')
[1568392370104] add 48.1.8 to 48[7:12]
[1568392370422] right click on word 48.1.8 ('在')
[1568392376211] left click on word 48.1.9 ('这样')
[1568392376211] edit 48[9:9]
[1568392376839] left click on word 48.1.10 ('的')
[1568392376839] add 48.1.10 to 48[9:9]
[1568392377407] left click on word 48.0.10 ('this')
[1568392377407] add 48.0.10 to 48[9:9,10]
[1568392377788] right click on word 48.0.10 ('this')
[1568392378330] right click on word 48.0.10 ('this')
[1568392379479] label 48[9,10:9,10] as uncertain
[1568392389346] left click on word 49.1.1 ('像')
[1568392389346] edit 49[1:1]
[1568392391343] left click on word 49.1.6 ('一样')
[1568392391343] del 49.1.6 from 49[1:6]
[1568392391343] add 49.1.6 to 49[1:1]
[1568392391678] right click on word 49.1.6 ('一样')
[1568392396935] left click on word 49.0.12 ('3rd')
[1568392396935] new alignment group
[1568392396935] add 49.0.12 to 49[:]
[1568392397818] left click on word 49.1.3 ('3号')
[1568392397818] add 49.1.3 to 49[12:]
[1568392398222] right click on word 49.1.3 ('3号')
[1568392399055] left click on word 49.1.2 ('11月')
[1568392399055] edit 49[11:2]
[1568392399959] left click on word 49.1.2 ('11月')
[1568392399959] del 49.1.2 from 49[11:2]
[1568392400726] cancel edit
[1568392400726] add 49.1.2 to 49[11:]
[1568392406492] left click on word 49.0.6 ('jack-o')
[1568392406492] new alignment group
[1568392406492] add 49.0.6 to 49[:]
[1568392407528] left click on word 49.0.6 ('jack-o')
[1568392407528] del 49.0.6 from 49[6:]
[1568392418704] left click on word 49.0.3 ('inside')
[1568392418704] del 49.0.3 from 49[3:13]
[1568392418704] add 49.0.3 to 49[:]
[1568392421556] cancel edit
[1568392421557] add 49.0.3 to 49[:13]
[1568392422904] left click on word 49.0.3 ('inside')
[1568392422904] edit 49[3:13]
[1568392423822] left click on word 49.1.13 ('烂')
[1568392423822] del 49.1.13 from 49[3:13]
[1568392424755] left click on word 49.0.3 ('inside')
[1568392424755] del 49.0.3 from 49[3:]
[1568392425404] right click on word 49.0.3 ('inside')
[1568392425404] add 49.0.3 to 49[:]
[1568392436202] left click on word 50.0.2 ('one')
[1568392436202] edit 50[2:1]
[1568392436865] left click on word 50.1.1 ('一个')
[1568392436865] del 50.1.1 from 50[2:1]
[1568392437793] left click on word 50.1.1 ('一个')
[1568392437793] add 50.1.1 to 50[2:]
[1568392438727] right click on word 50.1.1 ('一个')
[1568392439405] right click on word 50.1.1 ('一个')
[1568392440588] label 50[2:1] as uncertain
[1568392447505] right click on word 50.1.5 ('场')
[1568392449544] left click on word 50.1.5 ('场')
[1568392449544] new alignment group
[1568392449544] add 50.1.5 to 50[:]
[1568392450311] right click on word 50.1.5 ('场')
[1568392451054] left click on word 50.1.5 ('场')
[1568392451054] edit 50[:5]
[1568392453739] left click on word 50.1.6 ('袭击')
[1568392453739] add 50.1.6 to 50[:5]
[1568392454495] left click on word 50.0.7 ('infestation')
[1568392454495] add 50.0.7 to 50[:5,6]
[1568392455654] left click on word 50.1.5 ('场')
[1568392455654] del 50.1.5 from 50[7:5,6]
[1568392460287] right click on word 50.1.6 ('袭击')
[1568392461743] right click on word 50.1.6 ('袭击')
[1568392463402] label 50[7:6] as figurative
[1568392464295] right click on word 50.1.5 ('场')
[1568392465046] add 50.1.5 to 50[:]
[1568392465046] label 50[:5] as unaligned_explicitation
[1568392470222] left click on word 51.1.0 ('阻碍')
[1568392470222] new alignment group
[1568392470222] add 51.1.0 to 51[:]
[1568392470943] left click on word 51.0.1 ('narrowed')
[1568392470943] add 51.0.1 to 51[:0]
[1568392475527] left click on word 51.1.1 ('了')
[1568392475527] add 51.1.1 to 51[1:0]
[1568392476057] right click on word 51.1.1 ('了')
[1568392476689] right click on word 51.1.1 ('了')
[1568392478205] label 51[1:0,1] as uncertain
[1568392481552] left click on word 51.1.2 ('他')
[1568392481552] edit 51[2:2]
[1568392487644] right click on word 51.1.2 ('他')
[1568392488246] right click on word 51.1.2 ('他')
[1568392489263] label 51[2:2] as uncertain
[1568392491927] left click on word 51.1.4 ('，')
[1568392491927] new alignment group
[1568392491927] add 51.1.4 to 51[:]
[1568392492722] left click on word 51.0.4 (',')
[1568392492722] add 51.0.4 to 51[:4]
[1568392493040] right click on word 51.0.4 (',')
[1568392521104] right click on word 52.1.9 ('周期')
[1568392522350] label 52[8:9] as lexical_shift
[1568392535129] left click on word 53.1.5 ('我')
[1568392535129] edit 53[0:5]
[1568392535769] left click on word 53.1.5 ('我')
[1568392535769] del 53.1.5 from 53[0:5]
[1568392538574] left click on word 53.0.0 ('I')
[1568392538574] del 53.0.0 from 53[0:]
[1568392539339] left click on word 53.1.0 ('我')
[1568392539339] del 53.1.0 from 53[0:0]
[1568392539339] add 53.1.0 to 53[:]
[1568392540509] left click on word 53.0.0 ('I')
[1568392540509] add 53.0.0 to 53[:0]
[1568392541342] right click on word 53.1.0 ('我')
[1568392555646] left click on word 54.0.2 ('have')
[1568392555647] new alignment group
[1568392555647] add 54.0.2 to 54[:]
[1568392556311] left click on word 54.0.3 ('to')
[1568392556311] add 54.0.3 to 54[2:]
[1568392557022] left click on word 54.1.1 ('得')
[1568392557023] add 54.1.1 to 54[2,3:]
[1568392557623] right click on word 54.1.1 ('得')
[1568392558165] right click on word 54.1.1 ('得')
[1568392559159] label 54[2,3:1] as equivalence
[1568392565127] left click on word 54.1.5 ('说明')
[1568392565127] edit 54[5:5]
[1568392565911] left click on word 54.1.6 ('手册')
[1568392565911] del 54.1.6 from 54[9:6]
[1568392565911] add 54.1.6 to 54[5:5]
[1568392566663] left click on word 54.0.7 ('instruction')
[1568392566663] add 54.0.7 to 54[5:5,6]
[1568392567553] left click on word 54.0.5 ('that')
[1568392567554] del 54.0.5 from 54[5,7:5,6]
[1568392568542] right click on word 54.0.7 ('instruction')
[1568392581806] left click on word 54.0.4 ('do')
[1568392581806] edit 54[4:2]
[1568392582495] left click on word 54.1.2 ('照着')
[1568392582495] del 54.1.2 from 54[4:2]
[1568392583719] left click on word 54.1.8 ('做')
[1568392583719] del 54.1.8 from 54[10:8]
[1568392583719] add 54.1.8 to 54[4:]
[1568392584481] right click on word 54.1.8 ('做')
[1568392591760] left click on word 55.0.2 ('wo')
[1568392591760] new alignment group
[1568392591760] add 55.0.2 to 55[:]
[1568392592356] left click on word 55.0.3 ('n't')
[1568392592356] del 55.0.3 from 55[3:1]
[1568392592356] add 55.0.3 to 55[2:]
[1568392593111] left click on word 55.0.4 ('mind')
[1568392593111] del 55.0.4 from 55[4:2]
[1568392593112] add 55.0.4 to 55[2,3:]
[1568392594158] left click on word 55.1.2 ('介意')
[1568392594159] del 55.1.2 from 55[:2]
[1568392594159] add 55.1.2 to 55[2,3,4:]
[1568392594758] left click on word 55.1.1 ('不')
[1568392594758] del 55.1.1 from 55[:1]
[1568392594758] add 55.1.1 to 55[2,3,4:2]
[1568392595351] right click on word 55.1.1 ('不')
[1568392595981] right click on word 55.1.1 ('不')
[1568392597223] label 55[2,3,4:2,1] as uncertain
[1568392602160] left click on word 55.1.4 ('四处')
[1568392602160] edit 55[8:4]
[1568392602609] left click on word 55.1.5 ('看看')
[1568392602609] del 55.1.5 from 55[7:5]
[1568392602609] add 55.1.5 to 55[8:4]
[1568392603241] left click on word 55.0.7 ('look')
[1568392603241] del 55.0.7 from 55[7:]
[1568392603241] add 55.0.7 to 55[8:4,5]
[1568392603646] right click on word 55.0.7 ('look')
[1568392604328] right click on word 55.0.7 ('look')
[1568392605310] label 55[8,7:4,5] as equivalence
[1568392606431] left click on word 55.1.6 ('吧')
[1568392606431] edit 55[9:6]
[1568392606910] right click on word 55.1.6 ('吧')
[1568392607493] right click on word 55.1.6 ('吧')
[1568392610216] left click on word 55.0.9 ('?')
[1568392610216] edit 55[9:6]
[1568392611016] left click on word 55.0.9 ('?')
[1568392611016] del 55.0.9 from 55[9:6]
[1568392612289] right click on word 55.1.6 ('吧')
[1568392613155] right click on word 55.1.6 ('吧')
[1568392614095] label 55[:6] as unaligned_explicitation
[1568392615959] left click on word 56.0.0 ('Suddenly')
[1568392615959] edit 56[0:0]
[1568392617023] left click on word 56.1.0 ('突然')
[1568392617023] del 56.1.0 from 56[0:0]
[1568392617542] cancel edit
[1568392617542] add 56.1.0 to 56[0:]
[1568392620631] left click on word 56.1.1 ('停电')
[1568392620631] edit 56[7:1]
[1568392621224] left click on word 56.1.1 ('停电')
[1568392621224] del 56.1.1 from 56[7:1]
[1568392622510] left click on word 56.0.7 ('off')
[1568392622510] del 56.0.7 from 56[7:]
[1568392623111] right click on word 56.0.7 ('off')
[1568392623111] add 56.0.7 to 56[:]
[1568392625673] left click on word 57.1.2 ('吧')
[1568392625673] edit 57[1:2]
[1568392626192] left click on word 57.1.1 ('好')
[1568392626192] del 57.1.1 from 57[6:1]
[1568392626192] add 57.1.1 to 57[1:2]
[1568392627334] right click on word 57.0.1 ('Okay')
[1568392629192] left click on word 57.1.3 ('，')
[1568392629192] new alignment group
[1568392629192] add 57.1.3 to 57[:]
[1568392630326] left click on word 57.0.2 (',')
[1568392630326] add 57.0.2 to 57[:3]
[1568392630695] right click on word 57.0.2 (',')
[1568392645594] right click on word 57.0.4 ('our')
[1568392646960] label 57[4:4] as uncertain
[1568392655112] left click on word 57.0.6 ('good')
[1568392655112] edit 57[6:]
[1568392655800] left click on word 57.1.7 ('造福')
[1568392655800] add 57.1.7 to 57[6:]
[1568392656278] right click on word 57.1.7 ('造福')
[1568392657006] right click on word 57.1.7 ('造福')
[1568392659815] label 57[6:7] as transposition
[1568392662199] left click on word 57.0.7 ('human')
[1568392662199] edit 57[7:8]
[1568392664199] left click on word 57.0.8 ('beings')
[1568392664199] del 57.0.8 from 57[8:8]
[1568392664199] add 57.0.8 to 57[7:8]
[1568392665490] right click on word 57.1.8 ('人类')
[1568392665490] del 57.1.8 from 57[:8]
[1568392665490] add 57.1.8 to 57[7,8:8]
[1568392679885] left click on word 58.0.0 ('does')
[1568392679885] edit 58[0:0]
[1568392680692] left click on word 58.0.1 ('n't')
[1568392680692] del 58.0.1 from 58[1:2]
[1568392680692] add 58.0.1 to 58[0:0]
[1568392687494] left click on word 58.1.0 ('难道')
[1568392687494] del 58.1.0 from 58[0,1:0]
[1568392690478] left click on word 58.0.0 ('does')
[1568392690479] del 58.0.0 from 58[0,1:]
[1568392690977] left click on word 58.0.1 ('n't')
[1568392690977] del 58.0.1 from 58[1:]
[1568392690977] add 58.0.1 to 58[:2]
[1568392693830] left click on word 58.0.1 ('n't')
[1568392693831] del 58.0.1 from 58[1:2]
[1568392693831] add 58.0.1 to 58[:]
[1568392694514] left click on word 58.1.2 ('难')
[1568392694515] del 58.1.2 from 58[:2]
[1568392694515] add 58.1.2 to 58[1:]
[1568392695400] left click on word 58.1.2 ('难')
[1568392695400] del 58.1.2 from 58[1:2]
[1568392695400] add 58.1.2 to 58[:]
[1568392696024] left click on word 58.0.1 ('n't')
[1568392696024] del 58.0.1 from 58[1:]
[1568392696024] add 58.0.1 to 58[:2]
[1568392696929] right click on word 58.0.1 ('n't')
[1568392696929] del 58.0.1 from 58[1:2]
[1568392696929] add 58.0.1 to 58[:]
[1568392715194] left click on word 58.0.3 ('make')
[1568392715194] new alignment group
[1568392715194] add 58.0.3 to 58[:]
[1568392715863] left click on word 58.0.4 ('sense')
[1568392715863] del 58.0.4 from 58[4:3]
[1568392715864] add 58.0.4 to 58[3:]
[1568392716767] left click on word 58.0.3 ('make')
[1568392716767] del 58.0.3 from 58[3,4:]
[1568392717343] left click on word 58.0.4 ('sense')
[1568392717343] del 58.0.4 from 58[4:]
[1568392717343] add 58.0.4 to 58[:3]
[1568392717966] left click on word 58.0.3 ('make')
[1568392717966] add 58.0.3 to 58[:]
[1568392718647] left click on word 58.1.3 ('理解')
[1568392718647] del 58.1.3 from 58[4:3]
[1568392718647] add 58.1.3 to 58[3:]
[1568392719495] left click on word 58.0.4 ('sense')
[1568392719495] del 58.0.4 from 58[4:]
[1568392719495] add 58.0.4 to 58[3:3]
[1568392719976] right click on word 58.0.4 ('sense')
[1568392720743] right click on word 58.0.4 ('sense')
[1568392721768] label 58[3,4:3] as transposition
[1568392734941] left click on word 58.1.9 ('？')
[1568392734941] new alignment group
[1568392734941] add 58.1.9 to 58[:]
[1568392736134] left click on word 58.0.13 ('?')
[1568392736134] add 58.0.13 to 58[:9]
[1568392736462] right click on word 58.0.13 ('?')
[1568392757800] left click on word 59.0.18 ('wild')
[1568392757800] edit 59[18:9]
[1568392758443] left click on word 59.0.19 ('animals')
[1568392758443] del 59.0.19 from 59[19:9]
[1568392758443] add 59.0.19 to 59[18:9]
[1568392759411] right click on word 59.1.9 ('动物')
[1568392759411] del 59.1.9 from 59[:9]
[1568392759411] add 59.1.9 to 59[18,19:9]
[1568392760111] right click on word 59.1.9 ('动物')
[1568392762094] label 59[18,19:9] as uncertain
[1568392770719] left click on word 59.0.15 ('51/2')
[1568392770719] new alignment group
[1568392770719] add 59.0.15 to 59[:]
[1568392772182] left click on word 59.1.2 ('五')
[1568392772182] add 59.1.2 to 59[15:]
[1568392772873] left click on word 59.1.3 ('个')
[1568392772873] add 59.1.3 to 59[15:2]
[1568392773576] left click on word 59.1.4 ('半')
[1568392773576] del 59.1.4 from 59[12:4]
[1568392773576] add 59.1.4 to 59[15:2,3]
[1568392774150] right click on word 59.1.4 ('半')
[1568392774888] right click on word 59.1.4 ('半')
[1568392775918] label 59[15:2,3,4] as uncertain
[1568392779944] left click on word 60.0.0 ('And')
[1568392779944] new alignment group
[1568392779944] add 60.0.0 to 60[:]
[1568392780519] left click on word 60.1.0 ('还有')
[1568392780519] add 60.1.0 to 60[0:]
[1568392780940] right click on word 60.1.0 ('还有')
[1568392781677] right click on word 60.1.0 ('还有')
[1568392784843] left click on word 60.1.1 ('，')
[1568392784844] new alignment group
[1568392784844] add 60.1.1 to 60[:]
[1568392785415] left click on word 60.0.1 (',')
[1568392785415] add 60.0.1 to 60[:1]
[1568392785727] right click on word 60.0.1 (',')
[1568392787228] left click on word 60.0.3 (',')
[1568392787228] new alignment group
[1568392787228] add 60.0.3 to 60[:]
[1568392787928] left click on word 60.1.3 ('，')
[1568392787928] add 60.1.3 to 60[3:]
[1568392788234] right click on word 60.1.3 ('，')
[1568392791432] left click on word 60.0.6 ('discovered')
[1568392791432] edit 60[6:5]
[1568392792048] left click on word 60.1.6 ('了')
[1568392792048] add 60.1.6 to 60[6:5]
[1568392792462] right click on word 60.1.6 ('了')
[1568392793061] right click on word 60.1.6 ('了')
[1568392794416] label 60[6:5,6] as uncertain
[1568392796798] left click on word 60.1.7 ('我')
[1568392796798] edit 60[10:7]
[1568392798016] left click on word 60.1.8 ('的')
[1568392798017] add 60.1.8 to 60[10:7]
[1568392799778] left click on word 60.0.0 ('And')
[1568392799778] del 60.0.0 from 60[0:0]
[1568392799778] add 60.0.0 to 60[10:7,8]
[1568392800415] left click on word 60.1.0 ('还有')
[1568392800415] del 60.1.0 from 60[:0]
[1568392800415] add 60.1.0 to 60[10,0:7,8]
[1568392801561] left click on word 60.1.0 ('还有')
[1568392801561] del 60.1.0 from 60[10,0:7,8,0]
[1568392801561] add 60.1.0 to 60[:]
[1568392802092] left click on word 60.0.0 ('And')
[1568392802092] del 60.0.0 from 60[10,0:7,8]
[1568392802092] add 60.0.0 to 60[:0]
[1568392802892] right click on word 60.0.10 ('my')
[1568392811893] left click on word 60.1.10 ('意义')
[1568392811893] new alignment group
[1568392811893] add 60.1.10 to 60[:]
[1568392812663] left click on word 60.1.9 ('存在')
[1568392812664] del 60.1.9 from 60[11:9]
[1568392812664] add 60.1.9 to 60[:10]
[1568392813630] left click on word 60.0.11 ('existence')
[1568392813630] del 60.0.11 from 60[11:]
[1568392813630] add 60.0.11 to 60[:10,9]
[1568392815680] right click on word 60.1.10 ('意义')
[1568392816427] right click on word 60.1.10 ('意义')
[1568392817928] label 60[11:10,9] as uncertain
[1568483131032] NEW SESSION
[1568483995588] left click on word 39.0.5 ('want')
[1568483995588] edit 39[5:3]
[1568483996228] left click on word 39.0.6 ('to')
[1568483996229] add 39.0.6 to 39[5:3]
[1568483996576] right click on word 39.0.6 ('to')
[1568484146087] left click on word 46.0.3 ('want')
[1568484146087] edit 46[3:8]
[1568484146912] left click on word 46.0.4 ('to')
[1568484146912] add 46.0.4 to 46[3:8]
[1568484147605] right click on word 46.1.8 ('想')
[1572716253655] NEW SESSION
[1572716268405] left click on word 33.1.6 ('不')
[1572716268405] edit 33[1,2:7,6,9,10,11]
[1572716270046] left click on word 33.0.2 ('if')
[1572716270046] del 33.0.2 from 33[1,2:7,6,9,10,11]
[1572716270973] left click on word 33.1.9 ('会不会')
[1572716270973] del 33.1.9 from 33[1:7,6,9,10,11]
[1572716271629] left click on word 33.1.10 ('让')
[1572716271629] del 33.1.10 from 33[1:7,6,10,11]
[1572716272197] left click on word 33.1.11 ('我们')
[1572716272198] del 33.1.11 from 33[1:7,6,11]
[1572716273974] right click on word 33.1.7 ('知道')
[1572716285053] left click on word 33.1.11 ('我们')
[1572716285053] new alignment group
[1572716285053] add 33.1.11 to 33[:]
[1572716286288] left click on word 33.0.6 ('us')
[1572716286288] del 33.0.6 from 33[6:12]
[1572716286288] add 33.0.6 to 33[:11]
[1572716287095] right click on word 33.0.6 ('us')
[1572716294894] left click on word 33.0.5 ('put')
[1572716294894] edit 33[5,7:12]
[1572716296261] left click on word 33.1.10 ('让')
[1572716296261] add 33.1.10 to 33[5,7:12]
[1572716296813] right click on word 33.1.10 ('让')
[1572716297309] right click on word 33.1.10 ('让')
[1572716298360] label 33[5,7:12,10] as equivalence
[1572716350271] left click on word 35.0.6 ('dodged')
[1572716350271] edit 35[6:6,7]
[1572716350998] left click on word 35.1.7 ('了')
[1572716350998] del 35.1.7 from 35[6:6,7]
[1572716351629] right click on word 35.1.6 ('躲过')
[1572716352326] right click on word 35.1.6 ('躲过')
[1572716354453] label 35[6:6] as lexical_shift
[1572716358894] right click on word 35.1.9 ('个')
[1572716361934] left click on word 35.1.9 ('个')
[1572716361934] edit 35[8:9]
[1572716362478] left click on word 35.0.8 ('bullet')
[1572716362478] del 35.0.8 from 35[8:9]
[1572716363534] left click on word 35.1.9 ('个')
[1572716363534] del 35.1.9 from 35[:9]
[1572716364407] right click on word 35.1.9 ('个')
[1572716364407] add 35.1.9 to 35[:]
[1572716365334] left click on word 35.1.9 ('个')
[1572716365334] edit 35[:9]
[1572716365855] right click on word 35.1.9 ('个')
[1572716366767] right click on word 35.1.9 ('个')
[1572716367919] label 35[:9] as unaligned_explicitation
[1572716368816] left click on word 35.1.10 ('子弹')
[1572716368816] new alignment group
[1572716368816] add 35.1.10 to 35[:]
[1572716369416] left click on word 35.0.8 ('bullet')
[1572716369416] add 35.0.8 to 35[:10]
[1572716369821] right click on word 35.0.8 ('bullet')
[1572716372101] right click on word 35.1.8 ('一')
[1572716373029] label 35[7:8] as literal
[1572716398080] left click on word 37.0.1 ('Aussie')
[1572716398080] edit 37[1,2:5,6]
[1572716399661] left click on word 37.1.5 ('这个')
[1572716399661] del 37.1.5 from 37[1,2:5,6]
[1572716400892] left click on word 37.1.7 ('佬')
[1572716400893] del 37.1.7 from 37[3:7]
[1572716400893] add 37.1.7 to 37[1,2:6]
[1572716405727] left click on word 37.0.2 ('pussies')
[1572716405727] del 37.0.2 from 37[1,2:6,7]
[1572716406631] left click on word 37.1.7 ('佬')
[1572716406631] del 37.1.7 from 37[1:6,7]
[1572716406631] add 37.1.7 to 37[3:]
[1572716407334] right click on word 37.1.6 ('澳洲')
[1572716408973] right click on word 37.1.6 ('澳洲')
[1572716416710] left click on word 37.0.2 ('pussies')
[1572716416711] new alignment group
[1572716416711] add 37.0.2 to 37[:]
[1572716417709] left click on word 37.1.7 ('佬')
[1572716417709] del 37.1.7 from 37[3:7]
[1572716417710] add 37.1.7 to 37[2:]
[1572716418485] left click on word 37.1.6 ('澳洲')
[1572716418485] del 37.1.6 from 37[1:6]
[1572716418485] add 37.1.6 to 37[2:7]
[1572716419630] left click on word 37.0.1 ('Aussie')
[1572716419630] del 37.0.1 from 37[1:]
[1572716419630] add 37.0.1 to 37[2:7,6]
[1572716420102] right click on word 37.0.1 ('Aussie')
[1572716423831] left click on word 37.1.4 ('你')
[1572716423831] new alignment group
[1572716423831] add 37.1.4 to 37[:]
[1572716424487] left click on word 37.0.0 ('You')
[1572716424487] del 37.0.0 from 37[0:3]
[1572716424488] add 37.0.0 to 37[:4]
[1572716425110] right click on word 37.0.0 ('You')
[1572716430861] left click on word 37.1.8 ('有')
[1572716430861] edit 37[5:8]
[1572716431758] left click on word 37.0.5 ('beer')
[1572716431758] del 37.0.5 from 37[5:8]
[1572716432413] left click on word 37.0.3 ('got')
[1572716432413] del 37.0.3 from 37[3:]
[1572716432413] add 37.0.3 to 37[:8]
[1572716432912] right click on word 37.0.3 ('got')
[1572716434182] right click on word 37.0.3 ('got')
[1572716435644] label 37[3:8] as lexical_shift
[1572716437344] left click on word 37.1.9 ('啤酒')
[1572716437345] edit 37[:9]
[1572716438046] left click on word 37.0.5 ('beer')
[1572716438046] add 37.0.5 to 37[:9]
[1572716438702] right click on word 37.0.5 ('beer')
[1572716493414] left click on word 38.0.14 ('at')
[1572716493414] new alignment group
[1572716493414] add 38.0.14 to 38[:]
[1572716494014] left click on word 38.0.15 ('night')
[1572716494014] del 38.0.15 from 38[15:8]
[1572716494014] add 38.0.15 to 38[14:]
[1572716494974] left click on word 38.1.8 ('晚上')
[1572716494974] del 38.1.8 from 38[:8]
[1572716494974] add 38.1.8 to 38[14,15:]
[1572716495690] right click on word 38.1.8 ('晚上')
[1572716503451] right click on word 38.1.10 ('能')
[1572716504749] label 38[11,10:9,10] as literal
[1572716512515] right click on word 38.1.2 ('储备')
[1572716513638] label 38[3:2] as transposition
[1572716522493] right click on word 38.1.3 ('能源')
[1572716523652] label 38[4:3] as literal
[1572716531573] left click on word 38.1.0 ('来')
[1572716531574] new alignment group
[1572716531574] add 38.1.0 to 38[:]
[1572716533095] left click on word 38.0.0 ('to')
[1572716533095] add 38.0.0 to 38[:0]
[1572716534572] right click on word 38.0.0 ('to')
[1572716542192] left click on word 38.1.0 ('来')
[1572716542192] edit 38[0:0]
[1572716543380] left click on word 38.1.0 ('来')
[1572716543380] del 38.1.0 from 38[0:0]
[1572716543919] left click on word 38.0.0 ('to')
[1572716543919] del 38.0.0 from 38[0:]
[1572716579861] cancel edit
[1572716579861] add 38.1.0 to 38[:]
[1572716579861] add 38.0.0 to 38[:0]
[1572716589087] right click on word 41.1.3 ('我')
[1572716590231] label 41[8:3] as transposition
[1572716595183] left click on word 41.1.5 ('好')
[1572716595183] edit 41[5,4:4,5]
[1572716596327] left click on word 41.0.5 ('personal')
[1572716596327] del 41.0.5 from 41[5,4:4,5]
[1572716597423] left click on word 41.1.6 ('的')
[1572716597423] del 41.1.6 from 41[6:6]
[1572716597423] add 41.1.6 to 41[4:4,5]
[1572716600725] right click on word 41.1.6 ('的')
[1572716601832] right click on word 41.1.6 ('的')
[1572716602783] label 41[4:4,5,6] as literal
[1572716606924] left click on word 41.0.6 ('friend')
[1572716606924] edit 41[6:]
[1572716607717] left click on word 41.1.7 ('朋友')
[1572716607717] add 41.1.7 to 41[6:]
[1572716608196] right click on word 41.1.7 ('朋友')
[1572716613062] left click on word 41.0.6 ('friend')
[1572716613062] edit 41[6:7]
[1572716614566] left click on word 41.0.3 ('a')
[1572716614567] add 41.0.3 to 41[6:7]
[1572716615327] right click on word 41.0.3 ('a')
[1572716662957] left click on word 43.0.2 ('person')
[1572716662957] edit 43[2:2]
[1572716664183] left click on word 43.0.0 ('A')
[1572716664183] del 43.0.0 from 43[0:]
[1572716664183] add 43.0.0 to 43[2:2]
[1572716664718] right click on word 43.0.0 ('A')
[1572716678750] right click on word 43.1.8 ('个')
[1572716683173] left click on word 43.1.8 ('个')
[1572716683173] edit 43[8:8]
[1572716684087] left click on word 43.0.8 ('sign')
[1572716684087] del 43.0.8 from 43[8:8]
[1572716685420] right click on word 43.1.8 ('个')
[1572716686171] right click on word 43.1.8 ('个')
[1572716687494] label 43[:8] as unaligned_explicitation
[1572716692236] right click on word 43.1.7 ('一')
[1572716693349] label 43[7:7] as literal
[1572716694061] left click on word 43.1.9 ('征兆')
[1572716694061] new alignment group
[1572716694061] add 43.1.9 to 43[:]
[1572716694686] left click on word 43.0.8 ('sign')
[1572716694686] add 43.0.8 to 43[:9]
[1572716694997] right click on word 43.0.8 ('sign')
[1572716717228] right click on word 43.0.5 ('that')
[1572716718430] label 43[5:5] as particularization
[1572716728037] left click on word 45.0.1 ('pulse')
[1572716728037] edit 45[1:2,1]
[1572716728789] left click on word 45.1.2 ('会')
[1572716728789] del 45.1.2 from 45[1:2,1]
[1572716729390] right click on word 45.1.1 ('脉冲波')
[1572716730743] left click on word 45.1.3 ('强制')
[1572716730743] new alignment group
[1572716730743] add 45.1.3 to 45[:]
[1572716731325] left click on word 45.0.2 ('forces')
[1572716731325] del 45.0.2 from 45[2:4]
[1572716731325] add 45.0.2 to 45[:3]
[1572716732158] right click on word 45.1.3 ('强制')
[1572716732622] right click on word 45.1.3 ('强制')
[1572716733825] label 45[2:3] as lexical_shift
[1572716738688] left click on word 45.1.4 ('断路器')
[1572716738688] edit 45[:4]
[1572716740101] left click on word 45.0.3 ('the')
[1572716740101] del 45.0.3 from 45[3,4,5:5,6]
[1572716740101] add 45.0.3 to 45[:4]
[1572716740871] left click on word 45.0.4 ('circuit')
[1572716740871] del 45.0.4 from 45[4,5:5,6]
[1572716740872] add 45.0.4 to 45[3:4]
[1572716741455] left click on word 45.0.5 ('breaker')
[1572716741455] del 45.0.5 from 45[5:5,6]
[1572716741455] add 45.0.5 to 45[3,4:4]
[1572716742151] right click on word 45.0.5 ('breaker')
[1572716744269] left click on word 45.0.7 ('shut')
[1572716744270] edit 45[7,8:7]
[1572716745550] left click on word 45.1.5 ('切断')
[1572716745550] del 45.1.5 from 45[:5,6]
[1572716745550] add 45.1.5 to 45[7,8:7]
[1572716746127] left click on word 45.1.7 ('主机')
[1572716746128] del 45.1.7 from 45[7,8:7,5]
[1572716746759] right click on word 45.0.7 ('shut')
[1572716747341] right click on word 45.0.7 ('shut')
[1572716748184] label 45[7,8:5] as literal
[1572716749517] left click on word 45.0.9 ('her')
[1572716749517] edit 45[9:8]
[1572716750509] left click on word 45.1.6 ('她')
[1572716750509] del 45.1.6 from 45[:6]
[1572716750509] add 45.1.6 to 45[9:8]
[1572716751173] left click on word 45.1.8 ('三十')
[1572716751173] del 45.1.8 from 45[9:8,6]
[1572716752117] right click on word 45.1.6 ('她')
[1572716755368] right click on word 45.1.6 ('她')
[1572716756452] label 45[9:6] as literal
[1572716759401] left click on word 45.1.7 ('主机')
[1572716759401] new alignment group
[1572716759401] add 45.1.7 to 45[:]
[1572716761326] left click on word 45.0.10 ('mainframe')
[1572716761326] del 45.0.10 from 45[10:9]
[1572716761326] add 45.0.10 to 45[:7]
[1572716763101] right click on word 45.0.10 ('mainframe')
[1572716765125] left click on word 45.1.8 ('三十')
[1572716765125] new alignment group
[1572716765125] add 45.1.8 to 45[:]
[1572716766814] left click on word 45.0.12 ('30')
[1572716766814] del 45.0.12 from 45[12:9]
[1572716766814] add 45.0.12 to 45[:8]
[1572716767981] right click on word 45.0.12 ('30')
[1572716769877] right click on word 45.1.9 ('秒')
[1572716771269] label 45[13:9] as lexical_shift
[1572716804062] left click on word 46.0.6 ('without')
[1572716804062] edit 46[6:]
[1572716804808] left click on word 46.0.7 ('you')
[1572716804808] del 46.0.7 from 46[7:2]
[1572716804808] add 46.0.7 to 46[6:]
[1572716806430] left click on word 46.1.2 ('你')
[1572716806430] del 46.1.2 from 46[:2]
[1572716806430] add 46.1.2 to 46[6,7:]
[1572716807285] left click on word 46.1.3 ('不')
[1572716807285] del 46.1.3 from 46[:3]
[1572716807285] add 46.1.3 to 46[6,7:2]
[1572716807916] left click on word 46.1.4 ('走')
[1572716807916] del 46.1.4 from 46[5:4]
[1572716807917] add 46.1.4 to 46[6,7:2,3]
[1572716808549] right click on word 46.1.4 ('走')
[1572716809086] right click on word 46.1.4 ('走')
[1572716810118] label 46[6,7:2,3,4] as transposition
[1572716823526] left click on word 46.0.7 ('you')
[1572716823526] edit 46[6,7:2,3,4]
[1572716824799] left click on word 46.1.4 ('走')
[1572716824799] del 46.1.4 from 46[6,7:2,3,4]
[1572716825309] left click on word 46.1.3 ('不')
[1572716825309] del 46.1.3 from 46[6,7:2,3]
[1572716825959] left click on word 46.0.6 ('without')
[1572716825959] del 46.0.6 from 46[6,7:2]
[1572716827703] right click on word 46.0.7 ('you')
[1572716829897] right click on word 46.0.7 ('you')
[1572716830996] label 46[7:2] as literal
[1572716866502] right click on word 46.0.7 ('you')
[1572716867944] label 46[7:2] as transposition
[1572716871432] right click on word 46.0.7 ('you')
[1572716872582] label 46[7:2] as modulation
[1572716879640] left click on word 46.1.4 ('走')
[1572716879640] new alignment group
[1572716879640] add 46.1.4 to 46[:]
[1572716884190] cancel edit
[1572716884190] add 46.1.4 to 46[7:2]
[1572716900950] left click on word 49.0.0 ('Looks')
[1572716900950] edit 49[0:0]
[1572716901827] right click on word 49.0.0 ('Looks')
[1572716902904] right click on word 49.0.0 ('Looks')
[1572716905877] label 49[0:0] as particularization
[1572716908183] left click on word 49.1.1 ('像')
[1572716908183] edit 49[1:1,6]
[1572716909223] left click on word 49.1.6 ('南瓜')
[1572716909223] del 49.1.6 from 49[1:1,6]
[1572716909798] left click on word 49.1.7 ('一样')
[1572716909798] add 49.1.7 to 49[1:1]
[1572716910384] right click on word 49.1.7 ('一样')
[1572716915886] right click on word 49.1.4 ('号')
[1572716922078] left click on word 49.0.12 ('3rd')
[1572716922078] edit 49[12:3]
[1572716923311] left click on word 49.1.4 ('号')
[1572716923311] add 49.1.4 to 49[12:3]
[1572716924238] right click on word 49.1.4 ('号')
[1572716927285] right click on word 49.0.12 ('3rd')
[1572716931022] label 49[12:3,4] as particularization
[1572716948741] left click on word 49.0.6 ('jack-o')
[1572716948741] new alignment group
[1572716948742] add 49.0.6 to 49[:]
[1572716951479] cancel edit
[1572716987189] right click on word 50.1.2 ('个')
[1572716989725] left click on word 50.0.3 ('cockroach')
[1572716989725] edit 50[3:2]
[1572716990509] left click on word 50.0.3 ('cockroach')
[1572716990509] del 50.0.3 from 50[3:2]
[1572716991381] right click on word 50.1.2 ('个')
[1572716992206] right click on word 50.1.2 ('个')
[1572716993213] label 50[:2] as unaligned_explicitation
[1572716994264] left click on word 50.1.3 ('蟑螂')
[1572716994264] edit 50[5:3]
[1572716994878] left click on word 50.0.3 ('cockroach')
[1572716994878] add 50.0.3 to 50[5:3]
[1572716995590] left click on word 50.0.5 ('start')
[1572716995590] del 50.0.5 from 50[5,3:3]
[1572716996276] right click on word 50.1.3 ('蟑螂')
[1572716997774] right click on word 50.1.1 ('一')
[1572716998525] label 50[2:1] as literal
[1572716999749] left click on word 50.1.4 ('发动')
[1572716999749] edit 50[6:4]
[1572717000727] left click on word 50.0.6 ('an')
[1572717000727] del 50.0.6 from 50[6:4]
[1572717001149] left click on word 50.0.5 ('start')
[1572717001149] add 50.0.5 to 50[:4]
[1572717001637] right click on word 50.0.5 ('start')
[1572717002390] left click on word 50.1.7 ('袭击')
[1572717002391] new alignment group
[1572717002391] add 50.1.7 to 50[:]
[1572717005143] left click on word 50.0.7 ('infestation')
[1572717005143] del 50.0.7 from 50[7:6]
[1572717005143] add 50.0.7 to 50[:7]
[1572717020463] right click on word 50.1.7 ('袭击')
[1572717022101] left click on word 50.1.5 ('一')
[1572717022101] edit 50[:5]
[1572717022997] left click on word 50.0.6 ('an')
[1572717022997] add 50.0.6 to 50[:5]
[1572717023587] right click on word 50.0.6 ('an')
[1572717024653] right click on word 50.1.6 ('场')
[1572717025949] label 50[:6] as unaligned_explicitation
[1572717046629] left click on word 51.0.1 ('narrowed')
[1572717046629] edit 51[1:0,1]
[1572717047278] left click on word 51.1.1 ('了')
[1572717047278] del 51.1.1 from 51[1:0,1]
[1572717047767] right click on word 51.1.0 ('阻碍')
[1572717048326] right click on word 51.1.0 ('阻碍')
[1572717050198] label 51[1:0] as particularization
[1572717054638] left click on word 51.0.2 ('his')
[1572717054638] edit 51[2:2]
[1572717055501] right click on word 51.0.2 ('his')
[1572717056561] right click on word 51.0.2 ('his')
[1572717057583] label 51[2:2] as literal
[1572717084308] left click on word 52.0.1 ('billions')
[1572717084308] edit 52[1:4]
[1572717085564] left click on word 52.1.5 ('亿')
[1572717085564] del 52.1.5 from 52[3:5]
[1572717085564] add 52.1.5 to 52[1:4]
[1572717089907] right click on word 52.1.5 ('亿')
[1572717090933] left click on word 52.1.6 ('晶体管')
[1572717090934] edit 52[9:6]
[1572717091663] left click on word 52.0.3 ('transistors')
[1572717091663] del 52.0.3 from 52[3:]
[1572717091663] add 52.0.3 to 52[9:6]
[1572717092835] left click on word 52.0.9 ('per')
[1572717092835] del 52.0.9 from 52[9,3:6]
[1572717093654] right click on word 52.1.6 ('晶体管')
[1572717094207] right click on word 52.1.6 ('晶体管')
[1572717095822] label 52[3:6] as lexical_shift
[1572717112262] left click on word 52.1.3 ('有')
[1572717112262] new alignment group
[1572717112262] add 52.1.3 to 52[:]
[1572717113190] left click on word 52.0.0 ('has')
[1572717113190] add 52.0.0 to 52[:3]
[1572717113692] right click on word 52.0.0 ('has')
[1572717129525] left click on word 52.1.9 ('几十')
[1572717129525] edit 52[8:9]
[1572717130351] left click on word 52.1.10 ('亿')
[1572717130351] add 52.1.10 to 52[8:9]
[1572717130949] left click on word 52.0.8 ('cycles')
[1572717130949] del 52.0.8 from 52[8:9,10]
[1572717131645] left click on word 52.0.6 ('billions')
[1572717131645] del 52.0.6 from 52[6:8]
[1572717131645] add 52.0.6 to 52[:9,10]
[1572717132549] right click on word 52.0.6 ('billions')
[1572717134845] right click on word 52.1.9 ('几十')
[1572717135621] label 52[6:9,10] as literal
[1572717137541] left click on word 52.1.11 ('周期')
[1572717137541] new alignment group
[1572717137541] add 52.1.11 to 52[:]
[1572717138148] left click on word 52.0.8 ('cycles')
[1572717138148] add 52.0.8 to 52[:11]
[1572717138502] right click on word 52.0.8 ('cycles')
[1572717139009] right click on word 52.0.8 ('cycles')
[1572717140317] label 52[8:11] as lexical_shift
[1572717153093] left click on word 52.0.9 ('per')
[1572717153093] new alignment group
[1572717153094] add 52.0.9 to 52[:]
[1572717154156] left click on word 52.1.7 ('每')
[1572717154156] del 52.1.7 from 52[10:7]
[1572717154156] add 52.1.7 to 52[9:]
[1572717154792] right click on word 52.1.7 ('每')
[1572717155687] left click on word 52.1.8 ('秒')
[1572717155687] edit 52[:8]
[1572717156477] left click on word 52.0.10 ('second')
[1572717156477] del 52.0.10 from 52[10:]
[1572717156477] add 52.0.10 to 52[:8]
[1572717157005] right click on word 52.0.10 ('second')
[1572717267038] left click on word 54.0.1 (''d')
[1572717267038] new alignment group
[1572717267038] add 54.0.1 to 54[:]
[1572717267708] left click on word 54.0.2 ('have')
[1572717267708] del 54.0.2 from 54[2,3:1]
[1572717267708] add 54.0.2 to 54[1:]
[1572717268477] left click on word 54.0.1 (''d')
[1572717268477] del 54.0.1 from 54[1,2:]
[1572717269038] left click on word 54.0.2 ('have')
[1572717269038] del 54.0.2 from 54[2:]
[1572717269038] add 54.0.2 to 54[3:1]
[1572717269918] left click on word 54.0.3 ('to')
[1572717269918] del 54.0.3 from 54[3,2:1]
[1572717269919] add 54.0.3 to 54[:]
[1572717270871] left click on word 54.0.2 ('have')
[1572717270871] del 54.0.2 from 54[2:1]
[1572717270871] add 54.0.2 to 54[3:]
[1572717271703] left click on word 54.0.1 (''d')
[1572717271703] add 54.0.1 to 54[3,2:]
[1572717272313] left click on word 54.1.1 ('得')
[1572717272313] del 54.1.1 from 54[:1]
[1572717272313] add 54.1.1 to 54[3,2,1:]
[1572717273566] right click on word 54.0.1 (''d')
[1572717279896] left click on word 54.1.5 ('说明')
[1572717279896] edit 54[7:5,6]
[1572717291582] right click on word 54.1.5 ('说明')
[1572717293247] left click on word 54.0.5 ('that')
[1572717293247] new alignment group
[1572717293247] add 54.0.5 to 54[:]
[1572717294349] left click on word 54.1.3 ('一')
[1572717294349] add 54.1.3 to 54[5:]
[1572717295056] right click on word 54.1.3 ('一')
[1572717296175] right click on word 54.1.3 ('一')
[1572717299117] label 54[5:3] as generalization
[1572717300295] right click on word 54.1.4 ('本')
[1572717301422] add 54.1.4 to 54[:]
[1572717301422] label 54[:4] as unaligned_explicitation
[1572717378238] right click on word 55.1.4 ('四处')
[1572717379447] label 55[8,7:4,5] as equivalence
[1572717400949] right click on word 58.0.3 ('make')
[1572717402726] label 58[3,4:3] as modulation
[1572717457823] left click on word 58.0.0 ('does')
[1572717457824] new alignment group
[1572717457824] add 58.0.0 to 58[:]
[1572717458963] left click on word 58.0.3 ('make')
[1572717458963] del 58.0.3 from 58[3,4:3]
[1572717458964] add 58.0.3 to 58[0:]
[1572717459981] left click on word 58.0.4 ('sense')
[1572717459981] del 58.0.4 from 58[4:3]
[1572717459981] add 58.0.4 to 58[0,3:]
[1572717461222] left click on word 58.0.3 ('make')
[1572717461222] del 58.0.3 from 58[0,3,4:]
[1572717461222] add 58.0.3 to 58[:3]
[1572717462093] left click on word 58.0.4 ('sense')
[1572717462093] del 58.0.4 from 58[0,4:]
[1572717462093] add 58.0.4 to 58[3:3]
[1572717462844] left click on word 58.0.2 ('it')
[1572717462844] add 58.0.2 to 58[0:]
[1572717463374] left click on word 58.0.1 ('n't')
[1572717463374] del 58.0.1 from 58[1:]
[1572717463374] add 58.0.1 to 58[0,2:]
[1572717463783] left click on word 58.0.0 ('does')
[1572717463783] del 58.0.0 from 58[0,2,1:]
[1572717464197] left click on word 58.1.0 ('难道')
[1572717464197] add 58.1.0 to 58[2,1:]
[1572717464757] left click on word 58.1.1 ('很')
[1572717464757] add 58.1.1 to 58[2,1:0]
[1572717465296] left click on word 58.1.2 ('难')
[1572717465296] del 58.1.2 from 58[:2]
[1572717465296] add 58.1.2 to 58[2,1:0,1]
[1572717465758] left click on word 58.1.3 ('理解')
[1572717465758] del 58.1.3 from 58[3,4:3]
[1572717465758] add 58.1.3 to 58[2,1:0,1,2]
[1572717466293] left click on word 58.0.3 ('make')
[1572717466293] del 58.0.3 from 58[3,4:]
[1572717466293] add 58.0.3 to 58[2,1:0,1,2,3]
[1572717466726] left click on word 58.0.4 ('sense')
[1572717466726] del 58.0.4 from 58[4:]
[1572717466726] add 58.0.4 to 58[2,1,3:0,1,2,3]
[1572717467583] left click on word 58.0.0 ('does')
[1572717467583] add 58.0.0 to 58[2,1,3,4:0,1,2,3]
[1572717469255] right click on word 58.0.0 ('does')
[1572717469916] right click on word 58.0.0 ('does')
[1572717471181] label 58[2,1,3,4,0:0,1,2,3] as modulation
[1572858191050] NEW SESSION
[1572858199358] right click on word 34.0.5 ('of')
[1572858200406] add 34.0.5 to 34[:]
[1572858200406] label 34[5:] as unaligned_reduction
[1572858207901] right click on word 34.0.9 (''s')
[1572858208772] add 34.0.9 to 34[:]
[1572858208773] label 34[9:] as unaligned_reduction
[1572858213073] left click on word 34.0.10 ('impatient')
[1572858213073] edit 34[10:8,7]
[1572858223470] cancel edit
[1572858574110] left click on word 36.0.2 ('move')
[1572858574110] new alignment group
[1572858574110] add 36.0.2 to 36[:]
[1572858574661] left click on word 36.0.3 ('in')
[1572858574661] add 36.0.3 to 36[2:]
[1572858575111] left click on word 36.0.4 ('with')
[1572858575111] add 36.0.4 to 36[2,3:]
[1572858575486] left click on word 36.0.5 ('the')
[1572858575486] add 36.0.5 to 36[2,3,4:]
[1572858575821] left click on word 36.0.6 ('SWAT')
[1572858575821] add 36.0.6 to 36[2,3,4,5:]
[1572858576183] left click on word 36.0.7 ('team')
[1572858576183] add 36.0.7 to 36[2,3,4,5,6:]
[1572858576973] left click on word 36.1.7 ('瞧瞧')
[1572858576973] add 36.1.7 to 36[2,3,4,5,6,7:]
[1572858577461] left click on word 36.1.6 ('厉害')
[1572858577461] add 36.1.6 to 36[2,3,4,5,6,7:7]
[1572858578061] left click on word 36.1.5 ('点')
[1572858578061] add 36.1.5 to 36[2,3,4,5,6,7:7,6]
[1572858578781] left click on word 36.1.3 ('给')
[1572858578781] add 36.1.3 to 36[2,3,4,5,6,7:7,6,5]
[1572858579238] right click on word 36.1.3 ('给')
[1572858580724] right click on word 36.1.3 ('给')
[1572858581861] label 36[2,3,4,5,6,7:7,6,5,3] as equivalence
[1572858582677] right click on word 36.1.2 ('来')
[1572858583581] add 36.1.2 to 36[:]
[1572858583582] label 36[:2] as unaligned_explicitation
[1572858584301] right click on word 36.1.4 ('他们')
[1572858586309] label 36[:4] as unaligned_explicitation
[1572858587719] left click on word 36.1.8 ('！')
[1572858587719] new alignment group
[1572858587719] add 36.1.8 to 36[:]
[1572858588342] left click on word 36.0.8 ('!')
[1572858588343] add 36.0.8 to 36[:8]
[1572858588603] right click on word 36.0.8 ('!')
[1572858592246] right click on word 36.1.1 ('我们')
[1572858593749] label 36[0,1:0,1] as literal
[1572858596652] right click on word 38.0.2 ('your')
[1572858597725] add 38.0.2 to 38[:]
[1572858597725] label 38[2:] as unaligned_reduction
[1572858599071] right click on word 38.0.9 ('you')
[1572858600182] add 38.0.9 to 38[:]
[1572858600182] label 38[9:] as unaligned_reduction
[1572858601381] right click on word 38.0.13 ('these')
[1572858601934] add 38.0.13 to 38[:]
[1572858601934] label 38[13:] as unaligned_reduction
[1572858604117] right click on word 39.0.1 ('did')
[1572858605100] add 39.0.1 to 39[:]
[1572858605100] label 39[1:] as unaligned_reduction
[1572858608486] right click on word 39.0.4 ('I')
[1572858609300] add 39.0.4 to 39[:]
[1572858609300] label 39[4:] as unaligned_reduction
[1572858696693] NEW SESSION
[1572858700887] left click on word 34.1.7 ('没')
[1572858700887] edit 34[10:8,7]
[1572858701708] left click on word 34.1.8 ('什么')
[1572858701708] del 34.1.8 from 34[10:8,7]
[1572858702158] left click on word 34.1.9 ('耐性')
[1572858702158] del 34.1.9 from 34[11:9]
[1572858702158] add 34.1.9 to 34[10:7]
[1572858702710] right click on word 34.1.9 ('耐性')
[1572858703158] right click on word 34.1.8 ('什么')
[1572858703845] add 34.1.8 to 34[:]
[1572858703845] label 34[:8] as unaligned_explicitation
[1572858715109] left click on word 40.0.2 ('talk')
[1572858715109] edit 40[2:2]
[1572858715860] left click on word 40.0.6 ('about')
[1572858715860] del 40.0.6 from 40[6:3]
[1572858715862] add 40.0.6 to 40[2:2]
[1572858716846] right click on word 40.0.6 ('about')
[1572858722980] left click on word 40.0.7 ('things')
[1572858722980] edit 40[7:]
[1572858723606] left click on word 40.1.6 ('事情')
[1572858723606] del 40.1.6 from 40[9,10,11:4,5,6]
[1572858723606] add 40.1.6 to 40[7:]
[1572858724222] right click on word 40.1.6 ('事情')
[1572858724701] right click on word 40.1.6 ('事情')
[1572858727219] label 40[7:6] as lexical_shift
[1572858729478] right click on word 40.0.8 ('that')
[1572858730045] add 40.0.8 to 40[:]
[1572858730045] label 40[8:] as unaligned_reduction
[1572858732157] left click on word 40.0.8 ('that')
[1572858732157] edit 40[8:]
[1572858733453] left click on word 40.1.5 ('的')
[1572858733453] del 40.1.5 from 40[9,10,11:4,5]
[1572858733454] add 40.1.5 to 40[8:]
[1572858734438] right click on word 40.1.5 ('的')
[1572858737772] right click on word 40.1.5 ('的')
[1572858738757] label 40[8:5] as transposition
[1572858783485] right click on word 40.0.0 ('Like')
[1572858784261] add 40.0.0 to 40[:]
[1572858784261] label 40[0:] as unaligned_reduction
[1572858784796] right click on word 40.0.1 ('really')
[1572858785396] add 40.0.1 to 40[:]
[1572858785397] label 40[1:] as unaligned_reduction
[1572858793261] right click on word 40.1.1 ('在')
[1572858793949] add 40.1.1 to 40[:]
[1572858793950] label 40[:1] as unaligned_explicitation
[1572858929022] NEW SESSION
[1572858935273] right click on word 41.0.5 ('personal')
[1572858936110] add 41.0.5 to 41[:]
[1572858936110] label 41[5:] as unaligned_reduction
[1572858937228] right click on word 41.0.7 ('of')
[1572858940487] right click on word 41.0.7 ('of')
[1572858941222] add 41.0.7 to 41[:]
[1572858941222] label 41[7:] as unaligned_reduction
[1572858974070] left click on word 40.1.3 ('关于')
[1572858974070] edit 40[:3]
[1572858975229] left click on word 40.0.6 ('about')
[1572858975229] del 40.0.6 from 40[2,6:2]
[1572858975230] add 40.0.6 to 40[:3]
[1572858977868] right click on word 40.0.6 ('about')
[1572858985240] left click on word 40.1.4 ('我们')
[1572858985240] edit 40[9,10,11:4]
[1572858989213] left click on word 40.0.9 ('mattered')
[1572858989213] del 40.0.9 from 40[9,10,11:4]
[1572858990054] left click on word 40.0.10 ('to')
[1572858990054] del 40.0.10 from 40[10,11:4]
[1572858990668] right click on word 40.0.11 ('us')
[1572858996005] left click on word 40.0.9 ('mattered')
[1572858996005] new alignment group
[1572858996005] add 40.0.9 to 40[:]
[1572858996740] left click on word 40.0.10 ('to')
[1572858996740] add 40.0.10 to 40[9:]
[1572859158877] right click on word 40.0.9 ('mattered')
[1572859161157] right click on word 40.0.9 ('mattered')
[1572859171933] left click on word 40.0.6 ('about')
[1572859171934] edit 40[6:3]
[1572859172741] left click on word 40.0.2 ('talk')
[1572859172741] del 40.0.2 from 40[2:2]
[1572859172741] add 40.0.2 to 40[6:3]
[1572859173349] left click on word 40.1.2 ('谈')
[1572859173349] del 40.1.2 from 40[:2]
[1572859173349] add 40.1.2 to 40[6,2:3]
[1572859173821] left click on word 40.1.3 ('关于')
[1572859173821] del 40.1.3 from 40[6,2:3,2]
[1572859174940] right click on word 40.0.6 ('about')
[1572859175895] left click on word 40.0.9 ('mattered')
[1572859175895] edit 40[9,10:]
[1572859176709] left click on word 40.0.10 ('to')
[1572859176710] del 40.0.10 from 40[9,10:]
[1572859177534] left click on word 40.1.3 ('关于')
[1572859177534] add 40.1.3 to 40[9:]
[1572859177981] right click on word 40.1.3 ('关于')
[1572859178862] left click on word 40.1.3 ('关于')
[1572859178862] edit 40[9:3]
[1572859180014] left click on word 40.0.10 ('to')
[1572859180015] add 40.0.10 to 40[9:3]
[1572859180549] right click on word 40.0.9 ('mattered')
[1572859189429] right click on word 42.0.1 ('that')
[1572859190198] add 42.0.1 to 42[:]
[1572859190198] label 42[1:] as unaligned_reduction
[1572859191973] right click on word 42.0.0 ('Does')
[1572859192693] add 42.0.0 to 42[:]
[1572859192693] label 42[0:] as unaligned_reduction
[1572859256597] left click on word 45.0.2 ('forces')
[1572859256597] edit 45[2:3]
[1572859257717] left click on word 45.0.6 ('to')
[1572859257717] add 45.0.6 to 45[2:3]
[1572859258191] right click on word 45.0.6 ('to')
[1572859264485] right click on word 45.0.11 ('for')
[1572859265181] add 45.0.11 to 45[:]
[1572859265181] label 45[11:] as unaligned_reduction
[1572859273454] left click on word 46.0.6 ('without')
[1572859273454] new alignment group
[1572859273454] add 46.0.6 to 46[:]
[1572859274717] left click on word 46.1.3 ('不')
[1572859274717] add 46.1.3 to 46[6:]
[1572859276030] right click on word 46.1.3 ('不')
[1572859276564] right click on word 46.1.3 ('不')
[1572859280549] label 46[6:3] as modulation
[1572859283092] left click on word 46.1.4 ('走')
[1572859283092] edit 46[7:2,4]
[1572859284052] left click on word 46.1.4 ('走')
[1572859284052] del 46.1.4 from 46[7:2,4]
[1572859285341] right click on word 46.0.7 ('you')
[1572859287449] right click on word 46.1.4 ('走')
[1572859288284] add 46.1.4 to 46[:]
[1572859288284] label 46[:4] as unaligned_explicitation
[1572859291351] right click on word 46.1.6 ('也')
[1572859292092] add 46.1.6 to 46[:]
[1572859292093] label 46[:6] as unaligned_explicitation
[1572859310253] right click on word 46.1.9 ('走')
[1572859329108] right click on word 46.1.0 ('不')
[1572859329829] add 46.1.0 to 46[:]
[1572859329829] label 46[:0] as unaligned_explicitation
[1572859335511] right click on word 46.1.0 ('不')
[1572859337077] del 46.1.0 from 46[:0]
[1572859342101] left click on word 47.0.3 ('to')
[1572859342101] new alignment group
[1572859342101] add 47.0.3 to 47[:]
[1572859342613] left click on word 47.0.2 ('want')
[1572859342613] del 47.0.2 from 47[2:2]
[1572859342613] add 47.0.2 to 47[3:]
[1572859343612] left click on word 47.0.2 ('want')
[1572859343612] del 47.0.2 from 47[3,2:]
[1572859343612] add 47.0.2 to 47[:2]
[1572859344173] left click on word 47.1.2 ('想')
[1572859344173] del 47.1.2 from 47[2:2]
[1572859344173] add 47.1.2 to 47[3:]
[1572859344989] right click on word 47.0.3 ('to')
[1572859346220] left click on word 47.0.2 ('want')
[1572859346220] edit 47[2:]
[1572859347285] left click on word 47.1.2 ('想')
[1572859347285] del 47.1.2 from 47[3:2]
[1572859347285] add 47.1.2 to 47[2:]
[1572859348324] left click on word 47.0.3 ('to')
[1572859348324] del 47.0.3 from 47[3:]
[1572859348324] add 47.0.3 to 47[2:2]
[1572859348662] right click on word 47.0.3 ('to')
[1572859354476] left click on word 48.0.5 ('he')
[1572859354476] new alignment group
[1572859354476] add 48.0.5 to 48[:]
[1572859355245] left click on word 48.1.4 ('朋友')
[1572859355245] add 48.1.4 to 48[5:]
[1572859355877] left click on word 48.1.3 ('我')
[1572859355877] add 48.1.3 to 48[5:4]
[1572859356663] right click on word 48.1.3 ('我')
[1572859357142] right click on word 48.1.3 ('我')
[1572859361750] label 48[5:4,3] as equivalence
[1572859391343] right click on word 48.0.6 (''s')
[1572859392093] add 48.0.6 to 48[:]
[1572859392093] label 48[6:] as unaligned_reduction
[1572859402884] right click on word 48.0.9 ('like')
[1572859406677] label 48[9,10:9,10] as transposition
[1572859421269] right click on word 50.0.4 ('can')
[1572859421949] add 50.0.4 to 50[:]
[1572859421949] label 50[4:] as unaligned_reduction
[1572859426979] right click on word 51.0.0 ('It')
[1572859428020] add 51.0.0 to 51[:]
[1572859428020] label 51[0:] as unaligned_reduction
[1572859429269] right click on word 51.0.5 ('and')
[1572859429860] add 51.0.5 to 51[:]
[1572859429860] label 51[5:] as unaligned_reduction
[1572859432229] right click on word 51.1.8 ('得')
[1572859432908] add 51.1.8 to 51[:]
[1572859432908] label 51[:8] as unaligned_reduction
[1572859433685] right click on word 51.1.1 ('了')
[1572859435711] left click on word 51.0.1 ('narrowed')
[1572859435711] edit 51[1:0]
[1572859436301] left click on word 51.1.1 ('了')
[1572859436301] add 51.1.1 to 51[1:0]
[1572859436708] right click on word 51.1.1 ('了')
[1572859437226] right click on word 51.1.1 ('了')
[1572859438052] label 51[1:0,1] as literal
[1572859440317] right click on word 55.0.0 ('So')
[1572859440918] add 55.0.0 to 55[:]
[1572859440918] label 55[0:] as unaligned_reduction
[1572859443437] right click on word 55.0.5 ('if')
[1572859445093] add 55.0.5 to 55[:]
[1572859445093] label 55[5:] as unaligned_reduction
[1572859846497] NEW SESSION
[1572859858885] right click on word 42.0.0 ('Does')
[1572859904324] right click on word 42.0.1 ('that')
[1572859905301] add 42.0.1 to 42[:]
[1572859905301] label 42[1:] as unaligned_reduction
[1572860020684] right click on word 45.0.6 ('to')
[1572860023197] left click on word 45.0.2 ('forces')
[1572860023197] edit 45[2:3]
[1572860024165] left click on word 45.0.6 ('to')
[1572860024165] add 45.0.6 to 45[2:3]
[1572860024608] right click on word 45.0.6 ('to')
[1572860026124] right click on word 45.0.11 ('for')
[1572860027061] add 45.0.11 to 45[:]
[1572860027062] label 45[11:] as unaligned_reduction
[1572860028693] right click on word 46.0.6 ('without')
[1572860031622] left click on word 46.1.3 ('不')
[1572860031622] new alignment group
[1572860031622] add 46.1.3 to 46[:]
[1572860032230] left click on word 46.0.6 ('without')
[1572860032230] add 46.0.6 to 46[:3]
[1572860032508] right click on word 46.0.6 ('without')
[1572860032924] right click on word 46.0.6 ('without')
[1572860033957] label 46[6:3] as transposition
[1572860057333] left click on word 46.1.2 ('你')
[1572860057333] edit 46[7:2,4]
[1572860058077] left click on word 46.1.4 ('走')
[1572860058077] del 46.1.4 from 46[7:2,4]
[1572860058811] right click on word 46.1.2 ('你')
[1572860064367] right click on word 46.1.2 ('你')
[1572860066812] label 46[7:2] as modulation
[1572860068820] left click on word 46.1.4 ('走')
[1572860068820] new alignment group
[1572860068820] add 46.1.4 to 46[:]
[1572860069406] right click on word 46.1.4 ('走')
[1572860070166] right click on word 46.1.4 ('走')
[1572860071602] label 46[:4] as unaligned_reduction
[1572860073277] right click on word 46.1.6 ('也')
[1572860074276] add 46.1.6 to 46[:]
[1572860074276] label 46[:6] as unaligned_reduction
[1572860081310] right click on word 46.1.3 ('不')
[1572860084851] right click on word 46.1.4 ('走')
[1572860088884] label 46[:4] as unaligned_explicitation
[1572860090052] right click on word 46.1.6 ('也')
[1572860090933] label 46[:6] as unaligned_explicitation
[1572860092677] left click on word 47.0.3 ('to')
[1572860092677] new alignment group
[1572860092677] add 47.0.3 to 47[:]
[1572860093060] left click on word 47.0.2 ('want')
[1572860093060] del 47.0.2 from 47[2:2]
[1572860093061] add 47.0.2 to 47[3:]
[1572860093532] left click on word 47.1.2 ('想')
[1572860093532] del 47.1.2 from 47[:2]
[1572860093532] add 47.1.2 to 47[3,2:]
[1572860094180] right click on word 47.1.2 ('想')
[1572860095806] right click on word 48.0.5 ('he')
[1572860096652] add 48.0.5 to 48[:]
[1572860096653] label 48[5:] as unaligned_reduction
[1572860099612] left click on word 48.0.5 ('he')
[1572860099612] edit 48[5:]
[1572860100308] left click on word 48.1.4 ('朋友')
[1572860100309] add 48.1.4 to 48[5:]
[1572860100782] left click on word 48.1.3 ('我')
[1572860100782] add 48.1.3 to 48[5:4]
[1572860101028] right click on word 48.1.3 ('我')
[1572860101363] right click on word 48.1.3 ('我')
[1572860102389] label 48[5:4,3] as equivalence
[1572860104974] right click on word 48.1.10 ('的')
[1572860106004] label 48[9,10:9,10] as transposition
[1572860111772] right click on word 48.0.6 (''s')
[1572860112989] add 48.0.6 to 48[:]
[1572860112989] label 48[6:] as unaligned_reduction
[1572860132827] right click on word 48.0.6 (''s')
[1572860137017] del 48.0.6 from 48[6:]
[1572860260977] NEW SESSION
[1572860266870] right click on word 51.0.0 ('It')
[1572860267989] add 51.0.0 to 51[:]
[1572860267990] label 51[0:] as unaligned_reduction
[1572860268925] right click on word 51.0.5 ('and')
[1572860269461] add 51.0.5 to 51[:]
[1572860269461] label 51[5:] as unaligned_reduction
[1572860270813] left click on word 51.1.1 ('了')
[1572860270814] new alignment group
[1572860270814] add 51.1.1 to 51[:]
[1572860271292] left click on word 51.0.1 ('narrowed')
[1572860271293] del 51.0.1 from 51[1:0]
[1572860271293] add 51.0.1 to 51[:1]
[1572860271901] right click on word 51.1.1 ('了')
[1572860272868] left click on word 51.0.1 ('narrowed')
[1572860272868] edit 51[1:1]
[1572860273542] left click on word 51.1.0 ('阻碍')
[1572860273542] del 51.1.0 from 51[:0]
[1572860273542] add 51.1.0 to 51[1:1]
[1572860274125] right click on word 51.1.0 ('阻碍')
[1572860275981] right click on word 51.1.8 ('得')
[1572860276780] add 51.1.8 to 51[:]
[1572860276780] label 51[:8] as unaligned_explicitation
[1572860280342] right click on word 55.0.0 ('So')
[1572860280917] add 55.0.0 to 55[:]
[1572860280917] label 55[0:] as unaligned_reduction
[1572860281627] right click on word 55.0.5 ('if')
[1572860282516] add 55.0.5 to 55[:]
[1572860282516] label 55[5:] as unaligned_reduction
[1572860304676] right click on word 58.0.5 ('that')
[1572860305596] add 58.0.5 to 58[:]
[1572860305596] label 58[5:] as unaligned_reduction
[1572860308164] right click on word 58.0.5 ('that')
[1572860311277] del 58.0.5 from 58[5:]
[1572860319034] right click on word 58.0.9 ('try')
[1572860320597] add 58.0.9 to 58[:]
[1572860320597] label 58[9:] as unaligned_reduction
[1572860321756] left click on word 58.0.9 ('try')
[1572860321756] edit 58[9:]
[1572860322348] left click on word 58.0.10 ('to')
[1572860322348] add 58.0.10 to 58[9:]
[1572860322822] right click on word 58.0.10 ('to')
[1572860323299] right click on word 58.0.10 ('to')
[1572860324229] label 58[9,10:] as unaligned_reduction
[1572860327491] right click on word 58.1.8 ('它们')
[1572860330244] label 58[12:8] as particularization
[1572860332933] left click on word 60.0.5 ('have')
[1572860332933] new alignment group
[1572860332933] add 60.0.5 to 60[:]
[1572860333421] left click on word 60.0.6 ('discovered')
[1572860333421] del 60.0.6 from 60[6:5,6]
[1572860333421] add 60.0.6 to 60[5:]
[1572860334365] left click on word 60.0.6 ('discovered')
[1572860334365] del 60.0.6 from 60[5,6:]
[1572860334366] add 60.0.6 to 60[:5,6]
[1572860335076] left click on word 60.1.5 ('发现')
[1572860335076] del 60.1.5 from 60[6:5,6]
[1572860335077] add 60.1.5 to 60[5:]
[1572860335924] left click on word 60.1.6 ('了')
[1572860335924] del 60.1.6 from 60[6:6]
[1572860335925] add 60.1.6 to 60[5:5]
[1572860336525] left click on word 60.0.6 ('discovered')
[1572860336525] del 60.0.6 from 60[6:]
[1572860336525] add 60.0.6 to 60[5:5,6]
[1572860336820] right click on word 60.0.6 ('discovered')
[1572860337588] right click on word 60.0.6 ('discovered')
[1572860340837] label 60[5,6:5,6] as lexical_shift
[1572860346181] right click on word 60.0.6 ('discovered')
[1572860347298] label 60[5,6:5,6] as literal
[1572860352350] right click on word 60.1.7 ('我')
[1572860360332] right click on word 60.0.10 ('my')
[1572860361707] label 60[10:7,8] as literal
[1572860363591] left click on word 60.0.11 ('existence')
[1572860363591] edit 60[11:10,9]
[1572860364540] left click on word 60.1.10 ('意义')
[1572860364541] del 60.1.10 from 60[11:10,9]
[1572860365044] right click on word 60.1.9 ('存在')
[1572860367118] right click on word 60.1.9 ('存在')
[1572860368044] label 60[11:9] as literal
[1572860369189] left click on word 60.1.10 ('意义')
[1572860369190] new alignment group
[1572860369190] add 60.1.10 to 60[:]
[1572860369964] left click on word 60.0.7 ('the')
[1572860369964] add 60.0.7 to 60[:10]
[1572860370476] left click on word 60.0.8 ('reason')
[1572860370476] add 60.0.8 to 60[7:10]
[1572860371086] right click on word 60.0.8 ('reason')
[1572860372388] right click on word 60.0.9 ('for')
[1572860413412] right click on word 50.0.4 ('can')
[1572860414068] add 50.0.4 to 50[:]
[1572860414069] label 50[4:] as unaligned_reduction
[1572860416340] right click on word 48.0.6 (''s')
[1572860419885] left click on word 48.0.6 (''s')
[1572860419885] new alignment group
[1572860419885] add 48.0.6 to 48[:]
[1572860420357] left click on word 48.1.6 ('被')
[1572860420357] add 48.1.6 to 48[6:]
[1572860420724] left click on word 48.1.7 ('关')
[1572860420724] add 48.1.7 to 48[6:6]
[1572860420964] right click on word 48.1.7 ('关')
[1572860421397] right click on word 48.1.7 ('关')
[1572860422398] label 48[6:6,7] as modulation
[1572860427236] right click on word 58.0.5 ('that')
