[1543848840086] NEW SESSION
[1543848991428] left click on word 1887.1.4 ('chose')
[1543848991428] edit 1887[2,4:4]
[1543848993505] left click on word 1887.1.3 ('quelque')
[1543848993505] add 1887.1.3 to 1887[2,4:4]
[1543848995910] cancel edit
[1543848999779] left click on word 1887.1.4 ('chose')
[1543848999779] edit 1887[2,4:4]
[1543849000665] left click on word 1887.1.3 ('quelque')
[1543849000665] add 1887.1.3 to 1887[2,4:4]
[1543849008258] right click on word 1887.1.3 ('quelque')
[1543849009610] left click on word 1887.1.3 ('quelque')
[1543849009610] edit 1887[2,4:4,3]
[1543849011094] left click on word 1887.1.3 ('quelque')
[1543849011095] del 1887.1.3 from 1887[2,4:4,3]
[1543849012174] left click on word 1887.1.3 ('quelque')
[1543849012174] add 1887.1.3 to 1887[2,4:4]
[1543849013044] left click on word 1887.1.3 ('quelque')
[1543849013044] del 1887.1.3 from 1887[2,4:4,3]
[1543849013812] left click on word 1887.1.3 ('quelque')
[1543849013812] add 1887.1.3 to 1887[2,4:4]
[1543849016657] left click on word 1887.1.3 ('quelque')
[1543849016657] del 1887.1.3 from 1887[2,4:4,3]
[1543849017521] left click on word 1887.1.3 ('quelque')
[1543849017521] add 1887.1.3 to 1887[2,4:4]
[1543849020486] right click on word 1887.1.3 ('quelque')
[1543849023100] left click on word 1887.1.3 ('quelque')
[1543849023100] edit 1887[2,4:4,3]
[1543849024395] right click on word 1887.1.3 ('quelque')
[1543849025378] left click on word 1887.1.3 ('quelque')
[1543849025378] edit 1887[2,4:4,3]
[1543849026296] left click on word 1887.1.3 ('quelque')
[1543849026296] del 1887.1.3 from 1887[2,4:4,3]
[1543849027366] left click on word 1887.1.3 ('quelque')
[1543849027366] add 1887.1.3 to 1887[2,4:4]
[1543849040267] cancel edit
[1543849052239] left click on word 1923.0.0 ('let')
[1543849052240] edit 1923[0,1,2:1]
[1543849053295] left click on word 1923.0.0 ('let')
[1543849053295] del 1923.0.0 from 1923[0,1,2:1]
[1543849063636] left click on word 1923.1.0 ('laissez')
[1543849063636] add 1923.1.0 to 1923[1,2:1]
[1543849064947] left click on word 1923.0.0 ('let')
[1543849064947] add 1923.0.0 to 1923[1,2:1,0]
[1543849066001] left click on word 1923.0.2 ('give')
[1543849066001] del 1923.0.2 from 1923[1,2,0:1,0]
[1543849067952] cancel edit
[1543849067953] add 1923.0.2 to 1923[1,0:1]
[1543849070486] left click on word 1923.1.0 ('laissez')
[1543849070486] new alignment group
[1543849070486] add 1923.1.0 to 1923[:]
[1543849071118] left click on word 1923.1.0 ('laissez')
[1543849071118] del 1923.1.0 from 1923[:0]
[1543849073619] left click on word 1923.1.1 ('-moi')
[1543849073620] del 1923.1.1 from 1923[1,0,2:1]
[1543849073620] add 1923.1.1 to 1923[:]
[1543849075480] left click on word 1923.1.1 ('-moi')
[1543849075480] del 1923.1.1 from 1923[:1]
[1543849075480] add 1923.1.1 to 1923[1,0,2:]
[1543849076983] left click on word 1923.1.0 ('laissez')
[1543849076983] add 1923.1.0 to 1923[:]
[1543849077830] left click on word 1923.1.0 ('laissez')
[1543849077830] del 1923.1.0 from 1923[:0]
[1543849079935] left click on word 1923.0.2 ('give')
[1543849079935] del 1923.0.2 from 1923[1,0,2:1]
[1543849079935] add 1923.0.2 to 1923[:]
[1543849081333] left click on word 1923.0.2 ('give')
[1543849081333] del 1923.0.2 from 1923[2:]
[1543849081333] add 1923.0.2 to 1923[1,0:1]
[1543849082825] right click on word 1923.0.1 ('me')
[1543849082826] del 1923.0.1 from 1923[1,0,2:1]
[1543849082826] add 1923.0.1 to 1923[:]
[1543849085615] right click on word 1923.0.1 ('me')
[1543849095418] left click on word 1923.0.1 ('me')
[1543849095418] edit 1923[1:]
[1543849097018] left click on word 1923.0.2 ('give')
[1543849097018] del 1923.0.2 from 1923[0,2:1]
[1543849097018] add 1923.0.2 to 1923[1:]
[1543849098353] left click on word 1923.0.0 ('let')
[1543849098353] del 1923.0.0 from 1923[0:1]
[1543849098353] add 1923.0.0 to 1923[1,2:]
[1543849099152] left click on word 1923.0.0 ('let')
[1543849099152] del 1923.0.0 from 1923[1,2,0:]
[1543849099152] add 1923.0.0 to 1923[:1]
[1543849099967] left click on word 1923.0.1 ('me')
[1543849099967] del 1923.0.1 from 1923[1,2:]
[1543849100790] left click on word 1923.0.2 ('give')
[1543849100791] del 1923.0.2 from 1923[2:]
[1543849100791] add 1923.0.2 to 1923[0:1]
[1543849102477] left click on word 1923.0.1 ('me')
[1543849102477] add 1923.0.1 to 1923[:]
[1543849103341] left click on word 1923.0.1 ('me')
[1543849103341] del 1923.0.1 from 1923[1:]
[1543849105762] right click on word 1923.0.1 ('me')
[1543849105763] add 1923.0.1 to 1923[:]
[1543849106800] left click on word 1923.0.1 ('me')
[1543849106800] edit 1923[1:]
[1543849107641] right click on word 1923.0.1 ('me')
[1543849108439] left click on word 1923.0.1 ('me')
[1543849108439] edit 1923[1:]
[1543849110565] left click on word 1923.1.0 ('laissez')
[1543849110565] add 1923.1.0 to 1923[1:]
[1543849112611] left click on word 1923.0.0 ('let')
[1543849112611] del 1923.0.0 from 1923[0,2:1]
[1543849112611] add 1923.0.0 to 1923[1:0]
[1543849114625] left click on word 1923.1.1 ('-moi')
[1543849114626] del 1923.1.1 from 1923[2:1]
[1543849114626] add 1923.1.1 to 1923[1,0:0]
[1543849118734] cancel edit
[1543849118734] add 1923.0.0 to 1923[2:]
[1543849118734] add 1923.1.1 to 1923[2,0:]
[1543849124567] left click on word 1923.1.1 ('-moi')
[1543849124567] edit 1923[2,0:1]
[1543849126184] left click on word 1923.0.1 ('me')
[1543849126184] del 1923.0.1 from 1923[1:]
[1543849126184] add 1923.0.1 to 1923[2,0:1]
[1543849127453] left click on word 1923.0.1 ('me')
[1543849127453] del 1923.0.1 from 1923[2,0,1:1]
[1543849127453] add 1923.0.1 to 1923[:]
[1543849128351] right click on word 1923.0.1 ('me')
[1543849128351] del 1923.0.1 from 1923[1:]
[1543849128351] add 1923.0.1 to 1923[2,0:1]
[1543849131082] right click on word 1923.1.0 ('laissez')
[1543849137030] right click on word 1923.0.1 ('me')
[1543849144732] left click on word 1923.1.1 ('-moi')
[1543849144732] edit 1923[2,0,1:1]
[1543849146836] right click on word 1923.1.0 ('laissez')
[1543849146836] add 1923.1.0 to 1923[2,0,1:1]
[1543849162738] left click on word 1923.0.2 ('give')
[1543849162738] edit 1923[2,0,1:1,0]
[1543849165415] right click on word 1923.0.2 ('give')
[1543849166199] right click on word 1923.0.2 ('give')
[1543849170739] label 1923[2,0,1:1,0] as literal
[1543849173680] left click on word 1923.0.2 ('give')
[1543849173680] edit 1923[2,0,1:1,0]
[1543849174814] left click on word 1923.0.2 ('give')
[1543849174814] del 1923.0.2 from 1923[2,0,1:1,0]
[1543849176590] cancel edit
[1543849176590] add 1923.0.2 to 1923[0,1:1,0]
[1543849179971] right click on word 1923.0.2 ('give')
[1543849182479] left click on word 1923.0.2 ('give')
[1543849182479] edit 1923[0,1,2:1,0]
[1543849183399] left click on word 1923.0.2 ('give')
[1543849183399] del 1923.0.2 from 1923[0,1,2:1,0]
[1543849184536] left click on word 1923.0.2 ('give')
[1543849184536] add 1923.0.2 to 1923[0,1:1,0]
[1543849185215] left click on word 1923.0.2 ('give')
[1543849185216] del 1923.0.2 from 1923[0,1,2:1,0]
[1543849186397] left click on word 1923.0.2 ('give')
[1543849186397] add 1923.0.2 to 1923[0,1:1,0]
[1543849186980] left click on word 1923.0.2 ('give')
[1543849186980] del 1923.0.2 from 1923[0,1,2:1,0]
[1543849188250] right click on word 1923.0.2 ('give')
[1543849188250] add 1923.0.2 to 1923[0,1:1,0]
[1543849189033] right click on word 1923.0.2 ('give')
[1543849192740] label 1923[0,1,2:1,0] as literal
[1543849195442] right click on word 1923.0.2 ('give')
[1543849198376] label 1923[0,1,2:1,0] as literal
[1543849200134] left click on word 1923.0.2 ('give')
[1543849200134] edit 1923[0,1,2:1,0]
[1543849201246] left click on word 1923.0.2 ('give')
[1543849201246] del 1923.0.2 from 1923[0,1,2:1,0]
[1543849202443] cancel edit
[1543849202444] add 1923.0.2 to 1923[0,1:1,0]
[1543849205050] left click on word 1923.0.2 ('give')
[1543849205050] edit 1923[0,1,2:1,0]
[1543849205946] left click on word 1923.0.2 ('give')
[1543849205946] del 1923.0.2 from 1923[0,1,2:1,0]
[1543849208685] cancel edit
[1543849208685] add 1923.0.2 to 1923[0,1:1,0]
[1543849247728] left click on word 1923.0.2 ('give')
[1543849247728] edit 1923[0,1,2:1,0]
[1543849248647] left click on word 1923.0.2 ('give')
[1543849248647] del 1923.0.2 from 1923[0,1,2:1,0]
[1543849253219] cancel edit
[1543849253219] add 1923.0.2 to 1923[0,1:1,0]
[1543849291691] right click on word 1917.0.11 ('enough')
[1543849294081] label 1917[11,12:10] as literal
[1543849295601] left click on word 1917.0.11 ('enough')
[1543849295601] edit 1917[11,12:10]
[1543849297191] left click on word 1917.0.11 ('enough')
[1543849297191] del 1917.0.11 from 1917[11,12:10]
[1543849302122] cancel edit
[1543849302122] add 1917.0.11 to 1917[12:10]
[1543849305065] left click on word 1917.0.11 ('enough')
[1543849305065] edit 1917[12,11:10]
[1543849306103] left click on word 1917.0.11 ('enough')
[1543849306103] del 1917.0.11 from 1917[12,11:10]
[1543849306901] left click on word 1917.0.11 ('enough')
[1543849306901] add 1917.0.11 to 1917[12:10]
[1543849307493] left click on word 1917.0.11 ('enough')
[1543849307493] del 1917.0.11 from 1917[12,11:10]
[1543849309204] left click on word 1917.0.11 ('enough')
[1543849309204] add 1917.0.11 to 1917[12:10]
[1543849310275] left click on word 1917.0.11 ('enough')
[1543849310275] del 1917.0.11 from 1917[12,11:10]
[1543849311346] right click on word 1917.0.11 ('enough')
[1543849311346] add 1917.0.11 to 1917[12:10]
[1543849312272] right click on word 1917.0.11 ('enough')
[1543849313887] label 1917[12,11:10] as literal
[1543849315357] left click on word 1917.0.11 ('enough')
[1543849315357] edit 1917[12,11:10]
[1543849316302] left click on word 1917.0.11 ('enough')
[1543849316302] del 1917.0.11 from 1917[12,11:10]
[1543849361885] cancel edit
[1543849361885] add 1917.0.11 to 1917[12:10]
[1543849365976] left click on word 1917.0.11 ('enough')
[1543849365977] edit 1917[12,11:10]
[1543849366864] left click on word 1917.0.11 ('enough')
[1543849366864] del 1917.0.11 from 1917[12,11:10]
[1543849367951] cancel edit
[1543849367951] add 1917.0.11 to 1917[12:10]
[1543849377466] right click on word 1917.0.11 ('enough')
[1543849392020] right click on word 1917.0.11 ('enough')
[1543849395576] del 1917.0.11 from 1917[12,11:10]
[1543849410115] left click on word 1917.1.8 ('assez')
[1543849410115] new alignment group
[1543849410115] add 1917.1.8 to 1917[:]
[1543849411402] left click on word 1917.0.11 ('enough')
[1543849411402] add 1917.0.11 to 1917[:8]
[1543849415232] right click on word 1917.0.11 ('enough')
[1543849416486] right click on word 1917.0.11 ('enough')
[1543849419170] label 1917[11:8] as literal
[1543849427970] left click on word 1917.1.0 ('ils')
[1543849427970] new alignment group
[1543849427970] add 1917.1.0 to 1917[:]
[1543849429456] left click on word 1917.0.0 ('they')
[1543849429457] del 1917.0.0 from 1917[0,1:1]
[1543849429457] add 1917.0.0 to 1917[:0]
[1543849432396] cancel edit
[1543849432396] add 1917.0.0 to 1917[1:1]
[1543849439096] right click on word 1917.0.0 ('they')
[1543849440709] del 1917.0.0 from 1917[1,0:1]
[1543849442596] left click on word 1917.0.0 ('they')
[1543849442596] new alignment group
[1543849442596] add 1917.0.0 to 1917[:]
[1543849443610] left click on word 1917.1.0 ('ils')
[1543849443610] add 1917.1.0 to 1917[0:]
[1543849446056] cancel edit
[1543849450404] left click on word 1917.0.0 ('they')
[1543849450404] new alignment group
[1543849450404] add 1917.0.0 to 1917[:]
[1543849451450] left click on word 1917.1.0 ('ils')
[1543849451451] add 1917.1.0 to 1917[0:]
[1543849457158] cancel edit
[1543849459722] right click on word 1917.0.0 ('they')
[1543849462312] left click on word 1917.0.0 ('they')
[1543849462312] new alignment group
[1543849462313] add 1917.0.0 to 1917[:]
[1543849464493] left click on word 1917.0.0 ('they')
[1543849464493] del 1917.0.0 from 1917[0:]
[1543849465885] left click on word 1917.0.0 ('they')
[1543849465885] add 1917.0.0 to 1917[:]
[1543849468490] left click on word 1917.1.0 ('ils')
[1543849468490] add 1917.1.0 to 1917[0:]
[1543849475061] right click on word 1917.1.0 ('ils')
[1543849476619] right click on word 1917.1.0 ('ils')
[1543849478199] label 1917[0:0] as literal
[1543850117489] left click on word 1856.0.6 ('tightly')
[1543850117489] edit 1856[4,6:4]
[1543850119049] left click on word 1856.1.6 ('bien')
[1543850119049] add 1856.1.6 to 1856[4,6:4]
[1543850120425] right click on word 1856.1.6 ('bien')
[1543850142369] left click on word 1923.0.8 ('this')
[1543850142369] edit 1923[5,6,8:5]
[1543850143633] right click on word 1923.0.8 ('this')
[1543850144649] left click on word 1923.0.8 ('this')
[1543850144649] edit 1923[5,6,8:5]
[1543850145529] left click on word 1923.0.8 ('this')
[1543850145529] del 1923.0.8 from 1923[5,6,8:5]
[1543850152369] left click on word 1923.1.3 ('montrer')
[1543850152369] add 1923.1.3 to 1923[5,6:5]
[1543850157017] cancel edit
[1543850157017] add 1923.0.8 to 1923[5,6:5,3]
[1543850160321] left click on word 1923.0.8 ('this')
[1543850160321] edit 1923[5,6,8:5]
[1543850162041] left click on word 1923.0.8 ('this')
[1543850162041] del 1923.0.8 from 1923[5,6,8:5]
[1543850166161] cancel edit
[1543850166161] add 1923.0.8 to 1923[5,6:5]
[1543850169480] left click on word 1923.0.8 ('this')
[1543850169481] edit 1923[5,6,8:5]
[1543850170096] right click on word 1923.0.8 ('this')
[1543850171161] left click on word 1923.0.8 ('this')
[1543850171161] edit 1923[5,6,8:5]
[1543850171961] right click on word 1923.0.8 ('this')
[1543850172705] right click on word 1923.0.8 ('this')
[1543850174761] del 1923.0.8 from 1923[5,6,8:5]
[1543850181249] left click on word 1923.0.5 ('close')
[1543850181249] edit 1923[5,6:5]
[1543850182545] left click on word 1923.1.3 ('montrer')
[1543850182545] add 1923.1.3 to 1923[5,6:5]
[1543850183224] right click on word 1923.1.3 ('montrer')
[1543850192649] left click on word 1923.0.5 ('close')
[1543850192649] edit 1923[5,6:5,3]
[1543850193777] left click on word 1923.0.4 ('good')
[1543850193777] add 1923.0.4 to 1923[5,6:5,3]
[1543850202569] left click on word 1923.1.4 ('de')
[1543850202569] del 1923.1.4 from 1923[7:4]
[1543850202569] add 1923.1.4 to 1923[5,6,4:5,3]
[1543850220728] left click on word 1923.0.7 ('at')
[1543850220728] del 1923.0.7 from 1923[7:]
[1543850220728] add 1923.0.7 to 1923[5,6,4:5,3,4]
[1543850221712] left click on word 1923.0.8 ('this')
[1543850221712] add 1923.0.8 to 1923[5,6,4,7:5,3,4]
[1543850224959] cancel edit
[1543850224960] add 1923.1.4 to 1923[:]
[1543850224960] add 1923.0.7 to 1923[:4]
[1543850227400] left click on word 1923.0.4 ('good')
[1543850227400] new alignment group
[1543850227400] add 1923.0.4 to 1923[:]
[1543850228480] left click on word 1923.0.5 ('close')
[1543850228480] del 1923.0.5 from 1923[5,6:5,3]
[1543850228480] add 1923.0.5 to 1923[4:]
[1543850229832] left click on word 1923.0.5 ('close')
[1543850229832] del 1923.0.5 from 1923[4,5:]
[1543850229832] add 1923.0.5 to 1923[6:5,3]
[1543850231896] left click on word 1923.0.6 ('look')
[1543850231896] del 1923.0.6 from 1923[6,5:5,3]
[1543850231896] add 1923.0.6 to 1923[4:]
[1543850232977] left click on word 1923.0.6 ('look')
[1543850232977] del 1923.0.6 from 1923[4,6:]
[1543850232977] add 1923.0.6 to 1923[5:5,3]
[1543850235249] left click on word 1923.1.3 ('montrer')
[1543850235249] del 1923.1.3 from 1923[5,6:5,3]
[1543850235249] add 1923.1.3 to 1923[4:]
[1543850237192] left click on word 1923.0.4 ('good')
[1543850237192] del 1923.0.4 from 1923[4:3]
[1543850238136] left click on word 1923.0.4 ('good')
[1543850238136] add 1923.0.4 to 1923[:3]
[1543850238808] right click on word 1923.0.4 ('good')
[1543850239616] left click on word 1923.1.3 ('montrer')
[1543850239616] edit 1923[4:3]
[1543850241336] left click on word 1923.0.5 ('close')
[1543850241336] del 1923.0.5 from 1923[5,6:5]
[1543850241336] add 1923.0.5 to 1923[4:3]
[1543850242719] left click on word 1923.1.3 ('montrer')
[1543850242719] del 1923.1.3 from 1923[4,5:3]
[1543850243480] left click on word 1923.1.3 ('montrer')
[1543850243480] add 1923.1.3 to 1923[4,5:]
[1543850244072] left click on word 1923.1.3 ('montrer')
[1543850244072] del 1923.1.3 from 1923[4,5:3]
[1543850246632] left click on word 1923.0.5 ('close')
[1543850246632] del 1923.0.5 from 1923[4,5:]
[1543850246632] add 1923.0.5 to 1923[6:5]
[1543850247840] left click on word 1923.0.4 ('good')
[1543850247840] del 1923.0.4 from 1923[4:]
[1543850248552] left click on word 1923.1.3 ('montrer')
[1543850248552] add 1923.1.3 to 1923[:]
[1543850249272] left click on word 1923.0.4 ('good')
[1543850249272] add 1923.0.4 to 1923[:3]
[1543850250039] left click on word 1923.0.6 ('look')
[1543850250039] del 1923.0.6 from 1923[6,5:5]
[1543850250039] add 1923.0.6 to 1923[4:3]
[1543850250984] left click on word 1923.0.6 ('look')
[1543850250984] del 1923.0.6 from 1923[4,6:3]
[1543850250985] add 1923.0.6 to 1923[5:5]
[1543850251464] left click on word 1923.0.5 ('close')
[1543850251464] del 1923.0.5 from 1923[5,6:5]
[1543850251464] add 1923.0.5 to 1923[4:3]
[1543850252520] left click on word 1923.0.6 ('look')
[1543850252520] del 1923.0.6 from 1923[6:5]
[1543850252521] add 1923.0.6 to 1923[4,5:3]
[1543850263079] left click on word 1923.0.4 ('good')
[1543850263080] del 1923.0.4 from 1923[4,5,6:3]
[1543850264032] left click on word 1923.0.5 ('close')
[1543850264032] del 1923.0.5 from 1923[5,6:3]
[1543850264032] add 1923.0.5 to 1923[:5]
[1543850265464] left click on word 1923.1.3 ('montrer')
[1543850265464] del 1923.1.3 from 1923[6:3]
[1543850266880] left click on word 1923.0.4 ('good')
[1543850266880] add 1923.0.4 to 1923[6:]
[1543850268376] left click on word 1923.0.5 ('close')
[1543850268376] del 1923.0.5 from 1923[5:5]
[1543850268376] add 1923.0.5 to 1923[6,4:]
[1543850270776] left click on word 1923.0.6 ('look')
[1543850270776] del 1923.0.6 from 1923[6,4,5:]
[1543850270776] add 1923.0.6 to 1923[:5]
[1543850271568] left click on word 1923.0.5 ('close')
[1543850271568] del 1923.0.5 from 1923[4,5:]
[1543850271569] add 1923.0.5 to 1923[6:5]
[1543850272232] left click on word 1923.0.4 ('good')
[1543850272232] del 1923.0.4 from 1923[4:]
[1543850273328] left click on word 1923.0.8 ('this')
[1543850273328] add 1923.0.8 to 1923[:]
[1543850277816] left click on word 1923.1.5 ('près')
[1543850277816] del 1923.1.5 from 1923[6,5:5]
[1543850277816] add 1923.1.5 to 1923[8:]
[1543850278808] left click on word 1923.1.5 ('près')
[1543850278808] del 1923.1.5 from 1923[8:5]
[1543850278808] add 1923.1.5 to 1923[6,5:]
[1543850280032] left click on word 1923.1.3 ('montrer')
[1543850280032] add 1923.1.3 to 1923[8:]
[1543850280712] left click on word 1923.1.3 ('montrer')
[1543850280712] del 1923.1.3 from 1923[8:3]
[1543850282152] right click on word 1923.0.5 ('close')
[1543850282152] del 1923.0.5 from 1923[6,5:5]
[1543850282152] add 1923.0.5 to 1923[8:]
[1543850283391] right click on word 1923.0.5 ('close')
[1543850288960] left click on word 1923.0.5 ('close')
[1543850288960] edit 1923[8,5:]
[1543850289608] left click on word 1923.0.5 ('close')
[1543850289608] del 1923.0.5 from 1923[8,5:]
[1543850290920] left click on word 1923.0.6 ('look')
[1543850290920] del 1923.0.6 from 1923[6:5]
[1543850290920] add 1923.0.6 to 1923[8:]
[1543850291632] left click on word 1923.0.6 ('look')
[1543850291632] del 1923.0.6 from 1923[8,6:]
[1543850291632] add 1923.0.6 to 1923[:5]
[1543850292623] left click on word 1923.0.5 ('close')
[1543850292623] add 1923.0.5 to 1923[8:]
[1543850294312] left click on word 1923.0.5 ('close')
[1543850294312] del 1923.0.5 from 1923[8,5:]
[1543850295151] left click on word 1923.0.5 ('close')
[1543850295152] add 1923.0.5 to 1923[8:]
[1543850295719] left click on word 1923.0.5 ('close')
[1543850295720] del 1923.0.5 from 1923[8,5:]
[1543850296464] left click on word 1923.0.5 ('close')
[1543850296464] add 1923.0.5 to 1923[8:]
[1543850297320] left click on word 1923.0.4 ('good')
[1543850297320] add 1923.0.4 to 1923[8,5:]
[1543850298016] left click on word 1923.0.4 ('good')
[1543850298016] del 1923.0.4 from 1923[8,5,4:]
[1543850298016] add 1923.0.4 to 1923[8,5:]
[1543850299080] left click on word 1923.0.8 ('this')
[1543850299080] del 1923.0.8 from 1923[8,5,4:]
[1543850299696] left click on word 1923.0.8 ('this')
[1543850299696] add 1923.0.8 to 1923[5,4:]
[1543850300304] left click on word 1923.0.8 ('this')
[1543850300304] del 1923.0.8 from 1923[5,4,8:]
[1543850341543] left click on word 1923.0.6 ('look')
[1543850341543] del 1923.0.6 from 1923[6:5]
[1543850341543] add 1923.0.6 to 1923[5,4:]
[1543850342144] left click on word 1923.0.6 ('look')
[1543850342144] del 1923.0.6 from 1923[5,4,6:]
[1543850342144] add 1923.0.6 to 1923[:5]
[1543850343344] left click on word 1923.0.5 ('close')
[1543850343344] del 1923.0.5 from 1923[5,4:]
[1543850343799] left click on word 1923.0.5 ('close')
[1543850343799] add 1923.0.5 to 1923[4:]
[1543850344288] left click on word 1923.0.5 ('close')
[1543850344288] del 1923.0.5 from 1923[4,5:]
[1543850344775] left click on word 1923.0.5 ('close')
[1543850344775] add 1923.0.5 to 1923[4:]
[1543850345487] left click on word 1923.0.5 ('close')
[1543850345487] del 1923.0.5 from 1923[4,5:]
[1543850345912] left click on word 1923.0.5 ('close')
[1543850345912] add 1923.0.5 to 1923[4:]
[1543850346911] left click on word 1923.0.7 ('at')
[1543850346911] del 1923.0.7 from 1923[7:4]
[1543850346912] add 1923.0.7 to 1923[4,5:]
[1543850347423] left click on word 1923.0.7 ('at')
[1543850347423] del 1923.0.7 from 1923[4,5,7:]
[1543850347423] add 1923.0.7 to 1923[:4]
[1543850348232] right click on word 1923.0.7 ('at')
[1543850348232] del 1923.0.7 from 1923[7:4]
[1543850348232] add 1923.0.7 to 1923[4,5:]
[1543850349071] right click on word 1923.0.6 ('look')
[1543850352191] left click on word 1923.0.5 ('close')
[1543850352191] edit 1923[4,5,7:]
[1543850353008] right click on word 1923.0.5 ('close')
[1543850353648] right click on word 1923.0.5 ('close')
[1543850355920] left click on word 1923.0.4 ('good')
[1543850355920] edit 1923[4,5,7:]
[1543850356392] right click on word 1923.0.4 ('good')
[1543850357079] right click on word 1923.0.4 ('good')
[1543850359352] left click on word 1923.0.8 ('this')
[1543850359352] new alignment group
[1543850359352] add 1923.0.8 to 1923[:]
[1543850359839] right click on word 1923.0.8 ('this')
[1543850360424] right click on word 1923.0.8 ('this')
[1543850361968] right click on word 1923.0.7 ('at')
[1543850363911] right click on word 1923.0.5 ('close')
[1543850365880] right click on word 1923.0.4 ('good')
[1543850388767] left click on word 1923.0.4 ('good')
[1543850388767] edit 1923[4,5,7:]
[1543850389375] left click on word 1923.0.4 ('good')
[1543850389375] del 1923.0.4 from 1923[4,5,7:]
[1543850390360] left click on word 1923.0.5 ('close')
[1543850390360] del 1923.0.5 from 1923[5,7:]
[1543850391191] left click on word 1923.0.5 ('close')
[1543850391191] add 1923.0.5 to 1923[7:]
[1543850391951] left click on word 1923.0.5 ('close')
[1543850391951] del 1923.0.5 from 1923[7,5:]
[1543850392528] right click on word 1923.0.5 ('close')
[1543850392528] add 1923.0.5 to 1923[7:]
[1543850393303] right click on word 1923.0.5 ('close')
[1543850394704] right click on word 1923.0.5 ('close')
[1543850396047] right click on word 1923.0.4 ('good')
[1543850398976] left click on word 1923.1.3 ('montrer')
[1543850398976] new alignment group
[1543850398976] add 1923.1.3 to 1923[:]
[1543850400312] left click on word 1923.0.5 ('close')
[1543850400312] del 1923.0.5 from 1923[7,5:]
[1543850400312] add 1923.0.5 to 1923[:3]
[1543850402432] left click on word 1923.1.4 ('de')
[1543850402432] del 1923.1.4 from 1923[:4]
[1543850402432] add 1923.1.4 to 1923[5:3]
[1543850403319] left click on word 1923.0.6 ('look')
[1543850403319] del 1923.0.6 from 1923[6:5]
[1543850403320] add 1923.0.6 to 1923[5:3,4]
[1543850404063] left click on word 1923.1.5 ('près')
[1543850404063] del 1923.1.5 from 1923[:5]
[1543850404064] add 1923.1.5 to 1923[5,6:3,4]
[1543850404743] left click on word 1923.0.7 ('at')
[1543850404743] del 1923.0.7 from 1923[7:]
[1543850404744] add 1923.0.7 to 1923[5,6:3,4,5]
[1543850405384] left click on word 1923.0.8 ('this')
[1543850405384] del 1923.0.8 from 1923[8:]
[1543850405384] add 1923.0.8 to 1923[5,6,7:3,4,5]
[1543850406648] left click on word 1923.0.4 ('good')
[1543850406648] add 1923.0.4 to 1923[5,6,7,8:3,4,5]
[1543850413584] right click on word 1923.0.4 ('good')
[1543850429336] right click on word 1923.0.2 ('give')
[1543850432048] del 1923.0.2 from 1923[0,1,2:1,0]
[1543850446767] left click on word 1923.0.2 ('give')
[1543850446767] new alignment group
[1543850446767] add 1923.0.2 to 1923[:]
[1543850447799] left click on word 1923.0.3 ('you')
[1543850447799] del 1923.0.3 from 1923[3:2]
[1543850447799] add 1923.0.3 to 1923[2:]
[1543850448696] left click on word 1923.0.2 ('give')
[1543850448696] del 1923.0.2 from 1923[2,3:]
[1543850449327] left click on word 1923.0.3 ('you')
[1543850449327] del 1923.0.3 from 1923[3:]
[1543850449327] add 1923.0.3 to 1923[:2]
[1543850449919] left click on word 1923.0.2 ('give')
[1543850449919] add 1923.0.2 to 1923[:]
[1543850451328] left click on word 1923.1.2 ('vous')
[1543850451328] del 1923.1.2 from 1923[3:2]
[1543850451328] add 1923.1.2 to 1923[2:]
[1543850452247] left click on word 1923.0.3 ('you')
[1543850452247] del 1923.0.3 from 1923[3:]
[1543850452247] add 1923.0.3 to 1923[2:2]
[1543850453263] left click on word 1923.1.3 ('montrer')
[1543850453263] del 1923.1.3 from 1923[5,6,7,8,4:3,4,5]
[1543850453264] add 1923.1.3 to 1923[2,3:2]
[1543850454031] left click on word 1923.0.4 ('good')
[1543850454031] del 1923.0.4 from 1923[5,6,7,8,4:4,5]
[1543850454031] add 1923.0.4 to 1923[2,3:2,3]
[1543850454672] left click on word 1923.0.5 ('close')
[1543850454672] del 1923.0.5 from 1923[5,6,7,8:4,5]
[1543850454672] add 1923.0.5 to 1923[2,3,4:2,3]
[1543850455391] left click on word 1923.1.4 ('de')
[1543850455391] del 1923.1.4 from 1923[6,7,8:4,5]
[1543850455391] add 1923.1.4 to 1923[2,3,4,5:2,3]
[1543850455903] left click on word 1923.1.5 ('près')
[1543850455903] del 1923.1.5 from 1923[6,7,8:5]
[1543850455903] add 1923.1.5 to 1923[2,3,4,5:2,3,4]
[1543850456527] left click on word 1923.0.6 ('look')
[1543850456527] del 1923.0.6 from 1923[6,7,8:]
[1543850456527] add 1923.0.6 to 1923[2,3,4,5:2,3,4,5]
[1543850457063] left click on word 1923.0.7 ('at')
[1543850457063] del 1923.0.7 from 1923[7,8:]
[1543850457063] add 1923.0.7 to 1923[2,3,4,5,6:2,3,4,5]
[1543850457608] left click on word 1923.0.8 ('this')
[1543850457608] del 1923.0.8 from 1923[8:]
[1543850457608] add 1923.0.8 to 1923[2,3,4,5,6,7:2,3,4,5]
[1543850460600] cancel edit
[1543850460600] add 1923.1.2 to 1923[:]
[1543850460600] add 1923.0.3 to 1923[:2]
[1543850460600] add 1923.1.3 to 1923[:]
[1543850460600] add 1923.0.4 to 1923[:3]
[1543850460600] add 1923.0.5 to 1923[4:3]
[1543850460600] add 1923.1.4 to 1923[4,5:3]
[1543850460600] add 1923.1.5 to 1923[4,5:3,4]
[1543850460600] add 1923.0.6 to 1923[4,5:3,4,5]
[1543850460600] add 1923.0.7 to 1923[4,5,6:3,4,5]
[1543850460600] add 1923.0.8 to 1923[4,5,6,7:3,4,5]
[1543850465255] left click on word 1923.1.2 ('vous')
[1543850465255] edit 1923[3:2]
[1543850466400] left click on word 1923.0.2 ('give')
[1543850466400] add 1923.0.2 to 1923[3:2]
[1543850468159] left click on word 1923.1.3 ('montrer')
[1543850468159] del 1923.1.3 from 1923[4,5,6,7,8:3,4,5]
[1543850468159] add 1923.1.3 to 1923[3,2:2]
[1543850468791] left click on word 1923.1.4 ('de')
[1543850468791] del 1923.1.4 from 1923[4,5,6,7,8:4,5]
[1543850468791] add 1923.1.4 to 1923[3,2:2,3]
[1543850469231] left click on word 1923.1.5 ('près')
[1543850469231] del 1923.1.5 from 1923[4,5,6,7,8:5]
[1543850469231] add 1923.1.5 to 1923[3,2:2,3,4]
[1543850470055] left click on word 1923.0.8 ('this')
[1543850470055] del 1923.0.8 from 1923[4,5,6,7,8:]
[1543850470055] add 1923.0.8 to 1923[3,2:2,3,4,5]
[1543850470816] left click on word 1923.0.7 ('at')
[1543850470816] del 1923.0.7 from 1923[4,5,6,7:]
[1543850470816] add 1923.0.7 to 1923[3,2,8:2,3,4,5]
[1543850471472] left click on word 1923.0.6 ('look')
[1543850471472] del 1923.0.6 from 1923[4,5,6:]
[1543850471472] add 1923.0.6 to 1923[3,2,8,7:2,3,4,5]
[1543850472103] left click on word 1923.0.5 ('close')
[1543850472103] del 1923.0.5 from 1923[4,5:]
[1543850472103] add 1923.0.5 to 1923[3,2,8,7,6:2,3,4,5]
[1543850472727] left click on word 1923.0.4 ('good')
[1543850472727] del 1923.0.4 from 1923[4:]
[1543850472727] add 1923.0.4 to 1923[3,2,8,7,6,5:2,3,4,5]
[1543850476744] right click on word 1923.0.2 ('give')
[1543850912289] right click on word 1908.1.12 ('début')
[1543850951539] left click on word 1856.0.1 ('fact')
[1543850951539] edit 1856[1:1]
[1543850966882] left click on word 1856.0.0 ('in')
[1543850966882] del 1856.0.0 from 1856[0:0]
[1543850966882] add 1856.0.0 to 1856[1:1]
[1543850967969] left click on word 1856.1.0 ('en')
[1543850967969] del 1856.1.0 from 1856[:0]
[1543850967969] add 1856.1.0 to 1856[1,0:1]
[1543851007303] left click on word 1856.0.1 ('fact')
[1543851007303] del 1856.0.1 from 1856[1,0:1,0]
[1543851033210] right click on word 1856.1.1 ('fait')
[1543851035442] left click on word 1856.0.0 ('in')
[1543851035442] edit 1856[0:1,0]
[1543851039890] left click on word 1856.0.1 ('fact')
[1543851039890] add 1856.0.1 to 1856[0:1,0]
[1543851040890] right click on word 1856.0.1 ('fact')
[1543851042378] left click on word 1856.0.1 ('fact')
[1543851042378] edit 1856[0,1:1,0]
[1543851046962] cancel edit
[1543851051682] left click on word 1856.0.2 ('it')
[1543851051682] edit 1856[2,3:3]
[1543851053753] left click on word 1856.0.4 ('held')
[1543851053754] del 1856.0.4 from 1856[4,6:4,6]
[1543851053754] add 1856.0.4 to 1856[2,3:3]
[1543851055930] left click on word 1856.0.5 ('so')
[1543851055930] del 1856.0.5 from 1856[5:5]
[1543851055930] add 1856.0.5 to 1856[2,3,4:3]
[1543851056698] left click on word 1856.0.6 ('tightly')
[1543851056698] del 1856.0.6 from 1856[6:4,6]
[1543851056698] add 1856.0.6 to 1856[2,3,4,5:3]
[1543851057690] cancel edit
[1543851057690] add 1856.0.4 to 1856[:4,6]
[1543851057690] add 1856.0.5 to 1856[:5]
[1543851057690] add 1856.0.6 to 1856[4:4,6]
[1543851059458] left click on word 1856.0.2 ('it')
[1543851059458] edit 1856[2,3:3]
[1543851063122] cancel edit
[1543851081690] left click on word 1917.0.13 ('stab')
[1543851081690] edit 1917[13:12]
[1543851083370] left click on word 1917.1.14 ('choses')
[1543851083370] add 1917.1.14 to 1917[13:12]
[1543851084818] left click on word 1917.1.13 ('des')
[1543851084818] add 1917.1.13 to 1917[13:12,14]
[1543851085865] right click on word 1917.1.13 ('des')
[1543851092929] right click on word 1917.0.13 ('stab')
[1543851103464] left click on word 1917.0.13 ('stab')
[1543851103464] edit 1917[13:12,14,13]
[1543851104240] left click on word 1917.0.13 ('stab')
[1543851104240] del 1917.0.13 from 1917[13:12,14,13]
[1543851111993] left click on word 1917.0.13 ('stab')
[1543851111993] add 1917.0.13 to 1917[:12,14,13]
[1543851117429] cancel edit
[1543851171777] left click on word 1917.0.15 ('through')
[1543851171777] edit 1917[15:15,16]
[1543851173511] right click on word 1917.0.15 ('through')
[1543851174478] left click on word 1917.0.15 ('through')
[1543851174478] edit 1917[15:15,16]
[1543851178906] left click on word 1917.0.15 ('through')
[1543851178906] del 1917.0.15 from 1917[15:15,16]
[1543851182316] left click on word 1917.0.15 ('through')
[1543851182316] add 1917.0.15 to 1917[:15,16]
[1543851230505] cancel edit
[1543851242254] left click on word 1908.0.15 ('at')
[1543851242254] new alignment group
[1543851242254] add 1908.0.15 to 1908[:]
[1543851243135] left click on word 1908.0.15 ('at')
[1543851243135] del 1908.0.15 from 1908[15:]
[1543851244332] left click on word 1908.0.15 ('at')
[1543851244332] add 1908.0.15 to 1908[:]
[1543851248471] left click on word 1908.0.15 ('at')
[1543851248471] del 1908.0.15 from 1908[15:]
[1543851249415] left click on word 1908.0.15 ('at')
[1543851249415] add 1908.0.15 to 1908[:]
[1543851251644] left click on word 1908.0.15 ('at')
[1543851251644] del 1908.0.15 from 1908[15:]
[1543851252659] left click on word 1908.0.15 ('at')
[1543851252659] add 1908.0.15 to 1908[:]
[1543851255697] left click on word 1908.0.16 ('the')
[1543851255697] del 1908.0.16 from 1908[16:16,17]
[1543851255697] add 1908.0.16 to 1908[15:]
[1543851256632] left click on word 1908.0.16 ('the')
[1543851256632] del 1908.0.16 from 1908[15,16:]
[1543851256632] add 1908.0.16 to 1908[:16,17]
[1543851258014] left click on word 1908.0.15 ('at')
[1543851258014] del 1908.0.15 from 1908[15:]
[1543851261986] left click on word 1908.0.15 ('at')
[1543851261986] add 1908.0.15 to 1908[:]
[1543851263496] left click on word 1908.0.16 ('the')
[1543851263496] del 1908.0.16 from 1908[16:16,17]
[1543851263496] add 1908.0.16 to 1908[15:]
[1543851264879] left click on word 1908.1.17 ('la')
[1543851264879] del 1908.1.17 from 1908[:16,17]
[1543851264879] add 1908.1.17 to 1908[15,16:]
[1543851266030] left click on word 1908.1.16 ('dans')
[1543851266030] del 1908.1.16 from 1908[:16]
[1543851266030] add 1908.1.16 to 1908[15,16:17]
[1543851267822] left click on word 1908.0.15 ('at')
[1543851267822] del 1908.0.15 from 1908[15,16:17,16]
[1543851269778] left click on word 1908.0.15 ('at')
[1543851269778] add 1908.0.15 to 1908[16:17,16]
[1543851278315] cancel edit
[1543851278315] add 1908.0.16 to 1908[:]
[1543851278315] add 1908.1.17 to 1908[16:]
[1543851278315] add 1908.1.16 to 1908[16:17]
[1543851281375] left click on word 1908.1.17 ('la')
[1543851281375] edit 1908[16:17,16]
[1543851282694] left click on word 1908.0.15 ('at')
[1543851282694] add 1908.0.15 to 1908[16:17,16]
[1543851286361] right click on word 1908.0.16 ('the')
[1543851302906] left click on word 1908.0.23 ('just')
[1543851302906] edit 1908[23:25]
[1543851307454] right click on word 1908.0.23 ('just')
[1543851314384] right click on word 1908.0.23 ('just')
[1543851314590] del 1908.0.23 from 1908[23:25]
[1543851315446] right click on word 1908.0.23 ('just')
[1543851319555] right click on word 1908.0.24 ('make')
[1543851337397] right click on word 1908.0.23 ('just')
[1543851351479] right click on word 1908.0.17 ('lower')
[1543851365569] left click on word 1908.0.17 ('lower')
[1543851365569] edit 1908[17:19]
[1543851366306] cancel edit
[1543851370023] left click on word 1908.1.25 ('juste')
[1543851370023] edit 1908[:25]
[1543851371359] left click on word 1908.0.23 ('just')
[1543851371359] add 1908.0.23 to 1908[:25]
[1543851375330] left click on word 1908.1.24 ('vais')
[1543851375330] del 1908.1.24 from 1908[22:23,24]
[1543851375330] add 1908.1.24 to 1908[23:25]
[1543851376153] left click on word 1908.0.24 ('make')
[1543851376153] add 1908.0.24 to 1908[23:25,24]
[1543851378764] right click on word 1908.0.24 ('make')
[1543851512610] left click on word 1881.0.11 ('they')
[1543851512610] edit 1881[11,12:12]
[1543851512843] left click on word 1881.0.11 ('they')
[1543851512843] del 1881.0.11 from 1881[11,12:12]
[1543851517653] left click on word 1881.0.11 ('they')
[1543851517653] add 1881.0.11 to 1881[12:12]
[1543851520003] left click on word 1881.1.11 ('ce')
[1543851520003] add 1881.1.11 to 1881[12,11:12]
[1543851521711] right click on word 1881.1.11 ('ce')
[1543851526652] left click on word 1881.1.14 ('comprimés')
[1543851526652] edit 1881[14:14]
[1543851527842] left click on word 1881.1.13 ('des')
[1543851527842] add 1881.1.13 to 1881[14:14]
[1543851528849] right click on word 1881.1.13 ('des')
[1543851636664] left click on word 1856.0.8 ('place')
[1543851636664] new alignment group
[1543851636664] add 1856.0.8 to 1856[:]
[1543851637839] left click on word 1856.0.7 ('in')
[1543851637839] add 1856.0.7 to 1856[8:]
[1543851639030] left click on word 1856.0.8 ('place')
[1543851639030] del 1856.0.8 from 1856[8,7:]
[1543851640173] left click on word 1856.0.7 ('in')
[1543851640173] del 1856.0.7 from 1856[7:]
[1543851640981] left click on word 1856.0.8 ('place')
[1543851640981] add 1856.0.8 to 1856[:]
[1543851642259] left click on word 1856.0.7 ('in')
[1543851642259] add 1856.0.7 to 1856[8:]
[1543851643178] left click on word 1856.0.8 ('place')
[1543851643178] del 1856.0.8 from 1856[8,7:]
[1543851643968] left click on word 1856.0.8 ('place')
[1543851643968] add 1856.0.8 to 1856[7:]
[1543851644022] left click on word 1856.0.8 ('place')
[1543851644022] del 1856.0.8 from 1856[7,8:]
[1543851644321] left click on word 1856.0.8 ('place')
[1543851644321] add 1856.0.8 to 1856[7:]
[1543851645464] left click on word 1856.0.7 ('in')
[1543851645464] del 1856.0.7 from 1856[7,8:]
[1543851646279] left click on word 1856.0.8 ('place')
[1543851646280] del 1856.0.8 from 1856[8:]
[1543851647965] left click on word 1856.1.13 ('que')
[1543851647965] add 1856.1.13 to 1856[:]
[1543851653796] right click on word 1856.1.13 ('que')
[1543851655459] right click on word 1856.1.13 ('que')
[1543851660563] label 1856[:13] as unaligned_reduction
[1543851664407] left click on word 1856.0.8 ('place')
[1543851664407] new alignment group
[1543851664407] add 1856.0.8 to 1856[:]
[1543851666014] cancel edit
[1543851666885] left click on word 1856.0.7 ('in')
[1543851666885] new alignment group
[1543851666885] add 1856.0.7 to 1856[:]
[1543851667613] left click on word 1856.0.8 ('place')
[1543851667613] add 1856.0.8 to 1856[7:]
[1543851668682] right click on word 1856.0.8 ('place')
[1543851669915] left click on word 1856.0.8 ('place')
[1543851669915] edit 1856[7,8:]
[1543851670890] left click on word 1856.0.7 ('in')
[1543851670890] del 1856.0.7 from 1856[7,8:]
[1543851671694] right click on word 1856.0.7 ('in')
[1543851671695] add 1856.0.7 to 1856[8:]
[1543851672416] left click on word 1856.0.8 ('place')
[1543851672416] edit 1856[8,7:]
[1543851673789] right click on word 1856.0.8 ('place')
[1543851679025] left click on word 1881.1.8 ('un')
[1543851679025] new alignment group
[1543851679025] add 1881.1.8 to 1881[:]
[1543851680183] right click on word 1881.1.8 ('un')
[1543851681105] left click on word 1881.1.8 ('un')
[1543851681105] edit 1881[:8]
[1543851682508] right click on word 1881.1.8 ('un')
[1543851683371] right click on word 1881.1.8 ('un')
[1543851683613] del 1881.1.8 from 1881[:8]
[1543851684565] right click on word 1881.1.8 ('un')
[1543851687058] add 1881.1.8 to 1881[:]
[1543851687058] label 1881[:8] as unaligned_reduction
[1543851700233] left click on word 1881.1.6 ('ne')
[1543851700233] new alignment group
[1543851700233] add 1881.1.6 to 1881[:]
[1543851701493] right click on word 1881.1.6 ('ne')
[1543851702959] left click on word 1881.1.6 ('ne')
[1543851702959] edit 1881[:6]
[1543851704172] right click on word 1881.1.6 ('ne')
[1543851705219] right click on word 1881.1.6 ('ne')
[1543851707705] label 1881[:6] as unaligned_reduction
[1543851715336] left click on word 1881.1.1 ('qu'')
[1543851715336] new alignment group
[1543851715336] add 1881.1.1 to 1881[:]
[1543851716565] right click on word 1881.1.1 ('qu'')
[1543851718700] right click on word 1881.1.1 ('qu'')
[1543851720414] label 1881[:1] as unaligned_reduction
[1543851729052] left click on word 1881.1.1 ('qu'')
[1543851729052] edit 1881[:1]
[1543851730012] left click on word 1881.1.1 ('qu'')
[1543851730012] del 1881.1.1 from 1881[:1]
[1543851731392] right click on word 1881.1.1 ('qu'')
[1543851731392] add 1881.1.1 to 1881[:]
[1543851732686] right click on word 1881.1.1 ('qu'')
[1543851734422] label 1881[:1] as unaligned_explicitation
[1543851736780] left click on word 1881.1.6 ('ne')
[1543851736780] edit 1881[:6]
[1543851737380] right click on word 1881.1.6 ('ne')
[1543851738792] right click on word 1881.1.6 ('ne')
[1543851741984] left click on word 1881.1.6 ('ne')
[1543851741984] edit 1881[:6]
[1543851743228] right click on word 1881.1.6 ('ne')
[1543851744205] right click on word 1881.1.6 ('ne')
[1543851746011] label 1881[:6] as unaligned_explicitation
[1543851747546] left click on word 1881.1.8 ('un')
[1543851747546] edit 1881[:8]
[1543851748677] right click on word 1881.1.8 ('un')
[1543851750080] right click on word 1881.1.8 ('un')
[1543851752093] label 1881[:8] as unaligned_explicitation
[1543851754403] left click on word 1856.1.13 ('que')
[1543851754403] edit 1856[:13]
[1543851755296] right click on word 1856.1.13 ('que')
[1543851756424] right click on word 1856.1.13 ('que')
[1543851757951] label 1856[:13] as unaligned_explicitation
[1543851768210] left click on word 1908.0.20 ('my')
[1543851768210] new alignment group
[1543851768211] add 1908.0.20 to 1908[:]
[1543851769159] right click on word 1908.0.20 ('my')
[1543851770696] left click on word 1908.0.20 ('my')
[1543851770696] edit 1908[20:]
[1543851771574] right click on word 1908.0.20 ('my')
[1543851771655] left click on word 1908.0.20 ('my')
[1543851771656] edit 1908[20:]
[1543851775667] left click on word 1908.0.20 ('my')
[1543851775668] del 1908.0.20 from 1908[20:]
[1543851777345] left click on word 1908.0.20 ('my')
[1543851777346] add 1908.0.20 to 1908[:]
[1543851778439] right click on word 1908.0.20 ('my')
[1543851779665] left click on word 1908.0.20 ('my')
[1543851779665] edit 1908[20:]
[1543851780359] right click on word 1908.0.20 ('my')
[1543851781269] right click on word 1908.0.20 ('my')
[1543851783811] label 1908[20:] as unaligned_reduction
[1543851794190] left click on word 1856.0.8 ('place')
[1543851794190] edit 1856[8,7:]
[1543851795241] right click on word 1856.0.8 ('place')
[1543851796883] left click on word 1856.0.8 ('place')
[1543851796883] edit 1856[8,7:]
[1543851801478] left click on word 1856.0.8 ('place')
[1543851801478] del 1856.0.8 from 1856[8,7:]
[1543851802942] right click on word 1856.0.8 ('place')
[1543851802942] add 1856.0.8 to 1856[7:]
[1543851805476] right click on word 1856.0.8 ('place')
[1543851815607] label 1856[7,8:] as unaligned_reduction
