[1587822720671] NEW SESSION
[1587822726570] right click on word 1.0.38 ('Mark')
[1587822817581] left click on word 1.0.26 ('that')
[1587822817582] new alignment group
[1587822817583] add 1.0.26 to 1[:]
[1587822818347] left click on word 1.0.27 ('ai')
[1587822818348] add 1.0.27 to 1[26:]
[1587822819272] left click on word 1.0.28 ('n't')
[1587822819272] add 1.0.28 to 1[26,27:]
[1587822820587] left click on word 1.0.29 ('no')
[1587822820588] add 1.0.29 to 1[26,27,28:]
[1587822821107] left click on word 1.0.30 ('matter')
[1587822821107] add 1.0.30 to 1[26,27,28,29:]
[1587822822683] left click on word 1.1.30 ('无关紧要')
[1587822822683] add 1.1.30 to 1[26,27,28,29,30:]
[1587822823440] right click on word 1.1.30 ('无关紧要')
[1587822823993] right click on word 1.1.30 ('无关紧要')
[1587822826746] label 1[26,27,28,29,30:30] as figurative
[1587822888806] left click on word 1.0.49 ('There')
[1587822888806] new alignment group
[1587822888806] add 1.0.49 to 1[:]
[1587822889468] left click on word 1.0.50 ('was')
[1587822889468] add 1.0.50 to 1[49:]
[1587822890050] left click on word 1.0.51 ('things')
[1587822890050] add 1.0.51 to 1[49,50:]
[1587822890625] left click on word 1.0.52 ('which')
[1587822890625] add 1.0.52 to 1[49,50,51:]
[1587822891327] left click on word 1.0.53 ('he')
[1587822891328] add 1.0.53 to 1[49,50,51,52:]
[1587822891822] left click on word 1.0.54 ('stretched')
[1587822891823] add 1.0.54 to 1[49,50,51,52,53:]
[1587822892987] left click on word 1.1.51 ('虽然')
[1587822892988] add 1.1.51 to 1[49,50,51,52,53,54:]
[1587822893587] left click on word 1.1.52 ('有的')
[1587822893588] add 1.1.52 to 1[49,50,51,52,53,54:51]
[1587822894105] left click on word 1.1.53 ('地方')
[1587822894105] add 1.1.53 to 1[49,50,51,52,53,54:51,52]
[1587822894677] left click on word 1.1.54 ('吹')
[1587822894677] add 1.1.54 to 1[49,50,51,52,53,54:51,52,53]
[1587822895164] left click on word 1.1.55 ('了')
[1587822895164] add 1.1.55 to 1[49,50,51,52,53,54:51,52,53,54]
[1587822895642] left click on word 1.1.56 ('点')
[1587822895643] add 1.1.56 to 1[49,50,51,52,53,54:51,52,53,54,55]
[1587822896207] left click on word 1.1.57 ('牛')
[1587822896207] add 1.1.57 to 1[49,50,51,52,53,54:51,52,53,54,55,56]
[1587822896831] right click on word 1.1.57 ('牛')
[1587822897526] right click on word 1.1.57 ('牛')
[1587822902327] label 1[49,50,51,52,53,54:51,52,53,54,55,56,57] as modulation
[1587822906785] right click on word 1.1.56 ('点')
[1587823109563] left click on word 1.0.67 ('I')
[1587823109563] new alignment group
[1587823109563] add 1.0.67 to 1[:]
[1587823110098] left click on word 1.0.68 ('never')
[1587823110098] add 1.0.68 to 1[67:]
[1587823110728] left click on word 1.0.69 ('seen')
[1587823110728] add 1.0.69 to 1[67,68:]
[1587823111286] left click on word 1.0.70 ('anybody')
[1587823111286] add 1.0.70 to 1[67,68,69:]
[1587823112068] left click on word 1.0.71 ('but')
[1587823112068] add 1.0.71 to 1[67,68,69,70:]
[1587823112763] left click on word 1.0.72 ('lied')
[1587823112763] add 1.0.72 to 1[67,68,69,70,71:]
[1587823113776] left click on word 1.1.82 ('我')
[1587823113776] add 1.1.82 to 1[67,68,69,70,71,72:]
[1587823114270] left click on word 1.1.83 ('还')
[1587823114270] add 1.1.83 to 1[67,68,69,70,71,72:82]
[1587823114805] left click on word 1.1.84 ('没')
[1587823114805] add 1.1.84 to 1[67,68,69,70,71,72:82,83]
[1587823115267] left click on word 1.1.85 ('见过')
[1587823115267] add 1.1.85 to 1[67,68,69,70,71,72:82,83,84]
[1587823116002] left click on word 1.1.86 ('不')
[1587823116002] add 1.1.86 to 1[67,68,69,70,71,72:82,83,84,85]
[1587823116495] left click on word 1.1.87 ('撒')
[1587823116495] add 1.1.87 to 1[67,68,69,70,71,72:82,83,84,85,86]
[1587823116998] left click on word 1.1.88 ('一')
[1587823116998] add 1.1.88 to 1[67,68,69,70,71,72:82,83,84,85,86,87]
[1587823117444] left click on word 1.1.89 ('两')
[1587823117444] add 1.1.89 to 1[67,68,69,70,71,72:82,83,84,85,86,87,88]
[1587823117907] left click on word 1.1.90 ('次')
[1587823117907] add 1.1.90 to 1[67,68,69,70,71,72:82,83,84,85,86,87,88,89]
[1587823118426] left click on word 1.1.91 ('谎')
[1587823118426] add 1.1.91 to 1[67,68,69,70,71,72:82,83,84,85,86,87,88,89,90]
[1587823118940] left click on word 1.1.92 ('的')
[1587823118940] add 1.1.92 to 1[67,68,69,70,71,72:82,83,84,85,86,87,88,89,90,91]
[1587823119526] left click on word 1.1.93 ('人')
[1587823119526] add 1.1.93 to 1[67,68,69,70,71,72:82,83,84,85,86,87,88,89,90,91,92]
[1587823121265] left click on word 1.1.94 ('呢')
[1587823121265] add 1.1.94 to 1[67,68,69,70,71,72:82,83,84,85,86,87,88,89,90,91,92,93]
[1587823121863] right click on word 1.1.94 ('呢')
[1587823122414] right click on word 1.1.94 ('呢')
[1587823123770] label 1[67,68,69,70,71,72:82,83,84,85,86,87,88,89,90,91,92,93,94] as generalization
[1587823133199] left click on word 1.0.72 ('lied')
[1587823133199] edit 1[67,68,69,70,71,72:82,83,84,85,86,87,88,89,90,91,92,93,94]
[1587823133861] left click on word 1.0.73 (',')
[1587823133862] add 1.0.73 to 1[67,68,69,70,71,72:82,83,84,85,86,87,88,89,90,91,92,93,94]
[1587823134308] left click on word 1.0.74 ('one')
[1587823134308] add 1.0.74 to 1[67,68,69,70,71,72,73:82,83,84,85,86,87,88,89,90,91,92,93,94]
[1587823134762] left click on word 1.0.75 ('time')
[1587823134762] add 1.0.75 to 1[67,68,69,70,71,72,73,74:82,83,84,85,86,87,88,89,90,91,92,93,94]
[1587823135313] left click on word 1.0.76 ('or')
[1587823135314] add 1.0.76 to 1[67,68,69,70,71,72,73,74,75:82,83,84,85,86,87,88,89,90,91,92,93,94]
[1587823135792] left click on word 1.0.77 ('another')
[1587823135792] add 1.0.77 to 1[67,68,69,70,71,72,73,74,75,76:82,83,84,85,86,87,88,89,90,91,92,93,94]
[1587823136387] right click on word 1.0.77 ('another')
[1587823161398] right click on word 1.1.109 ('道格拉斯')
[1587823162280] add 1.1.109 to 1[:]
[1587823162280] label 1[:109] as unaligned_explicitation
[1587823254589] left click on word 1.0.127 ('with')
[1587823254589] new alignment group
[1587823254589] add 1.0.127 to 1[:]
[1587823255133] left click on word 1.0.128 ('some')
[1587823255133] add 1.0.128 to 1[127:]
[1587823255604] left click on word 1.0.129 ('stretchers')
[1587823255604] add 1.0.129 to 1[127,128:]
[1587823256745] left click on word 1.1.130 ('虽然')
[1587823256745] add 1.1.130 to 1[127,128,129:]
[1587823257367] left click on word 1.1.131 ('有些')
[1587823257367] add 1.1.131 to 1[127,128,129:130]
[1587823258579] left click on word 1.1.132 ('地方')
[1587823258580] add 1.1.132 to 1[127,128,129:130,131]
[1587823259241] left click on word 1.1.133 ('在')
[1587823259241] add 1.1.133 to 1[127,128,129:130,131,132]
[1587823259871] left click on word 1.1.134 ('吹牛')
[1587823259872] add 1.1.134 to 1[127,128,129:130,131,132,133]
[1587823260460] right click on word 1.1.134 ('吹牛')
[1587823261110] right click on word 1.1.134 ('吹牛')
[1587823262194] label 1[127,128,129:130,131,132,133,134] as modulation
[1587823362543] left click on word 2.0.42 ('It')
[1587823362543] new alignment group
[1587823362543] add 2.0.42 to 2[:]
[1587823363086] left click on word 2.0.43 ('was')
[1587823363086] add 2.0.43 to 2[42:]
[1587823363717] left click on word 2.0.44 ('an')
[1587823363717] add 2.0.44 to 2[42,43:]
[1587823364212] left click on word 2.0.45 ('awful')
[1587823364212] add 2.0.45 to 2[42,43,44:]
[1587823365009] left click on word 2.0.46 ('sight')
[1587823365009] add 2.0.46 to 2[42,43,44,45:]
[1587823365772] left click on word 2.0.47 ('of')
[1587823365773] add 2.0.47 to 2[42,43,44,45,46:]
[1587823366797] left click on word 2.1.45 ('看上去')
[1587823366797] add 2.1.45 to 2[42,43,44,45,46,47:]
[1587823367706] left click on word 2.1.46 ('够')
[1587823367706] add 2.1.46 to 2[42,43,44,45,46,47:45]
[1587823368320] left click on word 2.1.47 ('吓人')
[1587823368320] add 2.1.47 to 2[42,43,44,45,46,47:45,46]
[1587823368998] left click on word 2.1.48 ('的')
[1587823368998] add 2.1.48 to 2[42,43,44,45,46,47:45,46,47]
[1587823369691] right click on word 2.1.48 ('的')
[1587823370543] right click on word 2.1.48 ('的')
[1587823372939] label 2[42,43,44,45,46,47:45,46,47,48] as transposition
[1587823580083] left click on word 2.0.80 ('all')
[1587823580083] new alignment group
[1587823580083] add 2.0.80 to 2[:]
[1587823580777] left click on word 2.0.81 ('the')
[1587823580777] add 2.0.81 to 2[80:]
[1587823581344] left click on word 2.0.82 ('year')
[1587823581344] add 2.0.82 to 2[80,81:]
[1587823581821] left click on word 2.0.83 ('round')
[1587823581821] add 2.0.83 to 2[80,81,82:]
[1587823582740] left click on word 2.1.58 ('从')
[1587823582740] add 2.1.58 to 2[80,81,82,83:]
[1587823583203] left click on word 2.1.59 ('年头')
[1587823583203] add 2.1.59 to 2[80,81,82,83:58]
[1587823583809] left click on word 2.1.60 ('到')
[1587823583809] add 2.1.60 to 2[80,81,82,83:58,59]
[1587823584263] left click on word 2.1.61 ('年尾')
[1587823584263] add 2.1.61 to 2[80,81,82,83:58,59,60]
[1587823584811] right click on word 2.1.61 ('年尾')
[1587823585213] right click on word 2.1.61 ('年尾')
[1587823586059] label 2[80,81,82,83:58,59,60,61] as modulation
[1587823620043] left click on word 2.0.85 ('more')
[1587823620043] new alignment group
[1587823620043] add 2.0.85 to 2[:]
[1587823620673] left click on word 2.0.86 ('than')
[1587823620673] add 2.0.86 to 2[85:]
[1587823621503] left click on word 2.0.87 ('a')
[1587823621503] add 2.0.87 to 2[85,86:]
[1587823622693] left click on word 2.0.88 ('body')
[1587823622693] add 2.0.88 to 2[85,86,87:]
[1587823623179] left click on word 2.0.89 ('could')
[1587823623179] add 2.0.89 to 2[85,86,87,88:]
[1587823623769] left click on word 2.0.90 ('tell')
[1587823623769] add 2.0.90 to 2[85,86,87,88,89:]
[1587823624273] left click on word 2.0.91 ('what')
[1587823624273] add 2.0.91 to 2[85,86,87,88,89,90:]
[1587823624855] left click on word 2.0.92 ('to')
[1587823624855] add 2.0.92 to 2[85,86,87,88,89,90,91:]
[1587823625333] left click on word 2.0.93 ('do')
[1587823625333] add 2.0.93 to 2[85,86,87,88,89,90,91,92:]
[1587823625803] left click on word 2.0.94 ('with')
[1587823625803] add 2.0.94 to 2[85,86,87,88,89,90,91,92,93:]
[1587823627638] left click on word 2.1.71 ('那')
[1587823627638] add 2.1.71 to 2[85,86,87,88,89,90,91,92,93,94:]
[1587823628156] left click on word 2.1.72 ('钱')
[1587823628156] add 2.1.72 to 2[85,86,87,88,89,90,91,92,93,94:71]
[1587823629105] left click on word 2.1.73 ('多')
[1587823629105] add 2.1.73 to 2[85,86,87,88,89,90,91,92,93,94:71,72]
[1587823629539] left click on word 2.1.74 ('得')
[1587823629540] add 2.1.74 to 2[85,86,87,88,89,90,91,92,93,94:71,72,73]
[1587823629985] left click on word 2.1.75 ('叫人')
[1587823629985] add 2.1.75 to 2[85,86,87,88,89,90,91,92,93,94:71,72,73,74]
[1587823630622] left click on word 2.1.76 ('不')
[1587823630622] add 2.1.76 to 2[85,86,87,88,89,90,91,92,93,94:71,72,73,74,75]
[1587823631077] left click on word 2.1.77 ('知道')
[1587823631077] add 2.1.77 to 2[85,86,87,88,89,90,91,92,93,94:71,72,73,74,75,76]
[1587823631699] left click on word 2.1.78 ('怎么')
[1587823631699] add 2.1.78 to 2[85,86,87,88,89,90,91,92,93,94:71,72,73,74,75,76,77]
[1587823632258] left click on word 2.1.79 ('花')
[1587823632258] add 2.1.79 to 2[85,86,87,88,89,90,91,92,93,94:71,72,73,74,75,76,77,78]
[1587823632784] left click on word 2.1.80 ('才')
[1587823632785] add 2.1.80 to 2[85,86,87,88,89,90,91,92,93,94:71,72,73,74,75,76,77,78,79]
[1587823633311] left click on word 2.1.81 ('好')
[1587823633311] add 2.1.81 to 2[85,86,87,88,89,90,91,92,93,94:71,72,73,74,75,76,77,78,79,80]
[1587823634029] right click on word 2.1.81 ('好')
[1587823634595] right click on word 2.1.81 ('好')
[1587823636883] label 2[85,86,87,88,89,90,91,92,93,94:71,72,73,74,75,76,77,78,79,80,81] as modulation
[1587823960823] left click on word 2.0.127 ('how')
[1587823960823] new alignment group
[1587823960823] add 2.0.127 to 2[:]
[1587823961367] left click on word 2.0.128 ('dismal')
[1587823961367] add 2.0.128 to 2[127:]
[1587823961930] left click on word 2.0.129 ('regular')
[1587823961930] add 2.0.129 to 2[127,128:]
[1587823962386] left click on word 2.0.130 ('and')
[1587823962386] add 2.0.130 to 2[127,128,129:]
[1587823962851] left click on word 2.0.131 ('decent')
[1587823962851] add 2.0.131 to 2[127,128,129,130:]
[1587823963359] left click on word 2.0.132 ('the')
[1587823963359] add 2.0.132 to 2[127,128,129,130,131:]
[1587823963799] left click on word 2.0.133 ('widow')
[1587823963799] add 2.0.133 to 2[127,128,129,130,131,132:]
[1587823964333] left click on word 2.0.134 ('was')
[1587823964333] add 2.0.134 to 2[127,128,129,130,131,132,133:]
[1587823964884] left click on word 2.0.135 ('in')
[1587823964884] add 2.0.135 to 2[127,128,129,130,131,132,133,134:]
[1587823965418] left click on word 2.0.136 ('all')
[1587823965418] add 2.0.136 to 2[127,128,129,130,131,132,133,134,135:]
[1587823965896] left click on word 2.0.137 ('her')
[1587823965896] add 2.0.137 to 2[127,128,129,130,131,132,133,134,135,136:]
[1587823966390] left click on word 2.0.138 ('ways')
[1587823966391] add 2.0.138 to 2[127,128,129,130,131,132,133,134,135,136,137:]
[1587823968942] left click on word 2.1.108 ('一举一动')
[1587823968942] add 2.1.108 to 2[127,128,129,130,131,132,133,134,135,136,137,138:]
[1587823969877] left click on word 2.1.109 ('都')
[1587823969877] add 2.1.109 to 2[127,128,129,130,131,132,133,134,135,136,137,138:108]
[1587823970332] left click on word 2.1.110 ('有板有眼')
[1587823970332] add 2.1.110 to 2[127,128,129,130,131,132,133,134,135,136,137,138:108,109]
[1587823971201] left click on word 2.1.111 ('，')
[1587823971201] add 2.1.111 to 2[127,128,129,130,131,132,133,134,135,136,137,138:108,109,110]
[1587823971688] left click on word 2.1.112 ('一本正经')
[1587823971688] add 2.1.112 to 2[127,128,129,130,131,132,133,134,135,136,137,138:108,109,110,111]
[1587823972581] left click on word 2.1.113 ('，')
[1587823972581] add 2.1.113 to 2[127,128,129,130,131,132,133,134,135,136,137,138:108,109,110,111,112]
[1587823973123] left click on word 2.1.114 ('真')
[1587823973123] add 2.1.114 to 2[127,128,129,130,131,132,133,134,135,136,137,138:108,109,110,111,112,113]
[1587823973651] left click on word 2.1.115 ('让')
[1587823973651] add 2.1.115 to 2[127,128,129,130,131,132,133,134,135,136,137,138:108,109,110,111,112,113,114]
[1587823974185] left click on word 2.1.116 ('人')
[1587823974185] add 2.1.116 to 2[127,128,129,130,131,132,133,134,135,136,137,138:108,109,110,111,112,113,114,115]
[1587823974695] left click on word 2.1.117 ('憋闷')
[1587823974696] add 2.1.117 to 2[127,128,129,130,131,132,133,134,135,136,137,138:108,109,110,111,112,113,114,115,116]
[1587823975358] right click on word 2.1.117 ('憋闷')
[1587823975845] right click on word 2.1.117 ('憋闷')
[1587823980071] label 2[127,128,129,130,131,132,133,134,135,136,137,138:108,109,110,111,112,113,114,115,116,117] as figurative
[1587823985313] left click on word 2.1.108 ('一举一动')
[1587823985313] edit 2[127,128,129,130,131,132,133,134,135,136,137,138:108,109,110,111,112,113,114,115,116,117]
[1587823986072] left click on word 2.1.107 ('的')
[1587823986073] add 2.1.107 to 2[127,128,129,130,131,132,133,134,135,136,137,138:108,109,110,111,112,113,114,115,116,117]
[1587823986575] left click on word 2.1.106 ('寡妇')
[1587823986575] add 2.1.106 to 2[127,128,129,130,131,132,133,134,135,136,137,138:108,109,110,111,112,113,114,115,116,117,107]
[1587823987451] left click on word 2.1.105 ('那')
[1587823987451] add 2.1.105 to 2[127,128,129,130,131,132,133,134,135,136,137,138:108,109,110,111,112,113,114,115,116,117,107,106]
[1587823988042] right click on word 2.1.105 ('那')
[1587824098518] left click on word 2.0.169 ('free')
[1587824098518] new alignment group
[1587824098519] add 2.0.169 to 2[:]
[1587824099301] left click on word 2.0.170 ('and')
[1587824099301] add 2.0.170 to 2[169:]
[1587824100506] left click on word 2.0.171 ('satisfied')
[1587824100506] add 2.0.171 to 2[169,170:]
[1587824101647] left click on word 2.1.159 ('自由自在')
[1587824101647] add 2.1.159 to 2[169,170,171:]
[1587824102644] left click on word 2.1.160 ('，')
[1587824102644] add 2.1.160 to 2[169,170,171:159]
[1587824103202] left click on word 2.1.161 ('顺心')
[1587824103202] add 2.1.161 to 2[169,170,171:159,160]
[1587824103976] left click on word 2.1.162 ('惬意')
[1587824103976] add 2.1.162 to 2[169,170,171:159,160,161]
[1587824104710] right click on word 2.1.162 ('惬意')
[1587824105324] right click on word 2.1.162 ('惬意')
[1587824106553] label 2[169,170,171:159,160,161,162] as figurative
[1587824143600] left click on word 2.0.206 ('be')
[1587824143600] new alignment group
[1587824143600] add 2.0.206 to 2[:]
[1587824144207] left click on word 2.0.207 ('respectable')
[1587824144207] add 2.0.207 to 2[206:]
[1587824145252] left click on word 2.1.187 ('体体面面')
[1587824145252] add 2.1.187 to 2[206,207:]
[1587824145794] left click on word 2.1.188 ('地')
[1587824145794] add 2.1.188 to 2[206,207:187]
[1587824146353] left click on word 2.1.189 ('做人')
[1587824146353] add 2.1.189 to 2[206,207:187,188]
[1587824147002] right click on word 2.1.189 ('做人')
[1587824147583] right click on word 2.1.189 ('做人')
[1587824148763] label 2[206,207:187,188,189] as transposition
[1587824747158] left click on word 3.0.16 ('she')
[1587824747158] new alignment group
[1587824747159] add 3.0.16 to 3[:]
[1587824747636] left click on word 3.0.17 ('called')
[1587824747636] add 3.0.17 to 3[16:]
[1587824748664] left click on word 3.0.18 ('me')
[1587824748665] add 3.0.18 to 3[16,17:]
[1587824749758] left click on word 3.1.17 ('骂')
[1587824749758] add 3.1.17 to 3[16,17,18:]
[1587824750229] left click on word 3.1.18 ('了')
[1587824750230] add 3.1.18 to 3[16,17,18:17]
[1587824750716] left click on word 3.1.19 ('我')
[1587824750716] add 3.1.19 to 3[16,17,18:17,18]
[1587824751170] left click on word 3.1.20 ('许多')
[1587824751170] add 3.1.20 to 3[16,17,18:17,18,19]
[1587824751673] left click on word 3.1.21 ('别的')
[1587824751673] add 3.1.21 to 3[16,17,18:17,18,19,20]
[1587824752654] left click on word 3.0.19 ('a')
[1587824752654] add 3.0.19 to 3[16,17,18:17,18,19,20,21]
[1587824753109] left click on word 3.0.20 ('lot')
[1587824753109] add 3.0.20 to 3[16,17,18,19:17,18,19,20,21]
[1587824753604] left click on word 3.0.21 ('of')
[1587824753604] add 3.0.21 to 3[16,17,18,19,20:17,18,19,20,21]
[1587824754035] left click on word 3.0.22 ('other')
[1587824754035] add 3.0.22 to 3[16,17,18,19,20,21:17,18,19,20,21]
[1587824754609] left click on word 3.0.23 ('names')
[1587824754609] add 3.0.23 to 3[16,17,18,19,20,21,22:17,18,19,20,21]
[1587824755199] right click on word 3.0.23 ('names')
[1587824755638] right click on word 3.0.23 ('names')
[1587824756874] label 3[16,17,18,19,20,21,22,23:17,18,19,20,21] as generalization
[1587824787542] left click on word 3.0.52 ('sweat')
[1587824787542] new alignment group
[1587824787542] add 3.0.52 to 3[:]
[1587824788221] left click on word 3.0.53 ('and')
[1587824788221] add 3.0.53 to 3[52:]
[1587824788738] left click on word 3.0.54 ('sweat')
[1587824788738] add 3.0.54 to 3[52,53:]
[1587824789992] left click on word 3.1.47 ('一')
[1587824789992] add 3.1.47 to 3[52,53,54:]
[1587824790453] left click on word 3.1.48 ('阵阵')
[1587824790453] add 3.1.48 to 3[52,53,54:47]
[1587824791021] left click on word 3.1.49 ('冒汗')
[1587824791021] add 3.1.49 to 3[52,53,54:47,48]
[1587824791605] right click on word 3.1.49 ('冒汗')
[1587824792156] right click on word 3.1.49 ('冒汗')
[1587824793231] label 3[52,53,54:47,48,49] as modulation
[1587824848783] left click on word 3.0.57 ('feel')
[1587824848783] new alignment group
[1587824848783] add 3.0.57 to 3[:]
[1587824851072] left click on word 3.1.38 ('浑身')
[1587824851072] add 3.1.38 to 3[57:]
[1587824851679] left click on word 3.1.39 ('像')
[1587824851679] add 3.1.39 to 3[57:38]
[1587824852150] left click on word 3.1.40 ('被')
[1587824852150] add 3.1.40 to 3[57:38,39]
[1587824852612] left click on word 3.1.41 ('夹子')
[1587824852612] add 3.1.41 to 3[57:38,39,40]
[1587824853251] left click on word 3.1.42 ('夹')
[1587824853251] add 3.1.42 to 3[57:38,39,40,41]
[1587824854288] left click on word 3.1.43 ('住')
[1587824854288] add 3.1.43 to 3[57:38,39,40,41,42]
[1587824854830] left click on word 3.1.44 ('一样')
[1587824854830] add 3.1.44 to 3[57:38,39,40,41,42,43]
[1587824855364] left click on word 3.1.45 ('难受')
[1587824855364] add 3.1.45 to 3[57:38,39,40,41,42,43,44]
[1587824856569] left click on word 3.0.58 ('all')
[1587824856569] add 3.0.58 to 3[57:38,39,40,41,42,43,44,45]
[1587824858045] left click on word 3.0.59 ('cramped')
[1587824858045] add 3.0.59 to 3[57,58:38,39,40,41,42,43,44,45]
[1587824858747] left click on word 3.0.60 ('up')
[1587824858747] add 3.0.60 to 3[57,58,59:38,39,40,41,42,43,44,45]
[1587824859321] right click on word 3.0.60 ('up')
[1587824860941] right click on word 3.0.60 ('up')
[1587824865848] label 3[57,58,59,60:38,39,40,41,42,43,44,45] as modulation
[1587824872629] right click on word 3.1.45 ('难受')
[1587824873786] label 3[57,58,59,60:38,39,40,41,42,43,44,45] as particularization
[1587824879515] left click on word 3.0.70 ('again')
[1587824879515] new alignment group
[1587824879515] add 3.0.70 to 3[:]
[1587824880743] right click on word 3.0.70 ('again')
[1587824881438] left click on word 3.0.154 ('different')
[1587824881438] new alignment group
[1587824881438] add 3.0.154 to 3[:]
[1587824882809] cancel edit
[1587825478140] left click on word 3.0.162 ('the')
[1587825478140] new alignment group
[1587825478140] add 3.0.162 to 3[:]
[1587825478674] left click on word 3.0.163 ('juice')
[1587825478674] add 3.0.163 to 3[162:]
[1587825479449] left click on word 3.0.164 ('kind')
[1587825479449] add 3.0.164 to 3[162,163:]
[1587825480534] left click on word 3.1.148 ('连')
[1587825480534] add 3.1.148 to 3[162,163,164:]
[1587825481070] left click on word 3.1.150 ('带')
[1587825481070] add 3.1.150 to 3[162,163,164:148]
[1587825481930] left click on word 3.1.149 ('汤')
[1587825481930] add 3.1.149 to 3[162,163,164:148,150]
[1587825482736] left click on word 3.1.151 ('汁')
[1587825482736] add 3.1.151 to 3[162,163,164:148,150,149]
[1587825483191] left click on word 3.1.152 ('一')
[1587825483191] add 3.1.152 to 3[162,163,164:148,150,149,151]
[1587825483645] left click on word 3.1.153 ('搅和')
[1587825483645] add 3.1.153 to 3[162,163,164:148,150,149,151,152]
[1587825484643] left click on word 3.0.165 ('of')
[1587825484643] add 3.0.165 to 3[162,163,164:148,150,149,151,152,153]
[1587825485090] left click on word 3.0.166 ('swaps')
[1587825485090] add 3.0.166 to 3[162,163,164,165:148,150,149,151,152,153]
[1587825485632] left click on word 3.0.167 ('around')
[1587825485632] add 3.0.167 to 3[162,163,164,165,166:148,150,149,151,152,153]
[1587825486964] left click on word 3.0.161 ('and')
[1587825486964] add 3.0.161 to 3[162,163,164,165,166,167:148,150,149,151,152,153]
[1587825487930] left click on word 3.1.147 ('再')
[1587825487930] add 3.1.147 to 3[162,163,164,165,166,167,161:148,150,149,151,152,153]
[1587825488493] right click on word 3.1.147 ('再')
[1587825489015] right click on word 3.1.147 ('再')
[1587825489924] label 3[162,163,164,165,166,167,161:148,150,149,151,152,153,147] as modulation
[1587825551628] left click on word 4.0.6 ('book')
[1587825551629] new alignment group
[1587825551629] add 4.0.6 to 4[:]
[1587825552514] left click on word 4.1.9 ('圣经')
[1587825552514] add 4.1.9 to 4[6:]
[1587825553273] right click on word 4.1.9 ('圣经')
[1587825553743] right click on word 4.1.9 ('圣经')
[1587825554708] label 4[6:9] as particularization
[1587825555593] left click on word 4.1.9 ('圣经')
[1587825555593] edit 4[6:9]
[1587825556104] left click on word 4.1.8 ('《')
[1587825556104] add 4.1.8 to 4[6:9]
[1587825557038] left click on word 4.1.10 ('》')
[1587825557038] add 4.1.10 to 4[6:9,8]
[1587825557612] right click on word 4.1.10 ('》')
[1587825584544] left click on word 4.0.17 ('I')
[1587825584545] new alignment group
[1587825584545] add 4.0.17 to 4[:]
[1587825585032] left click on word 4.0.18 ('was')
[1587825585032] add 4.0.18 to 4[17:]
[1587825585678] left click on word 4.0.19 ('in')
[1587825585678] add 4.0.19 to 4[17,18:]
[1587825586164] left click on word 4.0.20 ('a')
[1587825586164] add 4.0.20 to 4[17,18,19:]
[1587825586618] left click on word 4.0.21 ('sweat')
[1587825586618] add 4.0.21 to 4[17,18,19,20:]
[1587825587297] left click on word 4.0.22 ('to')
[1587825587297] add 4.0.22 to 4[17,18,19,20,21:]
[1587825587999] left click on word 4.1.27 ('心急火燎')
[1587825587999] add 4.1.27 to 4[17,18,19,20,21,22:]
[1587825589004] left click on word 4.1.28 ('地')
[1587825589005] add 4.1.28 to 4[17,18,19,20,21,22:27]
[1587825589858] left click on word 4.1.26 ('我')
[1587825589858] add 4.1.26 to 4[17,18,19,20,21,22:27,28]
[1587825590421] right click on word 4.1.26 ('我')
[1587825591076] right click on word 4.1.26 ('我')
[1587825592666] label 4[17,18,19,20,21,22:27,28,26] as figurative
[1587825616582] left click on word 4.0.57 ('I')
[1587825616583] new alignment group
[1587825616583] add 4.0.57 to 4[:]
[1587825617077] left click on word 4.0.58 ('do')
[1587825617077] add 4.0.58 to 4[57:]
[1587825617652] left click on word 4.0.59 ('n't')
[1587825617652] add 4.0.59 to 4[57,58:]
[1587825618488] left click on word 4.0.60 ('take')
[1587825618488] add 4.0.60 to 4[57,58,59:]
[1587825619111] left click on word 4.0.61 ('no')
[1587825619111] add 4.0.61 to 4[57,58,59,60:]
[1587825619565] left click on word 4.0.62 ('stock')
[1587825619565] add 4.0.62 to 4[57,58,59,60,61:]
[1587825620747] left click on word 4.0.63 ('in')
[1587825620747] add 4.0.63 to 4[57,58,59,60,61,62:]
[1587825621855] left click on word 4.1.60 ('才')
[1587825621855] add 4.1.60 to 4[57,58,59,60,61,62,63:]
[1587825622469] left click on word 4.1.61 ('不')
[1587825622469] add 4.1.61 to 4[57,58,59,60,61,62,63:60]
[1587825623043] left click on word 4.1.62 ('为')
[1587825623044] add 4.1.62 to 4[57,58,59,60,61,62,63:60,61]
[1587825623498] left click on word 4.1.63 ('死人')
[1587825623498] add 4.1.63 to 4[57,58,59,60,61,62,63:60,61,62]
[1587825624623] left click on word 4.1.64 ('操心')
[1587825624624] add 4.1.64 to 4[57,58,59,60,61,62,63:60,61,62,63]
[1587825625286] left click on word 4.1.65 ('呢')
[1587825625286] add 4.1.65 to 4[57,58,59,60,61,62,63:60,61,62,63,64]
[1587825626362] left click on word 4.0.64 ('dead')
[1587825626363] add 4.0.64 to 4[57,58,59,60,61,62,63:60,61,62,63,64,65]
[1587825627152] left click on word 4.0.65 ('people')
[1587825627152] add 4.0.65 to 4[57,58,59,60,61,62,63,64:60,61,62,63,64,65]
[1587825627743] right click on word 4.0.65 ('people')
[1587825628324] right click on word 4.0.65 ('people')
[1587825629234] label 4[57,58,59,60,61,62,63,64,65:60,61,62,63,64,65] as generalization
[1587825780452] left click on word 5.0.52 ('They')
[1587825780452] new alignment group
[1587825780452] add 5.0.52 to 5[:]
[1587825781003] left click on word 5.0.53 ('get')
[1587825781003] add 5.0.53 to 5[52:]
[1587825781481] left click on word 5.0.54 ('down')
[1587825781482] add 5.0.54 to 5[52,53:]
[1587825781952] left click on word 5.0.55 ('on')
[1587825781952] add 5.0.55 to 5[52,53,54:]
[1587825782462] left click on word 5.0.57 ('thing')
[1587825782462] add 5.0.57 to 5[52,53,54,55:]
[1587825784185] left click on word 5.1.49 ('就')
[1587825784185] add 5.1.49 to 5[52,53,54,55,57:]
[1587825784672] left click on word 5.1.50 ('说三道四')
[1587825784672] add 5.1.50 to 5[52,53,54,55,57:49]
[1587825785743] left click on word 5.1.49 ('就')
[1587825785743] del 5.1.49 from 5[52,53,54,55,57:49,50]
[1587825786803] left click on word 5.0.56 ('a')
[1587825786803] add 5.0.56 to 5[52,53,54,55,57:50]
[1587825787854] right click on word 5.0.54 ('down')
[1587825788358] right click on word 5.0.54 ('down')
[1587825789651] label 5[52,53,54,55,57,56:50] as figurative
[1587825832604] left click on word 5.0.68 ('she')
[1587825832604] new alignment group
[1587825832604] add 5.0.68 to 5[:]
[1587825833162] left click on word 5.0.69 ('was')
[1587825833162] add 5.0.69 to 5[68:]
[1587825833742] left click on word 5.0.70 ('a')
[1587825833742] add 5.0.70 to 5[68,69:]
[1587825834270] left click on word 5.0.71 ('bothering')
[1587825834270] add 5.0.71 to 5[68,69,70:]
[1587825836483] left click on word 5.0.72 ('about')
[1587825836483] add 5.0.72 to 5[68,69,70,71:]
[1587825837502] left click on word 5.1.71 ('为')
[1587825837503] add 5.1.71 to 5[68,69,70,71,72:]
[1587825838314] left click on word 5.1.73 ('瞎')
[1587825838314] add 5.1.73 to 5[68,69,70,71,72:71]
[1587825838841] left click on word 5.1.74 ('操心')
[1587825838841] add 5.1.74 to 5[68,69,70,71,72:71,73]
[1587825840462] left click on word 5.0.73 ('Moses')
[1587825840462] add 5.0.73 to 5[68,69,70,71,72:71,73,74]
[1587825841578] left click on word 5.1.72 ('他')
[1587825841578] add 5.1.72 to 5[68,69,70,71,72,73:71,73,74]
[1587825842217] right click on word 5.1.72 ('他')
[1587825842679] right click on word 5.1.72 ('他')
[1587825844881] label 5[68,69,70,71,72,73:71,73,74,72] as modulation
[1587825852379] left click on word 5.0.75 ('which')
[1587825852379] new alignment group
[1587825852379] add 5.0.75 to 5[:]
[1587825852922] left click on word 5.0.76 ('was')
[1587825852922] add 5.0.76 to 5[75:]
[1587825853537] left click on word 5.0.77 ('no')
[1587825853537] add 5.0.77 to 5[75,76:]
[1587825854007] left click on word 5.0.78 ('kin')
[1587825854007] add 5.0.78 to 5[75,76,77:]
[1587825854501] left click on word 5.0.79 ('to')
[1587825854501] add 5.0.79 to 5[75,76,77,78:]
[1587825854988] left click on word 5.0.80 ('her')
[1587825854988] add 5.0.80 to 5[75,76,77,78,79:]
[1587825855881] left click on word 5.1.64 ('又')
[1587825855881] add 5.1.64 to 5[75,76,77,78,79,80:]
[1587825856353] left click on word 5.1.65 ('不同')
[1587825856353] add 5.1.65 to 5[75,76,77,78,79,80:64]
[1587825857621] left click on word 5.1.66 ('她')
[1587825857621] add 5.1.66 to 5[75,76,77,78,79,80:64,65]
[1587825858092] left click on word 5.1.67 ('沾亲带故')
[1587825858092] add 5.1.67 to 5[75,76,77,78,79,80:64,65,66]
[1587825858767] right click on word 5.1.67 ('沾亲带故')
[1587825859231] right click on word 5.1.67 ('沾亲带故')
[1587825863124] label 5[75,76,77,78,79,80:64,65,66,67] as figurative
[1587825916978] left click on word 5.0.95 ('finding')
[1587825916978] new alignment group
[1587825916978] add 5.0.95 to 5[:]
[1587825917654] left click on word 5.0.96 ('a')
[1587825917654] add 5.0.96 to 5[95:]
[1587825918141] left click on word 5.0.97 ('power')
[1587825918141] add 5.0.97 to 5[95,96:]
[1587825918938] left click on word 5.0.98 ('of')
[1587825918938] add 5.0.98 to 5[95,96,97:]
[1587825919440] left click on word 5.0.99 ('fault')
[1587825919440] add 5.0.99 to 5[95,96,97,98:]
[1587825920470] left click on word 5.1.93 ('挑毛拣刺')
[1587825920470] add 5.1.93 to 5[95,96,97,98,99:]
[1587825921259] right click on word 5.1.93 ('挑毛拣刺')
[1587825921841] right click on word 5.1.93 ('挑毛拣刺')
[1587825922959] label 5[95,96,97,98,99:93] as figurative
[1587825924570] left click on word 5.0.99 ('fault')
[1587825924570] edit 5[95,96,97,98,99:93]
[1587825925169] left click on word 5.0.100 ('with')
[1587825925169] add 5.0.100 to 5[95,96,97,98,99:93]
[1587825926098] right click on word 5.0.100 ('with')
[1587826037111] left click on word 6.0.25 ('took')
[1587826037112] new alignment group
[1587826037112] add 6.0.25 to 6[:]
[1587826037685] left click on word 6.0.26 ('a')
[1587826037685] add 6.0.26 to 6[25:]
[1587826038180] left click on word 6.0.27 ('set')
[1587826038180] add 6.0.27 to 6[25,26:]
[1587826038874] left click on word 6.0.28 ('at')
[1587826038874] add 6.0.28 to 6[25,26,27:]
[1587826039470] left click on word 6.0.29 ('me')
[1587826039470] add 6.0.29 to 6[25,26,27,28:]
[1587826040900] left click on word 6.1.33 ('刁难')
[1587826040900] add 6.1.33 to 6[25,26,27,28,29:]
[1587826041610] left click on word 6.1.34 ('我')
[1587826041610] add 6.1.34 to 6[25,26,27,28,29:33]
[1587826042214] right click on word 6.1.34 ('我')
[1587826042759] right click on word 6.1.34 ('我')
[1587826044641] label 6[25,26,27,28,29:33,34] as generalization
[1587826107468] left click on word 6.0.37 ('worked')
[1587826107468] new alignment group
[1587826107468] add 6.0.37 to 6[:]
[1587826108129] left click on word 6.0.38 ('me')
[1587826108129] add 6.0.38 to 6[37:]
[1587826108608] left click on word 6.0.39 ('middling')
[1587826108608] add 6.0.39 to 6[37,38:]
[1587826109226] left click on word 6.0.40 ('hard')
[1587826109227] add 6.0.40 to 6[37,38,39:]
[1587826110172] left click on word 6.1.37 ('折腾')
[1587826110172] add 6.1.37 to 6[37,38,39,40:]
[1587826110874] left click on word 6.1.38 ('了')
[1587826110874] add 6.1.38 to 6[37,38,39,40:37]
[1587826111368] left click on word 6.1.39 ('我')
[1587826111369] add 6.1.39 to 6[37,38,39,40:37,38]
[1587826111973] right click on word 6.1.39 ('我')
[1587826112366] right click on word 6.1.39 ('我')
[1587826114272] label 6[37,38,39,40:37,38,39] as generalization
[1587826436580] left click on word 6.0.125 ('do')
[1587826436580] new alignment group
[1587826436580] add 6.0.125 to 6[:]
[1587826437314] left click on word 6.0.124 ('why')
[1587826437314] add 6.0.124 to 6[125:]
[1587826439196] left click on word 6.1.128 ('怎么')
[1587826439197] add 6.1.128 to 6[125,124:]
[1587826439699] left click on word 6.1.129 ('不愿')
[1587826439699] add 6.1.129 to 6[125,124:128]
[1587826440145] left click on word 6.1.130 ('学')
[1587826440146] add 6.1.130 to 6[125,124:128,129]
[1587826440593] left click on word 6.1.131 ('规矩')
[1587826440593] add 6.1.131 to 6[125,124:128,129,130]
[1587826441048] left click on word 6.1.132 ('点')
[1587826441048] add 6.1.132 to 6[125,124:128,129,130,131]
[1587826441525] left click on word 6.1.133 ('呢')
[1587826441525] add 6.1.133 to 6[125,124:128,129,130,131,132]
[1587826442412] left click on word 6.0.126 ('n't')
[1587826442412] add 6.0.126 to 6[125,124:128,129,130,131,132,133]
[1587826442930] left click on word 6.0.127 ('you')
[1587826442930] add 6.0.127 to 6[125,124,126:128,129,130,131,132,133]
[1587826443393] left click on word 6.0.128 ('try')
[1587826443393] add 6.0.128 to 6[125,124,126,127:128,129,130,131,132,133]
[1587826443848] cancel edit
[1587826445292] left click on word 6.0.128 ('try')
[1587826445292] new alignment group
[1587826445292] add 6.0.128 to 6[:]
[1587826446902] left click on word 6.1.129 ('不愿')
[1587826446902] add 6.1.129 to 6[128:]
[1587826447850] right click on word 6.1.129 ('不愿')
[1587826449025] left click on word 6.1.129 ('不愿')
[1587826449025] edit 6[128:129]
[1587826450564] left click on word 6.0.124 ('why')
[1587826450564] add 6.0.124 to 6[128:129]
[1587826451044] left click on word 6.0.125 ('do')
[1587826451044] add 6.0.125 to 6[128,124:129]
[1587826451545] left click on word 6.0.126 ('n't')
[1587826451545] add 6.0.126 to 6[128,124,125:129]
[1587826452056] left click on word 6.0.127 ('you')
[1587826452056] add 6.0.127 to 6[128,124,125,126:129]
[1587826453197] left click on word 6.0.129 ('to')
[1587826453197] add 6.0.129 to 6[128,124,125,126,127:129]
[1587826453635] left click on word 6.0.130 ('behave')
[1587826453635] add 6.0.130 to 6[128,124,125,126,127,129:129]
[1587826455161] left click on word 6.1.128 ('怎么')
[1587826455161] add 6.1.128 to 6[128,124,125,126,127,129,130:129]
[1587826456436] left click on word 6.1.130 ('学')
[1587826456436] add 6.1.130 to 6[128,124,125,126,127,129,130:129,128]
[1587826456939] left click on word 6.1.131 ('规矩')
[1587826456939] add 6.1.131 to 6[128,124,125,126,127,129,130:129,128,130]
[1587826458103] left click on word 6.1.132 ('点')
[1587826458104] add 6.1.132 to 6[128,124,125,126,127,129,130:129,128,130,131]
[1587826458902] left click on word 6.1.133 ('呢')
[1587826458902] add 6.1.133 to 6[128,124,125,126,127,129,130:129,128,130,131,132]
[1587826459499] right click on word 6.1.133 ('呢')
[1587826460050] right click on word 6.1.133 ('呢')
[1587826461191] label 6[128,124,125,126,127,129,130:129,128,130,131,132,133] as particularization
[1587826467709] left click on word 6.0.139 ('the')
[1587826467709] new alignment group
[1587826467709] add 6.0.139 to 6[:]
[1587826468204] left click on word 6.0.140 ('bad')
[1587826468204] add 6.0.140 to 6[139:]
[1587826468730] left click on word 6.0.141 ('place')
[1587826468730] add 6.0.141 to 6[139,140:]
[1587826469791] left click on word 6.1.142 ('地狱')
[1587826469791] add 6.1.142 to 6[139,140,141:]
[1587826470419] right click on word 6.1.142 ('地狱')
[1587826470843] right click on word 6.1.142 ('地狱')
[1587826471682] label 6[139,140,141:142] as particularization
[1587826624783] left click on word 6.0.203 ('for')
[1587826624783] new alignment group
[1587826624783] add 6.0.203 to 6[:]
[1587826625325] left click on word 6.0.204 ('the')
[1587826625325] add 6.0.204 to 6[203:]
[1587826625835] left click on word 6.0.205 ('whole')
[1587826625835] add 6.0.205 to 6[203,204:]
[1587826627063] left click on word 6.0.206 ('world')
[1587826627063] add 6.0.206 to 6[203,204,205:]
[1587826628213] left click on word 6.1.212 ('无论如何')
[1587826628213] add 6.1.212 to 6[203,204,205,206:]
[1587826628785] right click on word 6.1.212 ('无论如何')
[1587826629253] right click on word 6.1.212 ('无论如何')
[1587826630216] label 6[203,204,205,206:212] as figurative
[1587826642466] left click on word 6.0.181 ('I')
[1587826642466] new alignment group
[1587826642466] add 6.0.181 to 6[:]
[1587826642985] left click on word 6.0.182 ('war')
[1587826642985] add 6.0.182 to 6[181:]
[1587826643527] left click on word 6.0.183 ('n't')
[1587826643527] add 6.0.183 to 6[181,182:]
[1587826643981] left click on word 6.0.184 ('particular')
[1587826643982] add 6.0.184 to 6[181,182,183:]
[1587826645067] left click on word 6.1.196 ('我')
[1587826645067] add 6.1.196 to 6[181,182,183,184:]
[1587826645529] left click on word 6.1.198 ('无所谓')
[1587826645529] add 6.1.198 to 6[181,182,183,184:196]
[1587826646384] left click on word 6.1.197 ('倒')
[1587826646384] add 6.1.197 to 6[181,182,183,184:196,198]
[1587826647524] right click on word 6.1.198 ('无所谓')
[1587826648205] right click on word 6.1.198 ('无所谓')
[1587826649250] label 6[181,182,183,184:196,198,197] as modulation
[1587826793419] left click on word 6.0.220 ('the')
[1587826793419] new alignment group
[1587826793419] add 6.0.220 to 6[:]
[1587826793915] left click on word 6.0.221 ('good')
[1587826793915] add 6.0.221 to 6[220:]
[1587826795035] left click on word 6.0.222 ('place')
[1587826795035] add 6.0.222 to 6[220,221:]
[1587826796363] left click on word 6.1.229 ('天堂')
[1587826796363] add 6.1.229 to 6[220,221,222:]
[1587827103958] right click on word 6.1.229 ('天堂')
[1587827104443] right click on word 6.1.229 ('天堂')
[1587827105758] label 6[220,221,222:229] as particularization
[1587827219498] left click on word 7.0.12 ('told')
[1587827219498] new alignment group
[1587827219498] add 7.0.12 to 7[:]
[1587827220112] left click on word 7.0.13 ('me')
[1587827220112] add 7.0.13 to 7[12:]
[1587827220765] left click on word 7.0.14 ('all')
[1587827220765] add 7.0.14 to 7[12,13:]
[1587827221380] left click on word 7.0.15 ('about')
[1587827221380] add 7.0.15 to 7[12,13,14:]
[1587827222290] left click on word 7.1.12 ('一五一十')
[1587827222290] add 7.1.12 to 7[12,13,14,15:]
[1587827224916] left click on word 7.1.18 ('都')
[1587827224916] add 7.1.18 to 7[12,13,14,15:12]
[1587827225386] left click on word 7.1.19 ('告诉')
[1587827225386] add 7.1.19 to 7[12,13,14,15:12,18]
[1587827225873] left click on word 7.1.20 ('我')
[1587827225873] add 7.1.20 to 7[12,13,14,15:12,18,19]
[1587827226519] right click on word 7.1.20 ('我')
[1587827227175] right click on word 7.1.20 ('我')
[1587827228665] label 7[12,13,14,15:12,18,19,20] as figurative
[1587827297320] left click on word 7.0.47 ('So')
[1587827297320] new alignment group
[1587827297320] add 7.0.47 to 7[:]
[1587827298730] left click on word 7.1.46 ('所以')
[1587827298730] add 7.1.46 to 7[47:]
[1587827299248] left click on word 7.1.46 ('所以')
[1587827299249] del 7.1.46 from 7[47:46]
[1587827300066] left click on word 7.1.46 ('所以')
[1587827300067] add 7.1.46 to 7[47:]
[1587827301508] left click on word 7.0.47 ('So')
[1587827301508] del 7.0.47 from 7[47:46]
[1587827302522] left click on word 7.1.46 ('所以')
[1587827302522] del 7.1.46 from 7[:46]
[1587827303648] left click on word 7.1.46 ('所以')
[1587827303648] add 7.1.46 to 7[:]
[1587827304772] left click on word 7.0.47 ('So')
[1587827304773] add 7.0.47 to 7[:46]
[1587827307141] cancel edit
[1587827307972] left click on word 7.0.47 ('So')
[1587827307972] new alignment group
[1587827307972] add 7.0.47 to 7[:]
[1587827309017] left click on word 7.1.46 ('所以')
[1587827309017] add 7.1.46 to 7[47:]
[1587827309616] right click on word 7.1.46 ('所以')
[1587827310270] left click on word 7.1.46 ('所以')
[1587827310270] edit 7[47:46]
[1587827310844] left click on word 7.1.47 ('我')
[1587827310844] add 7.1.47 to 7[47:46]
[1587827311299] left click on word 7.1.48 ('觉得')
[1587827311299] add 7.1.48 to 7[47:46,47]
[1587827311897] left click on word 7.1.49 ('那')
[1587827311897] add 7.1.49 to 7[47:46,47,48]
[1587827312343] left click on word 7.1.50 ('也')
[1587827312343] add 7.1.50 to 7[47:46,47,48,49]
[1587827312854] left click on word 7.1.51 ('不怎么样')
[1587827312854] add 7.1.51 to 7[47:46,47,48,49,50]
[1587827313860] cancel edit
[1587827315550] left click on word 7.1.50 ('也')
[1587827315550] new alignment group
[1587827315550] add 7.1.50 to 7[:]
[1587827316987] left click on word 7.1.46 ('所以')
[1587827316987] del 7.1.46 from 7[47:46]
[1587827316987] add 7.1.46 to 7[:50]
[1587827318140] right click on word 7.1.46 ('所以')
[1587827318742] left click on word 7.1.46 ('所以')
[1587827318742] edit 7[:50,46]
[1587827319603] left click on word 7.1.47 ('我')
[1587827319603] add 7.1.47 to 7[:50,46]
[1587827320090] left click on word 7.1.48 ('觉得')
[1587827320090] add 7.1.48 to 7[:50,46,47]
[1587827321089] left click on word 7.0.47 ('So')
[1587827321089] del 7.0.47 from 7[47:]
[1587827321089] add 7.0.47 to 7[:50,46,47,48]
[1587827321815] right click on word 7.0.47 ('So')
[1587827322374] left click on word 7.0.47 ('So')
[1587827322374] edit 7[47:50,46,47,48]
[1587827323274] left click on word 7.1.49 ('那')
[1587827323274] add 7.1.49 to 7[47:50,46,47,48]
[1587827323848] left click on word 7.1.51 ('不怎么样')
[1587827323848] add 7.1.51 to 7[47:50,46,47,48,49]
[1587827324805] left click on word 7.0.48 ('I')
[1587827324805] add 7.0.48 to 7[47:50,46,47,48,49,51]
[1587827325253] left click on word 7.0.49 ('did')
[1587827325253] add 7.0.49 to 7[47,48:50,46,47,48,49,51]
[1587827325715] left click on word 7.0.50 ('n't')
[1587827325715] add 7.0.50 to 7[47,48,49:50,46,47,48,49,51]
[1587827326147] left click on word 7.0.51 ('think')
[1587827326147] add 7.0.51 to 7[47,48,49,50:50,46,47,48,49,51]
[1587827326672] left click on word 7.0.52 ('much')
[1587827326672] add 7.0.52 to 7[47,48,49,50,51:50,46,47,48,49,51]
[1587827327606] left click on word 7.0.53 ('of')
[1587827327606] add 7.0.53 to 7[47,48,49,50,51,52:50,46,47,48,49,51]
[1587827328244] left click on word 7.0.54 ('it')
[1587827328244] add 7.0.54 to 7[47,48,49,50,51,52,53:50,46,47,48,49,51]
[1587827329150] right click on word 7.0.54 ('it')
[1587827329727] right click on word 7.0.54 ('it')
[1587827330574] label 7[47,48,49,50,51,52,53,54:50,46,47,48,49,51] as modulation
[1587827354738] left click on word 7.0.79 ('not')
[1587827354738] new alignment group
[1587827354738] add 7.0.79 to 7[:]
[1587827355361] left click on word 7.0.80 ('by')
[1587827355361] add 7.0.80 to 7[79:]
[1587827355871] left click on word 7.0.81 ('a')
[1587827355871] add 7.0.81 to 7[79,80:]
[1587827356351] left click on word 7.0.82 ('considerable')
[1587827356351] add 7.0.82 to 7[79,80,81:]
[1587827357068] left click on word 7.0.83 ('sight')
[1587827357068] add 7.0.83 to 7[79,80,81,82:]
[1587827358312] left click on word 7.1.78 ('还')
[1587827358312] add 7.1.78 to 7[79,80,81,82,83:]
[1587827358823] left click on word 7.1.79 ('差得远')
[1587827358823] add 7.1.79 to 7[79,80,81,82,83:78]
[1587827359668] left click on word 7.1.80 ('呢')
[1587827359668] add 7.1.80 to 7[79,80,81,82,83:78,79]
[1587827360233] right click on word 7.1.80 ('呢')
[1587827360700] right click on word 7.1.80 ('呢')
[1587827362429] label 7[79,80,81,82,83:78,79,80] as modulation
[1587827982882] NEW SESSION
[1587828008875] left click on word 8.0.3 ('kept')
[1587828008875] new alignment group
[1587828008875] add 8.0.3 to 8[:]
[1587828009750] left click on word 8.0.4 ('pecking')
[1587828009750] add 8.0.4 to 8[3:]
[1587828010469] left click on word 8.0.5 ('at')
[1587828010469] add 8.0.5 to 8[3,4:]
[1587828010966] left click on word 8.0.6 ('me')
[1587828010966] add 8.0.6 to 8[3,4,5:]
[1587828012249] left click on word 8.1.2 ('老')
[1587828012249] add 8.1.2 to 8[3,4,5,6:]
[1587828012686] left click on word 8.1.3 ('找')
[1587828012686] add 8.1.3 to 8[3,4,5,6:2]
[1587828013149] left click on word 8.1.4 ('我')
[1587828013150] add 8.1.4 to 8[3,4,5,6:2,3]
[1587828013643] left click on word 8.1.5 ('的')
[1587828013643] add 8.1.5 to 8[3,4,5,6:2,3,4]
[1587828014091] left click on word 8.1.6 ('岔子')
[1587828014091] add 8.1.6 to 8[3,4,5,6:2,3,4,5]
[1587828014650] right click on word 8.1.6 ('岔子')
[1587828015175] right click on word 8.1.6 ('岔子')
[1587828016101] label 8[3,4,5,6:2,3,4,5,6] as modulation
[1587828134283] left click on word 8.0.80 ('I')
[1587828134283] new alignment group
[1587828134283] add 8.0.80 to 8[:]
[1587828134841] left click on word 8.0.81 ('most')
[1587828134841] add 8.0.81 to 8[80:]
[1587828135367] left click on word 8.0.82 ('wished')
[1587828135367] add 8.0.82 to 8[80,81:]
[1587828136284] left click on word 8.0.83 ('I')
[1587828136284] add 8.0.83 to 8[80,81,82:]
[1587828136738] left click on word 8.0.84 ('was')
[1587828136738] add 8.0.84 to 8[80,81,82,83:]
[1587828137204] left click on word 8.0.85 ('dead')
[1587828137204] add 8.0.85 to 8[80,81,82,83,84:]
[1587828138414] left click on word 8.1.91 ('痛快')
[1587828138414] add 8.1.91 to 8[80,81,82,83,84,85:]
[1587828139723] left click on word 8.1.86 ('心想')
[1587828139723] add 8.1.86 to 8[80,81,82,83,84,85:91]
[1587828140185] left click on word 8.1.87 ('还')
[1587828140186] add 8.1.87 to 8[80,81,82,83,84,85:91,86]
[1587828140664] left click on word 8.1.88 ('不如')
[1587828140664] add 8.1.88 to 8[80,81,82,83,84,85:91,86,87]
[1587828141407] left click on word 8.1.89 ('死')
[1587828141407] add 8.1.89 to 8[80,81,82,83,84,85:91,86,87,88]
[1587828142076] left click on word 8.1.90 ('了')
[1587828142076] add 8.1.90 to 8[80,81,82,83,84,85:91,86,87,88,89]
[1587828142640] right click on word 8.1.90 ('了')
[1587828143136] right click on word 8.1.90 ('了')
[1587828144030] label 8[80,81,82,83,84,85:91,86,87,88,89,90] as modulation
[1587828215533] left click on word 8.0.157 ('made')
[1587828215533] new alignment group
[1587828215533] add 8.0.157 to 8[:]
[1587828216297] left click on word 8.0.158 ('the')
[1587828216298] add 8.0.158 to 8[157:]
[1587828216832] left click on word 8.0.159 ('cold')
[1587828216832] add 8.0.159 to 8[157,158:]
[1587828218380] left click on word 8.1.168 ('吓')
[1587828218380] add 8.1.168 to 8[157,158,159:]
[1587828219527] left click on word 8.1.167 ('结果')
[1587828219528] add 8.1.167 to 8[157,158,159:168]
[1587828221227] left click on word 8.0.155 ('so')
[1587828221227] add 8.0.155 to 8[157,158,159:168,167]
[1587828222017] left click on word 8.0.156 ('it')
[1587828222017] add 8.0.156 to 8[157,158,159,155:168,167]
[1587828223349] left click on word 8.1.169 ('得')
[1587828223349] add 8.1.169 to 8[157,158,159,155,156:168,167]
[1587828223812] left click on word 8.1.170 ('我')
[1587828223812] add 8.1.170 to 8[157,158,159,155,156:168,167,169]
[1587828224610] left click on word 8.1.171 ('浑身')
[1587828224611] add 8.1.171 to 8[157,158,159,155,156:168,167,169,170]
[1587828225113] left click on word 8.1.172 ('直')
[1587828225113] add 8.1.172 to 8[157,158,159,155,156:168,167,169,170,171]
[1587828225592] left click on word 8.1.173 ('打')
[1587828225592] add 8.1.173 to 8[157,158,159,155,156:168,167,169,170,171,172]
[1587828226093] left click on word 8.1.174 ('寒颤')
[1587828226093] add 8.1.174 to 8[157,158,159,155,156:168,167,169,170,171,172,173]
[1587828227387] left click on word 8.0.160 ('shivers')
[1587828227387] add 8.0.160 to 8[157,158,159,155,156:168,167,169,170,171,172,173,174]
[1587828228017] left click on word 8.0.161 ('run')
[1587828228017] add 8.0.161 to 8[157,158,159,155,156,160:168,167,169,170,171,172,173,174]
[1587828228519] left click on word 8.0.162 ('over')
[1587828228519] add 8.0.162 to 8[157,158,159,155,156,160,161:168,167,169,170,171,172,173,174]
[1587828229261] left click on word 8.0.163 ('me')
[1587828229261] add 8.0.163 to 8[157,158,159,155,156,160,161,162:168,167,169,170,171,172,173,174]
[1587828229815] right click on word 8.0.163 ('me')
[1587828230884] right click on word 8.0.163 ('me')
[1587828232923] label 8[157,158,159,155,156,160,161,162,163:168,167,169,170,171,172,173,174] as modulation
[1587828237668] right click on word 8.0.162 ('over')
[1587828241249] label 8[157,158,159,155,156,160,161,162,163:168,167,169,170,171,172,173,174] as transposition
[1587828243252] right click on word 8.0.162 ('over')
[1587828244251] label 8[157,158,159,155,156,160,161,162,163:168,167,169,170,171,172,173,174] as modulation_transposition
[1587828245144] left click on word 8.0.359 ('you')
[1587828245145] new alignment group
[1587828245145] add 8.0.359 to 8[:]
[1587828247345] cancel edit
[1587828276850] left click on word 8.0.195 ('ca')
[1587828276850] new alignment group
[1587828276850] add 8.0.195 to 8[:]
[1587828277576] left click on word 8.0.196 ('n't')
[1587828277577] add 8.0.196 to 8[195:]
[1587828278070] left click on word 8.0.197 ('make')
[1587828278070] add 8.0.197 to 8[195,196:]
[1587828279076] left click on word 8.1.198 ('但')
[1587828279076] add 8.1.198 to 8[195,196,197:]
[1587828279570] left click on word 8.1.199 ('又')
[1587828279570] add 8.1.199 to 8[195,196,197:198]
[1587828280432] left click on word 8.1.200 ('讲')
[1587828280432] add 8.1.200 to 8[195,196,197:198,199]
[1587828280951] left click on word 8.1.201 ('不')
[1587828280951] add 8.1.201 to 8[195,196,197:198,199,200]
[1587828281389] left click on word 8.1.202 ('清楚')
[1587828281389] add 8.1.202 to 8[195,196,197:198,199,200,201]
[1587828282562] left click on word 8.0.198 ('itself')
[1587828282562] add 8.0.198 to 8[195,196,197:198,199,200,201,202]
[1587828283056] left click on word 8.0.199 ('understood')
[1587828283056] add 8.0.199 to 8[195,196,197,198:198,199,200,201,202]
[1587828283670] right click on word 8.0.199 ('understood')
[1587828284181] right click on word 8.0.199 ('understood')
[1587828284959] label 8[195,196,197,198,199:198,199,200,201,202] as modulation
[1587828339366] left click on word 8.0.259 ('before')
[1587828339366] new alignment group
[1587828339366] add 8.0.259 to 8[:]
[1587828340436] left click on word 8.0.260 ('I')
[1587828340436] add 8.0.260 to 8[259:]
[1587828340896] left click on word 8.0.261 ('could')
[1587828340896] add 8.0.261 to 8[259,260:]
[1587828341870] left click on word 8.1.268 ('还')
[1587828341870] add 8.1.268 to 8[259,260,261:]
[1587828342349] left click on word 8.1.269 ('没')
[1587828342349] add 8.1.269 to 8[259,260,261:268]
[1587828342876] left click on word 8.1.270 ('来得及')
[1587828342877] add 8.1.270 to 8[259,260,261:268,269]
[1587828345523] right click on word 8.1.270 ('来得及')
[1587828346050] right click on word 8.1.270 ('来得及')
[1587828347088] label 8[259,260,261:268,269,270] as modulation
[1587828368250] left click on word 8.0.266 ('shriveled')
[1587828368250] new alignment group
[1587828368250] add 8.0.266 to 8[:]
[1587828368959] left click on word 8.0.267 ('up')
[1587828368959] add 8.0.267 to 8[266:]
[1587828369997] cancel edit
[1587828372286] left click on word 8.1.276 ('烧')
[1587828372286] new alignment group
[1587828372286] add 8.1.276 to 8[:]
[1587828372860] left click on word 8.1.277 ('得')
[1587828372860] add 8.1.277 to 8[:276]
[1587828373454] right click on word 8.1.277 ('得')
[1587828373841] right click on word 8.1.277 ('得')
[1587828374822] label 8[:276,277] as unaligned_explicitation
[1587828390927] left click on word 8.0.285 ('would')
[1587828390927] new alignment group
[1587828390927] add 8.0.285 to 8[:]
[1587828391503] left click on word 8.0.286 ('fetch')
[1587828391503] add 8.0.286 to 8[285:]
[1587828391991] left click on word 8.0.287 ('me')
[1587828391991] add 8.0.287 to 8[285,286:]
[1587828393029] left click on word 8.1.299 ('我')
[1587828393029] add 8.1.299 to 8[285,286,287:]
[1587828393507] left click on word 8.1.300 ('准')
[1587828393507] add 8.1.300 to 8[285,286,287:299]
[1587828393953] left click on word 8.1.301 ('会')
[1587828393953] add 8.1.301 to 8[285,286,287:299,300]
[1587828394472] left click on word 8.1.302 ('碰上')
[1587828394472] add 8.1.302 to 8[285,286,287:299,300,301]
[1587828395254] left click on word 8.1.303 ('什么')
[1587828395254] add 8.1.303 to 8[285,286,287:299,300,301,302]
[1587828395821] left click on word 8.1.304 ('倒霉')
[1587828395821] add 8.1.304 to 8[285,286,287:299,300,301,302,303]
[1587828396411] left click on word 8.1.305 ('的')
[1587828396411] add 8.1.305 to 8[285,286,287:299,300,301,302,303,304]
[1587828396913] left click on word 8.1.306 ('事')
[1587828396913] add 8.1.306 to 8[285,286,287:299,300,301,302,303,304,305]
[1587828397782] left click on word 8.0.288 ('some')
[1587828397782] add 8.0.288 to 8[285,286,287:299,300,301,302,303,304,305,306]
[1587828398366] left click on word 8.0.289 ('bad')
[1587828398366] add 8.0.289 to 8[285,286,287,288:299,300,301,302,303,304,305,306]
[1587828398916] left click on word 8.0.290 ('luck')
[1587828398916] add 8.0.290 to 8[285,286,287,288,289:299,300,301,302,303,304,305,306]
[1587828399514] right click on word 8.0.290 ('luck')
[1587828399928] right click on word 8.0.290 ('luck')
[1587828400894] label 8[285,286,287,288,289,290:299,300,301,302,303,304,305,306] as modulation
[1587828424292] left click on word 8.0.309 ('turned')
[1587828424292] new alignment group
[1587828424293] add 8.0.309 to 8[:]
[1587828424810] left click on word 8.0.310 ('around')
[1587828424810] add 8.0.310 to 8[309:]
[1587828425870] left click on word 8.0.311 ('in')
[1587828425870] add 8.0.311 to 8[309,310:]
[1587828426389] left click on word 8.0.312 ('my')
[1587828426389] add 8.0.312 to 8[309,310,311:]
[1587828426932] left click on word 8.0.313 ('tracks')
[1587828426932] add 8.0.313 to 8[309,310,311,312:]
[1587828427675] left click on word 8.0.314 ('three')
[1587828427675] add 8.0.314 to 8[309,310,311,312,313:]
[1587828428281] left click on word 8.0.315 ('times')
[1587828428281] add 8.0.315 to 8[309,310,311,312,313,314:]
[1587828429421] left click on word 8.1.324 ('就地')
[1587828429421] add 8.1.324 to 8[309,310,311,312,313,314,315:]
[1587828430051] left click on word 8.1.325 ('转')
[1587828430051] add 8.1.325 to 8[309,310,311,312,313,314,315:324]
[1587828430530] left click on word 8.1.326 ('了')
[1587828430530] add 8.1.326 to 8[309,310,311,312,313,314,315:324,325]
[1587828431217] left click on word 8.1.327 ('三')
[1587828431217] add 8.1.327 to 8[309,310,311,312,313,314,315:324,325,326]
[1587828431718] left click on word 8.1.328 ('转')
[1587828431718] add 8.1.328 to 8[309,310,311,312,313,314,315:324,325,326,327]
[1587828432301] right click on word 8.1.328 ('转')
[1587828433426] right click on word 8.1.328 ('转')
[1587828434933] label 8[309,310,311,312,313,314,315:324,325,326,327,328] as generalization
[1587828462781] left click on word 8.0.338 ('keep')
[1587828462781] new alignment group
[1587828462781] add 8.0.338 to 8[:]
[1587828463318] left click on word 8.0.339 ('witches')
[1587828463318] add 8.0.339 to 8[338:]
[1587828463861] left click on word 8.0.340 ('away')
[1587828463861] add 8.0.340 to 8[338,339:]
[1587828465152] left click on word 8.1.344 ('辟邪')
[1587828465152] add 8.1.344 to 8[338,339,340:]
[1587828465782] right click on word 8.1.344 ('辟邪')
[1587828466365] right click on word 8.1.344 ('辟邪')
[1587828467443] label 8[338,339,340:344] as equivalence
[1587828547132] left click on word 9.0.20 ('the')
[1587828547132] new alignment group
[1587828547132] add 9.0.20 to 9[:]
[1587828547667] left click on word 9.0.21 ('house')
[1587828547667] add 9.0.21 to 9[20:]
[1587828548736] left click on word 9.1.15 ('整个')
[1587828548737] add 9.1.15 to 9[20,21:]
[1587828549239] left click on word 9.1.16 ('屋子')
[1587828549239] add 9.1.16 to 9[20,21:15]
[1587828549782] left click on word 9.1.17 ('里')
[1587828549782] add 9.1.17 to 9[20,21:15,16]
[1587828550229] left click on word 9.1.18 ('没')
[1587828550229] add 9.1.18 to 9[20,21:15,16,17]
[1587828550675] left click on word 9.1.19 ('一点')
[1587828550675] add 9.1.19 to 9[20,21:15,16,17,18]
[1587828551185] left click on word 9.1.20 ('动静')
[1587828551185] add 9.1.20 to 9[20,21:15,16,17,18,19]
[1587828552023] left click on word 9.0.22 ('was')
[1587828552023] add 9.0.22 to 9[20,21:15,16,17,18,19,20]
[1587828552805] left click on word 9.0.23 ('all')
[1587828552805] add 9.0.23 to 9[20,21,22:15,16,17,18,19,20]
[1587828553339] cancel edit
[1587828554624] left click on word 9.0.21 ('house')
[1587828554624] new alignment group
[1587828554624] add 9.0.21 to 9[:]
[1587828555693] left click on word 9.1.16 ('屋子')
[1587828555693] add 9.1.16 to 9[21:]
[1587828556259] right click on word 9.1.16 ('屋子')
[1587828556776] right click on word 9.1.16 ('屋子')
[1587828558613] label 9[21:16] as generalization
[1587828559594] left click on word 9.1.16 ('屋子')
[1587828559594] edit 9[21:16]
[1587828560494] left click on word 9.1.17 ('里')
[1587828560494] add 9.1.17 to 9[21:16]
[1587828561890] left click on word 9.1.18 ('没')
[1587828561890] add 9.1.18 to 9[21:16,17]
[1587828562331] left click on word 9.1.19 ('一点')
[1587828562331] add 9.1.19 to 9[21:16,17,18]
[1587828562848] left click on word 9.1.20 ('动静')
[1587828562848] add 9.1.20 to 9[21:16,17,18,19]
[1587828563654] left click on word 9.0.22 ('was')
[1587828563654] add 9.0.22 to 9[21:16,17,18,19,20]
[1587828564477] left click on word 9.0.23 ('all')
[1587828564477] add 9.0.23 to 9[21,22:16,17,18,19,20]
[1587828564987] left click on word 9.0.24 ('as')
[1587828564987] add 9.0.24 to 9[21,22,23:16,17,18,19,20]
[1587828565480] left click on word 9.0.25 ('still')
[1587828565480] add 9.0.25 to 9[21,22,23,24:16,17,18,19,20]
[1587828565976] left click on word 9.0.26 ('as')
[1587828565976] add 9.0.26 to 9[21,22,23,24,25:16,17,18,19,20]
[1587828566478] left click on word 9.0.27 ('death')
[1587828566478] add 9.0.27 to 9[21,22,23,24,25,26:16,17,18,19,20]
[1587828567091] right click on word 9.0.27 ('death')
[1587828655371] left click on word 9.0.101 ('I')
[1587828655371] new alignment group
[1587828655371] add 9.0.101 to 9[:]
[1587828655920] left click on word 9.0.102 ('could')
[1587828655921] add 9.0.102 to 9[101:]
[1587828656996] left click on word 9.0.103 ('just')
[1587828656996] add 9.0.103 to 9[101,102:]
[1587828657435] left click on word 9.0.104 ('barely')
[1587828657435] add 9.0.104 to 9[101,102,103:]
[1587828657921] left click on word 9.0.105 ('hear')
[1587828657921] add 9.0.105 to 9[101,102,103,104:]
[1587828658822] left click on word 9.1.110 ('那边')
[1587828658822] add 9.1.110 to 9[101,102,103,104,105:]
[1587828659317] left click on word 9.1.111 ('隐隐')
[1587828659317] add 9.1.111 to 9[101,102,103,104,105:110]
[1587828660067] left click on word 9.1.112 ('传来')
[1587828660067] add 9.1.112 to 9[101,102,103,104,105:110,111]
[1587828660646] right click on word 9.1.112 ('传来')
[1587828661078] right click on word 9.1.112 ('传来')
[1587828662014] label 9[101,102,103,104,105:110,111,112] as modulation
[1587828679594] left click on word 9.0.133 ('as')
[1587828679594] new alignment group
[1587828679594] add 9.0.133 to 9[:]
[1587828680099] left click on word 9.0.134 ('soft')
[1587828680099] add 9.0.134 to 9[133:]
[1587828680585] left click on word 9.0.135 ('as')
[1587828680585] add 9.0.135 to 9[133,134:]
[1587828681071] left click on word 9.0.136 ('I')
[1587828681071] add 9.0.136 to 9[133,134,135:]
[1587828681486] left click on word 9.0.137 ('could')
[1587828681486] add 9.0.137 to 9[133,134,135,136:]
[1587828682858] left click on word 9.1.125 ('我')
[1587828682858] add 9.1.125 to 9[133,134,135,136,137:]
[1587828683297] left click on word 9.1.126 ('也')
[1587828683298] add 9.1.126 to 9[133,134,135,136,137:125]
[1587828683752] left click on word 9.1.127 ('尽量')
[1587828683752] add 9.1.127 to 9[133,134,135,136,137:125,126]
[1587828684207] left click on word 9.1.128 ('压低')
[1587828684207] add 9.1.128 to 9[133,134,135,136,137:125,126,127]
[1587828684956] left click on word 9.1.129 ('声音')
[1587828684957] add 9.1.129 to 9[133,134,135,136,137:125,126,127,128]
[1587828685620] right click on word 9.1.129 ('声音')
[1587828686041] right click on word 9.1.129 ('声音')
[1587828686943] label 9[133,134,135,136,137:125,126,127,128,129] as transposition
[1587828695239] left click on word 9.0.142 ('put')
[1587828695239] new alignment group
[1587828695239] add 9.0.142 to 9[:]
[1587828695732] left click on word 9.0.143 ('out')
[1587828695732] add 9.0.143 to 9[142:]
[1587828696277] left click on word 9.0.144 ('the')
[1587828696277] add 9.0.144 to 9[142,143:]
[1587828696756] left click on word 9.0.145 ('light')
[1587828696756] add 9.0.145 to 9[142,143,144:]
[1587828697760] left click on word 9.1.140 ('吹灭')
[1587828697760] add 9.1.140 to 9[142,143,144,145:]
[1587828699189] left click on word 9.1.141 ('蜡烛')
[1587828699190] add 9.1.141 to 9[142,143,144,145:140]
[1587828699775] right click on word 9.1.141 ('蜡烛')
[1587828700345] right click on word 9.1.141 ('蜡烛')
[1587828701605] label 9[142,143,144,145:140,141] as particularization
