[1573920441570] NEW SESSION
[1573920443602] left click on word 28.1.1 ('本')
[1573920443602] edit 28[:1]
[1573920444253] left click on word 28.1.2 ('好')
[1573920444253] del 28.1.2 from 28[:2]
[1573920444255] add 28.1.2 to 28[:1]
[1573920444405] right click on word 28.1.2 ('好')
[1573920471633] left click on word 28.0.3 ('the')
[1573920471633] new alignment group
[1573920471633] add 28.0.3 to 28[:]
[1573920472046] left click on word 28.0.4 ('same')
[1573920472046] del 28.0.4 from 28[4:]
[1573920472047] add 28.0.4 to 28[3:]
[1573920472824] left click on word 28.1.5 ('如此')
[1573920472824] add 28.1.5 to 28[3,4:]
[1573920472970] right click on word 28.1.5 ('如此')
[1573920473232] right click on word 28.1.5 ('如此')
[1573920474532] label 28[3,4:5] as modulation
[1573920481857] left click on word 28.0.11 ('it')
[1573920481857] new alignment group
[1573920481857] add 28.0.11 to 28[:]
[1573920482299] left click on word 28.0.12 ('will')
[1573920482299] add 28.0.12 to 28[11:]
[1573920483108] cancel edit
[1573920560736] right click on word 29.0.3 ('traveling')
[1573920561889] label 29[3:4] as modulation
[1573920566714] right click on word 29.1.6 ('啦')
[1573920567392] add 29.1.6 to 29[:]
[1573920567392] label 29[:6] as unaligned_explicitation
[1573920577466] left click on word 29.0.12 ('in')
[1573920577466] edit 29[12:8]
[1573920578374] left click on word 29.1.10 ('上')
[1573920578374] add 29.1.10 to 29[12:8]
[1573920578518] right click on word 29.1.10 ('上')
[1573920582305] left click on word 29.0.8 ('somehow')
[1573920582305] edit 29[8:12]
[1573920583134] left click on word 29.1.13 ('怎么')
[1573920583134] add 29.1.13 to 29[8:12]
[1573920583712] left click on word 29.1.14 ('滴')
[1573920583712] add 29.1.14 to 29[8:12,13]
[1573920583888] right click on word 29.1.14 ('滴')
[1573920584130] right click on word 29.1.14 ('滴')
[1573920584932] label 29[8:12,13,14] as equivalence
[1573920607068] left click on word 29.0.10 ('ended')
[1573920607068] new alignment group
[1573920607068] add 29.0.10 to 29[:]
[1573920607584] left click on word 29.0.11 ('up')
[1573920607584] add 29.0.11 to 29[10:]
[1573920608452] left click on word 29.1.17 ('走到')
[1573920608452] add 29.1.17 to 29[10,11:]
[1573920609433] left click on word 29.1.18 ('了')
[1573920609434] add 29.1.18 to 29[10,11:17]
[1573920609593] right click on word 29.1.18 ('了')
[1573920609851] right click on word 29.1.18 ('了')
[1573920610967] label 29[10,11:17,18] as generalization
[1573920614411] left click on word 29.0.14 ('front')
[1573920614411] edit 29[14:21]
[1573920614799] left click on word 29.0.13 ('the')
[1573920614799] add 29.0.13 to 29[14:21]
[1573920614961] right click on word 29.0.13 ('the')
[1573920617056] left click on word 29.0.17 ('plane')
[1573920617056] edit 29[17:9]
[1573920617499] cancel edit
[1573920618069] left click on word 29.0.17 ('plane')
[1573920618069] edit 29[17:9]
[1573920618557] left click on word 29.0.16 ('the')
[1573920618558] add 29.0.16 to 29[17:9]
[1573920618703] right click on word 29.0.16 ('the')
[1573920623618] left click on word 29.0.21 ('my')
[1573920623618] edit 29[21:23]
[1573920624561] left click on word 29.1.24 ('的')
[1573920624561] add 29.1.24 to 29[21:23]
[1573920624728] right click on word 29.1.24 ('的')
[1573920626377] right click on word 29.0.22 ('colleagues')
[1573920627477] label 29[22:25] as lexical_shift
[1573920629331] left click on word 29.0.23 ('ended')
[1573920629331] new alignment group
[1573920629331] add 29.0.23 to 29[:]
[1573920629943] left click on word 29.0.24 ('up')
[1573920629943] del 29.0.24 from 29[24:28]
[1573920629944] add 29.0.24 to 29[23:]
[1573920631003] left click on word 29.1.27 ('跑到')
[1573920631003] add 29.1.27 to 29[23,24:]
[1573920631457] left click on word 29.1.28 ('了')
[1573920631457] del 29.1.28 from 29[:28]
[1573920631457] add 29.1.28 to 29[23,24:27]
[1573920631627] right click on word 29.1.28 ('了')
[1573920631865] right click on word 29.1.28 ('了')
[1573920632747] label 29[23,24:27,28] as generalization
[1573920634947] left click on word 29.0.27 ('back')
[1573920634947] edit 29[27:30]
[1573920635285] left click on word 29.0.26 ('the')
[1573920635285] add 29.0.26 to 29[27:30]
[1573920635446] right click on word 29.0.26 ('the')
[1573920638383] right click on word 29.1.29 ('机舱')
[1573920639168] add 29.1.29 to 29[:]
[1573920639169] label 29[:29] as unaligned_explicitation
[1573920640852] left click on word 29.0.24 ('up')
[1573920640853] edit 29[23,24:27,28]
[1573920641278] left click on word 29.0.25 ('in')
[1573920641278] add 29.0.25 to 29[23,24:27,28]
[1573920641493] right click on word 29.0.25 ('in')
[1573920646585] left click on word 29.0.11 ('up')
[1573920646585] edit 29[10,11:17,18]
[1573920647320] right click on word 29.0.12 ('in')
[1573920647320] del 29.0.12 from 29[12:8,10]
[1573920647320] add 29.0.12 to 29[10,11:17,18]
[1573920652472] left click on word 29.1.8 ('在')
[1573920652472] edit 29[:8,10]
[1573920653508] left click on word 29.1.10 ('上')
[1573920653509] del 29.1.10 from 29[:8,10]
[1573920653662] right click on word 29.1.10 ('上')
[1573920653662] add 29.1.10 to 29[:8]
[1573920653918] right click on word 29.1.10 ('上')
[1573920654787] label 29[:8,10] as unaligned_explicitation
[1573920657364] right click on word 29.1.16 ('就')
[1573920658114] add 29.1.16 to 29[:]
[1573920658114] label 29[:16] as unaligned_explicitation
[1573920668007] left click on word 29.0.15 ('of')
[1573920668007] new alignment group
[1573920668007] add 29.0.15 to 29[:]
[1573920669025] left click on word 29.1.20 ('的')
[1573920669025] add 29.1.20 to 29[15:]
[1573920669206] right click on word 29.1.20 ('的')
[1573920673516] left click on word 29.0.17 ('plane')
[1573920673516] edit 29[17,16:9]
[1573920674298] left click on word 29.1.19 ('机舱')
[1573920674298] add 29.1.19 to 29[17,16:9]
[1573920674484] right click on word 29.1.19 ('机舱')
[1573920688517] right click on word 29.0.31 ('to')
[1573920690072] del 29.0.31 from 29[31:33]
[1573920696052] right click on word 29.0.33 ('on')
[1573920696560] del 29.0.33 from 29[33:39]
[1573920697202] left click on word 29.0.32 ('check')
[1573920697202] edit 29[32:36]
[1573920697686] left click on word 29.0.33 ('on')
[1573920697686] add 29.0.33 to 29[32:36]
[1573920697852] right click on word 29.0.33 ('on')
[1573920703541] left click on word 29.0.35 ('through')
[1573920703541] new alignment group
[1573920703541] add 29.0.35 to 29[:]
[1573920704449] left click on word 29.1.34 ('掀开')
[1573920704449] add 29.1.34 to 29[35:]
[1573920704665] right click on word 29.1.34 ('掀开')
[1573920704963] right click on word 29.1.34 ('掀开')
[1573920705894] label 29[35:34] as transposition
[1573920706942] left click on word 29.0.36 ('the')
[1573920706942] new alignment group
[1573920706942] add 29.0.36 to 29[:]
[1573920707528] left click on word 29.0.38 ('curtain')
[1573920707528] add 29.0.38 to 29[36:]
[1573920708385] left click on word 29.1.35 ('帘子')
[1573920708386] add 29.1.35 to 29[36,38:]
[1573920708542] right click on word 29.1.35 ('帘子')
[1573920746063] left click on word 29.0.41 ('he')
[1573920746063] edit 29[41:43]
[1573920746429] left click on word 29.0.42 ('snapped')
[1573920746429] add 29.0.42 to 29[41:43]
[1573920747596] left click on word 29.1.42 ('被')
[1573920747596] add 29.1.42 to 29[41,42:43]
[1573920747992] left click on word 29.1.44 ('抓拍')
[1573920747992] add 29.1.44 to 29[41,42:43,42]
[1573920748152] right click on word 29.1.44 ('抓拍')
[1573920748394] right click on word 29.1.44 ('抓拍')
[1573920749101] label 29[41,42:43,42,44] as modulation
[1573920752436] left click on word 29.1.38 ('是不是')
[1573920752436] new alignment group
[1573920752436] add 29.1.38 to 29[:]
[1573920753025] left click on word 29.1.39 ('在')
[1573920753025] del 29.1.39 from 29[:39]
[1573920753025] add 29.1.39 to 29[:38]
[1573920753402] left click on word 29.1.40 ('那')
[1573920753402] add 29.1.40 to 29[:38,39]
[1573920753563] right click on word 29.1.40 ('那')
[1573920753842] right click on word 29.1.40 ('那')
[1573920754502] label 29[:38,39,40] as unaligned_reduction
[1573920755412] right click on word 29.1.39 ('在')
[1573920756097] label 29[:38,39,40] as unaligned_explicitation
[1573920760988] left click on word 29.0.42 ('snapped')
[1573920760988] edit 29[41,42:43,42,44]
[1573920761795] left click on word 29.1.45 ('了')
[1573920761795] add 29.1.45 to 29[41,42:43,42,44]
[1573920761953] right click on word 29.1.45 ('了')
[1573920763188] right click on word 29.1.46 ('张')
[1573920763712] del 29.1.46 from 29[41:46]
[1573920769139] right click on word 29.1.46 ('张')
[1573920769644] add 29.1.46 to 29[:]
[1573920769645] label 29[:46] as unaligned_explicitation
[1573920774180] left click on word 29.0.46 ('Everyone')
[1573920774180] edit 29[46:49]
[1573920775192] left click on word 29.1.55 ('人')
[1573920775192] add 29.1.55 to 29[46:49]
[1573920775354] right click on word 29.1.55 ('人')
[1573920779852] left click on word 29.0.49 ('back')
[1573920779852] edit 29[49:53]
[1573920780585] left click on word 29.0.48 ('the')
[1573920780585] add 29.0.48 to 29[49:53]
[1573920780754] right click on word 29.0.48 ('the')
[1573920782080] left click on word 29.0.50 ('of')
[1573920782080] new alignment group
[1573920782080] add 29.0.50 to 29[:]
[1573920782792] left click on word 29.1.54 ('的')
[1573920782792] add 29.1.54 to 29[50:]
[1573920782945] right click on word 29.1.54 ('的')
[1573920784634] left click on word 29.0.52 ('plane')
[1573920784634] edit 29[52:52]
[1573920785488] left click on word 29.0.51 ('the')
[1573920785488] add 29.0.51 to 29[52:52]
[1573920786233] right click on word 29.1.52 ('机舱')
[1573920789427] left click on word 29.0.54 ('staring')
[1573920789427] edit 29[54:57]
[1573920790133] left click on word 29.0.55 ('at')
[1573920790133] add 29.0.55 to 29[54:57]
[1573920790972] left click on word 29.1.58 ('着')
[1573920790972] add 29.1.58 to 29[54,55:57]
[1573920791147] right click on word 29.1.58 ('着')
[1573920793081] left click on word 29.0.55 ('at')
[1573920793081] edit 29[54,55:57,58]
[1573920794114] left click on word 29.1.60 ('看')
[1573920794114] add 29.1.60 to 29[54,55:57,58]
[1573920794276] right click on word 29.1.60 ('看')
[1573920796619] right click on word 29.1.56 ('都')
[1573920797179] add 29.1.56 to 29[:]
[1573920797179] label 29[:56] as unaligned_explicitation
[1573920799197] left click on word 29.0.58 ('Hilarious')
[1573920799197] new alignment group
[1573920799197] add 29.0.58 to 29[:]
[1573920800372] left click on word 29.1.62 ('真')
[1573920800372] add 29.1.62 to 29[58:]
[1573920800654] left click on word 29.1.63 ('有意思')
[1573920800654] add 29.1.63 to 29[58:62]
[1573920801419] left click on word 29.1.64 ('呀')
[1573920801419] add 29.1.64 to 29[58:62,63]
[1573920801600] right click on word 29.1.64 ('呀')
[1573920801900] right click on word 29.1.64 ('呀')
[1573920802733] label 29[58:62,63,64] as literal
[1573920803555] right click on word 29.1.63 ('有意思')
[1573920804334] label 29[58:62,63,64] as equivalence
[1573920808353] right click on word 29.1.33 ('想')
[1573920809534] label 29[:33] as unaligned_explicitation
[1573920810299] right click on word 29.1.50 ('坐')
[1573920811563] right click on word 29.1.50 ('坐')
[1573920812254] add 29.1.50 to 29[:]
[1573920812254] label 29[:50] as unaligned_explicitation
[1573920815437] right click on word 29.1.26 ('却')
[1573920817988] left click on word 29.1.22 ('而')
[1573920817988] edit 29[18:22]
[1573920818725] left click on word 29.1.26 ('却')
[1573920818725] add 29.1.26 to 29[18:22]
[1573920818862] right click on word 29.1.26 ('却')
[1573920826755] left click on word 34.0.5 ('have')
[1573920826755] new alignment group
[1573920826755] add 34.0.5 to 34[:]
[1573920827827] left click on word 34.1.13 ('在')
[1573920827827] del 34.1.13 from 34[:13]
[1573920827827] add 34.1.13 to 34[5:]
[1573920828349] left click on word 34.1.14 ('我')
[1573920828349] add 34.1.14 to 34[5:13]
[1573920828528] right click on word 34.1.14 ('我')
[1573920828765] right click on word 34.1.14 ('我')
[1573920829659] label 34[5:13,14] as modulation
[1573920836900] left click on word 34.0.10 ('Mickey')
[1573920836900] edit 34[10,11:9]
[1573920837539] left click on word 34.0.11 ('mouse')
[1573920837539] del 34.0.11 from 34[10,11:9]
[1573920838893] right click on word 34.1.9 ('米老鼠')
[1573920838893] del 34.1.9 from 34[:9]
[1573920838893] add 34.1.9 to 34[10:9]
[1573920840453] left click on word 34.0.11 ('mouse')
[1573920840453] new alignment group
[1573920840453] add 34.0.11 to 34[:]
[1573920841225] right click on word 34.1.10 ('耳朵')
[1573920841225] del 34.1.10 from 34[12:10]
[1573920841225] add 34.1.10 to 34[11:]
[1573920843499] left click on word 34.0.10 ('Mickey')
[1573920843499] edit 34[10:9]
[1573920843848] left click on word 34.0.11 ('mouse')
[1573920843849] del 34.0.11 from 34[11:10]
[1573920843849] add 34.0.11 to 34[10:9]
[1573920844619] right click on word 34.1.9 ('米老鼠')
[1573920845624] left click on word 34.0.12 ('ears')
[1573920845624] edit 34[12:]
[1573920846354] right click on word 34.1.10 ('耳朵')
[1573920846354] del 34.1.10 from 34[:10]
[1573920846355] add 34.1.10 to 34[12:]
[1573920850222] right click on word 34.1.12 ('都')
[1573920850737] add 34.1.12 to 34[:]
[1573920850737] label 34[:12] as unaligned_explicitation
[1573920862312] left click on word 34.0.5 ('have')
[1573920862313] edit 34[5:13,14]
[1573920862961] cancel edit
[1573920863528] left click on word 34.0.5 ('have')
[1573920863528] edit 34[5:13,14]
[1573920864048] left click on word 34.0.4 ('I')
[1573920864048] del 34.0.4 from 34[4:11]
[1573920864048] add 34.0.4 to 34[5:13,14]
[1573920865354] right click on word 34.1.13 ('在')
[1573920871291] left click on word 34.0.17 ('n't')
[1573920871292] edit 34[17:17]
[1573920871848] left click on word 34.0.16 ('do')
[1573920871848] add 34.0.16 to 34[17:17]
[1573920873627] right click on word 34.0.17 ('n't')
[1573920875940] left click on word 34.0.16 ('do')
[1573920875940] edit 34[17,16:17]
[1573920876321] right click on word 34.0.16 ('do')
[1573920877624] left click on word 34.0.18 ('worry')
[1573920877624] edit 34[18:17]
[1573920878490] left click on word 34.1.17 ('不用')
[1573920878490] del 34.1.17 from 34[18:17]
[1573920878874] left click on word 34.1.18 ('麻烦')
[1573920878874] add 34.1.18 to 34[18:]
[1573920879053] right click on word 34.1.18 ('麻烦')
[1573920883429] left click on word 34.0.18 ('worry')
[1573920883429] edit 34[18:18]
[1573920883908] left click on word 34.0.19 ('about')
[1573920883908] add 34.0.19 to 34[18:18]
[1573920884102] right click on word 34.0.19 ('about')
[1573920886285] left click on word 34.0.20 ('bringing')
[1573920886286] edit 34[20:19]
[1573920887065] left click on word 34.1.20 ('过来')
[1573920887065] add 34.1.20 to 34[20:19]
[1573920887263] right click on word 34.1.20 ('过来')
[1573920888065] right click on word 34.1.21 ('了')
[1573920888871] add 34.1.21 to 34[:]
[1573920888871] label 34[:21] as unaligned_reduction
[1573920889861] right click on word 34.1.21 ('了')
[1573920890717] label 34[:21] as unaligned_explicitation
[1573920897746] right click on word 34.0.21 ('those')
[1573920898708] add 34.0.21 to 34[:]
[1573920898708] label 34[21:] as unaligned_explicitation
[1573920899550] left click on word 34.0.21 ('those')
[1573920899550] edit 34[21:]
[1573920899851] right click on word 34.0.21 ('those')
[1573920900746] right click on word 34.0.21 ('those')
[1573920901745] label 34[21:] as unaligned_reduction
