[1564582505807] NEW SESSION
[1564582518684] right click on word 241.1.7 ('年')
[1564582519692] del 241.1.7 from 241[16:7]
[1564582520582] right click on word 241.1.7 ('年')
[1564582521948] add 241.1.7 to 241[:]
[1564582521948] label 241[:7] as unaligned_explicitation
[1564582523841] right click on word 241.1.8 ('美国')
[1564582526085] right click on word 241.0.15 ('46')
[1564582526762] del 241.0.15 from 241[15:8]
[1564582530623] left click on word 241.1.8 ('美国')
[1564582530623] edit 241[:8]
[1564582531433] left click on word 241.0.14 ('the')
[1564582531433] del 241.0.14 from 241[14,17:10]
[1564582531433] add 241.0.14 to 241[:8]
[1564582531896] left click on word 241.0.16 ('us')
[1564582531896] del 241.0.16 from 241[16:]
[1564582531896] add 241.0.16 to 241[14:8]
[1564582532274] left click on word 241.0.17 ('states')
[1564582532274] del 241.0.17 from 241[17:10]
[1564582532274] add 241.0.17 to 241[14,16:8]
[1564582532528] right click on word 241.0.17 ('states')
[1564582536314] left click on word 241.1.9 ('四十六')
[1564582536314] edit 241[:9]
[1564582537335] left click on word 241.0.15 ('46')
[1564582537335] add 241.0.15 to 241[:9]
[1564582537486] right click on word 241.0.15 ('46')
[1564582545013] right click on word 241.1.10 ('个')
[1564582546637] label 241[:10] as unaligned_explicitation
[1564582554423] left click on word 241.1.8 ('美国')
[1564582554423] edit 241[14,16,17:8]
[1564582555189] cancel edit
[1564582555777] right click on word 241.0.14 ('the')
[1564582556676] del 241.0.14 from 241[14,16,17:8]
[1564582557232] right click on word 241.0.16 ('us')
[1564582558409] right click on word 241.0.17 ('states')
[1564582558994] del 241.0.17 from 241[16,17:8]
[1564582562974] left click on word 241.1.11 ('州')
[1564582562974] edit 241[12:11]
[1564582563792] left click on word 241.0.14 ('the')
[1564582563792] add 241.0.14 to 241[12:11]
[1564582564226] left click on word 241.0.17 ('states')
[1564582564226] add 241.0.17 to 241[12,14:11]
[1564582564391] right click on word 241.0.17 ('states')
[1564582564972] right click on word 241.0.12 ('signed')
[1564582565656] del 241.0.12 from 241[12,14,17:11]
[1564582575447] left click on word 241.1.12 ('签署')
[1564582575447] edit 241[:12]
[1564582575999] left click on word 241.0.12 ('signed')
[1564582575999] add 241.0.12 to 241[:12]
[1564582576550] right click on word 241.0.12 ('signed')
[1564582595340] left click on word 241.1.12 ('签署')
[1564582595340] edit 241[12:12]
[1564582595838] left click on word 241.1.13 ('的')
[1564582595838] del 241.1.13 from 241[11:13]
[1564582595839] add 241.1.13 to 241[12:12]
[1564582596014] right click on word 241.1.13 ('的')
[1564582597608] left click on word 241.1.14 ('协议')
[1564582597608] edit 241[18:14]
[1564582598252] left click on word 241.0.11 ('agreement')
[1564582598252] del 241.0.11 from 241[11:]
[1564582598253] add 241.0.11 to 241[18:14]
[1564582598410] right click on word 241.0.11 ('agreement')
[1564582600243] right click on word 241.0.18 (',')
[1564582601004] del 241.0.18 from 241[18,11:14]
[1564582601278] left click on word 241.0.17 ('states')
[1564582601278] edit 241[14,17:11]
[1564582602564] cancel edit
[1564582620876] left click on word 241.1.15 (',')
[1564582620876] edit 241[19:15]
[1564582621591] left click on word 241.0.18 (',')
[1564582621591] add 241.0.18 to 241[19:15]
[1564582621753] right click on word 241.0.18 (',')
[1564582622075] right click on word 241.0.19 ('tobacco')
[1564582622511] del 241.0.19 from 241[19,18:15]
[1564582624195] left click on word 241.0.19 ('tobacco')
[1564582624195] new alignment group
[1564582624195] add 241.0.19 to 241[:]
[1564582624900] left click on word 241.1.16 ('烟草')
[1564582624900] del 241.1.16 from 241[20:16]
[1564582624900] add 241.1.16 to 241[19:]
[1564582625054] right click on word 241.1.16 ('烟草')
[1564582626543] left click on word 241.1.17 ('公司')
[1564582626544] edit 241[22,21,23,31,32:17,29]
[1564582627120] left click on word 241.0.20 ('companies')
[1564582627120] del 241.0.20 from 241[20:]
[1564582627120] add 241.0.20 to 241[22,21,23,31,32:17,29]
[1564582627290] right click on word 241.0.20 ('companies')
[1564582630117] right click on word 241.0.21 ('are')
[1564582630565] del 241.0.21 from 241[22,21,23,31,32,20:17,29]
[1564582630960] right click on word 241.0.22 ('barred')
[1564582631403] del 241.0.22 from 241[22,23,31,32,20:17,29]
[1564582631850] right click on word 241.0.23 ('from')
[1564582632218] del 241.0.23 from 241[23,31,32,20:17,29]
[1564582633386] right click on word 241.0.32 ('from')
[1564582633841] del 241.0.32 from 241[31,32,20:17,29]
[1564582634626] right click on word 241.0.31 ('and')
[1564582635167] del 241.0.31 from 241[31,20:17,29]
[1564582637446] right click on word 241.1.29 (',')
[1564582637962] del 241.1.29 from 241[20:17,29]
[1564582641552] right click on word 241.1.17 ('公司')
[1564582642101] del 241.1.17 from 241[20:17]
[1564582642918] left click on word 241.1.17 ('公司')
[1564582642918] new alignment group
[1564582642918] add 241.1.17 to 241[:]
[1564582643173] right click on word 241.1.17 ('公司')
[1564582643618] left click on word 241.1.17 ('公司')
[1564582643619] edit 241[:17]
[1564582644213] left click on word 241.0.20 ('companies')
[1564582644213] del 241.0.20 from 241[20:]
[1564582644213] add 241.0.20 to 241[:17]
[1564582644381] right click on word 241.0.20 ('companies')
[1564582649643] right click on word 241.1.24 ('刊物')
[1564582650099] del 241.1.24 from 241[27:18,24]
[1564582655319] right click on word 241.0.27 ('in')
[1564582655744] del 241.0.27 from 241[27:18]
[1564582657238] left click on word 241.1.18 ('不准')
[1564582657238] edit 241[:18]
[1564582658035] left click on word 241.0.21 ('are')
[1564582658035] add 241.0.21 to 241[:18]
[1564582658326] left click on word 241.0.22 ('barred')
[1564582658326] add 241.0.22 to 241[21:18]
[1564582658762] left click on word 241.0.23 ('from')
[1564582658762] add 241.0.23 to 241[21,22:18]
[1564582660137] left click on word 241.0.31 ('and')
[1564582660138] add 241.0.31 to 241[21,22,23:18]
[1564582660496] left click on word 241.0.32 ('from')
[1564582660496] add 241.0.32 to 241[21,22,23,31:18]
[1564582660649] right click on word 241.0.32 ('from')
[1564582662105] right click on word 241.1.18 ('不准')
[1564582663131] label 241[21,22,23,31,32:18] as modulation
[1564582667254] right click on word 241.1.19 ('在')
[1564582667707] del 241.1.19 from 241[29:19]
[1564582669151] left click on word 241.1.19 ('在')
[1564582669151] new alignment group
[1564582669152] add 241.1.19 to 241[:]
[1564582670199] left click on word 241.0.27 ('in')
[1564582670199] add 241.0.27 to 241[:19]
[1564582670376] right click on word 241.0.27 ('in')
[1564582674658] right click on word 241.1.21 ('普遍')
[1564582675159] del 241.1.21 from 241[28:20,21,22]
[1564582675570] right click on word 241.1.22 ('阅读')
[1564582675981] del 241.1.22 from 241[28:20,22]
[1564582678413] left click on word 241.1.20 ('青少年')
[1564582678413] edit 241[28:20]
[1564582679250] left click on word 241.0.29 ('teenager')
[1564582679251] del 241.0.29 from 241[29:]
[1564582679251] add 241.0.29 to 241[28:20]
[1564582679396] right click on word 241.0.29 ('teenager')
[1564582680855] right click on word 241.0.28 ('popular')
[1564582681315] del 241.0.28 from 241[28,29:20]
[1564582682813] left click on word 241.1.21 ('普遍')
[1564582682813] new alignment group
[1564582682813] add 241.1.21 to 241[:]
[1564582683333] left click on word 241.1.22 ('阅读')
[1564582683334] add 241.1.22 to 241[:21]
[1564582684199] left click on word 241.0.28 ('popular')
[1564582684199] add 241.0.28 to 241[:21,22]
[1564582684376] right click on word 241.0.28 ('popular')
[1564582686359] left click on word 241.1.22 ('阅读')
[1564582686359] edit 241[28:21,22]
[1564582686721] left click on word 241.1.23 ('的')
[1564582686721] del 241.1.23 from 241[30:23]
[1564582686722] add 241.1.23 to 241[28:21,22]
[1564582686911] right click on word 241.1.23 ('的')
[1564582688769] left click on word 241.1.24 ('刊物')
[1564582688769] new alignment group
[1564582688769] add 241.1.24 to 241[:]
[1564582689909] left click on word 241.0.30 ('magazines')
[1564582689909] del 241.0.30 from 241[30:]
[1564582689909] add 241.0.30 to 241[:24]
[1564582690081] right click on word 241.0.30 ('magazines')
[1564582696100] left click on word 241.1.19 ('在')
[1564582696100] edit 241[27:19]
[1564582696818] left click on word 241.1.25 ('上')
[1564582696818] del 241.1.25 from 241[24:25]
[1564582696818] add 241.1.25 to 241[27:19]
[1564582697003] right click on word 241.1.25 ('上')
[1564582701874] right click on word 241.0.25 ('cigarette')
[1564582702336] del 241.0.25 from 241[25:26]
[1564582704046] left click on word 241.1.26 ('刊登')
[1564582704046] edit 241[:26]
[1564582704549] left click on word 241.0.24 ('running')
[1564582704549] del 241.0.24 from 241[24:]
[1564582704549] add 241.0.24 to 241[:26]
[1564582704694] right click on word 241.0.24 ('running')
[1564582707300] left click on word 241.1.27 ('香烟')
[1564582707300] edit 241[26:27]
[1564582708251] left click on word 241.0.25 ('cigarette')
[1564582708251] add 241.0.25 to 241[26:27]
[1564582708404] right click on word 241.0.25 ('cigarette')
[1564582708984] right click on word 241.0.26 ('ads')
[1564582709428] del 241.0.26 from 241[26,25:27]
[1564582711530] left click on word 241.0.26 ('ads')
[1564582711531] new alignment group
[1564582711531] add 241.0.26 to 241[:]
[1564582712034] left click on word 241.1.28 ('广告')
[1564582712034] add 241.1.28 to 241[26:]
[1564582712181] right click on word 241.1.28 ('广告')
[1564582716180] right click on word 241.1.32 ('青少年')
[1564582716635] del 241.1.32 from 241[33:33,34,32,30]
[1564582721349] left click on word 241.1.18 ('不准')
[1564582721349] edit 241[21,22,23,31,32:18]
[1564582723061] left click on word 241.1.30 ('不准')
[1564582723061] del 241.1.30 from 241[33:33,34,30]
[1564582723061] add 241.1.30 to 241[21,22,23,31,32:18]
[1564582723331] right click on word 241.1.30 ('不准')
[1564582724371] right click on word 241.1.34 ('拉拢')
[1564582724761] del 241.1.34 from 241[33:33,34]
[1564582725282] right click on word 241.1.33 ('为')
[1564582725749] del 241.1.33 from 241[33:33]
[1564582728237] left click on word 241.1.31 ('以')
[1564582728238] edit 241[34:31]
[1564582728859] left click on word 241.1.33 ('为')
[1564582728859] add 241.1.33 to 241[34:31]
[1564582729165] left click on word 241.1.34 ('拉拢')
[1564582729165] add 241.1.34 to 241[34:31,33]
[1564582729528] left click on word 241.1.35 ('对象')
[1564582729528] del 241.1.35 from 241[35:35]
[1564582729528] add 241.1.35 to 241[34:31,33,34]
[1564582730213] left click on word 241.0.33 ('targeting')
[1564582730213] del 241.0.33 from 241[33:]
[1564582730214] add 241.0.33 to 241[34:31,33,34,35]
[1564582730414] right click on word 241.0.33 ('targeting')
[1564582730906] right click on word 241.0.34 ('youths')
[1564582731377] del 241.0.34 from 241[34,33:31,33,34,35]
[1564582733670] left click on word 241.0.34 ('youths')
[1564582733670] new alignment group
[1564582733670] add 241.0.34 to 241[:]
[1564582734306] left click on word 241.1.32 ('青少年')
[1564582734306] add 241.1.32 to 241[34:]
[1564582734468] right click on word 241.1.32 ('青少年')
[1564582736220] right click on word 241.1.33 ('为')
[1564582737436] label 241[33:31,33,34,35] as modulation_transposition
[1564582739946] left click on word 241.1.36 ('。')
[1564582739946] new alignment group
[1564582739946] add 241.1.36 to 241[:]
[1564582740856] left click on word 241.0.35 ('.')
[1564582740856] del 241.0.35 from 241[35:]
[1564582740857] add 241.0.35 to 241[:36]
[1564582741025] right click on word 241.0.35 ('.')
[1564582761320] right click on word 241.1.16 ('烟草')
[1564582782603] right click on word 241.1.13 ('的')
[1564582783078] del 241.1.13 from 241[12:12,13]
[1564582784991] right click on word 241.1.13 ('的')
[1564582785606] add 241.1.13 to 241[:]
[1564582785606] label 241[:13] as unaligned_explicitation
[1564582787185] right click on word 241.0.13 ('by')
[1564582788255] label 241[13:] as unaligned_reduction
[1564582800002] right click on word 241.1.22 ('阅读')
[1564582801658] label 241[28:21,22,23] as equivalence
[1564582824120] left click on word 241.0.30 ('magazines')
[1564582824120] edit 241[30:24]
[1564582825427] right click on word 241.0.30 ('magazines')
[1564582826117] right click on word 241.0.30 ('magazines')
[1564582827596] label 241[30:24] as generalization
[1564582865802] right click on word 241.1.20 ('青少年')
[1564582866915] label 241[29:20] as literal
[1564735218471] NEW SESSION
[1564735335085] right click on word 198.1.45 ('使得')
[1564735335951] del 198.1.45 from 198[32,30:54,45]
[1564735336464] left click on word 201.0.12 ('five-point')
[1564735336464] edit 201[12:18,19]
[1564735338938] cancel edit
[1564735340285] right click on word 198.1.45 ('使得')
[1564735341261] add 198.1.45 to 198[:]
[1564735341261] label 198[:45] as unaligned_explicitation
[1564735517073] right click on word 198.0.32 ('reduced')
[1564735522973] label 198[32,30:54] as literal
[1566307703003] NEW SESSION
[1566313569360] right click on word 270.0.4 ('suspended')
[1566313571233] label 270[4,2:9,10] as literal
[1566377266145] NEW SESSION
[1566377272893] right click on word 37.1.17 ('公司')
[1566377277433] right click on word 37.1.18 ('执行长')
[1566377278812] label 37[21,20:18] as generalization
[1566377280038] right click on word 37.1.18 ('执行长')
[1566377281064] label 37[21,20:18] as literal
[1566398345024] NEW SESSION
[1566398655545] right click on word 90.0.26 ('under')
[1566398658787] left click on word 90.0.25 ('came')
[1566398658787] edit 90[25:]
[1566398659343] left click on word 90.0.26 ('under')
[1566398659343] del 90.0.26 from 90[26:26]
[1566398659353] add 90.0.26 to 90[25:]
[1566398660045] left click on word 90.0.29 ('fires')
[1566398660045] del 90.0.29 from 90[29:28]
[1566398660045] add 90.0.29 to 90[25,26:]
[1566398662091] left click on word 90.1.26 ('爆发')
[1566398662092] del 90.1.26 from 90[:26]
[1566398662092] add 90.1.26 to 90[25,26,29:]
[1566398663793] left click on word 90.1.28 ('攻击')
[1566398663793] del 90.1.28 from 90[:28]
[1566398663794] add 90.1.28 to 90[25,26,29:26]
[1566398664064] right click on word 90.1.28 ('攻击')
[1566398684624] right click on word 90.1.26 ('爆发')
[1566398685763] label 90[25,26,29:26,28] as equivalence
[1566398859719] right click on word 154.1.0 ('它们')
[1566398860611] label 154[0:0] as literal
[1566468806978] NEW SESSION
[1566469723342] right click on word 92.0.6 ('he')
[1566469724688] del 92.0.6 from 92[6:]
[1566469726019] right click on word 92.0.6 ('he')
[1572172147835] NEW SESSION
[1572172286420] right click on word 13.0.40 ('.')
[1572172290175] right click on word 13.0.40 ('.')
[1572172290808] label 13[40:29] as literal
[1572172975896] left click on word 13.0.15 ('new')
[1572172975897] edit 13[15:9]
[1572172976377] left click on word 13.0.16 ('delhi')
[1572172976377] del 13.0.16 from 13[16:9]
[1572172976378] add 13.0.16 to 13[15:9]
[1572172976543] right click on word 13.0.16 ('delhi')
[1572173052649] left click on word 13.0.16 ('delhi')
[1572173052649] edit 13[15,16:9]
[1572173053615] left click on word 13.1.9 ('新德里')
[1572173053615] del 13.1.9 from 13[:9]
[1572173053616] add 13.1.9 to 13[15,16:9]
[1572173054318] right click on word 13.1.9 ('新德里')
[1572173109109] right click on word 13.0.17 ('last')
[1572173111178] right click on word 13.0.17 ('last')
[1572173111873] label 13[17:7] as literal
[1572174328486] left click on word 13.0.17 ('last')
[1572174328486] edit 13[17:7]
[1572174328948] left click on word 13.0.18 ('december')
[1572174328948] del 13.0.18 from 13[18:8]
[1572174328949] add 13.0.18 to 13[17:7]
[1572174330162] left click on word 13.1.8 ('十二月')
[1572174330162] del 13.1.8 from 13[:8]
[1572174330162] add 13.1.8 to 13[17,18:7]
[1572174330649] right click on word 13.1.8 ('十二月')
[1572192144558] NEW SESSION
[1572192255495] left click on word 13.1.7 ('去年')
[1572192255495] edit 13[17,18:7,8]
[1572192256908] left click on word 13.1.7 ('去年')
[1572192256908] del 13.1.7 from 13[17,18:7,8]
[1572192258144] left click on word 13.0.17 ('last')
[1572192258145] del 13.0.17 from 13[17,18:8]
[1572192258945] right click on word 13.0.18 ('december')
[1572192259463] left click on word 13.0.17 ('last')
[1572192259463] new alignment group
[1572192259463] add 13.0.17 to 13[:]
[1572192260555] left click on word 13.1.7 ('去年')
[1572192260555] add 13.1.7 to 13[17:]
[1572192261250] right click on word 13.1.7 ('去年')
[1572192261904] right click on word 13.1.7 ('去年')
[1572192263389] label 13[17:7] as particularization
