[1572700294982] NEW SESSION
[1572700429663] right click on word 22.1.13 ('辈')
[1572700430099] del 22.1.13 from 22[16:13]
[1572700432156] left click on word 22.0.16 (',')
[1572700432157] edit 22[16:]
[1572700432832] left click on word 22.1.14 ('，')
[1572700432833] del 22.1.14 from 22[19:14]
[1572700432834] add 22.1.14 to 22[16:]
[1572700432981] right click on word 22.1.14 ('，')
[1572700439189] left click on word 22.0.3 ('class')
[1572700439189] new alignment group
[1572700439189] add 22.0.3 to 22[:]
[1572700439721] left click on word 22.0.2 ('a')
[1572700439721] add 22.0.2 to 22[3:]
[1572700440686] left click on word 22.1.13 ('辈')
[1572700440687] add 22.1.13 to 22[3,2:]
[1572700440864] right click on word 22.1.13 ('辈')
[1572700441493] right click on word 22.1.13 ('辈')
[1572700442474] label 22[3,2:13] as equivalence
[1572700451675] left click on word 22.0.19 ('he')
[1572700451675] edit 22[19:]
[1572700452811] left click on word 22.1.15 ('他')
[1572700452811] del 22.1.15 from 22[20,21,22:15,16]
[1572700452811] add 22.1.15 to 22[19:]
[1572700452965] right click on word 22.1.15 ('他')
[1572700459612] left click on word 22.1.16 ('不')
[1572700459612] edit 22[20,21,22:16]
[1572700460333] left click on word 22.1.17 ('敢')
[1572700460334] del 22.1.17 from 22[24:17,18,20,21]
[1572700460334] add 22.1.17 to 22[20,21,22:16]
[1572700460546] right click on word 22.1.17 ('敢')
[1572700479141] left click on word 22.0.24 ('familiarity')
[1572700479141] edit 22[24:18,20,21]
[1572700482196] left click on word 22.1.19 ('亲密')
[1572700482197] del 22.1.19 from 22[:19]
[1572700482197] add 22.1.19 to 22[24:18,20,21]
[1572700483184] left click on word 22.1.22 ('口气')
[1572700483185] del 22.1.22 from 22[26:22,23]
[1572700483185] add 22.1.22 to 22[24:18,20,21,19]
[1572700484526] right click on word 22.1.22 ('口气')
[1572700485187] right click on word 22.1.20 ('随便')
[1572700485544] del 22.1.20 from 22[24:18,20,21,19,22]
[1572700496255] left click on word 22.0.26 ('address')
[1572700496255] edit 22[26:23]
[1572700497001] left click on word 22.1.24 ('呼')
[1572700497001] del 22.1.24 from 22[27:24]
[1572700497001] add 22.1.24 to 22[26:23]
[1572700497145] right click on word 22.1.24 ('呼')
[1572700498615] left click on word 22.1.25 ('。')
[1572700498615] edit 22[29:25]
[1572700499345] left click on word 22.0.27 (',')
[1572700499345] del 22.0.27 from 22[27:]
[1572700499345] add 22.0.27 to 22[29:25]
[1572700499481] right click on word 22.0.27 (',')
[1572700499647] right click on word 22.0.27 (',')
[1572700500545] label 22[29,27:25] as equivalence
[1572700507029] right click on word 22.1.20 ('随便')
[1572700507812] add 22.1.20 to 22[:]
[1572700507812] label 22[:20] as unaligned_explicitation
[1572700517933] left click on word 22.1.25 ('。')
[1572700517934] edit 22[29,27:25]
[1572700518985] cancel edit
[1572700519658] right click on word 22.0.29 ('with')
[1572700520030] del 22.0.29 from 22[29,27:25]
[1572700532157] left click on word 22.1.26 ('跟')
[1572700532157] edit 22[30:26]
[1572700533084] left click on word 22.0.29 ('with')
[1572700533084] add 22.0.29 to 22[30:26]
[1572700533286] right click on word 22.0.29 ('with')
[1572700533728] right click on word 22.0.30 ('these')
[1572700534100] del 22.0.30 from 22[30,29:26]
[1572700538812] left click on word 22.0.30 ('these')
[1572700538812] new alignment group
[1572700538812] add 22.0.30 to 22[:]
[1572700539977] left click on word 22.1.27 ('这些')
[1572700539977] del 22.1.27 from 22[:27,28]
[1572700539977] add 22.1.27 to 22[30:]
[1572700540124] right click on word 22.1.27 ('这些')
[1572700540620] right click on word 22.1.28 ('人')
[1572700541150] del 22.1.28 from 22[:28]
[1572700546675] left click on word 22.1.28 ('人')
[1572700546675] new alignment group
[1572700546676] add 22.1.28 to 22[:]
[1572700547167] left click on word 22.1.29 ('打交道')
[1572700547168] add 22.1.29 to 22[:28]
[1572700547421] right click on word 22.1.29 ('打交道')
[1572700547633] right click on word 22.1.29 ('打交道')
[1572700548427] label 22[:28,29] as unaligned_explicitation
[1572700551858] right click on word 22.1.30 ('，')
[1572700552331] del 22.1.30 from 22[31:30]
[1572700555060] left click on word 22.0.31 ('he')
[1572700555060] edit 22[31:]
[1572700555915] left click on word 22.1.31 ('他')
[1572700555915] del 22.1.31 from 22[32,33:31,32,33,34]
[1572700555915] add 22.1.31 to 22[31:]
[1572700556045] right click on word 22.1.31 ('他')
[1572700563983] left click on word 22.1.32 ('使出')
[1572700563983] edit 22[32,33:32,33,34]
[1572700565079] left click on word 22.1.35 ('的')
[1572700565079] del 22.1.35 from 22[34:35]
[1572700565079] add 22.1.35 to 22[32,33:32,33,34]
[1572700565270] right click on word 22.1.35 ('的')
[1572700572220] left click on word 22.0.34 ('tactful')
[1572700572220] edit 22[34:]
[1572700573082] left click on word 22.1.36 ('圆活')
[1572700573082] del 22.1.36 from 22[:36]
[1572700573082] add 22.1.36 to 22[34:]
[1572700573240] right click on word 22.1.36 ('圆活')
[1572700574797] right click on word 22.1.37 ('手段')
[1572700575491] del 22.1.37 from 22[35:37]
[1572700576474] right click on word 22.1.37 ('手段')
[1572700577701] right click on word 22.1.37 ('手段')
[1572700578234] add 22.1.37 to 22[:]
[1572700578234] label 22[:37] as unaligned_explicitation
[1572700582354] left click on word 22.1.38 ('，')
[1572700582354] edit 22[36:38]
[1572700583370] left click on word 22.0.35 (',')
[1572700583370] del 22.0.35 from 22[35:]
[1572700583371] add 22.0.35 to 22[36:38]
[1572700583522] right click on word 22.0.35 (',')
[1572700583893] right click on word 22.0.36 ('assuming')
[1572700584240] del 22.0.36 from 22[36,35:38]
[1572700588904] left click on word 22.0.36 ('assuming')
[1572700588904] new alignment group
[1572700588904] add 22.0.36 to 22[:]
[1572700589500] left click on word 22.1.39 ('用')
[1572700589500] del 22.1.39 from 22[37:39]
[1572700589500] add 22.1.39 to 22[36:]
[1572700589656] right click on word 22.1.39 ('用')
[1572700589835] right click on word 22.1.39 ('用')
[1572700590628] label 22[36:39] as equivalence
[1572700593875] left click on word 22.1.40 ('一')
[1572700593875] edit 22[:40]
[1572700594632] left click on word 22.0.37 ('a')
[1572700594632] del 22.0.37 from 22[37:]
[1572700594632] add 22.0.37 to 22[:40]
[1572700594784] right click on word 22.0.37 ('a')
[1572700595522] right click on word 22.1.41 ('种')
[1572700596369] del 22.1.41 from 22[38:41]
[1572700596984] right click on word 22.1.41 ('种')
[1572700597421] add 22.1.41 to 22[:]
[1572700597421] label 22[:41] as unaligned_explicitation
[1572700606185] left click on word 22.1.42 ('庄重')
[1572700606185] edit 22[39:42]
[1572700606877] left click on word 22.0.38 ('grave')
[1572700606877] del 22.0.38 from 22[38:]
[1572700606877] add 22.0.38 to 22[39:42]
[1572700607027] right click on word 22.0.38 ('grave')
[1572700607840] right click on word 22.0.39 ('and')
[1572700608105] del 22.0.39 from 22[39,38:42]
[1572700612375] left click on word 22.1.43 ('和')
[1572700612375] edit 22[40:43,44]
[1572700613165] left click on word 22.0.39 ('and')
[1572700613165] add 22.0.39 to 22[40:43,44]
[1572700613307] right click on word 22.0.39 ('and')
[1572700614241] right click on word 22.0.40 ('dignified')
[1572700614603] del 22.0.40 from 22[40,39:43,44]
[1572700615674] right click on word 22.1.44 ('尊严')
[1572700615994] del 22.1.44 from 22[39:43,44]
[1572700617320] left click on word 22.0.40 ('dignified')
[1572700617320] new alignment group
[1572700617320] add 22.0.40 to 22[:]
[1572700617851] left click on word 22.1.44 ('尊严')
[1572700617851] add 22.1.44 to 22[40:]
[1572700617991] right click on word 22.1.44 ('尊严')
[1572700626810] left click on word 22.0.40 ('dignified')
[1572700626810] edit 22[40:44]
[1572700627668] left click on word 22.1.45 ('的')
[1572700627668] del 22.1.45 from 22[41:45]
[1572700627668] add 22.1.45 to 22[40:44]
[1572700627824] right click on word 22.1.45 ('的')
[1572700629618] left click on word 22.1.46 ('态度')
[1572700629618] edit 22[42:46]
[1572700630190] left click on word 22.0.41 ('attitude')
[1572700630190] del 22.0.41 from 22[41:]
[1572700630190] add 22.0.41 to 22[42:46]
[1572700630334] right click on word 22.0.41 ('attitude')
[1572700630909] right click on word 22.0.42 (',')
[1572700633634] right click on word 22.0.42 (',')
[1572700633940] del 22.0.42 from 22[42,41:46]
[1572700635044] left click on word 22.0.42 (',')
[1572700635044] new alignment group
[1572700635044] add 22.0.42 to 22[:]
[1572700635759] left click on word 22.1.47 ('，')
[1572700635759] del 22.1.47 from 22[43:47,49]
[1572700635759] add 22.1.47 to 22[42:]
[1572700635890] right click on word 22.1.47 ('，')
[1572700640876] left click on word 22.0.43 ('paying')
[1572700640876] edit 22[43:49]
[1572700641750] left click on word 22.1.48 ('对')
[1572700641750] del 22.1.48 from 22[44:48]
[1572700641750] add 22.1.48 to 22[43:49]
[1572700642214] left click on word 22.1.50 ('表示')
[1572700642214] del 22.1.50 from 22[45,46:50]
[1572700642214] add 22.1.50 to 22[43:49,48]
[1572700642758] right click on word 22.1.50 ('表示')
[1572700644120] right click on word 22.1.49 ('他们')
[1572700644439] del 22.1.49 from 22[43:49,48,50]
[1572700645579] left click on word 22.0.44 ('them')
[1572700645579] edit 22[44:]
[1572700646389] left click on word 22.1.49 ('他们')
[1572700646389] add 22.1.49 to 22[44:]
[1572700646528] right click on word 22.1.49 ('他们')
[1572700655418] left click on word 22.1.51 ('敬意')
[1572700655418] edit 22[63:51]
[1572700656289] left click on word 22.0.46 ('deference')
[1572700656289] del 22.0.46 from 22[45,46:]
[1572700656290] add 22.0.46 to 22[63:51]
[1572700656629] left click on word 22.0.45 ('the')
[1572700656629] del 22.0.45 from 22[45:]
[1572700656629] add 22.0.45 to 22[63,46:51]
[1572700656848] right click on word 22.0.45 ('the')
[1572700657913] right click on word 22.0.63 ('.')
[1572700658235] del 22.0.63 from 22[63,46,45:51]
[1572700660809] left click on word 22.0.63 ('.')
[1572700660809] new alignment group
[1572700660809] add 22.0.63 to 22[:]
[1572700661583] left click on word 22.1.52 ('。')
[1572700661583] add 22.1.52 to 22[63:]
[1572700661723] right click on word 22.1.52 ('。')
[1572700768784] left click on word 26.0.12 ('die')
[1572700768784] edit 26[12:10]
[1572700769378] left click on word 26.1.11 ('死')
[1572700769379] del 26.1.11 from 26[13:11]
[1572700769379] add 26.1.11 to 26[12:10]
[1572700769576] right click on word 26.1.11 ('死')
[1572700770249] right click on word 26.1.10 ('找')
[1572700770599] del 26.1.10 from 26[12:10,11]
[1572700772887] left click on word 26.0.13 (',')
[1572700772887] edit 26[13:]
[1572700773439] left click on word 26.1.12 ('，')
[1572700773439] del 26.1.12 from 26[14:12]
[1572700773439] add 26.1.12 to 26[13:]
[1572700773600] right click on word 26.1.12 ('，')
[1572700774669] left click on word 26.0.14 ('but')
[1572700774669] edit 26[14:]
[1572700775130] left click on word 26.1.13 ('可是')
[1572700775131] del 26.1.13 from 26[15:13]
[1572700775131] add 26.1.13 to 26[14:]
[1572700775269] right click on word 26.1.13 ('可是')
[1572700775877] left click on word 26.0.15 ('I')
[1572700775877] edit 26[15:]
[1572700776565] left click on word 26.1.14 ('我')
[1572700776565] del 26.1.14 from 26[:14,15]
[1572700776565] add 26.1.14 to 26[15:]
[1572700776699] right click on word 26.1.14 ('我')
[1572700783611] right click on word 26.1.10 ('找')
[1572700784458] add 26.1.10 to 26[:]
[1572700784458] label 26[:10] as unaligned_explicitation
[1572700789928] left click on word 26.1.15 ('的')
[1572700789928] edit 26[:15]
[1572700790261] left click on word 26.1.16 ('命')
[1572700790261] del 26.1.16 from 26[16:16]
[1572700790261] add 26.1.16 to 26[:15]
[1572700790391] right click on word 26.1.16 ('命')
[1572700792874] left click on word 26.0.16 ('seemed')
[1572700792874] edit 26[16:]
[1572700794018] left click on word 26.1.17 ('好像')
[1572700794018] del 26.1.17 from 26[17,18,19,20,21:17,18,19,20]
[1572700794018] add 26.1.17 to 26[16:]
[1572700794218] right click on word 26.1.17 ('好像')
[1572700825812] left click on word 26.0.19 ('an')
[1572700825812] edit 26[17,18,19,20,21:18,19,20]
[1572700827001] left click on word 26.1.16 ('命')
[1572700827001] del 26.1.16 from 26[:15,16]
[1572700827001] add 26.1.16 to 26[17,18,19,20,21:18,19,20]
[1572700827251] right click on word 26.1.16 ('命')
[1572700833821] left click on word 26.0.22 ('.')
[1572700833821] edit 26[22:21]
[1572700834428] left click on word 26.1.22 ('。')
[1572700834428] add 26.1.22 to 26[22:21]
[1572700834579] right click on word 26.1.22 ('。')
[1572700834885] right click on word 26.1.21 ('一样')
[1572700835277] del 26.1.21 from 26[22:21,22]
[1572700841943] left click on word 26.0.16 ('seemed')
[1572700841943] edit 26[16:17]
[1572700842749] left click on word 26.1.21 ('一样')
[1572700842750] add 26.1.21 to 26[16:17]
[1572700842909] right click on word 26.1.21 ('一样')
[1572700894597] right click on word 26.1.21 ('一样')
[1572700894952] del 26.1.21 from 26[16:17,21]
[1572700898360] right click on word 26.1.17 ('好像')
[1572700899408] label 26[16:17] as lexical_shift
[1572700900104] right click on word 26.1.21 ('一样')
[1572700900668] add 26.1.21 to 26[:]
[1572700900668] label 26[:21] as unaligned_explicitation
[1572700993826] right click on word 34.0.15 ('the')
[1572700994325] del 34.0.15 from 34[19,15:20]
[1572700996729] left click on word 34.1.19 ('埃尔辛')
[1572700996729] edit 34[20:19]
[1572700997254] left click on word 34.0.15 ('the')
[1572700997254] add 34.0.15 to 34[20:19]
[1572700997403] right click on word 34.0.15 ('the')
[1572701011888] left click on word 34.1.26 ('在')
[1572701011888] edit 34[24,25,26,27:26,34]
[1572701013380] left click on word 34.1.35 ('前')
[1572701013381] add 34.1.35 to 34[24,25,26,27:26,34]
[1572701013558] right click on word 34.1.35 ('前')
[1572701014157] right click on word 34.1.34 ('车')
[1572701014504] del 34.1.34 from 34[24,25,26,27:26,34,35]
[1572701027150] right click on word 34.1.34 ('车')
[1572701028641] add 34.1.34 to 34[:]
[1572701028641] label 34[:34] as unaligned_explicitation
[1572701029348] left click on word 34.1.34 ('车')
[1572701029349] edit 34[:34]
[1572701029991] left click on word 34.1.33 ('的')
[1572701029991] del 34.1.33 from 34[:33]
[1572701029991] add 34.1.33 to 34[:34]
[1572701030150] right click on word 34.1.33 ('的')
[1572701034570] right click on word 34.1.36 ('，')
[1572701034976] del 34.1.36 from 34[33:36]
[1572701037955] left click on word 34.1.36 ('，')
[1572701037955] new alignment group
[1572701037955] add 34.1.36 to 34[:]
[1572701038553] left click on word 34.0.30 (',')
[1572701038553] add 34.0.30 to 34[:36]
[1572701038884] right click on word 34.0.30 (',')
[1572701043941] left click on word 34.0.33 ('one')
[1572701043941] edit 34[33:]
[1572701044549] left click on word 34.1.37 ('一')
[1572701044549] del 34.1.37 from 34[32:37]
[1572701044549] add 34.1.37 to 34[33:]
[1572701044705] right click on word 34.1.37 ('一')
[1572701045216] left click on word 34.1.38 ('手')
[1572701045216] edit 34[:38]
[1572701045697] left click on word 34.0.34 ('hand')
[1572701045697] add 34.0.34 to 34[:38]
[1572701045849] right click on word 34.0.34 ('hand')
[1572701050832] left click on word 34.0.32 ('in')
[1572701050832] edit 34[32:]
[1572701051279] left click on word 34.1.39 ('握')
[1572701051280] del 34.1.39 from 34[31:39]
[1572701051280] add 34.1.39 to 34[32:]
[1572701051425] right click on word 34.1.39 ('握')
[1572701051636] right click on word 34.1.39 ('握')
[1572701052601] label 34[32:39] as modulation_transposition
[1572701056490] right click on word 34.1.40 ('着')
[1572701057162] del 34.1.40 from 34[35:40]
[1572701058353] right click on word 34.1.40 ('着')
[1572701058750] add 34.1.40 to 34[:]
[1572701058750] label 34[:40] as unaligned_reduction
[1572701059273] right click on word 34.1.40 ('着')
[1572701060414] label 34[:40] as unaligned_explicitation
[1572701061388] left click on word 34.0.31 ('reins')
[1572701061388] edit 34[31:]
[1572701062053] left click on word 34.1.41 ('缰绳')
[1572701062054] del 34.1.41 from 34[38,39:41,42]
[1572701062054] add 34.1.41 to 34[31:]
[1572701062197] right click on word 34.1.41 ('缰绳')
[1572701062408] right click on word 34.1.41 ('缰绳')
[1572701063406] label 34[31:41] as lexical_shift
[1572701064493] left click on word 34.1.42 ('，')
[1572701064494] edit 34[38,39:42]
[1572701065176] left click on word 34.0.35 (',')
[1572701065176] del 34.0.35 from 34[35:]
[1572701065177] add 34.0.35 to 34[38,39:42]
[1572701065331] right click on word 34.0.35 (',')
[1572701068724] right click on word 34.1.42 ('，')
[1572701069291] del 34.1.42 from 34[38,39,35:42]
[1572701070974] left click on word 34.0.35 (',')
[1572701070974] edit 34[38,39,35:]
[1572701071618] left click on word 34.1.42 ('，')
[1572701071618] add 34.1.42 to 34[38,39,35:]
[1572701071758] right click on word 34.1.42 ('，')
[1572701074092] right click on word 34.0.38 ('the')
[1572701074411] del 34.0.38 from 34[38,39,35:42]
[1572701074764] right click on word 34.0.39 ('other')
[1572701075078] del 34.0.39 from 34[39,35:42]
[1572701079040] left click on word 34.0.40 ('.')
[1572701079040] edit 34[40:46]
[1572701079502] left click on word 34.1.48 ('。')
[1572701079502] add 34.1.48 to 34[40:46]
[1572701079644] right click on word 34.1.48 ('。')
[1572701080744] right click on word 34.1.46 ('着')
[1572701081065] del 34.1.46 from 34[40:46,48]
[1572701085603] left click on word 34.0.38 ('the')
[1572701085603] new alignment group
[1572701085603] add 34.0.38 to 34[:]
[1572701086071] left click on word 34.0.39 ('other')
[1572701086071] add 34.0.39 to 34[38:]
[1572701086618] left click on word 34.1.43 ('一')
[1572701086618] del 34.1.43 from 34[37:43]
[1572701086618] add 34.1.43 to 34[38,39:]
[1572701086929] left click on word 34.1.44 ('手')
[1572701086929] del 34.1.44 from 34[:44]
[1572701086929] add 34.1.44 to 34[38,39:43]
[1572701087140] right click on word 34.1.44 ('手')
[1572701087399] right click on word 34.1.44 ('手')
[1572701088628] label 34[38,39:43,44] as generalization
[1572701089446] right click on word 34.1.44 ('手')
[1572701090183] label 34[38,39:43,44] as particularization
[1572701092705] left click on word 34.0.37 ('in')
[1572701092705] edit 34[37:]
[1572701093253] left click on word 34.1.45 ('举')
[1572701093253] del 34.1.45 from 34[36:45]
[1572701093253] add 34.1.45 to 34[37:]
[1572701093387] right click on word 34.1.45 ('举')
[1572701093579] right click on word 34.1.45 ('举')
[1572701094615] label 34[37:45] as modulation_transposition
[1572701095343] right click on word 34.1.46 ('着')
[1572701096121] add 34.1.46 to 34[:]
[1572701096122] label 34[:46] as unaligned_explicitation
[1572701096709] left click on word 34.1.47 ('鞭子')
[1572701096709] new alignment group
[1572701096710] add 34.1.47 to 34[:]
[1572701097391] left click on word 34.0.36 ('whip')
[1572701097392] del 34.0.36 from 34[36:]
[1572701097392] add 34.0.36 to 34[:47]
[1572701097583] right click on word 34.0.36 ('whip')
[1572701170138] left click on word 40.0.24 ('are')
[1572701170138] new alignment group
[1572701170138] add 40.0.24 to 40[:]
[1572701170527] left click on word 40.0.26 ('going')
[1572701170527] add 40.0.26 to 40[24:]
[1572701170896] left click on word 40.0.27 ('to')
[1572701170896] add 40.0.27 to 40[24,26:]
[1572701171451] left click on word 40.1.23 ('还要')
[1572701171452] add 40.1.23 to 40[24,26,27:]
[1572701171592] right click on word 40.1.23 ('还要')
[1572701259003] left click on word 40.0.28 ('stand')
[1572701259003] new alignment group
[1572701259003] add 40.0.28 to 40[:]
[1572701259485] left click on word 40.0.29 ('off')
[1572701259486] add 40.0.29 to 40[28:]
[1572701259805] left click on word 40.0.30 ('and')
[1572701259805] add 40.0.30 to 40[28,29:]
[1572701260100] left click on word 40.0.31 ('on')
[1572701260100] add 40.0.31 to 40[28,29,30:]
[1572701261513] left click on word 40.0.32 ('like')
[1572701261513] add 40.0.32 to 40[28,29,30,31:]
[1572701262535] left click on word 40.0.33 ('a')
[1572701262535] add 40.0.33 to 40[28,29,30,31,32:]
[1572701262793] left click on word 40.0.34 ('blessed')
[1572701262793] add 40.0.34 to 40[28,29,30,31,32,33:]
[1572701263607] left click on word 40.0.35 ('bumboat')
[1572701263607] add 40.0.35 to 40[28,29,30,31,32,33,34:]
[1572701264711] left click on word 40.1.24 ('在')
[1572701264711] add 40.1.24 to 40[28,29,30,31,32,33,34,35:]
[1572701265021] left click on word 40.1.25 ('这')
[1572701265021] add 40.1.25 to 40[28,29,30,31,32,33,34,35:24]
[1572701265323] left click on word 40.1.26 ('破')
[1572701265323] add 40.1.26 to 40[28,29,30,31,32,33,34,35:24,25]
[1572701265609] left click on word 40.1.27 ('船')
[1572701265610] add 40.1.27 to 40[28,29,30,31,32,33,34,35:24,25,26]
[1572701265945] left click on word 40.1.28 ('上')
[1572701265945] add 40.1.28 to 40[28,29,30,31,32,33,34,35:24,25,26,27]
[1572701266323] left click on word 40.1.29 ('呆')
[1572701266324] add 40.1.29 to 40[28,29,30,31,32,33,34,35:24,25,26,27,28]
[1572701266568] right click on word 40.1.29 ('呆')
[1572701267288] right click on word 40.1.29 ('呆')
[1572701269874] label 40[28,29,30,31,32,33,34,35:24,25,26,27,28,29] as generalization
[1572701322788] left click on word 43.0.14 ('answered')
[1572701322788] edit 43[14:13]
[1572701323407] left click on word 43.1.14 ('答道')
[1572701323407] del 43.1.14 from 43[15:14]
[1572701323408] add 43.1.14 to 43[14:13]
[1572701323641] right click on word 43.1.14 ('答道')
[1572701324147] right click on word 43.1.13 ('麦克默多')
[1572701324532] del 43.1.13 from 43[14:13,14]
[1572701327347] left click on word 43.1.15 ('。')
[1572701327347] new alignment group
[1572701327347] add 43.1.15 to 43[:]
[1572701327807] left click on word 43.0.15 ('.')
[1572701327807] del 43.0.15 from 43[15:]
[1572701327807] add 43.0.15 to 43[:15]
[1572701327963] right click on word 43.0.15 ('.')
[1572701331605] right click on word 43.1.12 ('"')
[1572701332022] del 43.1.12 from 43[13,12:12]
[1572701333374] left click on word 43.1.13 ('麦克默多')
[1572701333374] new alignment group
[1572701333374] add 43.1.13 to 43[:]
[1572701333647] left click on word 43.0.13 ('other')
[1572701333647] del 43.0.13 from 43[13,12:]
[1572701333648] add 43.0.13 to 43[:13]
[1572701334120] left click on word 43.0.12 ('the')
[1572701334120] del 43.0.12 from 43[12:]
[1572701334120] add 43.0.12 to 43[13:13]
[1572701334250] right click on word 43.0.12 ('the')
[1572701334457] right click on word 43.0.12 ('the')
[1572701335567] label 43[13,12:13] as particularization
[1572701337488] left click on word 43.0.11 ('''')
[1572701337488] edit 43[11:11]
[1572701338168] left click on word 43.1.12 ('"')
[1572701338168] add 43.1.12 to 43[11:11]
[1572701338310] right click on word 43.1.12 ('"')
[1572701338700] right click on word 43.1.11 ('。')
[1572701339628] del 43.1.11 from 43[11:11,12]
[1572701341166] left click on word 43.1.11 ('。')
[1572701341166] new alignment group
[1572701341166] add 43.1.11 to 43[:]
[1572701341806] left click on word 43.0.10 (',')
[1572701341806] del 43.0.10 from 43[10:10]
[1572701341806] add 43.0.10 to 43[:11]
[1572701341960] right click on word 43.0.10 (',')
[1572701342063] right click on word 43.0.10 (',')
[1572701343084] label 43[10:11] as equivalence
[1572701346032] left click on word 43.1.10 ('的')
[1572701346032] edit 43[:10]
[1572701346307] right click on word 43.1.10 ('的')
[1572701346662] right click on word 43.1.10 ('的')
[1572701347625] label 43[:10] as unaligned_explicitation
[1572701348539] left click on word 43.1.9 ('决定')
[1572701348539] edit 43[:9]
[1572701349127] left click on word 43.0.7 ('do')
[1572701349127] del 43.0.7 from 43[7:8]
[1572701349127] add 43.0.7 to 43[:9]
[1572701349292] right click on word 43.0.7 ('do')
[1572701351274] left click on word 43.1.8 ('这样')
[1572701351274] edit 43[:8]
[1572701351786] left click on word 43.0.8 ('as')
[1572701351786] del 43.0.8 from 43[8,9:7]
[1572701351786] add 43.0.8 to 43[:8]
[1572701352044] left click on word 43.0.9 ('much')
[1572701352044] del 43.0.9 from 43[9:7]
[1572701352046] add 43.0.9 to 43[8:8]
[1572701352193] right click on word 43.0.9 ('much')
[1572701353753] right click on word 43.1.9 ('决定')
[1572701354992] label 43[7:9] as particularization
[1572701388242] left click on word 43.0.6 ('could')
[1572701388242] new alignment group
[1572701388242] add 43.0.6 to 43[:]
[1572701388595] left click on word 43.1.7 ('会')
[1572701388595] del 43.1.7 from 43[:7]
[1572701388596] add 43.1.7 to 43[6:]
[1572701388790] right click on word 43.1.7 ('会')
[1572701443396] NEW SESSION
[1572701477201] left click on word 45.1.18 ('一')
[1572701477201] edit 45[16,17,18,15:18,17]
[1572701477573] left click on word 45.1.19 ('见到')
[1572701477573] del 45.1.19 from 45[19:19]
[1572701477574] add 45.1.19 to 45[16,17,18,15:18,17]
[1572701477737] right click on word 45.1.19 ('见到')
[1572701481462] left click on word 45.1.20 ('这些')
[1572701481462] edit 45[20:20,21,22,23,24]
[1572701481977] left click on word 45.0.19 ('the')
[1572701481977] del 45.0.19 from 45[19:]
[1572701481978] add 45.0.19 to 45[20:20,21,22,23,24]
[1572701482121] right click on word 45.0.19 ('the')
[1572701484189] right click on word 45.0.19 ('the')
[1572701484528] del 45.0.19 from 45[20,19:20,21,22,23,24]
[1572701485051] right click on word 45.1.20 ('这些')
[1572701485374] del 45.1.20 from 45[20:20,21,22,23,24]
[1572701486887] left click on word 45.0.19 ('the')
[1572701486888] new alignment group
[1572701486888] add 45.0.19 to 45[:]
[1572701487332] left click on word 45.1.20 ('这些')
[1572701487332] add 45.1.20 to 45[19:]
[1572701487499] right click on word 45.1.20 ('这些')
[1572701490005] left click on word 45.1.21 ('穿')
[1572701490005] edit 45[20:21,22,23,24]
[1572701490595] left click on word 45.1.25 ('人')
[1572701490595] del 45.1.25 from 45[:25]
[1572701490596] add 45.1.25 to 45[20:21,22,23,24]
[1572701490738] right click on word 45.1.25 ('人')
[1572701498460] left click on word 45.1.26 ('还是')
[1572701498460] edit 45[:26]
[1572701498770] left click on word 45.1.27 ('觉得')
[1572701498770] del 45.1.27 from 45[21:27]
[1572701498770] add 45.1.27 to 45[:26]
[1572701498910] right click on word 45.1.27 ('觉得')
[1572701500982] left click on word 45.1.28 ('惊异')
[1572701500982] edit 45[22:28]
[1572701501682] left click on word 45.0.21 ('startled')
[1572701501682] del 45.0.21 from 45[21:]
[1572701501683] add 45.0.21 to 45[22:28]
[1572701501812] right click on word 45.0.21 ('startled')
[1572701502206] right click on word 45.0.22 ('and')
[1572701502552] del 45.0.22 from 45[22,21:28]
[1572701505046] right click on word 45.1.28 ('惊异')
[1572701506196] label 45[21:28] as lexical_shift
[1572701507686] left click on word 45.0.22 ('and')
[1572701507686] new alignment group
[1572701507686] add 45.0.22 to 45[:]
[1572701508839] left click on word 45.1.29 ('和')
[1572701508839] del 45.1.29 from 45[23:29]
[1572701508839] add 45.1.29 to 45[22:]
[1572701508950] right click on word 45.1.29 ('和')
[1572701510046] left click on word 45.1.30 ('害怕')
[1572701510046] edit 45[25:30]
[1572701511050] left click on word 45.0.23 ('frightened')
[1572701511050] del 45.0.23 from 45[23:]
[1572701511050] add 45.0.23 to 45[25:30]
[1572701511190] right click on word 45.0.23 ('frightened')
[1572701511392] right click on word 45.0.23 ('frightened')
[1572701512419] label 45[25,23:30] as lexical_shift
[1572701514560] left click on word 45.1.31 ('。')
[1572701514561] new alignment group
[1572701514561] add 45.1.31 to 45[:]
[1572701515390] cancel edit
[1572701516428] left click on word 45.1.31 ('。')
[1572701516428] new alignment group
[1572701516428] add 45.1.31 to 45[:]
[1572701517123] left click on word 45.0.25 ('.')
[1572701517123] del 45.0.25 from 45[25,23:30]
[1572701517123] add 45.0.25 to 45[:31]
[1572701517454] right click on word 45.0.25 ('.')
[1572701526551] right click on word 45.1.17 ('猛')
[1572701527110] del 45.1.17 from 45[16,17,18,15:18,17,19]
[1572701529105] right click on word 45.1.17 ('猛')
[1572701529657] add 45.1.17 to 45[:]
[1572701529657] label 45[:17] as unaligned_explicitation
[1572701579541] left click on word 49.0.3 ('gin')
[1572701579541] edit 49[3:]
[1572701580089] left click on word 49.1.3 ('杜松子酒')
[1572701580089] add 49.1.3 to 49[3:]
[1572701580402] right click on word 49.1.3 ('杜松子酒')
[1572701582509] left click on word 49.0.4 ('.')
[1572701582509] edit 49[4,5:10]
[1572701583823] left click on word 49.1.5 ('，')
[1572701583823] add 49.1.5 to 49[4,5:10]
[1572701583984] right click on word 49.1.5 ('，')
[1572701584979] right click on word 49.0.5 ('It')
[1572701585319] del 49.0.5 from 49[4,5:10,5]
[1572701586265] right click on word 49.1.5 ('，')
[1572701587156] label 49[4:10,5] as equivalence
[1572701591941] right click on word 49.1.10 ('仿佛')
[1572701592346] del 49.1.10 from 49[4:10,5]
[1572701610682] left click on word 49.1.2 ('浑身')
[1572701610683] new alignment group
[1572701610683] add 49.1.2 to 49[:]
[1572701611115] left click on word 49.0.1 ('reeked')
[1572701611116] add 49.0.1 to 49[:2]
[1572701611492] left click on word 49.0.2 ('of')
[1572701611492] add 49.0.2 to 49[1:2]
[1572701611631] right click on word 49.0.2 ('of')
[1572701612748] right click on word 49.0.2 ('of')
[1572701617221] label 49[1,2:2] as transposition
[1572701623814] right click on word 49.0.2 ('of')
[1572701625712] label 49[1,2:2] as modulation_transposition
[1572701630176] right click on word 49.1.4 ('气')
[1572701630964] add 49.1.4 to 49[:]
[1572701630965] label 49[:4] as unaligned_explicitation
[1572701636533] left click on word 49.0.3 ('gin')
[1572701636533] edit 49[3:3]
[1572701637247] left click on word 49.1.4 ('气')
[1572701637247] del 49.1.4 from 49[:4]
[1572701637248] add 49.1.4 to 49[3:3]
[1572701637399] right click on word 49.1.4 ('气')
[1572701638366] right click on word 49.1.4 ('气')
[1572701639539] label 49[3:3,4] as equivalence
[1572701654777] left click on word 49.1.7 ('那')
[1572701654777] edit 49[:6,7,8]
[1572701655524] left click on word 49.0.6 ('seemed')
[1572701655524] del 49.0.6 from 49[6,7:14]
[1572701655524] add 49.0.6 to 49[:6,7,8]
[1572701656507] left click on word 49.0.5 ('It')
[1572701656507] add 49.0.5 to 49[6:6,7,8]
[1572701657312] left click on word 49.0.7 ('to')
[1572701657312] del 49.0.7 from 49[7:14]
[1572701657312] add 49.0.7 to 49[6,5:6,7,8]
[1572701657458] right click on word 49.0.7 ('to')
[1572701658200] right click on word 49.1.7 ('那')
[1572701659931] label 49[6,5,7:6,7,8] as lexical_shift
[1572701669357] left click on word 49.0.6 ('seemed')
[1572701669357] edit 49[6,5,7:6,7,8]
[1572701670642] left click on word 49.1.10 ('仿佛')
[1572701670642] add 49.1.10 to 49[6,5,7:6,7,8]
[1572701670872] right click on word 49.1.10 ('仿佛')
[1572701671417] left click on word 49.1.8 ('样子')
[1572701671417] edit 49[6,5,7:6,7,8,10]
[1572701671754] left click on word 49.1.7 ('那')
[1572701671754] del 49.1.7 from 49[6,5,7:6,7,8,10]
[1572701672254] left click on word 49.1.6 ('看')
[1572701672254] del 49.1.6 from 49[6,5,7:6,8,10]
[1572701672774] left click on word 49.1.8 ('样子')
[1572701672774] del 49.1.8 from 49[6,5,7:8,10]
[1572701673343] cancel edit
[1572701673343] add 49.1.7 to 49[6,5,7:10]
[1572701673343] add 49.1.6 to 49[6,5,7:10,7]
[1572701673343] add 49.1.8 to 49[6,5,7:10,7,6]
[1572701676822] right click on word 49.1.8 ('样子')
[1572701677169] del 49.1.8 from 49[6,5,7:10,7,6,8]
[1572701677770] right click on word 49.1.7 ('那')
[1572701678084] del 49.1.7 from 49[6,5,7:10,7,6]
[1572701678499] right click on word 49.1.6 ('看')
[1572701678843] del 49.1.6 from 49[6,5,7:10,6]
[1572701686743] left click on word 49.1.6 ('看')
[1572701686743] new alignment group
[1572701686743] add 49.1.6 to 49[:]
[1572701687041] left click on word 49.1.7 ('那')
[1572701687041] add 49.1.7 to 49[:6]
[1572701687315] left click on word 49.1.8 ('样子')
[1572701687315] add 49.1.8 to 49[:6,7]
[1572701687489] right click on word 49.1.8 ('样子')
[1572701687678] right click on word 49.1.8 ('样子')
[1572701688628] label 49[:6,7,8] as unaligned_explicitation
[1572701694077] left click on word 49.1.11 ('他')
[1572701694077] edit 49[9:11,12]
[1572701694906] left click on word 49.0.11 ('his')
[1572701694907] del 49.0.11 from 49[11,12,13:16,17,19]
[1572701694907] add 49.0.11 to 49[9:11,12]
[1572701695181] right click on word 49.0.11 ('his')
[1572701695793] right click on word 49.0.9 ('out')
[1572701696087] del 49.0.9 from 49[9,11:11,12]
[1572701697982] left click on word 49.1.13 ('皮肤')
[1572701697982] edit 49[10:13]
[1572701699056] left click on word 49.0.12 ('skin')
[1572701699056] del 49.0.12 from 49[12,13:16,17,19]
[1572701699057] add 49.0.12 to 49[10:13]
[1572701699245] right click on word 49.0.12 ('skin')
[1572701700089] right click on word 49.0.10 ('of')
[1572701700375] del 49.0.10 from 49[10,12:13]
[1572701706664] left click on word 49.0.8 ('breathe')
[1572701706664] edit 49[8:15]
[1572701707075] left click on word 49.0.9 ('out')
[1572701707075] add 49.0.9 to 49[8:15]
[1572701707826] left click on word 49.1.14 ('排出')
[1572701707826] del 49.1.14 from 49[:14]
[1572701707826] add 49.1.14 to 49[8,9:15]
[1572701708001] right click on word 49.1.14 ('排出')
[1572701708872] right click on word 49.1.15 ('的')
[1572701709211] del 49.1.15 from 49[8,9:15,14]
[1572701714481] right click on word 49.1.14 ('排出')
[1572701715784] label 49[8,9:14] as generalization
[1572701719566] left click on word 49.1.15 ('的')
[1572701719567] new alignment group
[1572701719567] add 49.1.15 to 49[:]
[1572701720622] left click on word 49.0.10 ('of')
[1572701720622] add 49.0.10 to 49[:15]
[1572701720780] right click on word 49.0.10 ('of')
[1572701722118] right click on word 49.1.15 ('的')
[1572701724748] label 49[10:15] as transposition
[1572701731156] left click on word 49.1.16 ('不')
[1572701731156] edit 49[13:16,17,19]
[1572701731881] left click on word 49.0.14 ('place')
[1572701731881] del 49.0.14 from 49[14:18]
[1572701731881] add 49.0.14 to 49[13:16,17,19]
[1572701732328] left click on word 49.0.15 ('of')
[1572701732328] add 49.0.15 to 49[13,14:16,17,19]
[1572701732476] right click on word 49.0.15 ('of')
[1572701733573] left click on word 49.0.16 ('sweat')
[1572701733573] edit 49[16:]
[1572701734164] left click on word 49.1.18 ('汗')
[1572701734164] del 49.1.18 from 49[:18]
[1572701734164] add 49.1.18 to 49[16:]
[1572701734310] right click on word 49.1.18 ('汗')
[1572701735511] left click on word 49.1.21 ('，')
[1572701735511] new alignment group
[1572701735511] add 49.1.21 to 49[:]
[1572701736430] left click on word 49.0.17 (',')
[1572701736430] del 49.0.17 from 49[17,18,19,20,21:28,29]
[1572701736431] add 49.0.17 to 49[:21]
[1572701736578] right click on word 49.0.17 (',')
[1572701749580] left click on word 49.1.20 ('酒')
[1572701749581] new alignment group
[1572701749581] add 49.1.20 to 49[:]
[1572701750896] left click on word 49.1.3 ('杜松子酒')
[1572701750896] del 49.1.3 from 49[3:3,4]
[1572701750896] add 49.1.3 to 49[:20]
[1572701751105] right click on word 49.1.3 ('杜松子酒')
[1572701752265] left click on word 49.1.3 ('杜松子酒')
[1572701752265] edit 49[:20,3]
[1572701753070] left click on word 49.0.3 ('gin')
[1572701753071] del 49.0.3 from 49[3:4]
[1572701753071] add 49.0.3 to 49[:20,3]
[1572701754063] left click on word 49.1.4 ('气')
[1572701754063] del 49.1.4 from 49[:4]
[1572701754064] add 49.1.4 to 49[3:20,3]
[1572701755139] left click on word 49.1.20 ('酒')
[1572701755139] del 49.1.20 from 49[3:20,3,4]
[1572701755291] right click on word 49.1.20 ('酒')
[1572701755291] add 49.1.20 to 49[3:3,4]
[1572701756046] right click on word 49.1.20 ('酒')
[1572701756979] label 49[3:3,4,20] as equivalence
[1572701770338] left click on word 49.1.23 ('他')
[1572701770338] new alignment group
[1572701770338] add 49.1.23 to 49[:]
[1572701771136] left click on word 49.0.28 ('his')
[1572701771136] add 49.0.28 to 49[:23]
[1572701771267] right click on word 49.0.28 ('his')
[1572701798251] right click on word 49.1.25 ('里')
[1572701798575] del 49.1.25 from 49[26,27:25]
[1572701799006] right click on word 49.1.26 ('涌出')
[1572701799324] del 49.1.26 from 49[:26]
[1572701799667] right click on word 49.1.27 ('的')
[1572701799997] del 49.1.27 from 49[23,22:27]
[1572701800298] right click on word 49.1.28 ('泪水')
[1572701800771] del 49.1.28 from 49[18,19,20,21:28,29]
[1572701801347] right click on word 49.1.30 ('像')
[1572701801628] del 49.1.30 from 49[29:30]
[1572701801954] right click on word 49.1.31 ('是')
[1572701802549] del 49.1.31 from 49[30:31]
[1572701803114] right click on word 49.1.32 ('纯')
[1572701803558] del 49.1.32 from 49[31:32]
[1572701803869] left click on word 49.1.33 ('酒')
[1572701803870] new alignment group
[1572701803870] add 49.1.33 to 49[:]
[1572701804651] right click on word 49.1.29 ('也')
[1572701804651] del 49.1.29 from 49[18,19,20,21:29]
[1572701804651] add 49.1.29 to 49[:33]
[1572701804953] left click on word 49.1.29 ('也')
[1572701804953] edit 49[:33,29]
[1572701805317] right click on word 49.1.29 ('也')
[1572701809852] right click on word 49.0.25 ('tears')
[1572701810183] del 49.0.25 from 49[25:]
[1572701811887] left click on word 49.0.33 ('.')
[1572701811887] new alignment group
[1572701811887] add 49.0.33 to 49[:]
[1572701812550] left click on word 49.1.34 ('。')
[1572701812550] add 49.1.34 to 49[33:]
[1572701812677] right click on word 49.1.34 ('。')
[1572701814604] left click on word 49.1.24 ('眼')
[1572701814604] edit 49[:24]
[1572701815763] left click on word 49.0.29 ('eyes')
[1572701815763] del 49.0.29 from 49[29:]
[1572701815763] add 49.0.29 to 49[:24]
[1572701815914] right click on word 49.0.29 ('eyes')
[1572701816111] right click on word 49.0.29 ('eyes')
[1572701823659] label 49[29:24] as literal
[1572701826234] right click on word 49.1.24 ('眼')
[1572701828150] label 49[29:24] as lexical_shift
[1572701845972] left click on word 49.1.25 ('里')
[1572701845972] new alignment group
[1572701845972] add 49.1.25 to 49[:]
[1572701846751] left click on word 49.0.27 ('from')
[1572701846751] del 49.0.27 from 49[26,27:]
[1572701846751] add 49.0.27 to 49[:25]
[1572701846885] right click on word 49.0.27 ('from')
[1572701852049] left click on word 49.0.26 ('welling')
[1572701852049] edit 49[26:]
[1572701852629] left click on word 49.1.26 ('涌出')
[1572701852629] add 49.1.26 to 49[26:]
[1572701853241] right click on word 49.1.26 ('涌出')
[1572701854595] right click on word 49.1.26 ('涌出')
[1572701855579] label 49[26:26] as lexical_shift
[1572701857771] right click on word 49.1.27 ('的')
[1572701858443] add 49.1.27 to 49[:]
[1572701858443] label 49[:27] as unaligned_explicitation
[1572701859321] left click on word 49.1.28 ('泪水')
[1572701859321] new alignment group
[1572701859321] add 49.1.28 to 49[:]
[1572701859744] left click on word 49.0.25 ('tears')
[1572701859745] add 49.0.25 to 49[:28]
[1572701860067] left click on word 49.0.24 ('the')
[1572701860067] del 49.0.24 from 49[24:]
[1572701860067] add 49.0.24 to 49[25:28]
[1572701860221] right click on word 49.0.24 ('the')
[1572701860436] right click on word 49.0.24 ('the')
[1572701861365] label 49[25,24:28] as lexical_shift
[1572701874178] left click on word 49.0.30 ('were')
[1572701874178] edit 49[30:]
[1572701875231] left click on word 49.1.31 ('是')
[1572701875231] add 49.1.31 to 49[30:]
[1572701875434] right click on word 49.1.31 ('是')
[1572701875672] right click on word 49.1.31 ('是')
[1572701876740] label 49[30:31] as lexical_shift
[1572701882162] left click on word 49.0.30 ('were')
[1572701882162] edit 49[30:31]
[1572701883678] left click on word 49.1.29 ('也')
[1572701883678] del 49.1.29 from 49[:33,29]
[1572701883678] add 49.1.29 to 49[30:31]
[1572701884273] left click on word 49.1.30 ('像')
[1572701884274] add 49.1.30 to 49[30:31,29]
[1572701884636] right click on word 49.1.30 ('像')
[1572701888868] right click on word 49.1.29 ('也')
[1572701889338] del 49.1.29 from 49[30:31,29,30]
[1572701890060] right click on word 49.1.30 ('像')
[1572701891419] label 49[30:31,30] as figurative
[1572701894286] right click on word 49.1.29 ('也')
[1572701894952] add 49.1.29 to 49[:]
[1572701894952] label 49[:29] as unaligned_explicitation
[1572701896534] left click on word 49.0.31 ('pure')
[1572701896534] edit 49[31:]
[1572701897475] left click on word 49.1.32 ('纯')
[1572701897475] add 49.1.32 to 49[31:]
[1572701897602] right click on word 49.1.32 ('纯')
[1572701897941] left click on word 49.1.33 ('酒')
[1572701897941] edit 49[:33]
[1572701898825] left click on word 49.0.32 ('gin')
[1572701898825] add 49.0.32 to 49[:33]
[1572701898944] right click on word 49.0.32 ('gin')
[1572701900712] right click on word 49.1.33 ('酒')
[1572701902034] label 49[32:33] as generalization
[1572701959752] left click on word 49.1.29 ('也')
[1572701959752] edit 49[:29]
[1572701960728] left click on word 49.0.18 ('and')
[1572701960728] del 49.0.18 from 49[18,19,20,21:]
[1572701960728] add 49.0.18 to 49[:29]
[1572701960881] right click on word 49.0.18 ('and')
[1572701966551] left click on word 49.1.30 ('像')
[1572701966551] edit 49[30:31,30]
[1572701967819] left click on word 49.0.19 ('one')
[1572701967819] del 49.0.19 from 49[19,20,21:]
[1572701967819] add 49.0.19 to 49[30:31,30]
[1572701968049] left click on word 49.0.20 ('could')
[1572701968049] del 49.0.20 from 49[20,21:]
[1572701968049] add 49.0.20 to 49[30,19:31,30]
[1572701968315] left click on word 49.0.21 ('have')
[1572701968315] del 49.0.21 from 49[21:]
[1572701968315] add 49.0.21 to 49[30,19,20:31,30]
[1572701968613] left click on word 49.0.22 ('fancied')
[1572701968613] del 49.0.22 from 49[23,22:]
[1572701968614] add 49.0.22 to 49[30,19,20,21:31,30]
[1572701968986] left click on word 49.0.23 ('that')
[1572701968986] del 49.0.23 from 49[23:]
[1572701968986] add 49.0.23 to 49[30,19,20,21,22:31,30]
[1572701969231] right click on word 49.0.23 ('that')
[1572701999260] left click on word 49.1.30 ('像')
[1572701999260] edit 49[30,19,20,21,22,23:31,30]
[1572702000780] cancel edit
[1572702001384] right click on word 49.0.23 ('that')
[1572702002230] del 49.0.23 from 49[30,19,20,21,22,23:31,30]
[1572702003063] left click on word 49.0.22 ('fancied')
[1572702003064] edit 49[30,19,20,21,22:31,30]
[1572702003498] right click on word 49.0.22 ('fancied')
[1572702004148] right click on word 49.0.22 ('fancied')
[1572702004542] del 49.0.22 from 49[30,19,20,21,22:31,30]
[1572702005034] right click on word 49.0.21 ('have')
[1572702005441] del 49.0.21 from 49[30,19,20,21:31,30]
[1572702005904] right click on word 49.0.20 ('could')
[1572702006234] del 49.0.20 from 49[30,19,20:31,30]
[1572702006759] right click on word 49.0.19 ('one')
[1572702007065] del 49.0.19 from 49[30,19:31,30]
[1572702007951] left click on word 49.0.23 ('that')
[1572702007951] new alignment group
[1572702007951] add 49.0.23 to 49[:]
[1572702008580] cancel edit
[1572702008581] add 49.0.23 to 49[:]
[1572702016477] left click on word 49.0.19 ('one')
[1572702016477] new alignment group
[1572702016477] add 49.0.19 to 49[:]
[1572702016743] left click on word 49.0.20 ('could')
[1572702016743] add 49.0.20 to 49[19:]
[1572702016985] left click on word 49.0.21 ('have')
[1572702016985] add 49.0.21 to 49[19,20:]
[1572702017219] left click on word 49.0.22 ('fancied')
[1572702017219] add 49.0.22 to 49[19,20,21:]
[1572702017477] left click on word 49.0.23 ('that')
[1572702017477] del 49.0.23 from 49[23:]
[1572702017478] add 49.0.23 to 49[19,20,21,22:]
[1572702017695] right click on word 49.0.23 ('that')
[1572702017976] right click on word 49.0.23 ('that')
[1572702020515] label 49[19,20,21,22,23:] as unaligned_explicitation
[1572702021658] right click on word 49.0.22 ('fancied')
[1572702022473] label 49[19,20,21,22,23:] as unaligned_reduction
[1572702023488] right click on word 49.1.30 ('像')
[1572702025536] label 49[30:31,30] as uncertain
[1572702032159] left click on word 49.1.30 ('像')
[1572702032159] edit 49[30:31,30]
[1572702034037] left click on word 49.0.19 ('one')
[1572702034037] del 49.0.19 from 49[19,20,21,22,23:]
[1572702034037] add 49.0.19 to 49[30:31,30]
[1572702034498] left click on word 49.0.20 ('could')
[1572702034498] del 49.0.20 from 49[20,21,22,23:]
[1572702034498] add 49.0.20 to 49[30,19:31,30]
[1572702034780] left click on word 49.0.21 ('have')
[1572702034780] del 49.0.21 from 49[21,22,23:]
[1572702034780] add 49.0.21 to 49[30,19,20:31,30]
[1572702035028] left click on word 49.0.21 ('have')
[1572702035028] del 49.0.21 from 49[30,19,20,21:31,30]
[1572702035028] add 49.0.21 to 49[22,23:]
[1572702035447] left click on word 49.0.22 ('fancied')
[1572702035447] del 49.0.22 from 49[22,23,21:]
[1572702035447] add 49.0.22 to 49[30,19,20:31,30]
[1572702035907] left click on word 49.0.23 ('that')
[1572702035908] del 49.0.23 from 49[23,21:]
[1572702035908] add 49.0.23 to 49[30,19,20,22:31,30]
[1572702036704] left click on word 49.0.21 ('have')
[1572702036704] del 49.0.21 from 49[21:]
[1572702036704] add 49.0.21 to 49[30,19,20,22,23:31,30]
[1572702037031] right click on word 49.0.21 ('have')
[1572702170341] left click on word 46.1.5 ('面色')
[1572702170341] edit 46[:5]
[1572702171348] left click on word 46.0.7 ('face')
[1572702171349] del 46.0.7 from 46[3,6,7:8]
[1572702171350] add 46.0.7 to 46[:5]
[1572702171579] right click on word 46.0.7 ('face')
[1572702172592] right click on word 46.0.7 ('face')
[1572702173306] label 46[7:5] as equivalence
[1572702177072] left click on word 46.1.5 ('面色')
[1572702177072] edit 46[7:5]
[1572702177718] left click on word 46.0.3 ('a')
[1572702177718] del 46.0.3 from 46[3,6:8]
[1572702177719] add 46.0.3 to 46[7:5]
[1572702177843] right click on word 46.0.3 ('a')
[1572702207235] right click on word 46.1.8 ('愁眉不展')
[1572702211803] label 46[6:8] as modulation_transposition
