[1561385481074] NEW SESSION
[1561385505882] left click on word 1.1.6 ('，')
[1561385505882] new alignment group
[1561385505882] add 1.1.6 to 1[:]
[1561385506470] left click on word 1.0.6 (',')
[1561385506470] add 1.0.6 to 1[:6]
[1561385506668] right click on word 1.0.6 (',')
[1561385509307] left click on word 1.0.8 ('right')
[1561385509308] edit 1[8:7]
[1561385509677] left click on word 1.0.9 ('on')
[1561385509678] add 1.0.9 to 1[8:7]
[1561385510250] left click on word 1.1.9 ('了')
[1561385510250] add 1.1.9 to 1[8,9:7]
[1561385510503] left click on word 1.1.8 ('极')
[1561385510504] add 1.1.8 to 1[8,9:7,9]
[1561385511012] right click on word 1.1.9 ('了')
[1561385515258] right click on word 1.1.4 ('要')
[1561385517826] right click on word 1.0.1 ('a')
[1561385519190] left click on word 1.1.1 ('奶奶')
[1561385519190] edit 1[2:1]
[1561385519718] left click on word 1.0.1 ('a')
[1561385519718] add 1.0.1 to 1[2:1]
[1561385519908] right click on word 1.0.1 ('a')
[1561385523340] left click on word 1.1.2 ('，')
[1561385523340] new alignment group
[1561385523340] add 1.1.2 to 1[:]
[1561385523990] left click on word 1.0.3 (',')
[1561385523990] add 1.0.3 to 1[:2]
[1561385524166] right click on word 1.0.3 (',')
[1561386411412] left click on word 2.1.4 ('需要')
[1561386411412] new alignment group
[1561386411412] add 2.1.4 to 2[:]
[1561386411892] left click on word 2.0.4 ('needsome')
[1561386411892] add 2.0.4 to 2[:4]
[1561386412130] right click on word 2.0.4 ('needsome')
[1561386422934] left click on word 2.1.3 ('还')
[1561386422935] edit 2[1:3]
[1561386423469] left click on word 2.0.5 ('more')
[1561386423469] add 2.0.5 to 2[1:3]
[1561386423656] right click on word 2.0.5 ('more')
[1561386434372] left click on word 3.1.4 ('奖')
[1561386434373] new alignment group
[1561386434373] add 3.1.4 to 3[:]
[1561386434734] left click on word 3.1.5 ('对')
[1561386434734] add 3.1.5 to 3[:4]
[1561386435287] left click on word 3.1.6 ('惩错')
[1561386435287] add 3.1.6 to 3[:4,5]
[1561386435928] left click on word 3.0.6 ('praise')
[1561386435928] add 3.0.6 to 3[:4,5,6]
[1561386436578] left click on word 3.0.7 ('with')
[1561386436579] add 3.0.7 to 3[6:4,5,6]
[1561386436946] left click on word 3.0.8 ('the')
[1561386436946] add 3.0.8 to 3[6,7:4,5,6]
[1561386437330] left click on word 3.0.9 ('good')
[1561386437330] add 3.0.9 to 3[6,7,8:4,5,6]
[1561386437939] left click on word 3.0.11 ('scold')
[1561386437939] add 3.0.11 to 3[6,7,8,9:4,5,6]
[1561386438304] left click on word 3.0.12 ('with')
[1561386438304] add 3.0.12 to 3[6,7,8,9,11:4,5,6]
[1561386438618] left click on word 3.0.13 ('the')
[1561386438618] add 3.0.13 to 3[6,7,8,9,11,12:4,5,6]
[1561386438962] cancel edit
[1561386442982] left click on word 3.0.6 ('praise')
[1561386442983] new alignment group
[1561386442983] add 3.0.6 to 3[:]
[1561386443510] left click on word 3.0.7 ('with')
[1561386443510] add 3.0.7 to 3[6:]
[1561386444539] left click on word 3.0.8 ('the')
[1561386444539] add 3.0.8 to 3[6,7:]
[1561386444924] left click on word 3.0.9 ('good')
[1561386444924] add 3.0.9 to 3[6,7,8:]
[1561386445678] left click on word 3.1.6 ('惩错')
[1561386445678] add 3.1.6 to 3[6,7,8,9:]
[1561386446128] left click on word 3.1.5 ('对')
[1561386446128] add 3.1.5 to 3[6,7,8,9:6]
[1561386446536] left click on word 3.1.4 ('奖')
[1561386446536] add 3.1.4 to 3[6,7,8,9:6,5]
[1561386447355] left click on word 3.0.11 ('scold')
[1561386447356] add 3.0.11 to 3[6,7,8,9:6,5,4]
[1561386447838] left click on word 3.0.12 ('with')
[1561386447839] add 3.0.12 to 3[6,7,8,9,11:6,5,4]
[1561386448234] left click on word 3.0.13 ('the')
[1561386448234] add 3.0.13 to 3[6,7,8,9,11,12:6,5,4]
[1561386448935] left click on word 3.0.14 ('bad')
[1561386448935] add 3.0.14 to 3[6,7,8,9,11,12,13:6,5,4]
[1561386449101] right click on word 3.0.14 ('bad')
[1561387608565] left click on word 2.1.3 ('还')
[1561387608565] edit 2[1,5:3]
[1561387630218] right click on word 2.0.1 (''re')
[1561387671128] left click on word 2.0.1 (''re')
[1561387671128] edit 2[1,5:3]
[1561387671226] left click on word 2.0.1 (''re')
[1561387671226] del 2.0.1 from 2[1,5:3]
[1561387671766] left click on word 2.0.1 (''re')
[1561387671767] add 2.0.1 to 2[5:3]
[1561387672728] cancel edit
[1561387673655] left click on word 2.0.1 (''re')
[1561387673655] edit 2[5,1:3]
[1561387673777] left click on word 2.0.1 (''re')
[1561387673777] del 2.0.1 from 2[5,1:3]
[1561387675814] left click on word 2.0.5 ('more')
[1561387675814] del 2.0.5 from 2[5:3]
[1561387675937] left click on word 2.0.5 ('more')
[1561387675937] add 2.0.5 to 2[:3]
[1561387677184] left click on word 2.0.2 ('gon')
[1561387677184] add 2.0.2 to 2[5:3]
[1561387677608] left click on word 2.0.3 ('na')
[1561387677609] add 2.0.3 to 2[5,2:3]
[1561387678181] right click on word 2.1.3 ('还')
[1561387706493] right click on word 2.0.7 ('over')
[1561387707533] add 2.0.7 to 2[:]
[1561387707533] label 2[7:] as unaligned_reduction
[1561387714937] right click on word 3.0.0 ('Our')
[1561387715640] add 3.0.0 to 3[:]
[1561387715640] label 3[0:] as unaligned_reduction
[1561387719753] right click on word 3.0.4 ('that')
[1561387720385] add 3.0.4 to 3[:]
[1561387720385] label 3[4:] as unaligned_reduction
[1561387762676] right click on word 3.0.7 ('with')
[1561387764160] label 3[6,7,8,9,11,12,13,14:6,5,4] as equivalence
[1561387829115] right click on word 3.1.6 ('惩错')
[1561387830268] label 3[6,7,8,9,11,12,13,14:6,5,4] as literal
[1561387846497] right click on word 4.1.0 ('我')
[1561387859074] right click on word 4.1.0 ('我')
[1561387866115] left click on word 4.1.1 ('演示')
[1561387866115] new alignment group
[1561387866115] add 4.1.1 to 4[:]
[1561387866778] left click on word 4.0.2 ('show')
[1561387866778] del 4.0.2 from 4[2:4]
[1561387866778] add 4.0.2 to 4[:1]
[1561387866956] right click on word 4.0.2 ('show')
[1561387882540] right click on word 4.1.2 ('给')
[1561387883440] del 4.1.2 from 4[0:2]
[1561387898961] left click on word 4.1.10 ('个')
[1561387898962] new alignment group
[1561387898962] add 4.1.10 to 4[:]
[1561387899439] left click on word 4.0.8 ('an')
[1561387899439] add 4.0.8 to 4[:10]
[1561387899697] right click on word 4.0.8 ('an')
[1561387964079] right click on word 4.0.1 ('me')
[1561387967200] label 4[1:0] as modulation
[1561387977492] right click on word 4.1.4 ('看')
[1561387978650] label 4[:4] as unaligned_explicitation
[1561387980232] right click on word 4.1.2 ('给')
[1561387982405] right click on word 4.1.2 ('给')
[1561387983620] add 4.1.2 to 4[:]
[1561387983620] label 4[:2] as unaligned_explicitation
[1561388026617] left click on word 5.1.1 ('，')
[1561388026617] new alignment group
[1561388026617] add 5.1.1 to 5[:]
[1561388027127] left click on word 5.0.1 (',')
[1561388027127] add 5.0.1 to 5[:1]
[1561388027314] right click on word 5.0.1 (',')
[1561388032321] left click on word 5.1.3 ('需要')
[1561388032321] edit 5[7:3]
[1561388032667] left click on word 5.0.3 ('should')
[1561388032667] add 5.0.3 to 5[7:3]
[1561388032913] right click on word 5.0.3 ('should')
[1561388037297] left click on word 5.1.6 ('这个')
[1561388037298] new alignment group
[1561388037298] add 5.1.6 to 5[:]
[1561388037740] left click on word 5.0.5 ('that')
[1561388037740] add 5.0.5 to 5[:6]
[1561388037893] right click on word 5.0.5 ('that')
[1561388039734] right click on word 5.1.5 ('一下')
[1561388040495] add 5.1.5 to 5[:]
[1561388040495] label 5[:5] as unaligned_explicitation
[1561388049549] left click on word 5.1.9 ('？')
[1561388049550] new alignment group
[1561388049550] add 5.1.9 to 5[:]
[1561388050693] left click on word 5.0.10 ('?')
[1561388050693] del 5.0.10 from 5[10:8]
[1561388050693] add 5.0.10 to 5[:9]
[1561388050887] right click on word 5.0.10 ('?')
[1561388053820] left click on word 5.0.7 ('should')
[1561388053820] edit 5[7,3:3]
[1561388054074] right click on word 5.0.7 ('should')
[1561388054962] left click on word 5.0.7 ('should')
[1561388054962] edit 5[7,3:3]
[1561388055058] left click on word 5.0.7 ('should')
[1561388055058] del 5.0.7 from 5[7,3:3]
[1561388057354] cancel edit
[1561388057354] add 5.0.7 to 5[3:3]
[1561388060655] left click on word 5.0.7 ('should')
[1561388060655] edit 5[3,7:3]
[1561388061090] left click on word 5.0.8 ('n't')
[1561388061090] add 5.0.8 to 5[3,7:3]
[1561388061790] left click on word 5.1.8 ('吗')
[1561388061790] del 5.1.8 from 5[:8]
[1561388061790] add 5.1.8 to 5[3,7,8:3]
[1561388062282] left click on word 5.1.7 ('可以')
[1561388062282] add 5.1.7 to 5[3,7,8:3,8]
[1561388062515] right click on word 5.1.7 ('可以')
[1561388066527] right click on word 5.1.7 ('可以')
[1561388067082] del 5.1.7 from 5[3,7,8:3,8,7]
[1561388067682] right click on word 5.1.8 ('吗')
[1561388068108] del 5.1.8 from 5[3,7,8:3,8]
[1561388068523] right click on word 5.0.7 ('should')
[1561388068985] del 5.0.7 from 5[3,7,8:3]
[1561388069529] right click on word 5.0.8 ('n't')
[1561388069964] del 5.0.8 from 5[3,8:3]
[1561388073528] left click on word 5.1.7 ('可以')
[1561388073528] new alignment group
[1561388073528] add 5.1.7 to 5[:]
[1561388073916] left click on word 5.1.8 ('吗')
[1561388073916] add 5.1.8 to 5[:7]
[1561388074302] left click on word 5.0.7 ('should')
[1561388074302] add 5.0.7 to 5[:7,8]
[1561388074826] left click on word 5.0.8 ('n't')
[1561388074826] add 5.0.8 to 5[7:7,8]
[1561388075072] right click on word 5.0.8 ('n't')
[1561388080092] right click on word 5.0.9 ('we')
[1561388081426] add 5.0.9 to 5[:]
[1561388081426] label 5[9:] as unaligned_reduction
[1561388121035] right click on word 5.1.3 ('需要')
[1561388122688] label 5[3:3] as equivalence
[1561388129189] right click on word 5.1.7 ('可以')
[1561388132187] label 5[7,8:7,8] as particularization
[1561388143457] left click on word 6.0.7 ('enough')
[1561388143457] edit 6[7:4]
[1561388144307] left click on word 6.1.5 ('了')
[1561388144307] add 6.1.5 to 6[7:4]
[1561388144529] right click on word 6.1.5 ('了')
[1561388147862] left click on word 6.1.6 ('！')
[1561388147862] new alignment group
[1561388147862] add 6.1.6 to 6[:]
[1561388148631] left click on word 6.0.8 ('!')
[1561388148631] add 6.0.8 to 6[:6]
[1561388148799] right click on word 6.0.8 ('!')
[1561388149947] right click on word 6.0.5 ('That')
[1561388150681] add 6.0.5 to 6[:]
[1561388150681] label 6[5:] as unaligned_reduction
[1561388151209] right click on word 6.0.6 ('is')
[1561388151769] add 6.0.6 to 6[:]
[1561388151769] label 6[6:] as unaligned_reduction
[1561388512392] left click on word 7.1.3 ('这')
[1561388512392] edit 7[4:3]
[1561388513430] right click on word 7.0.4 ('this')
[1561388514149] right click on word 7.0.4 ('this')
[1561388514902] del 7.0.4 from 7[4:3]
[1561388515590] left click on word 7.1.3 ('这')
[1561388515591] edit 7[:3]
[1561388516453] left click on word 7.0.11 ('this')
[1561388516453] add 7.0.11 to 7[:3]
[1561388516658] right click on word 7.0.11 ('this')
[1561388517433] left click on word 7.0.12 ('lamb')
[1561388517433] edit 7[12:4]
[1561388518366] right click on word 7.0.12 ('lamb')
[1561388572982] left click on word 7.0.1 (''m')
[1561388572983] new alignment group
[1561388572983] add 7.0.1 to 7[:]
[1561388574398] left click on word 7.0.2 ('like')
[1561388574398] del 7.0.2 from 7[2:1]
[1561388574399] add 7.0.2 to 7[1:]
[1561388574956] left click on word 7.1.1 ('想')
[1561388574956] del 7.1.1 from 7[:1]
[1561388574957] add 7.1.1 to 7[1,2:]
[1561388575536] right click on word 7.1.1 ('想')
[1561388576176] right click on word 7.1.1 ('想')
[1561388578231] label 7[1,2:1] as particularization
[1561388581270] left click on word 7.1.2 ('，')
[1561388581270] new alignment group
[1561388581270] add 7.1.2 to 7[:]
[1561388581837] left click on word 7.0.3 (',')
[1561388581838] add 7.0.3 to 7[:2]
[1561388581998] right click on word 7.0.3 (',')
[1561388609192] left click on word 7.0.6 ('not')
[1561388609192] edit 7[6:12]
[1561388609780] left click on word 7.0.7 ('a')
[1561388609780] add 7.0.7 to 7[6:12]
[1561388611439] left click on word 7.1.5 ('看起来')
[1561388611439] add 7.1.5 to 7[6,7:12]
[1561388612018] left click on word 7.1.8 ('不好')
[1561388612018] del 7.1.8 from 7[8:8]
[1561388612019] add 7.1.8 to 7[6,7:12,5]
[1561388612468] left click on word 7.0.8 ('good')
[1561388612468] del 7.0.8 from 7[8:]
[1561388612469] add 7.0.8 to 7[6,7:12,5,8]
[1561388612798] left click on word 7.0.9 ('sign')
[1561388612798] add 7.0.9 to 7[6,7,8:12,5,8]
[1561388616082] left click on word 7.0.10 ('for')
[1561388616082] add 7.0.10 to 7[6,7,8,9:12,5,8]
[1561388616718] right click on word 7.0.9 ('sign')
[1561388621822] right click on word 7.1.12 ('不')
[1561388622482] del 7.1.12 from 7[6,7,8,9,10:12,5,8]
[1561388637324] right click on word 7.0.6 ('not')
[1561388638487] label 7[6,7,8,9,10:5,8] as modulation
[1561388645443] right click on word 7.1.7 ('都')
[1561388646070] del 7.1.7 from 7[15:7]
[1561388650291] left click on word 7.1.10 ('一点')
[1561388650292] new alignment group
[1561388650292] add 7.1.10 to 7[:]
[1561388650607] left click on word 7.1.10 ('一点')
[1561388650607] del 7.1.10 from 7[:10]
[1561388651309] left click on word 7.1.10 ('一点')
[1561388651309] add 7.1.10 to 7[:]
[1561388651663] left click on word 7.1.11 ('也')
[1561388651663] add 7.1.11 to 7[:10]
[1561388651973] left click on word 7.1.12 ('不')
[1561388651973] add 7.1.12 to 7[:10,11]
[1561388652381] left click on word 7.0.14 ('at')
[1561388652381] add 7.0.14 to 7[:10,11,12]
[1561388652645] left click on word 7.0.15 ('all')
[1561388652645] del 7.0.15 from 7[15:]
[1561388652646] add 7.0.15 to 7[14:10,11,12]
[1561388653053] right click on word 7.0.15 ('all')
[1561388663254] left click on word 7.0.13 (',')
[1561388663254] new alignment group
[1561388663254] add 7.0.13 to 7[:]
[1561388664439] left click on word 7.1.9 ('，')
[1561388664439] add 7.1.9 to 7[13:]
[1561388664599] right click on word 7.1.9 ('，')
[1561388684638] left click on word 7.1.5 ('看起来')
[1561388684638] edit 7[6,7,8,9,10:5,8]
[1561388685022] left click on word 7.0.5 ('is')
[1561388685022] add 7.0.5 to 7[6,7,8,9,10:5,8]
[1561388685189] right click on word 7.0.5 ('is')
[1561388690106] right click on word 7.0.4 ('this')
[1561388690748] add 7.0.4 to 7[:]
[1561388690748] label 7[4:] as unaligned_reduction
[1561388691677] right click on word 7.1.6 ('一点')
[1561388692277] add 7.1.6 to 7[:]
[1561388692278] label 7[:6] as unaligned_explicitation
[1561388692718] right click on word 7.1.7 ('都')
[1561388693360] add 7.1.7 to 7[:]
[1561388693360] label 7[:7] as unaligned_explicitation
[1561388704248] right click on word 7.0.14 ('at')
[1561388705888] label 7[14,15:10,11,12] as particularization
[1561388724525] right click on word 7.1.11 ('也')
[1561388725423] label 7[14,15:10,11,12] as literal
[1561388834332] right click on word 8.1.5 ('飞往')
[1561388834884] del 8.1.5 from 8[5:5]
[1561388836522] left click on word 8.0.5 ('flight')
[1561388836522] edit 8[5:]
[1561388837438] left click on word 8.1.4 ('航班')
[1561388837438] del 8.1.4 from 8[5:4]
[1561388837439] add 8.1.4 to 8[5:]
[1561388837684] right click on word 8.1.4 ('航班')
[1561388841346] left click on word 8.1.5 ('飞往')
[1561388841347] new alignment group
[1561388841347] add 8.1.5 to 8[:]
[1561388842565] left click on word 8.0.7 ('to')
[1561388842565] add 8.0.7 to 8[:5]
[1561388842753] right click on word 8.0.7 ('to')
[1561388844031] right click on word 8.0.7 ('to')
[1561388846000] label 8[7:5] as particularization
[1561388847201] left click on word 8.0.8 ('New')
[1561388847201] new alignment group
[1561388847201] add 8.0.8 to 8[:]
[1561388847601] left click on word 8.0.9 ('York')
[1561388847601] del 8.0.9 from 8[9:6]
[1561388847601] add 8.0.9 to 8[8:]
[1561388848386] left click on word 8.1.6 ('纽约')
[1561388848386] del 8.1.6 from 8[:6]
[1561388848386] add 8.1.6 to 8[8,9:]
[1561388848732] right click on word 8.1.6 ('纽约')
[1561388852117] right click on word 8.1.9 ('请')
[1561388853424] add 8.1.9 to 8[:]
[1561388853424] label 8[:9] as unaligned_explicitation
[1561388854337] right click on word 8.1.9 ('请')
[1561388855263] del 8.1.9 from 8[:9]
[1561388881265] left click on word 8.0.4 ('for')
[1561388881266] new alignment group
[1561388881266] add 8.0.4 to 8[:]
[1561388882176] left click on word 8.1.2 ('乘坐')
[1561388882176] add 8.1.2 to 8[4:]
[1561388882370] right click on word 8.1.2 ('乘坐')
[1561388883116] right click on word 8.1.2 ('乘坐')
[1561388890600] label 8[4:2] as modulation_transposition
[1561388946459] left click on word 9.1.1 ('在')
[1561388946459] new alignment group
[1561388946459] add 9.1.1 to 9[:]
[1561388946909] left click on word 9.0.1 (''re')
[1561388946909] add 9.0.1 to 9[:1]
[1561388947063] right click on word 9.0.1 (''re')
[1561388956755] right click on word 9.1.2 ('跟')
[1561388957303] del 9.1.2 from 9[2:2]
[1561388958084] left click on word 9.0.2 ('telling')
[1561388958085] edit 9[2:]
[1561388958554] left click on word 9.1.4 ('说')
[1561388958554] add 9.1.4 to 9[2:]
[1561388958736] right click on word 9.1.4 ('说')
[1561388970367] right click on word 9.1.2 ('跟')
[1561388971189] add 9.1.2 to 9[:]
[1561388971189] label 9[:2] as unaligned_explicitation
[1561388976346] left click on word 9.1.6 ('那是')
[1561388976346] new alignment group
[1561388976346] add 9.1.6 to 9[:]
[1561388977123] left click on word 9.0.4 ('it')
[1561388977123] add 9.0.4 to 9[:6]
[1561388977524] left click on word 9.0.5 ('was')
[1561388977524] add 9.0.5 to 9[4:6]
[1561388977712] right click on word 9.0.5 ('was')
[1561388978930] left click on word 9.1.7 ('自杀')
[1561388978930] edit 9[7:7]
[1561388979581] left click on word 9.0.6 ('a')
[1561388979581] add 9.0.6 to 9[7:7]
[1561388979752] right click on word 9.0.6 ('a')
[1561389181177] left click on word 10.0.2 ('a')
[1561389181177] new alignment group
[1561389181177] add 10.0.2 to 10[:]
[1561389181485] left click on word 10.0.3 ('few')
[1561389181485] del 10.0.3 from 10[3:2]
[1561389181485] add 10.0.3 to 10[2:]
[1561389181968] left click on word 10.1.3 ('句')
[1561389181968] add 10.1.3 to 10[2,3:]
[1561389182202] cancel edit
[1561389182202] add 10.0.3 to 10[:2]
[1561389182632] left click on word 10.1.2 ('几')
[1561389182632] edit 10[3:2]
[1561389183099] left click on word 10.1.3 ('句')
[1561389183099] add 10.1.3 to 10[3:2]
[1561389183716] left click on word 10.0.2 ('a')
[1561389183716] add 10.0.2 to 10[3:2,3]
[1561389183930] right click on word 10.0.2 ('a')
[1561389185203] right click on word 10.1.3 ('句')
[1561389188704] label 10[3,2:2,3] as particularization
[1561389199474] left click on word 10.0.6 ('upset')
[1561389199474] edit 10[6:4]
[1561389200100] left click on word 10.1.6 ('生气')
[1561389200100] add 10.1.6 to 10[6:4]
[1561389200252] right click on word 10.1.6 ('生气')
[1561389227672] left click on word 10.1.1 ('说')
[1561389227673] new alignment group
[1561389227673] add 10.1.1 to 10[:]
[1561389228433] left click on word 10.0.1 ('made')
[1561389228433] add 10.0.1 to 10[:1]
[1561389229121] left click on word 10.1.8 ('话')
[1561389229121] del 10.1.8 from 10[4:8]
[1561389229121] add 10.1.8 to 10[1:1]
[1561389230136] left click on word 10.0.4 ('comments')
[1561389230137] del 10.0.4 from 10[4:]
[1561389230137] add 10.0.4 to 10[1:1,8]
[1561389230438] right click on word 10.0.4 ('comments')
[1561389234132] right click on word 10.0.4 ('comments')
[1561389241533] label 10[1,4:1,8] as equivalence
[1561389278582] right click on word 10.0.4 ('comments')
[1561389298924] left click on word 12.1.4 ('周末')
[1561389298924] edit 12[7:4]
[1561389299651] left click on word 12.0.5 ('the')
[1561389299651] add 12.0.5 to 12[7:4]
[1561389300024] left click on word 12.0.6 ('weend')
[1561389300025] add 12.0.6 to 12[7,5:4]
[1561389300188] right click on word 12.0.6 ('weend')
[1561389301982] right click on word 12.0.7 ('.')
[1561389302452] del 12.0.7 from 12[7,5,6:4]
[1561389328305] right click on word 12.0.0 ('Maybe')
[1561389394972] left click on word 13.1.3 ('，')
[1561389394972] new alignment group
[1561389394972] add 13.1.3 to 13[:]
[1561389395919] left click on word 13.0.4 (',')
[1561389395919] add 13.0.4 to 13[:3]
[1561389396166] right click on word 13.0.4 (',')
[1561389407194] left click on word 13.1.6 ('在')
[1561389407194] edit 13[9:6]
[1561389408034] left click on word 13.1.8 ('里')
[1561389408034] add 13.1.8 to 13[9:6]
[1561389408221] right click on word 13.1.8 ('里')
[1561389410254] left click on word 13.0.7 ('lay')
[1561389410254] new alignment group
[1561389410254] add 13.0.7 to 13[:]
[1561389411107] left click on word 13.1.10 ('加')
[1561389411107] add 13.1.10 to 13[7:]
[1561389411294] right click on word 13.1.10 ('加')
[1561389421729] left click on word 13.1.7 ('模具')
[1561389421729] edit 13[11:7]
[1561389422565] left click on word 13.0.10 ('the')
[1561389422565] add 13.0.10 to 13[11:7]
[1561389422766] right click on word 13.0.10 ('the')
[1561389425664] left click on word 13.1.12 ('，')
[1561389425664] new alignment group
[1561389425664] add 13.1.12 to 13[:]
[1561389426296] left click on word 13.0.12 (',')
[1561389426296] add 13.0.12 to 13[:12]
[1561389426466] right click on word 13.0.12 (',')
[1561389429411] right click on word 13.0.0 ('And')
[1561389430399] add 13.0.0 to 13[:]
[1561389430399] label 13[0:] as unaligned_reduction
[1561389431491] right click on word 13.0.0 ('And')
[1561389432546] label 13[0:] as unaligned_reduction
[1561389439044] left click on word 13.1.14 ('省')
[1561389439044] new alignment group
[1561389439044] add 13.1.14 to 13[:]
[1561389439456] left click on word 13.1.15 ('的')
[1561389439456] add 13.1.15 to 13[:14]
[1561389439911] left click on word 13.0.14 ('get')
[1561389439911] del 13.0.14 from 13[14:17]
[1561389439911] add 13.0.14 to 13[:14,15]
[1561389440244] left click on word 13.0.15 ('rid')
[1561389440244] add 13.0.15 to 13[14:14,15]
[1561389440645] left click on word 13.0.16 ('of')
[1561389440645] add 13.0.16 to 13[14,15:14,15]
[1561389440930] right click on word 13.0.16 ('of')
[1561389447215] left click on word 13.1.18 ('喷漆')
[1561389447215] edit 13[18:18]
[1561389447580] left click on word 13.1.17 ('车')
[1561389447580] del 13.1.17 from 13[:17]
[1561389447580] add 13.1.17 to 13[18:18]
[1561389448018] cancel edit
[1561389448019] add 13.1.17 to 13[:]
[1561389448702] left click on word 13.1.16 ('给')
[1561389448702] new alignment group
[1561389448702] add 13.1.16 to 13[:]
[1561389449222] left click on word 13.1.17 ('车')
[1561389449222] del 13.1.17 from 13[:17]
[1561389449222] add 13.1.17 to 13[:16]
[1561389449605] left click on word 13.1.18 ('喷漆')
[1561389449605] del 13.1.18 from 13[18:18]
[1561389449605] add 13.1.18 to 13[:16,17]
[1561389450233] left click on word 13.0.17 ('the')
[1561389450233] add 13.0.17 to 13[:16,17,18]
[1561389450515] left click on word 13.0.18 ('paint')
[1561389450515] del 13.0.18 from 13[18:]
[1561389450515] add 13.0.18 to 13[17:16,17,18]
[1561389451010] left click on word 13.0.19 ('shop')
[1561389451010] add 13.0.19 to 13[17,18:16,17,18]
[1561389451216] right click on word 13.0.19 ('shop')
[1561389451952] right click on word 13.0.18 ('paint')
[1561389453159] label 13[17,18,19:16,17,18] as modulation
[1561389464547] left click on word 13.0.13 ('and')
[1561389464547] new alignment group
[1561389464547] add 13.0.13 to 13[:]
[1561389465325] left click on word 13.1.13 ('就')
[1561389465325] add 13.1.13 to 13[13:]
[1561389465595] right click on word 13.1.13 ('就')
[1561389507298] right click on word 13.0.13 ('and')
[1561389508490] label 13[13:13] as equivalence
[1561389680872] right click on word 13.1.10 ('加')
[1561389689793] label 13[7:10] as particularization
[1561389693613] right click on word 13.1.10 ('加')
[1561389694614] label 13[7:10] as equivalence
[1561389840104] left click on word 16.1.2 ('要')
[1561389840104] new alignment group
[1561389840104] add 16.1.2 to 16[:]
[1561389840667] left click on word 16.0.3 ('love')
[1561389840667] add 16.0.3 to 16[:2]
[1561389840860] right click on word 16.0.3 ('love')
[1561389846276] left click on word 16.1.1 ('想')
[1561389846276] edit 16[2:1]
[1561389846646] left click on word 16.1.2 ('要')
[1561389846646] del 16.1.2 from 16[3:2]
[1561389846646] add 16.1.2 to 16[2:1]
[1561389847364] left click on word 16.0.3 ('love')
[1561389847365] del 16.0.3 from 16[3:]
[1561389847365] add 16.0.3 to 16[2:1,2]
[1561389847593] right click on word 16.0.3 ('love')
[1561389870238] left click on word 16.1.3 ('我')
[1561389870238] edit 16[6:3]
[1561389871024] left click on word 16.1.6 ('的')
[1561389871024] add 16.1.6 to 16[6:3]
[1561389871222] right click on word 16.1.6 ('的')
[1561389880451] right click on word 16.1.5 ('收费')
[1561389881800] label 16[8:5] as modulation
[1561389884616] left click on word 16.1.7 ('公关')
[1561389884616] new alignment group
[1561389884616] add 16.1.7 to 16[:]
[1561389885033] left click on word 16.1.8 ('经理')
[1561389885033] del 16.1.8 from 16[12:8]
[1561389885033] add 16.1.8 to 16[:7]
[1561389886880] left click on word 16.0.9 ('publicist')
[1561389886880] add 16.0.9 to 16[:7,8]
[1561389887119] right click on word 16.0.9 ('publicist')
[1561389889136] left click on word 16.1.9 ('搞定')
[1561389889136] new alignment group
[1561389889136] add 16.1.9 to 16[:]
[1561389890210] left click on word 16.0.11 ('take')
[1561389890210] add 16.0.11 to 16[:9]
[1561389890852] left click on word 16.0.12 ('care')
[1561389890852] del 16.0.12 from 16[12:]
[1561389890852] add 16.0.12 to 16[11:9]
[1561389891901] left click on word 16.0.13 ('of')
[1561389891901] add 16.0.13 to 16[11,12:9]
[1561389892106] right click on word 16.0.13 ('of')
[1561389923644] right click on word 16.1.8 ('经理')
[1561389924778] label 16[9:7,8] as particularization
[1561389932517] right click on word 16.1.11 ('事')
[1561389933157] add 16.1.11 to 16[:]
[1561389933158] label 16[:11] as unaligned_explicitation
[1561389960626] right click on word 16.1.2 ('要')
[1561389963839] label 16[2,3:1,2] as equivalence
[1561389997422] left click on word 17.1.0 ('路易斯希克斯')
[1561389997422] new alignment group
[1561389997422] add 17.1.0 to 17[:]
[1561389997777] left click on word 17.0.0 ('Louis')
[1561389997777] add 17.0.0 to 17[:0]
[1561389998175] left click on word 17.0.1 ('Hicks')
[1561389998175] add 17.0.1 to 17[0:0]
[1561389998336] right click on word 17.0.1 ('Hicks')
[1561389999342] left click on word 17.1.1 ('，')
[1561389999342] new alignment group
[1561389999342] add 17.1.1 to 17[:]
[1561389999602] left click on word 17.1.1 ('，')
[1561389999602] del 17.1.1 from 17[:1]
[1561390000100] left click on word 17.1.1 ('，')
[1561390000100] add 17.1.1 to 17[:]
[1561390000592] left click on word 17.0.2 ('.')
[1561390000592] add 17.0.2 to 17[:1]
[1561390000770] right click on word 17.0.2 ('.')
[1561390004743] left click on word 17.1.2 ('怎么')
[1561390004743] edit 17[3:2]
[1561390005088] left click on word 17.1.3 ('了')
[1561390005088] add 17.1.3 to 17[3:2]
[1561390005733] left click on word 17.0.4 (''s')
[1561390005733] add 17.0.4 to 17[3:2,3]
[1561390006076] left click on word 17.0.5 ('the')
[1561390006076] add 17.0.5 to 17[3,4:2,3]
[1561390006426] left click on word 17.0.6 ('matter')
[1561390006426] add 17.0.6 to 17[3,4,5:2,3]
[1561390007248] right click on word 17.0.6 ('matter')
[1561390009096] left click on word 17.0.7 ('?')
[1561390009096] new alignment group
[1561390009096] add 17.0.7 to 17[:]
[1561390010222] left click on word 17.1.4 ('？')
[1561390010222] add 17.1.4 to 17[7:]
[1561390010398] right click on word 17.1.4 ('？')
[1561390015171] left click on word 17.0.8 ('Work')
[1561390015171] edit 17[8:6]
[1561390015720] left click on word 17.0.9 ('a')
[1561390015720] add 17.0.9 to 17[8:6]
[1561390016153] left click on word 17.0.10 ('little')
[1561390016153] add 17.0.10 to 17[8,9:6]
[1561390016455] left click on word 17.0.11 ('slow')
[1561390016455] add 17.0.11 to 17[8,9,10:6]
[1561390017205] left click on word 17.1.7 ('吗')
[1561390017205] del 17.1.7 from 17[12:7]
[1561390017205] add 17.1.7 to 17[8,9,10,11:6]
[1561390017876] left click on word 17.1.5 ('没事')
[1561390017876] add 17.1.5 to 17[8,9,10,11:6,7]
[1561390018147] right click on word 17.1.5 ('没事')
[1561390018825] right click on word 17.1.5 ('没事')
[1561390019913] label 17[8,9,10,11:6,7,5] as modulation
[1561390020730] left click on word 17.1.8 ('？')
[1561390020730] new alignment group
[1561390020730] add 17.1.8 to 17[:]
[1561390021843] left click on word 17.0.12 ('?')
[1561390021843] del 17.0.12 from 17[12:]
[1561390021843] add 17.0.12 to 17[:8]
[1561390022016] right click on word 17.0.12 ('?')
[1561390056614] left click on word 20.1.0 ('别')
[1561390056614] edit 20[1:0]
[1561390057590] left click on word 20.0.0 ('Do')
[1561390057590] add 20.0.0 to 20[1:0]
[1561390058036] right click on word 20.0.0 ('Do')
[1561390060082] left click on word 20.1.1 ('让')
[1561390060082] edit 20[11:1]
[1561390060868] left click on word 20.0.2 ('make')
[1561390060868] add 20.0.2 to 20[11:1]
[1561390061070] right click on word 20.0.2 ('make')
[1561390073649] left click on word 20.1.5 ('白费')
[1561390073650] new alignment group
[1561390073650] add 20.1.5 to 20[:]
[1561390074090] left click on word 20.1.4 ('辛苦')
[1561390074090] add 20.1.4 to 20[:5]
[1561390074589] left click on word 20.0.4 ('go')
[1561390074590] add 20.0.4 to 20[:5,4]
[1561390074904] left click on word 20.0.5 ('through')
[1561390074904] add 20.0.5 to 20[4:5,4]
[1561390075420] left click on word 20.0.6 ('all')
[1561390075420] add 20.0.6 to 20[4,5:5,4]
[1561390075738] cancel edit
[1561390076970] left click on word 20.1.5 ('白费')
[1561390076970] new alignment group
[1561390076970] add 20.1.5 to 20[:]
[1561390077437] left click on word 20.1.4 ('辛苦')
[1561390077437] add 20.1.4 to 20[:5]
[1561390077902] left click on word 20.0.4 ('go')
[1561390077902] add 20.0.4 to 20[:5,4]
[1561390078369] left click on word 20.0.5 ('through')
[1561390078369] add 20.0.5 to 20[4:5,4]
[1561390078928] left click on word 20.0.6 ('all')
[1561390078928] add 20.0.6 to 20[4,5:5,4]
[1561390079654] left click on word 20.0.7 ('of')
[1561390079654] add 20.0.7 to 20[4,5,6:5,4]
[1561390080189] left click on word 20.0.8 ('this')
[1561390080190] add 20.0.8 to 20[4,5,6,7:5,4]
[1561390080626] left click on word 20.0.9 ('and')
[1561390080626] add 20.0.9 to 20[4,5,6,7,8:5,4]
[1561390081548] cancel edit
[1561390083216] left click on word 20.0.4 ('go')
[1561390083216] new alignment group
[1561390083216] add 20.0.4 to 20[:]
[1561390083592] left click on word 20.0.5 ('through')
[1561390083592] add 20.0.5 to 20[4:]
[1561390084610] left click on word 20.0.6 ('all')
[1561390084610] add 20.0.6 to 20[4,5:]
[1561390085618] left click on word 20.1.5 ('白费')
[1561390085618] add 20.1.5 to 20[4,5,6:]
[1561390086242] left click on word 20.1.4 ('辛苦')
[1561390086242] add 20.1.4 to 20[4,5,6:5]
[1561390087078] left click on word 20.0.7 ('of')
[1561390087078] add 20.0.7 to 20[4,5,6:5,4]
[1561390087497] left click on word 20.0.8 ('this')
[1561390087497] add 20.0.8 to 20[4,5,6,7:5,4]
[1561390088040] left click on word 20.0.9 ('and')
[1561390088040] add 20.0.9 to 20[4,5,6,7,8:5,4]
[1561390088440] left click on word 20.0.10 ('not')
[1561390088440] add 20.0.10 to 20[4,5,6,7,8,9:5,4]
[1561390088842] left click on word 20.0.11 ('make')
[1561390088842] del 20.0.11 from 20[11,2:1]
[1561390088842] add 20.0.11 to 20[4,5,6,7,8,9,10:5,4]
[1561390089526] left click on word 20.0.12 ('it')
[1561390089526] add 20.0.12 to 20[4,5,6,7,8,9,10,11:5,4]
[1561390090091] right click on word 20.0.12 ('it')
[1561390174476] right click on word 20.0.7 ('of')
[1561390175494] label 20[4,5,6,7,8,9,10,11,12:5,4] as equivalence
[1561390185140] left click on word 24.1.1 ('我')
[1561390185140] edit 24[1:1]
[1561390185515] left click on word 24.1.2 ('的')
[1561390185515] add 24.1.2 to 24[1:1]
[1561390185692] right click on word 24.1.2 ('的')
[1561390194076] left click on word 24.1.8 ('住到')
[1561390194076] new alignment group
[1561390194076] add 24.1.8 to 24[:]
[1561390194548] left click on word 24.0.7 ('until')
[1561390194548] del 24.0.7 from 24[7:11]
[1561390194548] add 24.0.7 to 24[:8]
[1561390195277] left click on word 24.0.5 ('live')
[1561390195277] del 24.0.5 from 24[5:17]
[1561390195277] add 24.0.5 to 24[7:8]
[1561390195510] right click on word 24.0.5 ('live')
[1561390201606] right click on word 24.1.6 ('那里')
[1561390202794] del 24.1.6 from 24[5:6]
[1561390205168] right click on word 24.0.5 ('live')
[1561390206214] del 24.0.5 from 24[7,5:8]
[1561390208004] left click on word 24.1.8 ('住到')
[1561390208004] edit 24[7:8]
[1561390208594] left click on word 24.0.5 ('live')
[1561390208594] add 24.0.5 to 24[7:8]
[1561390208754] right click on word 24.0.5 ('live')
[1561390210713] left click on word 24.1.6 ('那里')
[1561390210713] new alignment group
[1561390210713] add 24.1.6 to 24[:]
[1561390211248] left click on word 24.0.6 ('here')
[1561390211248] add 24.0.6 to 24[:6]
[1561390211409] right click on word 24.0.6 ('here')
[1561390227797] right click on word 24.0.7 ('until')
[1561390229010] del 24.0.7 from 24[7,5:8]
[1561390230084] left click on word 24.1.7 ('一直')
[1561390230084] new alignment group
[1561390230085] add 24.1.7 to 24[:]
[1561390230663] left click on word 24.0.7 ('until')
[1561390230663] add 24.0.7 to 24[:7]
[1561390230834] right click on word 24.0.7 ('until')
[1561390237805] right click on word 24.1.11 ('岁')
[1561390239133] label 24[:11] as unaligned_explicitation
[1561390244645] left click on word 24.1.12 ('，')
[1561390244645] new alignment group
[1561390244645] add 24.1.12 to 24[:]
[1561390245229] cancel edit
[1561390245571] left click on word 24.0.11 (',')
[1561390245571] new alignment group
[1561390245571] add 24.0.11 to 24[:]
[1561390245897] right click on word 24.0.11 (',')
[1561390246813] left click on word 24.1.12 ('，')
[1561390246813] new alignment group
[1561390246813] add 24.1.12 to 24[:]
[1561390247353] left click on word 24.0.11 (',')
[1561390247353] del 24.0.11 from 24[11:]
[1561390247353] add 24.0.11 to 24[:12]
[1561390247517] right click on word 24.0.11 (',')
[1561390255258] left click on word 24.0.14 ('enter')
[1561390255258] new alignment group
[1561390255258] add 24.0.14 to 24[:]
[1561390255661] cancel edit
[1561390256793] left click on word 24.0.14 ('enter')
[1561390256794] new alignment group
[1561390256794] add 24.0.14 to 24[:]
[1561390257375] left click on word 24.0.15 ('a')
[1561390257375] add 24.0.15 to 24[14:]
[1561390257774] left click on word 24.0.16 ('hermitage')
[1561390257774] add 24.0.16 to 24[14,15:]
[1561390258095] left click on word 24.1.17 ('生活')
[1561390258095] del 24.1.17 from 24[:17]
[1561390258095] add 24.1.17 to 24[14,15,16:]
[1561390258611] left click on word 24.1.16 ('隐居')
[1561390258611] add 24.1.16 to 24[14,15,16:17]
[1561390259027] cancel edit
[1561390259027] add 24.1.17 to 24[:]
[1561390259747] left click on word 24.1.14 ('过')
[1561390259747] new alignment group
[1561390259747] add 24.1.14 to 24[:]
[1561390260144] left click on word 24.1.15 ('起')
[1561390260144] add 24.1.15 to 24[:14]
[1561390260501] left click on word 24.1.16 ('隐居')
[1561390260501] add 24.1.16 to 24[:14,15]
[1561390260941] left click on word 24.1.17 ('生活')
[1561390260941] del 24.1.17 from 24[:17]
[1561390260941] add 24.1.17 to 24[:14,15,16]
[1561390261347] left click on word 24.0.16 ('hermitage')
[1561390261348] add 24.0.16 to 24[:14,15,16,17]
[1561390262053] left click on word 24.0.15 ('a')
[1561390262053] add 24.0.15 to 24[16:14,15,16,17]
[1561390262431] left click on word 24.0.14 ('enter')
[1561390262431] add 24.0.14 to 24[16,15:14,15,16,17]
[1561390262633] left click on word 24.0.14 ('enter')
[1561390262633] del 24.0.14 from 24[16,15,14:14,15,16,17]
[1561390263388] left click on word 24.0.14 ('enter')
[1561390263388] add 24.0.14 to 24[16,15:14,15,16,17]
[1561390263714] right click on word 24.0.14 ('enter')
[1561390265691] left click on word 24.1.18 ('。')
[1561390265691] edit 24[17:18]
[1561390266418] left click on word 24.0.17 ('.')
[1561390266418] del 24.0.17 from 24[17:18]
[1561390266598] right click on word 24.0.17 ('.')
[1561390266598] add 24.0.17 to 24[:18]
[1561390267217] left click on word 24.1.19 ('”')
[1561390267217] new alignment group
[1561390267217] add 24.1.19 to 24[:]
[1561390268093] left click on word 24.0.18 ('''')
[1561390268093] add 24.0.18 to 24[:19]
[1561390268261] right click on word 24.0.18 ('''')
[1561390294282] right click on word 24.1.16 ('隐居')
[1561390298547] label 24[16,15,14:14,15,16,17] as literal
[1561390306420] right click on word 24.0.12 ('and')
[1561390307104] add 24.0.12 to 24[:]
[1561390307104] label 24[12:] as unaligned_reduction
[1561390308893] right click on word 24.0.9 (''m')
[1561390309426] add 24.0.9 to 24[:]
[1561390309426] label 24[9:] as unaligned_reduction
[1561390312517] right click on word 24.0.4 ('to')
[1561390313426] add 24.0.4 to 24[:]
[1561390313426] label 24[4:] as unaligned_reduction
[1561390375364] left click on word 26.1.1 ('正在')
[1561390375364] edit 26[4:1]
[1561390375867] left click on word 26.1.2 ('想')
[1561390375867] del 26.1.2 from 26[2:2]
[1561390375867] add 26.1.2 to 26[4:1]
[1561390376303] left click on word 26.0.2 ('thinking')
[1561390376303] del 26.0.2 from 26[2:]
[1561390376304] add 26.0.2 to 26[4:1,2]
[1561390376809] left click on word 26.0.1 (''m')
[1561390376809] add 26.0.1 to 26[4,2:1,2]
[1561390377805] right click on word 26.0.1 (''m')
[1561390378873] right click on word 26.0.4 ('becoming')
[1561390379514] del 26.0.4 from 26[4:4]
[1561390386866] right click on word 26.0.4 ('becoming')
[1561390390793] left click on word 26.0.4 ('becoming')
[1561390390793] new alignment group
[1561390390794] add 26.0.4 to 26[:]
[1561390391173] right click on word 26.0.4 ('becoming')
[1561390395765] left click on word 26.1.1 ('正在')
[1561390395765] edit 26[4,2,1:1,2]
[1561390398812] cancel edit
[1561390400012] left click on word 26.0.4 ('becoming')
[1561390400012] edit 26[4:]
[1561390400145] left click on word 26.0.4 ('becoming')
[1561390400145] del 26.0.4 from 26[4:]
[1561390402427] left click on word 26.1.2 ('想')
[1561390402427] del 26.1.2 from 26[4,2,1:1,2]
[1561390402427] add 26.1.2 to 26[:]
[1561390403589] cancel edit
[1561390403590] add 26.0.4 to 26[:2]
[1561390403590] add 26.1.2 to 26[4,2,1:1]
[1561390403976] left click on word 26.1.2 ('想')
[1561390403976] edit 26[4,2,1:1,2]
[1561390404528] right click on word 26.1.2 ('想')
[1561390407598] left click on word 26.0.2 ('thinking')
[1561390407598] edit 26[4,2,1:1,2]
[1561390409801] right click on word 26.0.4 ('becoming')
[1561390409801] del 26.0.4 from 26[4:]
[1561390409801] add 26.0.4 to 26[4,2,1:1,2]
[1561390410910] left click on word 26.0.4 ('becoming')
[1561390410910] edit 26[4,2,1:1,2]
[1561390411639] left click on word 26.0.4 ('becoming')
[1561390411639] del 26.0.4 from 26[4,2,1:1,2]
[1561390412214] cancel edit
[1561390412214] add 26.0.4 to 26[2,1:1,2]
[1561390464545] left click on word 28.0.2 ('needs')
[1561390464546] new alignment group
[1561390464546] add 28.0.2 to 28[:]
[1561390465101] left click on word 28.0.3 ('a')
[1561390465101] add 28.0.3 to 28[2:]
[1561390465633] left click on word 28.0.4 ('little')
[1561390465633] del 28.0.4 from 28[4:3]
[1561390465633] add 28.0.4 to 28[2,3:]
[1561390466011] left click on word 28.0.5 ('something')
[1561390466011] del 28.0.5 from 28[5:6]
[1561390466011] add 28.0.5 to 28[2,3,4:]
[1561390466443] left click on word 28.0.6 ('more')
[1561390466443] del 28.0.6 from 28[6:5]
[1561390466443] add 28.0.6 to 28[2,3,4,5:]
[1561390467174] left click on word 28.1.6 ('东西')
[1561390467174] del 28.1.6 from 28[:6]
[1561390467174] add 28.1.6 to 28[2,3,4,5,6:]
[1561390467737] left click on word 28.1.5 ('一点')
[1561390467737] del 28.1.5 from 28[:5]
[1561390467737] add 28.1.5 to 28[2,3,4,5,6:6]
[1561390468255] left click on word 28.1.4 ('了')
[1561390468255] add 28.1.4 to 28[2,3,4,5,6:6,5]
[1561390468817] left click on word 28.1.3 ('少')
[1561390468818] del 28.1.3 from 28[:3]
[1561390468818] add 28.1.3 to 28[2,3,4,5,6:6,5,4]
[1561390469139] right click on word 28.1.3 ('少')
[1561390470601] right click on word 28.1.5 ('一点')
[1561390471679] label 28[2,3,4,5,6:6,5,4,3] as modulation
[1561390546001] left click on word 27.1.2 ('该')
[1561390546001] new alignment group
[1561390546001] add 27.1.2 to 27[:]
[1561390546613] left click on word 27.0.2 ('needed')
[1561390546613] add 27.0.2 to 27[:2]
[1561390546782] right click on word 27.0.2 ('needed')
[1561390552910] left click on word 27.0.2 ('needed')
[1561390552910] edit 27[2:2]
[1561390553523] left click on word 27.0.3 ('to')
[1561390553523] add 27.0.3 to 27[2:2]
[1561390553703] right click on word 27.0.3 ('to')
[1561390563169] left click on word 27.1.5 ('防晒')
[1561390563169] new alignment group
[1561390563169] add 27.1.5 to 27[:]
[1561390563537] left click on word 27.1.6 ('霜')
[1561390563537] add 27.1.6 to 27[:5]
[1561390564043] left click on word 27.0.6 ('sunscreen')
[1561390564043] add 27.0.6 to 27[:5,6]
[1561390564221] right click on word 27.0.6 ('sunscreen')
[1561390596960] left click on word 27.1.3 ('涂')
[1561390596960] new alignment group
[1561390596960] add 27.1.3 to 27[:]
[1561390597757] left click on word 27.0.4 ('wear')
[1561390597757] add 27.0.4 to 27[:3]
[1561390597957] right click on word 27.0.4 ('wear')
[1561390598524] right click on word 27.0.4 ('wear')
[1561390599665] label 27[4:3] as metaphor
[1561390676569] left click on word 26.0.4 ('becoming')
[1561390676570] edit 26[2,1,4:1,2]
[1561390680220] right click on word 26.0.4 ('becoming')
[1561390680863] right click on word 26.0.4 ('becoming')
[1561390681528] del 26.0.4 from 26[2,1,4:1,2]
[1561390691372] left click on word 26.1.4 ('成为')
[1561390691372] edit 26[:4]
[1561390691852] left click on word 26.0.4 ('becoming')
[1561390691852] add 26.0.4 to 26[:4]
[1561390692010] right click on word 26.0.4 ('becoming')
[1561390698012] left click on word 26.1.5 ('一个')
[1561390698012] new alignment group
[1561390698012] add 26.1.5 to 26[:]
[1561390699100] left click on word 26.0.5 ('a')
[1561390699101] add 26.0.5 to 26[:5]
[1561390699311] right click on word 26.0.5 ('a')
[1561390720502] right click on word 26.0.7 ('bomber')
[1561390734898] label 26[7:7] as lexical_shift
[1561390747623] left click on word 26.1.1 ('正在')
[1561390747623] edit 26[2,1:1,2]
[1561390748485] left click on word 26.0.3 ('of')
[1561390748485] add 26.0.3 to 26[2,1:1,2]
[1561390748686] right click on word 26.0.3 ('of')
[1561390755523] right click on word 26.1.3 ('如何')
[1561390756489] add 26.1.3 to 26[:]
[1561390756489] label 26[:3] as unaligned_explicitation
[1561390766765] right click on word 26.1.7 ('炸弹')
[1561390768855] label 26[7:7] as modulation
[1561390802572] left click on word 29.1.1 ('，')
[1561390802572] new alignment group
[1561390802572] add 29.1.1 to 29[:]
[1561390803269] left click on word 29.0.2 (',')
[1561390803269] add 29.0.2 to 29[:1]
[1561390803438] right click on word 29.0.2 (',')
[1561390807254] left click on word 29.1.3 ('想')
[1561390807254] edit 29[5:3]
[1561390807874] left click on word 29.0.4 (''d')
[1561390807874] add 29.0.4 to 29[5:3]
[1561390808366] left click on word 29.0.6 ('to')
[1561390808366] add 29.0.6 to 29[5,4:3]
[1561390808528] right click on word 29.0.6 ('to')
[1561390816456] left click on word 29.1.4 ('讲')
[1561390816456] edit 29[7:4]
[1561390817658] left click on word 29.0.8 ('about')
[1561390817658] del 29.0.8 from 29[8:5]
[1561390817658] add 29.0.8 to 29[7:4]
[1561390817872] right click on word 29.0.8 ('about')
[1561390822218] right click on word 29.1.5 ('一下')
[1561390823531] right click on word 29.1.5 ('一下')
[1561390824402] label 29[:5] as unaligned_explicitation
[1561390826624] left click on word 29.1.7 ('上')
[1561390826624] new alignment group
[1561390826624] add 29.1.7 to 29[:]
[1561390827359] left click on word 29.0.13 ('on')
[1561390827359] add 29.0.13 to 29[:7]
[1561390827520] right click on word 29.0.13 ('on')
[1561390842448] left click on word 29.1.8 ('最')
[1561390842448] edit 29[10:8]
[1561390842842] left click on word 29.1.9 ('原始')
[1561390842842] add 29.1.9 to 29[10:8]
[1561390843391] left click on word 29.0.9 ('the')
[1561390843391] add 29.0.9 to 29[10:8,9]
[1561390843612] right click on word 29.0.9 ('the')
[1561390846296] left click on word 29.0.9 ('the')
[1561390846296] edit 29[10,9:8,9]
[1561390846766] left click on word 29.1.10 ('的')
[1561390846766] add 29.1.10 to 29[10,9:8,9]
[1561390846928] right click on word 29.1.10 ('的')
[1561390856093] left click on word 29.0.11 ('nutritional')
[1561390856093] edit 29[11:12]
[1561390856614] left click on word 29.1.13 ('的')
[1561390856614] add 29.1.13 to 29[11:12]
[1561390857165] left click on word 29.1.11 ('获得')
[1561390857165] add 29.1.11 to 29[11:12,13]
[1561390858155] right click on word 29.1.13 ('的')
[1561390860824] left click on word 29.1.15 ('，')
[1561390860824] new alignment group
[1561390860824] add 29.1.15 to 29[:]
[1561390861814] left click on word 29.0.15 (',')
[1561390861814] add 29.0.15 to 29[:15]
[1561390861991] right click on word 29.0.15 (',')
[1561390864461] right click on word 29.0.11 ('nutritional')
[1561390933312] label 29[11:12,13,11] as transposition
[1561629403736] NEW SESSION
[1561629492237] left click on word 13.0.14 ('get')
[1561629492237] edit 13[14,15,16:14,15]
[1561629493066] cancel edit
[1561629504328] left click on word 14.0.2 ('insurance')
[1561629504328] edit 14[2:3]
[1561629504920] left click on word 14.0.3 ('money')
[1561629504920] add 14.0.3 to 14[2:3]
[1561629505079] right click on word 14.0.3 ('money')
[1561629515166] left click on word 14.0.4 ('rather')
[1561629515166] edit 14[4:1]
[1561629516864] right click on word 14.0.4 ('rather')
[1561629524890] left click on word 14.0.4 ('rather')
[1561629524891] edit 14[4:1]
[1561629525924] left click on word 14.0.5 ('than')
[1561629525924] del 14.0.5 from 14[5:6]
[1561629525924] add 14.0.5 to 14[4:1]
[1561629526848] left click on word 14.1.6 ('不')
[1561629526848] del 14.1.6 from 14[:6]
[1561629526849] add 14.1.6 to 14[4,5:1]
[1561629527254] left click on word 14.1.5 ('也')
[1561629527255] add 14.1.5 to 14[4,5:1,6]
[1561629527406] right click on word 14.1.5 ('也')
[1561629533792] right click on word 14.1.7 ('愿意')
[1561629534277] del 14.1.7 from 14[6:7]
[1561629541533] right click on word 14.1.14 ('房子')
[1561629542125] add 14.1.14 to 14[:]
[1561629542126] label 14[:14] as unaligned_explicitation
[1561629545427] left click on word 14.0.8 ('under')
[1561629545427] edit 14[8:12]
[1561629546467] left click on word 14.1.8 ('在')
[1561629546467] add 14.1.8 to 14[8:12]
[1561629546625] right click on word 14.1.8 ('在')
[1561629548174] left click on word 14.0.9 ('those')
[1561629548175] new alignment group
[1561629548175] add 14.0.9 to 14[:]
[1561629549395] left click on word 14.1.10 ('种')
[1561629549395] add 14.1.10 to 14[9:]
[1561629549960] left click on word 14.1.9 ('这')
[1561629549960] add 14.1.9 to 14[9:10]
[1561629550193] right click on word 14.1.9 ('这')
[1561629550821] right click on word 14.1.10 ('种')
[1561629552267] label 14[9:10,9] as equivalence
[1561629555931] right click on word 14.1.0 ('他们')
[1561631160609] right click on word 14.1.1 ('宁可')
[1561631161156] del 14.1.1 from 14[4,5:1,6,5]
[1561631169448] left click on word 15.0.2 (',')
[1561631169448] new alignment group
[1561631169449] add 15.0.2 to 15[:]
[1561631170315] left click on word 15.1.3 ('，')
[1561631170315] add 15.1.3 to 15[2:]
[1561631170504] right click on word 15.1.3 ('，')
[1561631186097] left click on word 15.1.4 ('这个')
[1561631186097] new alignment group
[1561631186097] add 15.1.4 to 15[:]
[1561631187661] cancel edit
[1561631188438] left click on word 15.1.4 ('这个')
[1561631188438] new alignment group
[1561631188438] add 15.1.4 to 15[:]
[1561631189329] left click on word 15.0.12 ('this')
[1561631189329] add 15.0.12 to 15[:4]
[1561631189544] right click on word 15.0.12 ('this')
[1561631192225] left click on word 15.0.11 ('on')
[1561631192225] new alignment group
[1561631192225] add 15.0.11 to 15[:]
[1561631193289] left click on word 15.1.6 ('上')
[1561631193289] add 15.1.6 to 15[11:]
[1561631193448] right click on word 15.1.6 ('上')
[1561631196029] left click on word 15.1.7 ('充满')
[1561631196029] edit 15[6:7]
[1561631196585] left click on word 15.0.7 ('of')
[1561631196585] add 15.0.7 to 15[6:7]
[1561631197335] left click on word 15.0.5 ('a')
[1561631197335] add 15.0.5 to 15[6,7:7]
[1561631197654] right click on word 15.0.5 ('a')
[1561631200691] right click on word 15.0.7 ('of')
[1561631207845] label 15[6,7,5:7] as equivalence
[1561631210852] right click on word 15.1.8 ('了')
[1561631211883] add 15.1.8 to 15[:]
[1561631211883] label 15[:8] as unaligned_explicitation
[1561631295296] left click on word 23.0.0 ('Matt')
[1561631295296] edit 23[0:1]
[1561631295966] left click on word 23.1.0 ('小')
[1561631295966] add 23.1.0 to 23[0:1]
[1561631296109] right click on word 23.1.0 ('小')
[1561631297411] right click on word 23.0.0 ('Matt')
[1561631299422] label 23[0:1,0] as equivalence
[1561631302576] left click on word 23.1.3 ('凌晨')
[1561631302576] edit 23[11:3]
[1561631303281] left click on word 23.0.10 ('the')
[1561631303281] add 23.0.10 to 23[11:3]
[1561631303472] right click on word 23.0.10 ('the')
[1561631305235] left click on word 23.0.8 ('2:00')
[1561631305235] edit 23[8:4]
[1561631305944] left click on word 23.1.5 ('点')
[1561631305944] add 23.1.5 to 23[8:4]
[1561631306106] right click on word 23.1.5 ('点')
[1561634972580] NEW SESSION
[1561635633888] right click on word 2.0.7 ('over')
[1561635753624] right click on word 4.0.1 ('me')
[1561635770586] right click on word 8.1.5 ('飞往')
[1561635784246] right click on word 8.0.4 ('for')
[1561635792016] right click on word 8.0.9 ('York')
[1561635793407] label 8[8,9:6] as transposition
[1561635794658] right click on word 8.0.8 ('New')
[1561635795275] label 8[8,9:6] as literal
[1561635807271] right click on word 10.0.4 ('comments')
[1561635830341] right click on word 2.0.6 ('drinks')
[1561635834643] right click on word 5.0.7 ('should')
[1561635864274] right click on word 4.0.9 ('appointment')
[1561635874414] right click on word 7.0.12 ('lamb')
[1561645172576] NEW SESSION
[1561648096503] right click on word 20.0.5 ('through')
[1561648097745] label 20[4,5,6,7,8,9,10,11,12:5,4] as generalization
[1561967556940] NEW SESSION
[1561967578122] right click on word 2.0.5 ('more')
[1561967578702] del 2.0.5 from 2[5,2,3:3]
[1561967614883] left click on word 12.0.0 ('Maybe')
[1561967614883] new alignment group
[1561967614883] add 12.0.0 to 12[:]
[1561967615413] left click on word 12.1.0 ('不如')
[1561967615413] add 12.1.0 to 12[0:]
[1561967615729] right click on word 12.1.0 ('不如')
[1561967616586] right click on word 12.1.0 ('不如')
[1561967621189] label 12[0:0] as modulation
[1561967627621] right click on word 12.0.2 ('should')
[1561967628470] add 12.0.2 to 12[:]
[1561967628471] label 12[2:] as unaligned_reduction
[1561967633783] right click on word 12.1.5 ('吧')
[1561967634939] add 12.1.5 to 12[:]
[1561967634939] label 12[:5] as unaligned_explicitation
[1561967635805] right click on word 12.1.5 ('吧')
[1561967636495] del 12.1.5 from 12[:5]
[1561967663284] right click on word 20.0.4 ('go')
[1561967665666] label 20[4,5,6,7,8,9,10,11,12:5,4] as idiom
[1561967679530] right click on word 20.0.5 ('through')
[1561969037252] NEW SESSION
[1561969043583] right click on word 20.1.4 ('辛苦')
[1561969044769] label 20[4,5,6,7,8,9,10,11,12:5,4] as generalization
[1561972956595] NEW SESSION
[1561972980322] left click on word 28.1.2 ('还')
[1561972980322] new alignment group
[1561972980322] add 28.1.2 to 28[:]
[1561972981293] left click on word 28.0.1 ('Just')
[1561972981293] add 28.0.1 to 28[:2]
[1561972981461] right click on word 28.0.1 ('Just')
[1561972983306] left click on word 28.0.2 ('needs')
[1561972983307] edit 28[2,3,4,5,6:6,5,4,3]
[1561972983969] left click on word 28.0.1 ('Just')
[1561972983969] del 28.0.1 from 28[1:2]
[1561972983970] add 28.0.1 to 28[2,3,4,5,6:6,5,4,3]
[1561972985221] left click on word 28.1.2 ('还')
[1561972985221] del 28.1.2 from 28[:2]
[1561972985222] add 28.1.2 to 28[2,3,4,5,6,1:6,5,4,3]
[1561972985424] right click on word 28.1.2 ('还')
[1562576207137] NEW SESSION
[1562576246860] left click on word 10.1.2 ('几')
[1562576246860] edit 10[3,2:2,3]
[1562576247608] left click on word 10.1.3 ('句')
[1562576247609] del 10.1.3 from 10[3,2:2,3]
[1562576248579] right click on word 10.1.2 ('几')
[1562576249217] right click on word 10.1.2 ('几')
[1562576250230] label 10[3,2:2] as literal
[1562576251539] right click on word 10.1.3 ('句')
[1562576252584] add 10.1.3 to 10[:]
[1562576252584] label 10[:3] as unaligned_explicitation
[1562577793688] NEW SESSION
[1562577804971] right click on word 2.0.5 ('some')
[1562577805742] add 2.0.5 to 2[:]
[1562577805742] label 2[5:] as unaligned_reduction
[1562577816394] left click on word 2.0.7 ('drinks')
[1562577816394] edit 2[7:]
[1562577817216] left click on word 2.1.5 ('饮料')
[1562577817216] del 2.1.5 from 2[6:5]
[1562577817217] add 2.1.5 to 2[7:]
[1562577817383] right click on word 2.1.5 ('饮料')
[1562577818604] right click on word 2.0.6 ('more')
[1562579744623] right click on word 24.0.15 ('a')
[1562579745495] label 24[16,15,14:14,15,16,17] as equivalence
[1562943524849] NEW SESSION
[1562943554725] left click on word 116.1.9 ('的')
[1562943554725] new alignment group
[1562943554726] add 116.1.9 to 116[:]
[1562943556103] cancel edit
[1562943560408] left click on word 116.0.0 ('In')
[1562943560408] edit 116[0:0]
[1562943561282] left click on word 116.1.3 ('中')
[1562943561283] add 116.1.3 to 116[0:0]
[1562943561428] right click on word 116.1.3 ('中')
[1562943563860] left click on word 116.0.4 ('you')
[1562943563861] new alignment group
[1562943563861] add 116.0.4 to 116[:]
[1562943564392] left click on word 116.1.4 ('你')
[1562943564392] del 116.1.4 from 116[8:4]
[1562943564392] add 116.1.4 to 116[4:]
[1562943564562] right click on word 116.1.4 ('你')
[1562943567736] right click on word 116.1.5 ('都')
[1562943568439] add 116.1.5 to 116[:]
[1562943568439] label 116[:5] as unaligned_explicitation
[1562943581139] left click on word 116.1.6 ('需要')
[1562943581139] edit 116[5:6]
[1562943581865] left click on word 116.0.6 ('to')
[1562943581865] add 116.0.6 to 116[5:6]
[1562943582039] right click on word 116.0.6 ('to')
[1562943587756] left click on word 116.1.9 ('的')
[1562943587756] new alignment group
[1562943587756] add 116.1.9 to 116[:]
[1562943588423] left click on word 116.0.10 (''s')
[1562943588424] add 116.0.10 to 116[:9]
[1562943588617] right click on word 116.0.10 (''s')
[1562943590845] left click on word 116.0.11 ('breaking')
[1562943590845] edit 116[11:11]
[1562943591284] left click on word 116.0.12 ('point')
[1562943591284] add 116.0.12 to 116[11:11]
[1562943591982] left click on word 116.1.10 ('忍耐')
[1562943591982] add 116.1.10 to 116[11,12:11]
[1562943592195] right click on word 116.1.10 ('忍耐')
[1562943599540] right click on word 116.0.8 ('your')
[1562943600624] label 116[8:] as unaligned_reduction
[1562943634761] left click on word 116.0.10 (''s')
[1562943634762] edit 116[10:9]
[1562943635283] cancel edit
[1563196817990] NEW SESSION
[1563196860693] left click on word 2.0.8 ('over')
[1563196860694] edit 2[8:2]
[1563196862620] right click on word 2.0.9 ('here')
[1563196862620] add 2.0.9 to 2[8:2]
[1563196869305] right click on word 2.0.6 ('more')
[1563196870324] label 2[6:] as unaligned_reduction
[1563196885978] left click on word 2.1.3 ('还')
[1563196885978] edit 2[2,3:3]
[1563196887470] right click on word 2.0.1 (''re')
[1563196887470] add 2.0.1 to 2[2,3:3]
[1563200594156] NEW SESSION
[1563200755878] left click on word 10.1.7 ('的')
[1563200755879] new alignment group
[1563200755879] add 10.1.7 to 10[:]
[1563200756506] left click on word 10.0.5 ('that')
[1563200756506] add 10.0.5 to 10[:7]
[1563200757981] right click on word 10.0.5 ('that')
[1563200758838] right click on word 10.0.5 ('that')
[1563200760221] label 10[5:7] as transposition
[1563269473579] NEW SESSION
[1563269633859] left click on word 6.0.5 ('That')
[1563269633859] edit 6[5:]
[1563269634484] left click on word 6.0.6 ('is')
[1563269634484] del 6.0.6 from 6[6:]
[1563269634485] add 6.0.6 to 6[5:]
[1563269638462] right click on word 6.0.6 ('is')
[1563269655329] right click on word 6.0.6 ('is')
[1563269657075] del 6.0.6 from 6[5,6:]
[1563269658912] left click on word 6.0.6 ('is')
[1563269658912] new alignment group
[1563269658912] add 6.0.6 to 6[:]
[1563269661186] cancel edit
[1563269661186] add 6.0.6 to 6[:]
[1563269661899] right click on word 6.0.6 ('is')
[1563269662990] label 6[6:] as unaligned_reduction
[1563269704191] right click on word 24.1.16 ('隐居')
[1563280336029] NEW SESSION
[1563281223114] right click on word 5.1.7 ('可以')
[1563281232004] left click on word 5.1.8 ('吗')
[1563281232005] edit 5[7,8:7,8]
[1563281232386] right click on word 5.1.8 ('吗')
[1563281233370] right click on word 5.1.8 ('吗')
[1563281235546] label 5[7,8:7,8] as equivalence
[1563281440435] right click on word 8.0.4 ('for')
[1563281456067] right click on word 8.0.4 ('for')
[1563281469824] label 8[4:2] as particularization
[1563281481293] right click on word 8.1.5 ('飞往')
[1563281511807] left click on word 8.0.4 ('for')
[1563281511807] edit 8[4:2]
[1563281514372] cancel edit
[1563281710455] left click on word 9.0.2 ('telling')
[1563281710455] edit 9[2:4]
[1563281711093] left click on word 9.1.2 ('跟')
[1563281711095] del 9.1.2 from 9[:2]
[1563281711096] add 9.1.2 to 9[2:4]
[1563281711252] right click on word 9.1.2 ('跟')
[1563281731542] right click on word 9.0.2 ('telling')
[1563281733097] label 9[2:4,2] as equivalence
[1563282222722] right click on word 12.0.2 ('should')
[1563282239138] right click on word 13.0.0 ('And')
[1563282239822] del 13.0.0 from 13[0:]
[1563282337067] right click on word 13.0.16 ('of')
[1563282353723] right click on word 13.1.19 ('了')
[1563282358466] add 13.1.19 to 13[:]
[1563282358467] label 13[:19] as unaligned_explicitation
[1563282368937] right click on word 12.1.5 ('吧')
[1563282370651] add 12.1.5 to 12[:]
[1563282370651] label 12[:5] as unaligned_explicitation
[1563282708632] right click on word 13.1.9 ('直接')
[1563282709406] add 13.1.9 to 13[:]
[1563282709406] label 13[:9] as unaligned_explicitation
[1563284810008] left click on word 14.0.5 ('than')
[1563284810009] edit 14[4,5:6,5]
[1563284810973] left click on word 14.0.6 ('to')
[1563284810974] del 14.0.6 from 14[6:]
[1563284810983] add 14.0.6 to 14[4,5:6,5]
[1563284811164] right click on word 14.0.6 ('to')
[1563284834869] right click on word 14.1.7 ('愿意')
[1563284835967] add 14.1.7 to 14[:]
[1563284835967] label 14[:7] as unaligned_explicitation
[1563284868689] right click on word 14.0.9 ('those')
[1563284886631] left click on word 15.1.7 ('充满')
[1563284886631] edit 15[6,7,5:7]
[1563284887332] left click on word 15.0.3 ('there')
[1563284887332] add 15.0.3 to 15[6,7,5:7]
[1563284887546] right click on word 15.0.3 ('there')
[1563284888771] left click on word 15.0.5 ('a')
[1563284888771] edit 15[6,7,5,3:7]
[1563284889646] left click on word 15.0.4 (''s')
[1563284889646] add 15.0.4 to 15[6,7,5,3:7]
[1563284889839] right click on word 15.0.4 (''s')
[1563284904321] left click on word 15.0.9 ('right')
[1563284904321] new alignment group
[1563284904321] add 15.0.9 to 15[:]
[1563284904562] right click on word 15.0.9 ('right')
[1563284905241] right click on word 15.0.9 ('right')
[1563284906625] label 15[9:] as unaligned_reduction
[1563284907395] right click on word 15.0.10 ('here')
[1563284909861] left click on word 15.0.9 ('right')
[1563284909861] edit 15[9:]
[1563284910445] left click on word 15.0.10 ('here')
[1563284910445] add 15.0.10 to 15[9:]
[1563284910663] right click on word 15.0.10 ('here')
[1563284940576] left click on word 15.1.7 ('充满')
[1563284940576] edit 15[6,7,5,3,4:7]
[1563284941299] left click on word 15.1.8 ('了')
[1563284941299] del 15.1.8 from 15[:8]
[1563284941299] add 15.1.8 to 15[6,7,5,3,4:7]
[1563284941470] right click on word 15.1.8 ('了')
[1563285071768] left click on word 15.0.1 ('mean')
[1563285071768] edit 15[1:2]
[1563285073560] left click on word 15.1.1 ('是')
[1563285073560] add 15.1.1 to 15[1:2]
[1563285074373] right click on word 15.1.2 ('说')
[1563285075397] right click on word 15.0.1 ('mean')
[1563285076477] label 15[1:2,1] as equivalence
[1563285253098] left click on word 16.1.5 ('收费')
[1563285253098] edit 16[8:5]
[1563285254538] left click on word 16.0.7 ('highly')
[1563285254539] del 16.0.7 from 16[7:4]
[1563285254540] add 16.0.7 to 16[8:5]
[1563285255863] left click on word 16.1.4 ('高')
[1563285255863] del 16.1.4 from 16[:4]
[1563285255863] add 16.1.4 to 16[8,7:5]
[1563285256700] right click on word 16.1.5 ('收费')
[1563285304897] right click on word 16.0.0 ('What')
[1563285305692] add 16.0.0 to 16[:]
[1563285305693] label 16[0:] as unaligned_reduction
[1563285306567] right click on word 16.0.4 ('is')
[1563285307065] add 16.0.4 to 16[:]
[1563285307066] label 16[4:] as unaligned_reduction
[1563285313625] right click on word 16.0.10 ('to')
[1563285314282] add 16.0.10 to 16[:]
[1563285314282] label 16[10:] as unaligned_reduction
[1563285404216] right click on word 9.0.2 ('telling')
[1563285405442] label 9[2:4,2] as literal
[1563286104721] left click on word 18.0.5 ('gain')
[1563286104721] edit 18[5:4]
[1563286105250] left click on word 18.0.6 ('from')
[1563286105250] add 18.0.6 to 18[5:4]
[1563286105907] left click on word 18.1.5 ('给')
[1563286105907] add 18.1.5 to 18[5,6:4]
[1563286106116] right click on word 18.1.5 ('给')
[1563286112361] left click on word 18.1.0 ('那')
[1563286112361] edit 18[0:0]
[1563286113743] right click on word 18.0.0 ('What')
[1563286114517] right click on word 18.0.0 ('What')
[1563286115013] del 18.0.0 from 18[0:0]
[1563286115383] left click on word 18.1.2 ('的')
[1563286115384] new alignment group
[1563286115384] add 18.1.2 to 18[:]
[1563286116073] cancel edit
[1563286116722] left click on word 18.1.0 ('那')
[1563286116722] edit 18[:0]
[1563286117503] left click on word 18.0.7 ('those')
[1563286117504] add 18.0.7 to 18[:0]
[1563286117623] right click on word 18.0.7 ('those')
[1563286129079] right click on word 18.1.7 ('什么')
[1563286129712] del 18.1.7 from 18[9:7]
[1563286130736] left click on word 18.1.9 ('？')
[1563286130736] new alignment group
[1563286130736] add 18.1.9 to 18[:]
[1563286131416] left click on word 18.0.9 ('?')
[1563286131416] del 18.0.9 from 18[9:]
[1563286131416] add 18.0.9 to 18[:9]
[1563286131971] right click on word 18.0.9 ('?')
[1563286143700] left click on word 18.0.0 ('What')
[1563286143700] new alignment group
[1563286143700] add 18.0.0 to 18[:]
[1563286144030] left click on word 18.0.1 ('do')
[1563286144030] add 18.0.1 to 18[0:]
[1563286144498] left click on word 18.0.2 ('you')
[1563286144498] del 18.0.2 from 18[2:6]
[1563286144499] add 18.0.2 to 18[0,1:]
[1563286146484] left click on word 18.1.4 ('能')
[1563286146484] del 18.1.4 from 18[5,6:4,5]
[1563286146484] add 18.1.4 to 18[0,1,2:]
[1563286146927] left click on word 18.1.5 ('给')
[1563286146927] del 18.1.5 from 18[5,6:5]
[1563286146927] add 18.1.5 to 18[0,1,2:4]
[1563286147338] left click on word 18.1.6 ('你')
[1563286147338] del 18.1.6 from 18[:6]
[1563286147338] add 18.1.6 to 18[0,1,2:4,5]
[1563286147740] left click on word 18.1.7 ('什么')
[1563286147740] add 18.1.7 to 18[0,1,2:4,5,6]
[1563286148197] left click on word 18.1.8 ('希望')
[1563286148197] del 18.1.8 from 18[3:8]
[1563286148197] add 18.1.8 to 18[0,1,2:4,5,6,7]
[1563286148860] left click on word 18.0.3 ('hope')
[1563286148861] del 18.0.3 from 18[3:]
[1563286148861] add 18.0.3 to 18[0,1,2:4,5,6,7,8]
[1563286149179] left click on word 18.0.4 ('to')
[1563286149179] add 18.0.4 to 18[0,1,2,3:4,5,6,7,8]
[1563286149530] left click on word 18.0.5 ('gain')
[1563286149530] del 18.0.5 from 18[5,6:]
[1563286149531] add 18.0.5 to 18[0,1,2,3,4:4,5,6,7,8]
[1563286149969] left click on word 18.0.6 ('from')
[1563286149969] del 18.0.6 from 18[6:]
[1563286149969] add 18.0.6 to 18[0,1,2,3,4,5:4,5,6,7,8]
[1563286151410] right click on word 18.0.6 ('from')
[1563286152232] right click on word 18.1.7 ('什么')
[1563286153417] label 18[0,1,2,3,4,5,6:4,5,6,7,8] as modulation
[1563286690952] left click on word 19.1.3 ('交上')
[1563286690952] new alignment group
[1563286690953] add 19.1.3 to 19[:]
[1563286691520] left click on word 19.0.4 ('drop')
[1563286691521] add 19.0.4 to 19[:3]
[1563286691998] left click on word 19.0.5 ('off')
[1563286692000] del 19.0.5 from 19[5:1]
[1563286692000] add 19.0.5 to 19[4:3]
[1563286692118] right click on word 19.0.5 ('off')
[1563286693214] right click on word 19.0.4 ('drop')
[1563286694247] label 19[4,5:3] as equivalence
[1563286696067] left click on word 19.1.4 ('你')
[1563286696067] edit 19[6:4]
[1563286696343] left click on word 19.1.5 ('的')
[1563286696344] add 19.1.5 to 19[6:4]
[1563286696469] right click on word 19.1.5 ('的')
[1563286699681] left click on word 19.1.6 ('工作证')
[1563286699681] edit 19[7:6]
[1563286700344] left click on word 19.0.8 ('badge')
[1563286700344] add 19.0.8 to 19[7:6]
[1563286700475] right click on word 19.0.8 ('badge')
[1563286704732] right click on word 19.0.8 ('badge')
[1563286706009] label 19[7,8:6] as equivalence
[1563286709495] left click on word 19.1.7 ('还有')
[1563286709495] new alignment group
[1563286709496] add 19.1.7 to 19[:]
[1563286710139] left click on word 19.0.9 ('and')
[1563286710139] add 19.0.9 to 19[:7]
[1563286710277] right click on word 19.0.9 ('and')
[1563286711913] left click on word 19.0.10 ('aII')
[1563286711914] new alignment group
[1563286711914] add 19.0.10 to 19[:]
[1563286712228] left click on word 19.0.11 ('that')
[1563286712228] add 19.0.11 to 19[10:]
[1563286712978] left click on word 19.1.8 ('别的')
[1563286712978] add 19.1.8 to 19[10,11:]
[1563286713113] right click on word 19.1.8 ('别的')
[1563286724991] left click on word 19.0.1 ('by')
[1563286724991] new alignment group
[1563286724991] add 19.0.1 to 19[:]
[1563286725446] left click on word 19.0.0 ('Stop')
[1563286725446] add 19.0.0 to 19[1:]
[1563286725797] left click on word 19.1.1 ('去')
[1563286725797] del 19.1.1 from 19[:1]
[1563286725797] add 19.1.1 to 19[1,0:]
[1563286726030] left click on word 19.1.2 ('店里')
[1563286726031] add 19.1.2 to 19[1,0:1]
[1563286726188] right click on word 19.1.2 ('店里')
[1563286726747] right click on word 19.0.1 ('by')
[1563286728560] label 19[1,0:1,2] as particularization
[1563286736393] right click on word 19.0.3 ('and')
[1563286910754] left click on word 19.1.8 ('别的')
[1563286910755] edit 19[10,11:8]
[1563286911265] left click on word 19.0.9 ('and')
[1563286911266] del 19.0.9 from 19[9:7]
[1563286911266] add 19.0.9 to 19[10,11:8]
[1563286911401] right click on word 19.0.9 ('and')
[1563286916534] left click on word 19.1.8 ('别的')
[1563286916534] edit 19[10,11,9:8]
[1563286916906] left click on word 19.1.7 ('还有')
[1563286916907] del 19.1.7 from 19[:7]
[1563286916907] add 19.1.7 to 19[10,11,9:8]
[1563286917113] right click on word 19.1.7 ('还有')
[1563287036006] right click on word 20.1.3 ('的')
[1563287037236] add 20.1.3 to 20[:]
[1563287037236] label 20[:3] as unaligned_explicitation
[1563287039394] right click on word 20.1.6 ('了')
[1563287039958] add 20.1.6 to 20[:]
[1563287039958] label 20[:6] as unaligned_explicitation
[1563287197372] right click on word 23.1.6 ('了')
[1563287198455] add 23.1.6 to 23[:]
[1563287198455] label 23[:6] as unaligned_explicitation
[1563287206061] left click on word 23.1.5 ('点')
[1563287206061] edit 23[8:4,5]
[1563287206645] left click on word 23.0.6 ('it')
[1563287206646] add 23.0.6 to 23[8:4,5]
[1563287207169] left click on word 23.0.7 (''s')
[1563287207169] add 23.0.7 to 23[8,6:4,5]
[1563287207322] right click on word 23.0.7 (''s')
[1563287448627] left click on word 24.1.8 ('住到')
[1563287448628] edit 24[5:8]
[1563287449910] left click on word 24.0.7 ('until')
[1563287449910] del 24.0.7 from 24[7:7]
[1563287449911] add 24.0.7 to 24[5:8]
[1563287450109] right click on word 24.0.7 ('until')
[1563287464799] right click on word 24.0.4 ('to')
[1563287465355] del 24.0.4 from 24[4:]
[1563287479643] right click on word 24.1.7 ('一直')
[1563287480961] label 24[:7] as unaligned_explicitation
[1563287490479] right click on word 24.1.5 ('在')
[1563287491955] add 24.1.5 to 24[:]
[1563287491956] label 24[:5] as unaligned_explicitation
[1563287855648] right click on word 27.0.4 ('wear')
[1563287862668] right click on word 27.0.4 ('wear')
[1563287881687] right click on word 27.0.4 ('wear')
[1563287882784] label 27[4:3] as generalization
[1563288100555] left click on word 30.1.1 ('对天发誓')
[1563288100555] new alignment group
[1563288100563] add 30.1.1 to 30[:]
[1563288100965] left click on word 30.0.1 ('swear')
[1563288100965] add 30.0.1 to 30[:1]
[1563288101393] left click on word 30.0.2 ('to')
[1563288101393] add 30.0.2 to 30[1:1]
[1563288101739] left click on word 30.0.3 ('God')
[1563288101739] add 30.0.3 to 30[1,2:1]
[1563288101884] right click on word 30.0.3 ('God')
[1563288141643] left click on word 30.1.4 ('不')
[1563288141645] edit 30[6:4]
[1563288142041] left click on word 30.1.5 ('会')
[1563288142042] add 30.1.5 to 30[6:4]
[1563288142461] left click on word 30.0.5 (''re')
[1563288142461] add 30.0.5 to 30[6:4,5]
[1563288142943] left click on word 30.0.7 ('gon')
[1563288142944] add 30.0.7 to 30[6,5:4,5]
[1563288143249] left click on word 30.0.8 ('na')
[1563288143249] add 30.0.8 to 30[6,5,7:4,5]
[1563288143395] right click on word 30.0.8 ('na')
[1563456359117] NEW SESSION
[1563456403362] right click on word 4.0.0 ('Let')
[1563456404579] label 4[0:] as unaligned_reduction
[1563456502534] right click on word 8.1.2 ('乘坐')
[1563456505408] right click on word 8.0.4 ('for')
[1563456505894] del 8.0.4 from 8[4:2]
[1563456507218] right click on word 8.1.2 ('乘坐')
[1563456508113] label 8[:2] as unaligned_explicitation
[1563456510718] left click on word 8.1.9 ('请')
[1563456510718] new alignment group
[1563456510719] add 8.1.9 to 8[:]
[1563456511354] cancel edit
[1563456512528] right click on word 8.1.9 ('请')
[1563456513059] add 8.1.9 to 8[:]
[1563456513059] label 8[:9] as unaligned_explicitation
[1563456514218] left click on word 8.1.7 ('的')
[1563456514219] new alignment group
[1563456514219] add 8.1.7 to 8[:]
[1563456514662] left click on word 8.0.4 ('for')
[1563456514662] add 8.0.4 to 8[:7]
[1563456514806] right click on word 8.0.4 ('for')
[1563456515446] right click on word 8.1.7 ('的')
[1563456516406] label 8[4:7] as transposition
[1563456986670] right click on word 19.1.2 ('店里')
[1563456987815] del 19.1.2 from 19[1,0:1,2]
[1563456988895] right click on word 19.1.2 ('店里')
[1563456989809] add 19.1.2 to 19[:]
[1563456989809] label 19[:2] as unaligned_explicitation
[1563457666368] right click on word 19.0.0 ('Stop')
[1563457667645] label 19[1,0:1] as equivalence
[1563457673378] right click on word 19.0.3 ('and')
[1563457674279] add 19.0.3 to 19[:]
[1563457674279] label 19[3:] as unaligned_reduction
[1563457731593] right click on word 19.0.0 ('Stop')
[1563457746017] right click on word 19.0.0 ('Stop')
[1563457747695] label 19[1,0:1] as generalization
[1563457852697] left click on word 24.0.8 ('I')
[1563457852698] edit 24[8:9]
[1563457853067] left click on word 24.0.9 (''m')
[1563457853067] del 24.0.9 from 24[9:]
[1563457853068] add 24.0.9 to 24[8:9]
[1563457853841] left click on word 24.1.10 ('三十')
[1563457853841] del 24.1.10 from 24[10:10]
[1563457853842] add 24.1.10 to 24[8,9:9]
[1563457853983] right click on word 24.1.10 ('三十')
[1563457855312] left click on word 24.1.9 ('我')
[1563457855312] edit 24[8,9:9,10]
[1563457855790] left click on word 24.0.10 ('30')
[1563457855790] del 24.0.10 from 24[10:]
[1563457855790] add 24.0.10 to 24[8,9:9,10]
[1563457855920] right click on word 24.0.10 ('30')
[1563457863715] right click on word 24.1.11 ('岁')
[1563457875541] right click on word 24.1.16 ('隐居')
[1563457877048] label 24[16,15,14:14,15,16,17] as modulation
[1563458979215] right click on word 31.0.5 ('them')
[1563458979707] del 31.0.5 from 31[5:2]
[1563458981544] left click on word 31.1.5 ('小妞')
[1563458981544] new alignment group
[1563458981544] add 31.1.5 to 31[:]
[1563458982109] left click on word 31.0.5 ('them')
[1563458982109] add 31.0.5 to 31[:5]
[1563458982235] right click on word 31.0.5 ('them')
[1563458982784] right click on word 31.0.5 ('them')
[1563458983905] label 31[5:5] as particularization
[1563458985056] right click on word 31.1.6 ('啊')
[1563458986061] del 31.1.6 from 31[3:6]
[1563458987454] right click on word 31.1.6 ('啊')
[1563458988208] add 31.1.6 to 31[:]
[1563458988208] label 31[:6] as unaligned_explicitation
[1563458989824] left click on word 31.1.7 ('？')
[1563458989824] new alignment group
[1563458989824] add 31.1.7 to 31[:]
[1563458991077] left click on word 31.0.8 ('?')
[1563458991077] add 31.0.8 to 31[:7]
[1563458991245] right click on word 31.0.8 ('?')
[1563458997702] right click on word 31.1.9 ('你')
[1563458999165] right click on word 31.1.9 ('你')
[1563458999614] del 31.1.9 from 31[1:9]
[1563459001159] right click on word 31.1.9 ('你')
[1563459001805] add 31.1.9 to 31[:]
[1563459001805] label 31[:9] as unaligned_explicitation
[1563459004940] right click on word 31.1.10 ('了')
[1563459005533] add 31.1.10 to 31[:]
[1563459005533] label 31[:10] as unaligned_reduction
[1563459014663] left click on word 31.0.3 ('me')
[1563459014663] edit 31[3:]
[1563459015379] left click on word 31.1.3 ('我')
[1563459015379] add 31.1.3 to 31[3:]
[1563459015565] right click on word 31.1.3 ('我')
[1563459038262] right click on word 31.0.4 ('to')
[1563459039605] add 31.0.4 to 31[:]
[1563459039605] label 31[4:] as unaligned_reduction
[1563459045114] right click on word 31.1.2 ('帮')
[1563459046366] label 31[:2] as unaligned_explicitation
[1563459059253] left click on word 31.1.1 ('要')
[1563459059253] new alignment group
[1563459059253] add 31.1.1 to 31[:]
[1563459060659] left click on word 31.0.0 ('Could')
[1563459060659] add 31.0.0 to 31[:1]
[1563459060851] right click on word 31.0.0 ('Could')
[1563459061250] right click on word 31.0.0 ('Could')
[1563459062049] label 31[0:1] as equivalence
[1563459064620] left click on word 31.1.0 ('你')
[1563459064620] edit 31[1:0]
[1563459065344] right click on word 31.1.0 ('你')
[1563541917235] NEW SESSION
[1563541985145] left click on word 8.0.7 ('to')
[1563541985145] edit 8[7:5]
[1563541986204] cancel edit
[1563541998180] right click on word 8.0.7 ('to')
[1563541999927] label 8[7:5] as modulation_transposition
[1563804079618] NEW SESSION
[1563804161831] right click on word 30.1.1 ('对')
[1563804163510] left click on word 30.1.2 ('天')
[1563804163510] new alignment group
[1563804163511] add 30.1.2 to 30[:]
[1563804164985] left click on word 30.1.1 ('对')
[1563804164986] del 30.1.1 from 30[1,2,3:1]
[1563804164986] add 30.1.1 to 30[:2]
[1563804165915] left click on word 30.1.1 ('对')
[1563804165915] del 30.1.1 from 30[:2,1]
[1563804165915] add 30.1.1 to 30[1,2,3:]
[1563804166496] left click on word 30.0.1 ('swear')
[1563804166497] del 30.0.1 from 30[1,2,3:1]
[1563804166497] add 30.0.1 to 30[:2]
[1563804167137] left click on word 30.0.2 ('to')
[1563804167137] del 30.0.2 from 30[2,3:1]
[1563804167138] add 30.0.2 to 30[1:2]
[1563804167762] left click on word 30.0.3 ('God')
[1563804167762] del 30.0.3 from 30[3:1]
[1563804167762] add 30.0.3 to 30[1,2:2]
[1563804168259] left click on word 30.1.3 ('发誓')
[1563804168259] del 30.1.3 from 30[4:3]
[1563804168260] add 30.1.3 to 30[1,2,3:2]
[1563804168956] left click on word 30.1.1 ('对')
[1563804168956] del 30.1.1 from 30[:1]
[1563804168956] add 30.1.1 to 30[1,2,3:2,3]
[1563804171622] cancel edit
[1563804171622] add 30.0.1 to 30[:]
[1563804171622] add 30.0.2 to 30[1:]
[1563804171623] add 30.0.3 to 30[1,2:]
[1563804171623] add 30.1.3 to 30[4:]
[1563804171623] add 30.1.1 to 30[1,2,3:]
[1563804173561] left click on word 30.1.3 ('发誓')
[1563804173561] edit 30[4:3]
[1563804174575] right click on word 30.1.3 ('发誓')
[1563804175688] right click on word 30.1.3 ('发誓')
[1563804176418] del 30.1.3 from 30[4:3]
[1563804178718] left click on word 30.1.1 ('对')
[1563804178718] edit 30[1,2,3:1]
[1563804179292] left click on word 30.1.2 ('天')
[1563804179292] add 30.1.2 to 30[1,2,3:1]
[1563804179900] left click on word 30.1.3 ('发誓')
[1563804179900] add 30.1.3 to 30[1,2,3:1,2]
[1563804181391] cancel edit
[1563804182473] left click on word 30.1.1 ('对')
[1563804182473] edit 30[1,2,3:1]
[1563804182931] left click on word 30.1.2 ('天')
[1563804182931] add 30.1.2 to 30[1,2,3:1]
[1563804183358] left click on word 30.1.3 ('发誓')
[1563804183358] add 30.1.3 to 30[1,2,3:1,2]
[1563804184609] right click on word 30.1.3 ('发誓')
[1563804188756] right click on word 30.1.4 ('，')
[1563804189308] del 30.1.4 from 30[6,5,7,8:4,5]
[1563804191838] right click on word 30.1.5 ('你')
[1563804192486] del 30.1.5 from 30[6,5,7,8:5]
[1563804195267] left click on word 30.1.5 ('你')
[1563804195268] new alignment group
[1563804195268] add 30.1.5 to 30[:]
[1563804196393] left click on word 30.0.4 ('you')
[1563804196393] del 30.0.4 from 30[4:]
[1563804196394] add 30.0.4 to 30[:5]
[1563804206358] cancel edit
[1563804206358] add 30.0.4 to 30[:]
[1563804207779] left click on word 30.1.6 ('不')
[1563804207779] edit 30[9:6]
[1563804209033] cancel edit
[1563804210033] right click on word 30.0.9 ('laugh')
[1563804210524] del 30.0.9 from 30[9:6]
[1563804212211] left click on word 30.1.6 ('不')
[1563804212212] edit 30[:6]
[1563804213005] left click on word 30.0.6 ('not')
[1563804213005] del 30.0.6 from 30[6,5,7,8:]
[1563804213006] add 30.0.6 to 30[:6]
[1563804214948] cancel edit
[1563804214948] add 30.0.6 to 30[5,7,8:]
[1563804215831] left click on word 30.1.6 ('不')
[1563804215831] edit 30[:6]
[1563804216472] left click on word 30.0.6 ('not')
[1563804216472] del 30.0.6 from 30[5,7,8,6:]
[1563804216472] add 30.0.6 to 30[:6]
[1563804219650] right click on word 30.0.6 ('not')
[1563804220960] left click on word 30.1.7 ('会')
[1563804220960] new alignment group
[1563804220960] add 30.1.7 to 30[:]
[1563804221874] left click on word 30.0.7 ('gon')
[1563804221874] del 30.0.7 from 30[5,7,8:]
[1563804221874] add 30.0.7 to 30[:7]
[1563804222603] left click on word 30.0.8 ('na')
[1563804222603] del 30.0.8 from 30[5,8:]
[1563804222603] add 30.0.8 to 30[7:7]
[1563804224106] right click on word 30.0.8 ('na')
[1563804227862] right click on word 30.0.10 ('?')
[1563804228328] del 30.0.10 from 30[10:8]
[1563804230487] left click on word 30.1.8 ('笑')
[1563804230487] edit 30[:8]
[1563804231592] left click on word 30.0.9 ('laugh')
[1563804231592] add 30.0.9 to 30[:8]
[1563804233472] right click on word 30.0.9 ('laugh')
[1563804592587] left click on word 30.1.5 ('你')
[1563804592587] new alignment group
[1563804592588] add 30.1.5 to 30[:]
[1563804593059] left click on word 30.0.4 ('you')
[1563804593059] del 30.0.4 from 30[4:]
[1563804593060] add 30.0.4 to 30[:5]
[1563804600763] right click on word 30.0.4 ('you')
[1563804717263] left click on word 30.0.10 ('?')
[1563804717263] new alignment group
[1563804717264] add 30.0.10 to 30[:]
[1563804718077] left click on word 30.1.10 ('?')
[1563804718077] add 30.1.10 to 30[10:]
[1563804720323] right click on word 30.1.10 ('?')
[1563804821833] right click on word 30.1.9 ('我')
[1563804827768] add 30.1.9 to 30[:]
[1563804827768] label 30[:9] as unaligned_explicitation
[1563804895755] left click on word 30.1.7 ('会')
[1563804895755] edit 30[7,8:7]
[1563804896380] left click on word 30.0.5 (''re')
[1563804896380] del 30.0.5 from 30[5:]
[1563804896380] add 30.0.5 to 30[7,8:7]
[1563804898894] right click on word 30.0.5 (''re')
[1563804991648] right click on word 30.0.1 ('swear')
[1563804992859] label 30[1,2,3:1,2,3] as equivalence
[1563805556081] NEW SESSION
[1563805563128] left click on word 19.0.13 ('you')
[1563805563128] new alignment group
[1563805563129] add 19.0.13 to 19[:]
[1563805566314] right click on word 19.0.13 ('you')
[1563805567725] left click on word 19.0.13 ('you')
[1563805567725] edit 19[13:]
[1563805568320] right click on word 19.0.13 ('you')
[1563805569083] left click on word 19.0.13 ('you')
[1563805569083] edit 19[13:]
[1563805570309] right click on word 19.0.13 ('you')
[1563805571343] left click on word 19.0.13 ('you')
[1563805571343] edit 19[13:]
[1563805571960] cancel edit
[1563805573809] right click on word 19.0.13 ('you')
[1563805575091] label 19[13:] as unaligned_reduction
[1563805576061] right click on word 19.0.14 ('know')
[1563805576889] add 19.0.14 to 19[:]
[1563805576890] label 19[14:] as unaligned_reduction
[1564135184546] NEW SESSION
[1564135226382] right click on word 32.1.1 ('您')
[1564135227158] add 32.1.1 to 32[:]
[1564135227158] label 32[:1] as unaligned_explicitation
[1564135227867] right click on word 32.1.2 ('能')
[1564135228381] add 32.1.2 to 32[:]
[1564135228382] label 32[:2] as unaligned_explicitation
[1564135229250] right click on word 32.0.1 ('remind')
[1564135231915] label 32[1:3] as generalization
[1564135240244] right click on word 32.1.6 ('当初')
[1564135240806] add 32.1.6 to 32[:]
[1564135240806] label 32[:6] as unaligned_explicitation
[1564135251556] right click on word 32.0.7 ('things')
[1564135252291] add 32.0.7 to 32[:]
[1564135252291] label 32[7:] as unaligned_reduction
[1564135255790] left click on word 32.1.11 ('“')
[1564135255790] new alignment group
[1564135255790] add 32.1.11 to 32[:]
[1564135256936] left click on word 32.0.8 ('``')
[1564135256937] add 32.0.8 to 32[:11]
[1564135257133] right click on word 32.0.8 ('``')
[1564135257851] left click on word 32.0.10 ('''')
[1564135257851] new alignment group
[1564135257851] add 32.0.10 to 32[:]
[1564135258529] left click on word 32.1.13 ('”')
[1564135258529] add 32.1.13 to 32[10:]
[1564135258690] right click on word 32.1.13 ('”')
[1564135263753] left click on word 32.1.8 ('称')
[1564135263753] edit 32[5:8]
[1564135265636] cancel edit
[1564135266802] right click on word 32.1.10 ('为')
[1564135267413] add 32.1.10 to 32[:]
[1564135267413] label 32[:10] as unaligned_explicitation
[1564135271178] right click on word 32.1.15 ('吗')
[1564135271775] add 32.1.15 to 32[:]
[1564135271775] label 32[:15] as unaligned_explicitation
[1564135272330] right click on word 32.1.16 ('？')
[1564135272912] add 32.1.16 to 32[:]
[1564135272912] label 32[:16] as unaligned_explicitation
[1564395789663] NEW SESSION
[1564395793220] right click on word 4.0.1 ('me')
[1564395794179] label 4[1:0] as literal
[1566547627703] NEW SESSION
[1566554035721] right click on word 29.1.13 ('的')
[1566554036607] del 29.1.13 from 29[11:12,13,11]
[1566554038805] right click on word 29.1.13 ('的')
[1566554040585] add 29.1.13 to 29[:]
[1566554040586] label 29[:13] as unaligned_explicitation
[1567945973337] NEW SESSION
[1567946009182] right click on word 31.1.10 ('了')
[1567946010249] label 31[:10] as unaligned_explicitation
