[1561623546857] NEW SESSION
[1561623704653] right click on word 2.1.2 ('Áßç')
[1561623706751] right click on word 2.1.2 ('Áßç')
[1561623707453] add 2.1.2 to 2[:]
[1561623707453] label 2[:2] as unaligned_explicitation
[1561623721344] left click on word 2.0.3 ('agony')
[1561623721344] new alignment group
[1561623721344] add 2.0.3 to 2[:]
[1561623722057] left click on word 2.1.3 ('ÊÉ∂ÊÅê‰∏çÂÆâ')
[1561623722058] add 2.1.3 to 2[3:]
[1561623722567] left click on word 2.1.4 ('ÁöÑ')
[1561623722567] add 2.1.4 to 2[3:3]
[1561623722753] right click on word 2.1.4 ('ÁöÑ')
[1561623757734] right click on word 2.1.3 ('ÊÉ∂ÊÅê‰∏çÂÆâ')
[1561623759605] label 2[3:3,4] as transposition
[1561623767128] left click on word 2.0.1 ('in')
[1561623767128] edit 2[1:0]
[1561623768125] left click on word 2.1.6 ('‰∏ã')
[1561623768125] add 2.1.6 to 2[1:0]
[1561623768354] right click on word 2.1.6 ('‰∏ã')
[1561623774089] left click on word 2.1.7 (',')
[1561623774089] new alignment group
[1561623774089] add 2.1.7 to 2[:]
[1561623774684] left click on word 2.0.6 (',')
[1561623774685] add 2.0.6 to 2[:7]
[1561623774838] right click on word 2.0.6 (',')
[1561623832232] left click on word 2.1.17 ('‰∏ã')
[1561623832232] new alignment group
[1561623832232] add 2.1.17 to 2[:]
[1561623833645] left click on word 2.1.21 ('ÂÜ≥ÂøÉ')
[1561623833646] del 2.1.21 from 2[12:21]
[1561623833646] add 2.1.21 to 2[:17]
[1561623836812] left click on word 2.0.8 ('made')
[1561623836812] add 2.0.8 to 2[:17,21]
[1561623837451] right click on word 2.0.8 ('made')
[1561623840924] left click on word 2.1.17 ('‰∏ã')
[1561623840924] edit 2[8:17,21]
[1561623841385] left click on word 2.1.18 ('‰∫Ü')
[1561623841385] add 2.1.18 to 2[8:17,21]
[1561623841539] right click on word 2.1.18 ('‰∫Ü')
[1561623845433] right click on word 2.1.21 ('ÂÜ≥ÂøÉ')
[1561623846082] del 2.1.21 from 2[8:17,21,18]
[1561623846718] left click on word 2.1.21 ('ÂÜ≥ÂøÉ')
[1561623846718] new alignment group
[1561623846718] add 2.1.21 to 2[:]
[1561623847388] left click on word 2.0.12 ('resolutions')
[1561623847388] del 2.0.12 from 2[12:]
[1561623847388] add 2.0.12 to 2[:21]
[1561623847547] right click on word 2.0.12 ('resolutions')
[1561623852286] right click on word 2.1.20 ('Ê¨°')
[1561623853014] del 2.1.20 from 2[27:20]
[1561623875965] right click on word 2.1.9 ('‰∏Ä')
[1561623876836] add 2.1.9 to 2[:]
[1561623876836] label 2[:9] as unaligned_explicitation
[1561623877344] right click on word 2.1.10 ('Ê¨°')
[1561623877984] add 2.1.10 to 2[:]
[1561623877984] label 2[:10] as unaligned_explicitation
[1561623878445] right click on word 2.1.11 ('Âèà')
[1561623879048] add 2.1.11 to 2[:]
[1561623879049] label 2[:11] as unaligned_explicitation
[1561623879858] right click on word 2.1.12 ('‰∏Ä')
[1561623883448] right click on word 2.0.9 ('many')
[1561623884290] del 2.0.9 from 2[9:19]
[1561623892566] left click on word 2.1.19 ('Êó†Êï∞')
[1561623892566] edit 2[:19]
[1561623893294] right click on word 2.0.9 ('many')
[1561623893295] add 2.0.9 to 2[:19]
[1561623897811] left click on word 2.0.10 ('vows')
[1561623897811] new alignment group
[1561623897811] add 2.0.10 to 2[:]
[1561623898511] left click on word 2.1.15 ('ÂèëË™ì')
[1561623898511] add 2.1.15 to 2[10:]
[1561623898689] right click on word 2.1.15 ('ÂèëË™ì')
[1561623901724] right click on word 2.0.10 ('vows')
[1561623903321] label 2[10:15] as transposition
[1561623910377] right click on word 2.1.20 ('Ê¨°')
[1561623911315] add 2.1.20 to 2[:]
[1561623911315] label 2[:20] as unaligned_explicitation
[1561623912548] right click on word 2.1.19 ('Êó†Êï∞')
[1561623914901] label 2[9:19] as equivalence
[1561624070010] left click on word 4.0.1 ('successful')
[1561624070010] edit 4[1:0]
[1561624070495] left click on word 4.1.1 ('ÁöÑ')
[1561624070495] add 4.1.1 to 4[1:0]
[1561624070657] right click on word 4.1.1 ('ÁöÑ')
[1561624075356] left click on word 4.1.4 ('‰Ωø')
[1561624075356] edit 4[4:4]
[1561624076189] left click on word 4.0.5 ('in')
[1561624076189] del 4.0.5 from 4[5:6]
[1561624076189] add 4.0.5 to 4[4:4]
[1561624076358] right click on word 4.0.5 ('in')
[1561624088635] left click on word 4.1.10 ('ÊâßË°å')
[1561624088635] edit 4[7:10]
[1561624089164] left click on word 4.0.6 ('the')
[1561624089164] add 4.0.6 to 4[7:10]
[1561624089344] right click on word 4.0.6 ('the')
[1561624095562] left click on word 4.0.11 ('on')
[1561624095562] new alignment group
[1561624095562] add 4.0.11 to 4[:]
[1561624096730] left click on word 4.1.6 ('Âú®')
[1561624096730] del 4.1.6 from 4[:6]
[1561624096730] add 4.1.6 to 4[11:]
[1561624096924] right click on word 4.1.6 ('Âú®')
[1561624100087] left click on word 4.1.7 ('ÁõÆÊ†á')
[1561624100087] edit 4[13:7]
[1561624101366] left click on word 4.0.12 ('the')
[1561624101366] add 4.0.12 to 4[13:7]
[1561624101526] right click on word 4.0.12 ('the')
[1561624102462] right click on word 4.1.8 ('‰∏ªÊú∫')
[1561624104508] left click on word 4.0.11 ('on')
[1561624104508] edit 4[11:6]
[1561624105556] left click on word 4.1.9 ('‰∏ä')
[1561624105556] add 4.1.9 to 4[11:6]
[1561624105748] right click on word 4.1.9 ('‰∏ä')
[1561624106224] right click on word 4.1.8 ('‰∏ªÊú∫')
[1561624106824] add 4.1.8 to 4[:]
[1561624106824] label 4[:8] as unaligned_explicitation
[1561624113076] left click on word 4.0.2 ('attack')
[1561624113076] edit 4[2:2]
[1561624113644] left click on word 4.0.0 ('A')
[1561624113645] add 4.0.0 to 4[2:2]
[1561624113806] right click on word 4.0.0 ('A')
[1561624142574] right click on word 4.1.4 ('‰Ωø')
[1561624143627] label 4[4,5:4] as equivalence
[1561624145307] right click on word 4.1.5 ('ÊîªÂáªËÄÖ')
[1561624146353] add 4.1.5 to 4[:]
[1561624146353] label 4[:5] as unaligned_explicitation
[1561624244405] left click on word 5.0.8 ('based')
[1561624244405] edit 5[8:0]
[1561624245026] left click on word 5.0.9 ('on')
[1561624245026] add 5.0.9 to 5[8:0]
[1561624245187] right click on word 5.0.9 ('on')
[1561624246101] left click on word 5.0.10 ('WEB')
[1561624246102] new alignment group
[1561624246102] add 5.0.10 to 5[:]
[1561624246810] left click on word 5.1.1 ('WEB')
[1561624246810] add 5.1.1 to 5[10:]
[1561624246998] right click on word 5.1.1 ('WEB')
[1561624248498] left click on word 5.1.3 ('BES')
[1561624248498] new alignment group
[1561624248498] add 5.1.3 to 5[:]
[1561624248840] left click on word 5.0.3 ('BES')
[1561624248840] add 5.0.3 to 5[:3]
[1561624249001] right click on word 5.0.3 ('BES')
[1561624301970] left click on word 5.1.7 ('Ê®°Âûã')
[1561624301970] edit 5[1:7]
[1561624303205] left click on word 5.0.0 ('A')
[1561624303205] add 5.0.0 to 5[1:7]
[1561624303446] right click on word 5.0.0 ('A')
[1561624308032] right click on word 5.0.6 ('management')
[1561624308755] add 5.0.6 to 5[:]
[1561624308755] label 5[6:] as unaligned_reduction
[1561624309998] right click on word 5.0.2 ('of')
[1561624310626] add 5.0.2 to 5[:]
[1561624310626] label 5[2:] as unaligned_reduction
[1561624354629] left click on word 6.1.6 (',')
[1561624354629] new alignment group
[1561624354629] add 6.1.6 to 6[:]
[1561624355633] left click on word 6.0.7 (',')
[1561624355633] add 6.0.7 to 6[:6]
[1561624355831] right click on word 6.0.7 (',')
[1561624358465] left click on word 6.0.10 ('the')
[1561624358465] new alignment group
[1561624358465] add 6.0.10 to 6[:]
[1561624359021] left click on word 6.0.11 ('crystal')
[1561624359021] del 6.0.11 from 6[11:9]
[1561624359021] add 6.0.11 to 6[10:]
[1561624359335] right click on word 6.0.11 ('crystal')
[1561624360202] left click on word 6.1.9 ('Ê∞¥Êô∂')
[1561624360202] edit 6[:9]
[1561624360773] left click on word 6.0.10 ('the')
[1561624360773] del 6.0.10 from 6[10,11:]
[1561624360773] add 6.0.10 to 6[:9]
[1561624361139] left click on word 6.0.11 ('crystal')
[1561624361139] del 6.0.11 from 6[11:]
[1561624361139] add 6.0.11 to 6[10:9]
[1561624361317] right click on word 6.0.11 ('crystal')
[1561624365025] left click on word 6.1.10 ('‰Ωø')
[1561624365025] new alignment group
[1561624365025] add 6.1.10 to 6[:]
[1561624369291] cancel edit
[1561624387120] left click on word 6.1.14 ('ËøîËÄÅËøòÁ´•')
[1561624387120] new alignment group
[1561624387120] add 6.1.14 to 6[:]
[1561624392135] left click on word 6.0.13 ('rejuvenate')
[1561624392136] add 6.0.13 to 6[:14]
[1561624393964] right click on word 6.0.13 ('rejuvenate')
[1561624399289] left click on word 6.1.14 ('ËøîËÄÅËøòÁ´•')
[1561624399289] edit 6[13:14]
[1561624400372] left click on word 6.0.12 ('to')
[1561624400372] add 6.0.12 to 6[13:14]
[1561624400615] right click on word 6.0.12 ('to')
[1561624448985] left click on word 6.1.11 ('‰ªñ‰ª¨')
[1561624448985] edit 6[14:11]
[1561624449678] left click on word 6.1.12 ('ÁöÑ')
[1561624449678] add 6.1.12 to 6[14:11]
[1561624449840] right click on word 6.1.12 ('ÁöÑ')
[1561624452155] right click on word 6.1.10 ('‰Ωø')
[1561624452787] add 6.1.10 to 6[:]
[1561624452787] label 6[:10] as unaligned_explicitation
[1561624459891] left click on word 6.1.16 ('ËÉΩÂ§ü')
[1561624459891] edit 6[18:16]
[1561624460859] left click on word 6.0.17 ('were')
[1561624460859] add 6.0.17 to 6[18:16]
[1561624461596] left click on word 6.0.19 ('to')
[1561624461597] add 6.0.19 to 6[18,17:16]
[1561624461773] right click on word 6.0.19 ('to')
[1561624468306] left click on word 6.1.18 ('Êï∞')
[1561624468306] new alignment group
[1561624468306] add 6.1.18 to 6[:]
[1561624468721] cancel edit
[1561624469854] left click on word 6.0.21 ('hundreds')
[1561624469854] edit 6[21:19]
[1561624470465] left click on word 6.0.22 ('of')
[1561624470465] add 6.0.22 to 6[21:19]
[1561624470652] right click on word 6.0.22 ('of')
[1561624472742] left click on word 6.1.19 ('Áôæ')
[1561624472742] edit 6[21,22:19]
[1561624473245] left click on word 6.1.18 ('Êï∞')
[1561624473245] add 6.1.18 to 6[21,22:19]
[1561624473480] right click on word 6.1.18 ('Êï∞')
[1561624479608] left click on word 6.1.22 ('‰∏ç')
[1561624479608] new alignment group
[1561624479608] add 6.1.22 to 6[:]
[1561624480305] left click on word 6.1.23 ('Ë°∞ËÄÅ')
[1561624480305] add 6.1.23 to 6[:22]
[1561624481247] left click on word 6.0.25 ('maintaining')
[1561624481247] add 6.0.25 to 6[:22,23]
[1561624481868] left click on word 6.0.26 ('a')
[1561624481868] add 6.0.26 to 6[25:22,23]
[1561624482213] left click on word 6.0.27 ('youthful')
[1561624482213] add 6.0.27 to 6[25,26:22,23]
[1561624482677] left click on word 6.0.28 ('appearance')
[1561624482677] add 6.0.28 to 6[25,26,27:22,23]
[1561624482911] right click on word 6.0.28 ('appearance')
[1561624483395] right click on word 6.0.28 ('appearance')
[1561624484523] label 6[25,26,27,28:22,23] as modulation
[1561624502630] right click on word 6.0.4 ('physical')
[1561624503911] del 6.0.4 from 6[4:5]
[1561624528660] right click on word 6.0.4 ('physical')
[1561624529285] add 6.0.4 to 6[:]
[1561624529285] label 6[4:] as unaligned_reduction
[1561624529883] right click on word 6.0.3 ('more')
[1561624536555] left click on word 6.1.2 ('ËøáÂ∫¶')
[1561624536555] new alignment group
[1561624536555] add 6.1.2 to 6[:]
[1561624537414] left click on word 6.0.3 ('more')
[1561624537414] add 6.0.3 to 6[:2]
[1561624537623] right click on word 6.0.3 ('more')
[1561624538295] right click on word 6.0.3 ('more')
[1561624540514] label 6[3:2] as equivalence
[1561624547338] right click on word 6.0.0 ('As')
[1561624548431] add 6.0.0 to 6[:]
[1561624548431] label 6[0:] as unaligned_reduction
[1561624565436] right click on word 6.1.0 ('ÂêéÊù•')
[1561624570436] left click on word 7.1.3 ('HLA-DR')
[1561624570436] new alignment group
[1561624570436] add 7.1.3 to 7[:]
[1561624571122] left click on word 7.0.2 ('HLA-DR')
[1561624571122] add 7.0.2 to 7[:3]
[1561624571352] right click on word 7.0.2 ('HLA-DR')
[1561624572206] left click on word 7.1.4 ('Ôºå')
[1561624572206] new alignment group
[1561624572206] add 7.1.4 to 7[:]
[1561624572853] left click on word 7.0.3 (',')
[1561624572853] add 7.0.3 to 7[:4]
[1561624573031] right click on word 7.0.3 (',')
[1561624573579] left click on word 7.0.4 ('-')
[1561624573580] new alignment group
[1561624573580] add 7.0.4 to 7[:]
[1561624574008] left click on word 7.0.5 ('DQ')
[1561624574008] add 7.0.5 to 7[4:]
[1561624574398] left click on word 7.1.5 ('-DQ')
[1561624574398] add 7.1.5 to 7[4,5:]
[1561624574704] right click on word 7.1.5 ('-DQ')
[1561624588052] left click on word 7.1.0 ('VKH')
[1561624588052] new alignment group
[1561624588052] add 7.1.0 to 7[:]
[1561624589128] left click on word 7.0.13 ('Vogt-Koyanagi-Harada')
[1561624589128] add 7.0.13 to 7[:0]
[1561624589490] right click on word 7.0.13 ('Vogt-Koyanagi-Harada')
[1561624662737] left click on word 8.1.3 ('DDR')
[1561624662737] new alignment group
[1561624662737] add 8.1.3 to 8[:]
[1561624663365] left click on word 8.0.3 ('DDR')
[1561624663366] add 8.0.3 to 8[:3]
[1561624663635] right click on word 8.0.3 ('DDR')
[1561624668127] left click on word 8.0.6 ('based')
[1561624668127] edit 8[6:0]
[1561624668606] left click on word 8.0.7 ('on')
[1561624668606] add 8.0.7 to 8[6:0]
[1561624668807] right click on word 8.0.7 ('on')
[1561624669359] left click on word 8.0.8 ('FPGA')
[1561624669359] new alignment group
[1561624669359] add 8.0.8 to 8[:]
[1561624670113] left click on word 8.1.1 ('FPGA')
[1561624670113] add 8.1.1 to 8[8:]
[1561624670282] right click on word 8.1.1 ('FPGA')
[1561624674859] left click on word 8.1.7 ('ÂÆûÁé∞')
[1561624674859] edit 8[1:7]
[1561624675832] left click on word 8.0.0 ('A')
[1561624675832] add 8.0.0 to 8[1:7]
[1561624676007] right click on word 8.0.0 ('A')
[1561624689556] left click on word 8.1.6 ('ÁöÑ')
[1561624689556] new alignment group
[1561624689556] add 8.1.6 to 8[:]
[1561624690736] left click on word 8.0.2 ('of')
[1561624690736] add 8.0.2 to 8[:6]
[1561624691046] right click on word 8.0.2 ('of')
[1561624691626] right click on word 8.0.2 ('of')
[1561624692626] label 8[2:6] as transposition
[1561624722723] right click on word 8.1.7 ('ÂÆûÁé∞')
[1561624729085] label 8[1,0:7] as translation_error
[1561624737583] right click on word 8.1.2 ('ÁöÑ')
[1561624761280] left click on word 9.0.1 ('comparison')
[1561624761280] edit 9[1:7]
[1561624762170] left click on word 9.0.0 ('A')
[1561624762170] add 9.0.0 to 9[1:7]
[1561624762396] right click on word 9.0.0 ('A')
[1561624764984] left click on word 9.0.2 ('of')
[1561624764984] new alignment group
[1561624764984] add 9.0.2 to 9[:]
[1561624765693] left click on word 9.1.6 ('‰πã')
[1561624765693] add 9.1.6 to 9[2:]
[1561624765976] right click on word 9.1.6 ('‰πã')
[1561624766624] right click on word 9.1.6 ('‰πã')
[1561624768458] label 9[2:6] as transposition
[1561624821930] left click on word 9.1.2 ('‰∏é')
[1561624821931] new alignment group
[1561624821931] add 9.1.2 to 9[:]
[1561624822884] left click on word 9.0.8 ('and')
[1561624822884] add 9.0.8 to 9[:2]
[1561624823146] right click on word 9.0.8 ('and')
[1561624829817] left click on word 9.1.2 ('‰∏é')
[1561624829817] edit 9[8:2]
[1561624831379] left click on word 9.0.6 ('between')
[1561624831379] add 9.0.6 to 9[8:2]
[1561624831557] right click on word 9.0.6 ('between')
[1561624900187] left click on word 9.1.2 ('‰∏é')
[1561624900187] edit 9[8,6:2]
[1561624900532] right click on word 9.1.2 ('‰∏é')
[1561624901302] right click on word 9.1.2 ('‰∏é')
[1561624902487] label 9[8,6:2] as transposition
[1561624955231] left click on word 11.1.5 ('‰∏ç')
[1561624955231] new alignment group
[1561624955231] add 11.1.5 to 11[:]
[1561624955567] left click on word 11.1.6 ('ÂèØÂèñ')
[1561624955567] add 11.1.6 to 11[:5]
[1561624955869] left click on word 11.1.7 ('ÁöÑ')
[1561624955869] add 11.1.7 to 11[:5,6]
[1561624956365] left click on word 11.0.2 ('Inadvisable')
[1561624956365] add 11.0.2 to 11[:5,6,7]
[1561624956543] right click on word 11.0.2 ('Inadvisable')
[1561624959700] left click on word 11.1.4 ('ÊòØ')
[1561624959700] new alignment group
[1561624959700] add 11.1.4 to 11[:]
[1561624960435] left click on word 11.0.1 ('is')
[1561624960435] add 11.0.1 to 11[:4]
[1561624960597] right click on word 11.0.1 ('is')
[1561624969586] left click on word 11.0.5 ('too')
[1561624969586] new alignment group
[1561624969586] add 11.0.5 to 11[:]
[1561624970073] left click on word 11.0.6 ('much')
[1561624970073] add 11.0.6 to 11[5:]
[1561624971067] left click on word 11.1.3 ('Â§™Â§ö')
[1561624971067] add 11.1.3 to 11[5,6:]
[1561624971245] right click on word 11.1.3 ('Â§™Â§ö')
[1561624974178] left click on word 11.0.8 ('In')
[1561624974178] new alignment group
[1561624974178] add 11.0.8 to 11[:]
[1561624975230] left click on word 11.1.1 ('‰∏≠')
[1561624975230] add 11.1.1 to 11[8:]
[1561624975390] right click on word 11.1.1 ('‰∏≠')
[1561624998620] right click on word 11.0.9 ('your')
[1561624999196] add 11.0.9 to 11[:]
[1561624999196] label 11[9:] as unaligned_reduction
[1561625001577] right click on word 11.0.0 ('It')
[1561625002089] add 11.0.0 to 11[:]
[1561625002089] label 11[0:] as unaligned_reduction
[1561625003128] left click on word 11.0.3 ('to')
[1561625003128] new alignment group
[1561625003128] add 11.0.3 to 11[:]
[1561625003656] right click on word 11.0.3 ('to')
[1561625004532] right click on word 11.0.3 ('to')
[1561625005360] label 11[3:] as unaligned_reduction
[1561625005938] right click on word 11.0.4 ('have')
[1561625006544] add 11.0.4 to 11[:]
[1561625006544] label 11[4:] as unaligned_reduction
[1561625068907] left click on word 10.0.1 ('of')
[1561625068907] new alignment group
[1561625068907] add 10.0.1 to 10[:]
[1561625069873] left click on word 10.1.5 ('ÁöÑ')
[1561625069873] add 10.1.5 to 10[1:]
[1561625070067] right click on word 10.1.5 ('ÁöÑ')
[1561625070631] right click on word 10.1.5 ('ÁöÑ')
[1561625071700] label 10[1:5] as transposition
[1561625074067] left click on word 10.0.4 ('in')
[1561625074067] new alignment group
[1561625074067] add 10.0.4 to 10[:]
[1561625074945] left click on word 10.1.2 ('Âú®')
[1561625074945] add 10.1.2 to 10[4:]
[1561625075116] right click on word 10.1.2 ('Âú®')
[1561625088970] left click on word 10.0.5 ('priority')
[1561625088970] new alignment group
[1561625088970] add 10.0.5 to 10[:]
[1561625089638] left click on word 10.1.3 ('ÁâπËØä')
[1561625089638] add 10.1.3 to 10[5:]
[1561625089872] right click on word 10.1.3 ('ÁâπËØä')
[1561625090543] left click on word 10.0.6 ('ward')
[1561625090543] new alignment group
[1561625090543] add 10.0.6 to 10[:]
[1561625091365] left click on word 10.1.4 ('ÁóÖÂå∫')
[1561625091365] add 10.1.4 to 10[6:]
[1561625091544] right click on word 10.1.4 ('ÁóÖÂå∫')
[1561625231638] left click on word 13.0.1 ('on')
[1561625231638] new alignment group
[1561625231638] add 13.0.1 to 13[:]
[1561625233280] left click on word 13.1.12 ('ÁöÑ')
[1561625233280] add 13.1.12 to 13[1:]
[1561625233507] right click on word 13.1.12 ('ÁöÑ')
[1561625233852] right click on word 13.1.12 ('ÁöÑ')
[1561625235290] label 13[1:12] as transposition
[1561625245072] right click on word 13.0.5 ('Rights')
[1561625245768] del 13.0.5 from 13[5:13]
[1561625280405] left click on word 13.0.7 ('Persons')
[1561625280405] edit 13[7:11]
[1561625281066] left click on word 13.0.8 ('Belonging')
[1561625281066] del 13.0.8 from 13[8:9]
[1561625281066] add 13.0.8 to 13[7:11]
[1561625281693] left click on word 13.0.9 ('to')
[1561625281693] add 13.0.9 to 13[7,8:11]
[1561625282297] left click on word 13.0.17 ('Minorities')
[1561625282297] del 13.0.17 from 13[17:10]
[1561625282297] add 13.0.17 to 13[7,8,9:11]
[1561625283329] left click on word 13.1.10 ('Â∞ëÊï∞')
[1561625283329] del 13.1.10 from 13[:10]
[1561625283329] add 13.1.10 to 13[7,8,9,17:11]
[1561625284112] right click on word 13.1.11 ('‰∫∫')
[1561625297760] right click on word 13.1.12 ('ÁöÑ')
[1561625298260] del 13.1.12 from 13[1:12]
[1561625299230] left click on word 13.1.12 ('ÁöÑ')
[1561625299230] new alignment group
[1561625299230] add 13.1.12 to 13[:]
[1561625300034] cancel edit
[1561625301843] left click on word 13.0.6 ('of')
[1561625301843] new alignment group
[1561625301843] add 13.0.6 to 13[:]
[1561625302255] left click on word 13.1.12 ('ÁöÑ')
[1561625302256] add 13.1.12 to 13[6:]
[1561625302424] right click on word 13.1.12 ('ÁöÑ')
[1561625302820] right click on word 13.1.12 ('ÁöÑ')
[1561625303943] label 13[6:12] as transposition
[1561625305600] left click on word 13.1.13 ('ÊùÉÂà©')
[1561625305600] edit 13[:13]
[1561625306291] left click on word 13.0.5 ('Rights')
[1561625306291] add 13.0.5 to 13[:13]
[1561625306437] right click on word 13.0.5 ('Rights')
[1561625335540] left click on word 13.0.3 ('Protection')
[1561625335540] edit 13[3:0]
[1561625335972] left click on word 13.0.2 ('the')
[1561625335972] add 13.0.2 to 13[3:0]
[1561625336168] right click on word 13.0.2 ('the')
[1561625351100] left click on word 13.1.9 ('Â±û‰∫é')
[1561625351100] edit 13[:9]
[1561625352304] right click on word 13.0.8 ('Belonging')
[1561625352304] del 13.0.8 from 13[7,8,9,17:11,10]
[1561625352304] add 13.0.8 to 13[:9]
[1561625354012] right click on word 13.0.8 ('Belonging')
[1561625361195] right click on word 13.0.7 ('Persons')
[1561625361667] del 13.0.7 from 13[7,9,17:11,10]
[1561625362206] right click on word 13.0.8 ('Belonging')
[1561625362623] del 13.0.8 from 13[8:9]
[1561625363198] right click on word 13.0.9 ('to')
[1561625363665] del 13.0.9 from 13[9,17:11,10]
[1561625366147] right click on word 13.1.10 ('Â∞ëÊï∞')
[1561625366592] del 13.1.10 from 13[17:11,10]
[1561625367049] right click on word 13.1.11 ('‰∫∫')
[1561625371167] left click on word 13.1.9 ('Â±û‰∫é')
[1561625371167] edit 13[:9]
[1561625371867] left click on word 13.0.8 ('Belonging')
[1561625371867] add 13.0.8 to 13[:9]
[1561625372438] left click on word 13.0.9 ('to')
[1561625372439] add 13.0.9 to 13[8:9]
[1561625372596] right click on word 13.0.9 ('to')
[1561625375513] left click on word 13.1.10 ('Â∞ëÊï∞')
[1561625375513] new alignment group
[1561625375513] add 13.1.10 to 13[:]
[1561625377571] left click on word 13.1.11 ('‰∫∫')
[1561625377571] del 13.1.11 from 13[17:11]
[1561625377571] add 13.1.11 to 13[:10]
[1561625378353] left click on word 13.0.17 ('Minorities')
[1561625378353] del 13.0.17 from 13[17:]
[1561625378353] add 13.0.17 to 13[:10,11]
[1561625378517] right click on word 13.0.17 ('Minorities')
[1561625384158] right click on word 13.0.15 ('and')
[1561625384722] add 13.0.15 to 13[:]
[1561625384722] label 13[15:] as unaligned_reduction
[1561625393263] right click on word 13.0.1 ('on')
[1561625394237] label 13[1:] as unaligned_reduction
[1561625395937] right click on word 13.0.4 ('of')
[1561625396570] add 13.0.4 to 13[:]
[1561625396570] label 13[4:] as unaligned_reduction
[1561625416092] right click on word 13.0.10 ('National')
[1561625418060] label 13[10:1] as transposition
[1561625419001] right click on word 13.0.12 ('Ethnic')
[1561625420115] label 13[12:3] as transposition
[1561625420654] right click on word 13.0.14 ('Religious')
[1561625421664] label 13[14:7] as transposition
[1561625422326] right click on word 13.0.16 ('Linguistic')
[1561625423350] label 13[16:5] as transposition
[1561625459443] right click on word 13.0.7 ('Persons')
[1561625460337] add 13.0.7 to 13[:]
[1561625460337] label 13[7:] as unaligned_reduction
[1561625461901] right click on word 13.1.8 ('‰∏ä')
[1561625462559] add 13.1.8 to 13[:]
[1561625462559] label 13[:8] as unaligned_explicitation
[1561625681709] left click on word 14.0.9 ('she')
[1561625681709] new alignment group
[1561625681710] add 14.0.9 to 14[:]
[1561625682773] left click on word 14.1.0 ('Â•π')
[1561625682773] del 14.1.0 from 14[0:0]
[1561625682773] add 14.1.0 to 14[9:]
[1561625682979] right click on word 14.1.0 ('Â•π')
[1561625692740] left click on word 14.0.10 ('have')
[1561625692740] new alignment group
[1561625692740] add 14.0.10 to 14[:]
[1561625693239] left click on word 14.0.11 ('nothing')
[1561625693239] del 14.0.11 from 14[11:3]
[1561625693239] add 14.0.11 to 14[10:]
[1561625693827] left click on word 14.0.12 ('else')
[1561625693827] add 14.0.12 to 14[10,11:]
[1561625694221] left click on word 14.0.13 ('to')
[1561625694221] del 14.0.13 from 14[13:12]
[1561625694221] add 14.0.13 to 14[10,11,12:]
[1561625694649] left click on word 14.0.14 ('do')
[1561625694650] del 14.0.14 from 14[14:6]
[1561625694650] add 14.0.14 to 14[10,11,12,13:]
[1561625695673] left click on word 14.1.3 ('Êó†')
[1561625695673] del 14.1.3 from 14[:3]
[1561625695673] add 14.1.3 to 14[10,11,12,13,14:]
[1561625696067] left click on word 14.1.4 ('‰∫ã')
[1561625696067] add 14.1.4 to 14[10,11,12,13,14:3]
[1561625696587] left click on word 14.1.5 ('ÂèØ')
[1561625696588] add 14.1.5 to 14[10,11,12,13,14:3,4]
[1561625696994] left click on word 14.1.6 ('ÂÅö')
[1561625696994] del 14.1.6 from 14[:6]
[1561625696995] add 14.1.6 to 14[10,11,12,13,14:3,4,5]
[1561625697291] right click on word 14.1.6 ('ÂÅö')
[1561625701823] right click on word 14.1.1 ('ÂèçÊ≠£')
[1561625702527] add 14.1.1 to 14[:]
[1561625702527] label 14[:1] as unaligned_explicitation
[1561625703125] right click on word 14.1.2 ('‰πü')
[1561625703713] add 14.1.2 to 14[:]
[1561625703713] label 14[:2] as unaligned_explicitation
[1561625720778] left click on word 14.1.11 ('Â§ßÂÆ∂')
[1561625720778] edit 14[7:11]
[1561625721681] left click on word 14.0.6 ('the')
[1561625721681] add 14.0.6 to 14[7:11]
[1561625722300] right click on word 14.0.6 ('the')
[1561625730277] right click on word 14.1.10 ('Ë∑üÁùÄ')
[1561625731522] del 14.1.10 from 14[4:10]
[1561625733692] right click on word 14.0.4 ('along')
[1561625736694] right click on word 14.1.11 ('Â§ßÂÆ∂')
[1561625740530] label 14[7,6:11] as equivalence
[1561625763977] left click on word 14.1.10 ('Ë∑üÁùÄ')
[1561625763977] new alignment group
[1561625763977] add 14.1.10 to 14[:]
[1561625765491] left click on word 14.1.12 ('Âéª')
[1561625765491] del 14.1.12 from 14[:12]
[1561625765491] add 14.1.12 to 14[:10]
[1561625766412] left click on word 14.0.3 ('string')
[1561625766413] add 14.0.3 to 14[:10,12]
[1561625766787] left click on word 14.0.4 ('along')
[1561625766787] del 14.0.4 from 14[4:]
[1561625766787] add 14.0.4 to 14[3:10,12]
[1561625767212] left click on word 14.0.5 ('with')
[1561625767212] add 14.0.5 to 14[3,4:10,12]
[1561625767400] right click on word 14.0.5 ('with')
[1561625775167] right click on word 14.1.13 ('‰∫Ü')
[1561625816965] right click on word 14.1.9 ('Â∞±')
[1561625817692] add 14.1.9 to 14[:]
[1561625817692] label 14[:9] as unaligned_explicitation
[1561625818628] right click on word 14.1.13 ('‰∫Ü')
[1561625819336] add 14.1.13 to 14[:]
[1561625819336] label 14[:13] as unaligned_explicitation
[1561625821711] right click on word 14.0.0 ('She')
[1561625822566] label 14[0:] as unaligned_reduction
[1561625823106] right click on word 14.0.1 ('decide')
[1561625823856] add 14.0.1 to 14[:]
[1561625823856] label 14[1:] as unaligned_explicitation
[1561625824558] right click on word 14.0.2 ('to')
[1561625825070] add 14.0.2 to 14[:]
[1561625825070] label 14[2:] as unaligned_reduction
[1561625827584] right click on word 14.0.2 ('to')
[1561625828460] label 14[2:] as unaligned_reduction
[1561625829280] right click on word 14.0.1 ('decide')
[1561625830186] label 14[1:] as unaligned_reduction
[1562161355834] NEW SESSION
[1562162620326] left click on word 48.0.7 ('knock')
[1562162620326] new alignment group
[1562162620327] add 48.0.7 to 48[:]
[1562162621008] left click on word 48.0.8 ('spot')
[1562162621008] add 48.0.8 to 48[7:]
[1562162621537] left click on word 48.0.9 ('off')
[1562162621537] del 48.0.9 from 48[9:4]
[1562162621538] add 48.0.9 to 48[7,8:]
[1562162622434] left click on word 48.1.4 ('ÊØî')
[1562162622434] del 48.1.4 from 48[:4]
[1562162622434] add 48.1.4 to 48[7,8,9:]
[1562162623202] left click on word 48.1.6 ('Âº∫')
[1562162623203] add 48.1.6 to 48[7,8,9:4]
[1562162623388] right click on word 48.1.6 ('Âº∫')
[1562162625322] right click on word 48.0.7 ('knock')
[1562162628585] label 48[7,8,9:4,6] as generalization
[1562163337421] left click on word 71.1.19 ('∑20min')
[1562163337421] new alignment group
[1562163337422] add 71.1.19 to 71[:]
[1562163338075] left click on word 71.0.15 ('2min')
[1562163338076] add 71.0.15 to 71[:19]
[1562163338239] right click on word 71.0.15 ('2min')
[1562163338583] right click on word 71.0.15 ('2min')
[1562163339952] label 71[15:19] as translation_error
[1562767994380] NEW SESSION
[1562768005555] left click on word 15.0.0 ('The')
[1562768005555] new alignment group
[1562768005555] add 15.0.0 to 15[:]
[1562768005928] left click on word 15.1.0 ('Ëøô')
[1562768005928] add 15.1.0 to 15[0:]
[1562768006069] right click on word 15.1.0 ('Ëøô')
[1562768011231] left click on word 15.1.5 ('Âú®')
[1562768011231] new alignment group
[1562768011231] add 15.1.5 to 15[:]
[1562768012549] left click on word 15.1.9 ('ÂÜÖ')
[1562768012549] del 15.1.9 from 15[8:9]
[1562768012550] add 15.1.9 to 15[:5]
[1562768013253] left click on word 15.0.8 ('within')
[1562768013254] del 15.0.8 from 15[8:]
[1562768013254] add 15.0.8 to 15[:5,9]
[1562768013414] right click on word 15.0.8 ('within')
[1562768015975] right click on word 15.1.7 ('‰∏™')
[1562768016734] add 15.1.7 to 15[:]
[1562768016734] label 15[:7] as unaligned_explicitation
[1562768023744] left click on word 15.1.11 ('Ëøô')
[1562768023744] new alignment group
[1562768023744] add 15.1.11 to 15[:]
[1562768024654] left click on word 15.0.6 ('the')
[1562768024654] add 15.0.6 to 15[:11]
[1562768024838] right click on word 15.0.6 ('the')
[1562768029680] right click on word 15.1.12 ('È°π')
[1562768030878] add 15.1.12 to 15[:]
[1562768030879] label 15[:12] as unaligned_explicitation
[1562768035822] left click on word 15.1.4 ('ÂøÖÈ°ª')
[1562768035822] new alignment group
[1562768035822] add 15.1.4 to 15[:]
[1562768036264] left click on word 15.0.2 ('bind')
[1562768036265] add 15.0.2 to 15[:4]
[1562768036986] left click on word 15.0.4 ('to')
[1562768036987] add 15.0.4 to 15[2:4]
[1562768037152] right click on word 15.0.4 ('to')
[1562768070848] left click on word 16.1.0 ('ÈÇ£‰∫õ')
[1562768070848] new alignment group
[1562768070848] add 16.1.0 to 16[:]
[1562768071155] left click on word 16.0.0 ('The')
[1562768071155] add 16.0.0 to 16[:0]
[1562768071315] right click on word 16.0.0 ('The')
[1562768082072] left click on word 16.0.3 ('sadistic')
[1562768082073] new alignment group
[1562768082073] add 16.0.3 to 16[:]
[1562768082467] left click on word 16.1.4 ('ÊÆãÊö¥')
[1562768082467] add 16.1.4 to 16[3:]
[1562768082869] right click on word 16.1.5 ('ÁöÑ')
[1562768082869] add 16.1.5 to 16[3:4]
[1562768086735] right click on word 16.0.5 ('and')
[1562768088397] add 16.0.5 to 16[:]
[1562768088398] label 16[5:] as unaligned_reduction
[1562768089572] left click on word 16.0.6 ('their')
[1562768089572] edit 16[6:8]
[1562768090161] left click on word 16.1.9 ('ÁöÑ')
[1562768090161] add 16.1.9 to 16[6:8]
[1562768090452] right click on word 16.1.9 ('ÁöÑ')
[1562768419706] left click on word 39.1.5 ('Êé®ÂπøÂëò')
[1562768419706] new alignment group
[1562768419706] add 39.1.5 to 39[:]
[1562768420070] left click on word 39.0.7 ('promoter')
[1562768420070] add 39.0.7 to 39[:5]
[1562768420250] right click on word 39.0.7 ('promoter')
[1562768425133] left click on word 39.1.6 ('Ôºå')
[1562768425133] new alignment group
[1562768425133] add 39.1.6 to 39[:]
[1562768425771] left click on word 39.0.8 (',')
[1562768425772] add 39.0.8 to 39[:6]
[1562768425895] right click on word 39.0.8 (',')
[1562768430256] left click on word 39.0.13 ('guide')
[1562768430257] new alignment group
[1562768430257] add 39.0.13 to 39[:]
[1562768430690] left click on word 39.1.11 ('Êïô')
[1562768430690] add 39.1.11 to 39[13:]
[1562768431059] right click on word 39.1.11 ('Êïô')
[1562768444271] left click on word 38.1.4 ('Ë±°ÂæÅÊÄß')
[1562768444271] edit 38[3:4]
[1562768444786] left click on word 38.1.5 ('ÁöÑ')
[1562768444786] add 38.1.5 to 38[3:4]
[1562768444946] right click on word 38.1.5 ('ÁöÑ')
[1562768447493] left click on word 38.0.6 ('postage')
[1562768447493] new alignment group
[1562768447494] add 38.0.6 to 38[:]
[1562768448205] left click on word 38.1.1 ('ÈÇÆÂØÑ')
[1562768448206] add 38.1.1 to 38[6:]
[1562768448382] right click on word 38.1.1 ('ÈÇÆÂØÑ')
[1562768449044] left click on word 38.1.2 ('Âíå')
[1562768449044] new alignment group
[1562768449044] add 38.1.2 to 38[:]
[1562768449616] left click on word 38.0.7 ('and')
[1562768449616] add 38.0.7 to 38[:2]
[1562768449768] right click on word 38.0.7 ('and')
[1562768453718] left click on word 38.0.5 ('for')
[1562768453718] new alignment group
[1562768453718] add 38.0.5 to 38[:]
[1562768454532] left click on word 38.1.0 ('ÂØπ‰∫é')
[1562768454532] del 38.1.0 from 38[0:0]
[1562768454532] add 38.1.0 to 38[5:]
[1562768454723] right click on word 38.1.0 ('ÂØπ‰∫é')
[1562768455407] right click on word 38.0.0 ('There')
[1562768458644] left click on word 38.0.4 ('charge')
[1562768458644] edit 38[4:6]
[1562768459168] left click on word 38.0.2 ('a')
[1562768459169] add 38.0.2 to 38[4:6]
[1562768459329] right click on word 38.0.2 ('a')
[1562770318510] NEW SESSION
[1562784483560] left click on word 47.1.2 ('Áª≠‰º†')
[1562784483561] new alignment group
[1562784483564] add 47.1.2 to 47[:]
[1562784484190] left click on word 47.0.2 ('resumed')
[1562784484190] add 47.0.2 to 47[:2]
[1562784484568] left click on word 47.0.3 ('downloading')
[1562784484577] add 47.0.3 to 47[2:2]
[1562784484735] right click on word 47.0.3 ('downloading')
[1562784505058] left click on word 48.1.1 ('Â§ñËØ≠')
[1562784505058] edit 48[3:1]
[1562784505581] left click on word 48.0.2 ('foreign')
[1562784505583] add 48.0.2 to 48[3:1]
[1562784505756] right click on word 48.0.2 ('foreign')
[1562784514444] right click on word 48.0.0 ('In')
[1562784517399] left click on word 48.1.2 ('Â•≥Â≠©')
[1562784517399] edit 48[6:2]
[1562784518172] left click on word 48.0.5 ('the')
[1562784518172] add 48.0.5 to 48[6:2]
[1562784518332] right click on word 48.0.5 ('the')
[1562784521072] right click on word 48.0.7 ('knock')
[1562784526104] left click on word 48.1.5 ('Áî∑Â≠©')
[1562784526104] edit 48[11:5]
[1562784526986] left click on word 48.0.10 ('the')
[1562784526986] add 48.0.10 to 48[11:5]
[1562784527140] right click on word 48.0.10 ('the')
[1562784528984] left click on word 48.0.12 ('every')
[1562784528984] new alignment group
[1562784528985] add 48.0.12 to 48[:]
[1562784529421] left click on word 48.0.13 ('time')
[1562784529421] add 48.0.13 to 48[12:]
[1562784530282] left click on word 48.1.3 ('ÊÄªÊòØ')
[1562784530283] add 48.1.3 to 48[12,13:]
[1562784530467] right click on word 48.1.3 ('ÊÄªÊòØ')
[1562784537773] left click on word 46.0.7 ('sandwich')
[1562784537773] new alignment group
[1562784537773] add 46.0.7 to 46[:]
[1562784539199] left click on word 46.1.0 ('Â§πÂ±Ç')
[1562784539200] add 46.1.0 to 46[7:]
[1562784539377] right click on word 46.1.0 ('Â§πÂ±Ç')
[1562784571863] right click on word 46.0.7 ('sandwich')
[1562784573178] label 46[7:0] as generalization
[1562784574055] left click on word 46.0.8 ('constructions')
[1562784574056] new alignment group
[1562784574056] add 46.0.8 to 46[:]
[1562784574813] left click on word 46.1.1 ('ÁªìÊûÑ')
[1562784574813] add 46.1.1 to 46[8:]
[1562784574988] right click on word 46.1.1 ('ÁªìÊûÑ')
[1562784615509] right click on word 45.0.0 ('WU-FTPD')
[1562784617096] left click on word 45.1.0 ('WU-FTPD')
[1562784617096] new alignment group
[1562784617096] add 45.1.0 to 45[:]
[1562784617571] left click on word 45.0.0 ('WU-FTPD')
[1562784617571] add 45.0.0 to 45[:0]
[1562784617728] right click on word 45.0.0 ('WU-FTPD')
[1562784619839] left click on word 45.1.1 ('Êó†Ê≥ï')
[1562784619839] edit 45[1:1]
[1562784620382] left click on word 45.0.2 ('to')
[1562784620382] add 45.0.2 to 45[1:1]
[1562784620549] right click on word 45.0.2 ('to')
[1562784622115] right click on word 45.0.1 ('fails')
[1562784623259] label 45[1,2:1] as modulation
[1562784625248] left click on word 45.1.3 ('È™åËØÅ')
[1562784625248] new alignment group
[1562784625248] add 45.1.3 to 45[:]
[1562784625710] left click on word 45.0.4 ('validate')
[1562784625710] add 45.0.4 to 45[:3]
[1562784625879] right click on word 45.0.4 ('validate')
[1562784626516] left click on word 45.1.4 ('RNFR')
[1562784626516] new alignment group
[1562784626517] add 45.1.4 to 45[:]
[1562784627160] left click on word 45.0.5 ('RNFR')
[1562784627160] add 45.0.5 to 45[:4]
[1562784627314] right click on word 45.0.5 ('RNFR')
[1562784628764] left click on word 45.0.7 (',')
[1562784628764] new alignment group
[1562784628773] add 45.0.7 to 45[:]
[1562784629380] left click on word 45.1.6 ('Ôºå')
[1562784629380] add 45.1.6 to 45[7:]
[1562784629549] right click on word 45.1.6 ('Ôºå')
[1562784631802] left click on word 45.1.8 ('‰ΩøÂæó')
[1562784631802] new alignment group
[1562784631802] add 45.1.8 to 45[:]
[1562784632270] left click on word 45.0.8 ('allowing')
[1562784632270] add 45.0.8 to 45[:8]
[1562784632430] right click on word 45.0.8 ('allowing')
[1562784637598] left click on word 45.1.10 ('ÊîªÂáª')
[1562784637599] edit 45[10:10]
[1562784638054] left click on word 45.1.11 ('ËÄÖ')
[1562784638055] add 45.1.11 to 45[10:10]
[1562784638216] right click on word 45.1.11 ('ËÄÖ')
[1562784642042] left click on word 45.1.12 ('ËÉΩÂ§ü')
[1562784642042] new alignment group
[1562784642042] add 45.1.12 to 45[:]
[1562784642797] left click on word 45.1.8 ('‰ΩøÂæó')
[1562784642797] del 45.1.8 from 45[8:8]
[1562784642798] add 45.1.8 to 45[:12]
[1562784644059] left click on word 45.1.8 ('‰ΩøÂæó')
[1562784644059] del 45.1.8 from 45[:12,8]
[1562784644059] add 45.1.8 to 45[8:]
[1562784644683] left click on word 45.1.8 ('‰ΩøÂæó')
[1562784644683] del 45.1.8 from 45[8:8]
[1562784644683] add 45.1.8 to 45[:12]
[1562784645509] left click on word 45.0.8 ('allowing')
[1562784645509] del 45.0.8 from 45[8:]
[1562784645509] add 45.0.8 to 45[:12,8]
[1562784646049] left click on word 45.1.12 ('ËÉΩÂ§ü')
[1562784646049] del 45.1.12 from 45[8:12,8]
[1562784646414] right click on word 45.1.12 ('ËÉΩÂ§ü')
[1562784646415] add 45.1.12 to 45[8:8]
[1562784656731] left click on word 45.0.8 ('allowing')
[1562784656732] edit 45[8:8,12]
[1562784657965] left click on word 45.0.11 ('to')
[1562784657965] add 45.0.11 to 45[8:8,12]
[1562784658147] right click on word 45.0.11 ('to')
[1562784666070] left click on word 45.1.13 ('Ë¶ÜÁõñ')
[1562784666070] new alignment group
[1562784666070] add 45.1.13 to 45[:]
[1562784666482] left click on word 45.0.12 ('overwrite')
[1562784666482] add 45.0.12 to 45[:13]
[1562784666625] right click on word 45.0.12 ('overwrite')
[1562784668049] left click on word 45.1.15 ('Èáç')
[1562784668049] new alignment group
[1562784668049] add 45.1.15 to 45[:]
[1562784668431] cancel edit
[1562784668892] left click on word 45.1.15 ('Èáç')
[1562784668892] new alignment group
[1562784668892] add 45.1.15 to 45[:]
[1562784669269] left click on word 45.1.16 ('ÂëΩÂêç')
[1562784669270] add 45.1.16 to 45[:15]
[1562784669754] left click on word 45.0.14 ('rename')
[1562784669754] add 45.0.14 to 45[:15,16]
[1562784669922] right click on word 45.0.14 ('rename')
[1562784676150] left click on word 45.1.19 ('‰∏ä')
[1562784676151] new alignment group
[1562784676151] add 45.1.19 to 45[:]
[1562784676828] left click on word 45.0.17 ('on')
[1562784676828] add 45.0.17 to 45[:19]
[1562784677000] right click on word 45.0.17 ('on')
[1562784707062] right click on word 45.1.7 ('Ëøô')
[1562784708376] add 45.1.7 to 45[:]
[1562784708377] label 45[:7] as unaligned_reduction
[1563374203646] NEW SESSION
[1563374421844] right click on word 4.1.10 ('ÊâßË°å')
[1563374423044] label 4[7,6:10] as transposition
[1563374435735] right click on word 4.0.8 ('of')
[1563374436577] add 4.0.8 to 4[:]
[1563374436577] label 4[8:] as unaligned_reduction
[1563374443043] right click on word 2.0.4 ('of')
[1563374443735] add 2.0.4 to 2[:]
[1563374443736] label 2[4:] as unaligned_reduction
[1563374467944] right click on word 4.0.4 ('result')
[1563374543720] right click on word 5.1.2 ('ÁöÑ')
[1563374544866] add 5.1.2 to 5[:]
[1563374544866] label 5[:2] as unaligned_explicitation
[1563374598774] right click on word 6.0.0 ('As')
[1563374599621] del 6.0.0 from 6[0:]
[1563374643658] left click on word 6.0.9 ('used')
[1563374643658] edit 6[9:8]
[1563374648165] cancel edit
[1563374648798] right click on word 6.0.12 ('to')
[1563374649336] del 6.0.12 from 6[13,12:14]
[1563374654568] left click on word 6.0.12 ('to')
[1563374654568] new alignment group
[1563374654568] add 6.0.12 to 6[:]
[1563374655542] left click on word 6.1.10 ('‰Ωø')
[1563374655543] del 6.1.10 from 6[:10]
[1563374655543] add 6.1.10 to 6[12:]
[1563374655712] right click on word 6.1.10 ('‰Ωø')
[1563374660232] right click on word 6.0.12 ('to')
[1563374666270] label 6[12:10] as modulation_transposition
[1563374705008] right click on word 8.1.2 ('ÁöÑ')
[1563374705936] add 8.1.2 to 8[:]
[1563374705936] label 8[:2] as unaligned_explicitation
[1563374805004] left click on word 11.1.4 ('ÊòØ')
[1563374805004] edit 11[1:4]
[1563374806137] left click on word 11.0.0 ('It')
[1563374806137] del 11.0.0 from 11[0:]
[1563374806137] add 11.0.0 to 11[1:4]
[1563374806355] right click on word 11.0.0 ('It')
[1563374823732] left click on word 11.1.4 ('ÊòØ')
[1563374823732] edit 11[1,0:4]
[1563374824755] cancel edit
[1563374825343] right click on word 11.0.0 ('It')
[1563374825916] del 11.0.0 from 11[1,0:4]
[1563374826609] right click on word 11.0.0 ('It')
[1563374827778] add 11.0.0 to 11[:]
[1563374827778] label 11[0:] as unaligned_reduction
[1563374844837] right click on word 11.0.3 ('to')
[1563374845417] del 11.0.3 from 11[3:]
[1563374863495] left click on word 11.1.4 ('ÊòØ')
[1563374863495] edit 11[1:4]
[1563374864525] left click on word 11.0.0 ('It')
[1563374864525] del 11.0.0 from 11[0:]
[1563374864525] add 11.0.0 to 11[1:4]
[1563374864663] right click on word 11.0.0 ('It')
[1563438037704] NEW SESSION
[1563438269864] left click on word 12.0.2 ('from')
[1563438269864] new alignment group
[1563438269864] add 12.0.2 to 12[:]
[1563438270428] left click on word 12.0.4 ('angle')
[1563438270428] add 12.0.4 to 12[2:]
[1563438271337] left click on word 12.0.2 ('from')
[1563438271338] del 12.0.2 from 12[2,4:]
[1563438272008] left click on word 12.0.2 ('from')
[1563438272009] add 12.0.2 to 12[4:]
[1563438273599] left click on word 12.1.5 ('ÂÑíÂÆ∂')
[1563438273599] del 12.1.5 from 12[7:5]
[1563438273608] add 12.1.5 to 12[4,2:]
[1563438275860] left click on word 12.1.6 ('‰º¶ÁêÜ')
[1563438275861] del 12.1.6 from 12[1:6]
[1563438275861] add 12.1.6 to 12[4,2:5]
[1563438276545] left click on word 12.1.7 ('Âåñ')
[1563438276545] add 12.1.7 to 12[4,2:5,6]
[1563438277476] left click on word 12.1.8 ('ÁöÑ')
[1563438277477] add 12.1.8 to 12[4,2:5,6,7]
[1563438298920] left click on word 12.1.9 ('ÂàÜÊûê')
[1563438298921] del 12.1.9 from 12[0:9]
[1563438298921] add 12.1.9 to 12[4,2:5,6,7,8]
[1563438299950] cancel edit
[1563438299951] add 12.1.5 to 12[7:]
[1563438299952] add 12.1.6 to 12[1:]
[1563438299952] add 12.1.9 to 12[0:]
[1563438301708] left click on word 12.1.6 ('‰º¶ÁêÜ')
[1563438301708] edit 12[1:6]
[1563438302430] left click on word 12.1.7 ('Âåñ')
[1563438302430] add 12.1.7 to 12[1:6]
[1563438302950] left click on word 12.1.8 ('ÁöÑ')
[1563438302950] add 12.1.8 to 12[1:6,7]
[1563438305217] right click on word 12.0.1 ('ethically')
[1563438319691] right click on word 12.1.9 ('ÂàÜÊûê')
[1563438321891] label 12[0:9] as lexical_shift
[1563438337921] left click on word 12.1.5 ('ÂÑíÂÆ∂')
[1563438337921] edit 12[7:5]
[1563438338948] left click on word 12.0.8 ('School')
[1563438338948] add 12.0.8 to 12[7:5]
[1563438339707] right click on word 12.0.8 ('School')
[1563438343678] left click on word 12.1.5 ('ÂÑíÂÆ∂')
[1563438343678] edit 12[7,8:5]
[1563438344271] left click on word 12.0.6 ('The')
[1563438344272] add 12.0.6 to 12[7,8:5]
[1563438346039] right click on word 12.0.6 ('The')
[1563438372066] right click on word 12.1.0 ('ÈÄöËøá')
[1563438373329] add 12.1.0 to 12[:]
[1563438373329] label 12[:0] as unaligned_explicitation
[1563438379310] left click on word 12.1.10 ('Ôºå')
[1563438379311] new alignment group
[1563438379311] add 12.1.10 to 12[:]
[1563438380462] left click on word 12.0.9 (',')
[1563438380462] add 12.0.9 to 12[:10]
[1563438380900] right click on word 12.0.9 (',')
[1563438383842] left click on word 12.0.11 ('beneficial')
[1563438383842] edit 12[11:16]
[1563438384785] left click on word 12.1.17 ('ÁöÑ')
[1563438384785] add 12.1.17 to 12[11:16]
[1563438384929] right click on word 12.1.17 ('ÁöÑ')
[1563438389985] left click on word 12.1.18 ('Ê≥ïÂà∂')
[1563438389985] edit 12[12:18]
[1563438390780] left click on word 12.0.13 ('institutions')
[1563438390780] add 12.0.13 to 12[12:18]
[1563438390940] right click on word 12.0.13 ('institutions')
[1563438432852] left click on word 12.0.17 ('could')
[1563438432852] new alignment group
[1563438432852] add 12.0.17 to 12[:]
[1563438433707] left click on word 12.1.12 ('ÂèØ‰ª•')
[1563438433707] add 12.1.12 to 12[17:]
[1563438433845] right click on word 12.1.12 ('ÂèØ‰ª•')
[1563438439415] left click on word 12.1.13 ('ÊÄªÁªì')
[1563438439415] edit 12[18:13]
[1563438440466] left click on word 12.0.19 ('up')
[1563438440466] add 12.0.19 to 12[18:13]
[1563438440610] right click on word 12.0.19 ('up')
[1563438486613] right click on word 12.0.18 ('summed')
[1563438487761] label 12[18,19:13] as modulation
[1563438489509] right click on word 12.1.11 ('Êàë‰ª¨')
[1563438490231] add 12.1.11 to 12[:]
[1563438490231] label 12[:11] as unaligned_explicitation
[1563438504000] right click on word 12.1.14 ('ÂÖ∂‰∏≠')
[1563438506215] add 12.1.14 to 12[:]
[1563438506215] label 12[:14] as unaligned_explicitation
[1563438507592] left click on word 12.1.22 ('Ôºå')
[1563438507592] new alignment group
[1563438507594] add 12.1.22 to 12[:]
[1563438508665] left click on word 12.0.20 (',')
[1563438508665] add 12.0.20 to 12[:22]
[1563438508842] right click on word 12.0.20 (',')
[1563438537891] left click on word 12.0.31 ('characteristic')
[1563438537891] edit 12[31:28]
[1563438539063] left click on word 12.1.29 ('ÁöÑ')
[1563438539064] add 12.1.29 to 12[31:28]
[1563438539235] right click on word 12.1.29 ('ÁöÑ')
[1563438542778] left click on word 12.1.30 ('Ê≥ïÂà∂')
[1563438542778] edit 12[32:30]
[1563438543744] left click on word 12.0.33 ('institutions')
[1563438543744] add 12.0.33 to 12[32:30]
[1563438543929] right click on word 12.0.33 ('institutions')
[1563438553700] right click on word 12.0.27 ('construction')
[1563438561582] left click on word 12.0.27 ('construction')
[1563438561582] edit 12[27:26]
[1563438562063] left click on word 12.0.26 ('the')
[1563438562063] add 12.0.26 to 12[27:26]
[1563438562740] left click on word 12.0.28 ('of')
[1563438562740] add 12.0.28 to 12[27,26:26]
[1563438564227] right click on word 12.1.26 ('ÊûÑÂª∫')
[1563438565217] right click on word 12.1.26 ('ÊûÑÂª∫')
[1563438566305] label 12[27,26,28:26] as modulation
[1563438573230] left click on word 12.1.31 ('‰ΩìÁ≥ª')
[1563438573230] edit 12[34:31]
[1563438574199] left click on word 12.0.29 ('the')
[1563438574199] add 12.0.29 to 12[34:31]
[1563438574362] right click on word 12.0.29 ('the')
[1563438626162] left click on word 12.0.23 ('drawn')
[1563438626162] new alignment group
[1563438626162] add 12.0.23 to 12[:]
[1563438626587] left click on word 12.0.24 ('lessons')
[1563438626588] del 12.0.24 from 12[24:33]
[1563438626588] add 12.0.24 to 12[23:]
[1563438627120] left click on word 12.0.25 ('for')
[1563438627120] del 12.0.25 from 12[25:23]
[1563438627120] add 12.0.25 to 12[23,24:]
[1563438627629] left click on word 12.1.32 ('Êèê‰æõ')
[1563438627629] add 12.1.32 to 12[23,24,25:]
[1563438627966] left click on word 12.1.33 ('ÂÄüÈâ¥')
[1563438627966] del 12.1.33 from 12[:33]
[1563438627967] add 12.1.33 to 12[23,24,25:32]
[1563438628360] right click on word 12.1.33 ('ÂÄüÈâ¥')
[1563438643734] left click on word 12.1.33 ('ÂÄüÈâ¥')
[1563438643734] edit 12[23,24,25:32,33]
[1563438645247] left click on word 12.1.23 ('‰∏∫')
[1563438645247] del 12.1.23 from 12[:23]
[1563438645247] add 12.1.23 to 12[23,24,25:32,33]
[1563438645424] right click on word 12.1.23 ('‰∏∫')
[1563438650395] right click on word 12.1.25 ('Êàë‰ª¨')
[1563438651028] add 12.1.25 to 12[:]
[1563438651028] label 12[:25] as unaligned_explicitation
[1563438655523] right click on word 12.0.22 ('can')
[1563438660026] left click on word 12.0.21 ('which')
[1563438660026] new alignment group
[1563438660026] add 12.0.21 to 12[:]
[1563438660539] right click on word 12.0.21 ('which')
[1563438661037] right click on word 12.0.21 ('which')
[1563438662911] label 12[21:] as unaligned_reduction
[1563438663530] right click on word 12.0.22 ('can')
[1563438664397] add 12.0.22 to 12[:]
[1563438664398] label 12[22:] as unaligned_reduction
[1563440296582] NEW SESSION
[1563440355980] right click on word 13.1.12 ('ÁöÑ')
[1563440356530] del 13.1.12 from 13[6:12]
[1563440357924] left click on word 13.1.12 ('ÁöÑ')
[1563440357924] new alignment group
[1563440357924] add 13.1.12 to 13[:]
[1563440358797] left click on word 13.0.1 ('on')
[1563440358798] del 13.0.1 from 13[1:]
[1563440358798] add 13.0.1 to 13[:12]
[1563440358991] right click on word 13.0.1 ('on')
[1563440359289] right click on word 13.0.1 ('on')
[1563440360406] label 13[1:12] as transposition
[1563440385783] right click on word 13.1.12 ('ÁöÑ')
[1563440386303] del 13.1.12 from 13[1:12]
[1563440387159] left click on word 13.1.12 ('ÁöÑ')
[1563440387159] new alignment group
[1563440387159] add 13.1.12 to 13[:]
[1563440387964] left click on word 13.0.6 ('of')
[1563440387964] del 13.0.6 from 13[6:]
[1563440387964] add 13.0.6 to 13[:12]
[1563440388115] right click on word 13.0.6 ('of')
[1563440388833] right click on word 13.1.12 ('ÁöÑ')
[1563440390098] label 13[6:12] as transposition
[1563440411828] right click on word 13.0.1 ('on')
[1563440412754] label 13[1:] as unaligned_reduction
[1563440445800] right click on word 14.0.1 ('decide')
[1563440446412] del 14.0.1 from 14[1:]
[1563440446920] right click on word 14.0.2 ('to')
[1563440447347] del 14.0.2 from 14[2:]
[1563440457369] right click on word 14.0.8 ('as')
[1563440461669] right click on word 14.0.8 ('as')
[1563440463354] left click on word 14.0.8 ('as')
[1563440463355] new alignment group
[1563440463355] add 14.0.8 to 14[:]
[1563440464206] left click on word 14.1.1 ('ÂèçÊ≠£')
[1563440464206] del 14.1.1 from 14[:1]
[1563440464206] add 14.1.1 to 14[8:]
[1563440464351] right click on word 14.1.1 ('ÂèçÊ≠£')
[1563440467486] right click on word 14.0.8 ('as')
[1563440468412] label 14[8:1] as equivalence
[1563440476128] right click on word 14.0.0 ('She')
[1563440477502] del 14.0.0 from 14[0:]
[1563440642770] left click on word 15.1.4 ('ÂøÖÈ°ª')
[1563440642770] edit 15[2,4:4]
[1563440643564] left click on word 15.1.2 ('‰Ωø')
[1563440643564] add 15.1.2 to 15[2,4:4]
[1563440643710] right click on word 15.1.2 ('‰Ωø')
[1563440644700] right click on word 15.1.4 ('ÂøÖÈ°ª')
[1563440681680] right click on word 16.1.2 ('ÈÉΩ')
[1563440682250] add 16.1.2 to 16[:]
[1563440682250] label 16[:2] as unaligned_explicitation
[1563440688675] left click on word 16.0.8 ('be')
[1563440688676] new alignment group
[1563440688676] add 16.0.8 to 16[:]
[1563440689174] left click on word 16.1.11 ('ÊòØ')
[1563440689174] add 16.1.11 to 16[8:]
[1563440689327] right click on word 16.1.11 ('ÊòØ')
[1563440689617] right click on word 16.1.11 ('ÊòØ')
[1563440690750] label 16[8:11] as translation_error
[1563440695778] left click on word 16.1.13 ('È≠îÈ¨º')
[1563440695778] edit 16[10:13]
[1563440696516] left click on word 16.0.9 ('the')
[1563440696517] add 16.0.9 to 16[10:13]
[1563440696692] right click on word 16.0.9 ('the')
[1563440698252] right click on word 16.1.12 ('‰∏™')
[1563440698821] add 16.1.12 to 16[:]
[1563440698822] label 16[:12] as unaligned_explicitation
[1563440703276] right click on word 16.1.14 ('ÁöÑ')
[1563440705383] left click on word 16.0.11 ('Incarnate')
[1563440705383] new alignment group
[1563440705383] add 16.0.11 to 16[:]
[1563440705787] left click on word 16.1.15 ('ÂåñË∫´')
[1563440705787] add 16.1.15 to 16[11:]
[1563440705939] right click on word 16.1.15 ('ÂåñË∫´')
[1563440706519] right click on word 16.1.14 ('ÁöÑ')
[1563440707532] add 16.1.14 to 16[:]
[1563440707532] label 16[:14] as unaligned_explicitation
[1563440772798] right click on word 16.1.15 ('ÂåñË∫´')
[1563440774041] label 16[11:15] as transposition
[1563440855788] left click on word 17.0.1 ('advanced')
[1563440855789] new alignment group
[1563440855789] add 17.0.1 to 17[:]
[1563440857119] left click on word 17.1.1 ('Êµì')
[1563440857119] add 17.1.1 to 17[1:]
[1563440857359] right click on word 17.1.1 ('Êµì')
[1563440858061] left click on word 17.0.1 ('advanced')
[1563440858061] edit 17[1:1]
[1563440858473] left click on word 17.1.2 ('‰∫Ü')
[1563440858473] add 17.1.2 to 17[1:1]
[1563440858633] right click on word 17.1.2 ('‰∫Ü')
[1563440859070] right click on word 17.0.1 ('advanced')
[1563440861739] label 17[1:1,2] as metaphor
[1563440868072] right click on word 17.1.0 ('Êò•ÊÑè')
[1563440869317] label 17[0:0] as metaphor
[1563440877260] right click on word 17.1.6 ('ÂÆ∂')
[1563440877923] add 17.1.6 to 17[:]
[1563440877923] label 17[:6] as unaligned_explicitation
[1563440884724] right click on word 17.0.13 ('resumed')
[1563440885163] del 17.0.13 from 17[13:10]
[1563807344204] NEW SESSION
[1563807429560] left click on word 2.0.8 ('made')
[1563807429560] edit 2[8:17,18]
[1563807432205] right click on word 2.1.17 (',')
[1563807433355] right click on word 2.1.17 (',')
[1563807434212] del 2.1.17 from 2[8:17,18]
[1563807435854] left click on word 2.1.18 ('‰∏ã')
[1563807435854] edit 2[8:18]
[1563807437678] left click on word 2.1.15 ('Âèë')
[1563807437678] del 2.1.15 from 2[10:15]
[1563807437678] add 2.1.15 to 2[8:18]
[1563807438560] right click on word 2.1.15 ('Âèë')
[1563807477390] left click on word 2.1.18 ('‰∏ã')
[1563807477390] edit 2[8:18,15]
[1563807479105] left click on word 2.1.19 ('‰∫Ü')
[1563807479105] del 2.1.19 from 2[9:19]
[1563807479105] add 2.1.19 to 2[8:18,15]
[1563807481769] right click on word 2.1.18 ('‰∏ã')
[1563807483542] right click on word 2.1.18 ('‰∏ã')
[1563807485814] label 2[8:18,15,19] as particularization
[1563807488198] left click on word 2.0.9 ('many')
[1563807488198] edit 2[9:]
[1563807490475] left click on word 2.1.9 ('‰∏Ä')
[1563807490475] del 2.1.9 from 2[:9]
[1563807490475] add 2.1.9 to 2[9:]
[1563807491091] left click on word 2.1.10 ('Ê¨°')
[1563807491091] del 2.1.10 from 2[:10]
[1563807491092] add 2.1.10 to 2[9:9]
[1563807491677] left click on word 2.1.11 ('Âèà')
[1563807491678] del 2.1.11 from 2[:11]
[1563807491678] add 2.1.11 to 2[9:9,10]
[1563807492162] left click on word 2.1.12 ('‰∏Ä')
[1563807492162] del 2.1.12 from 2[12:12]
[1563807492162] add 2.1.12 to 2[9:9,10,11]
[1563807492851] left click on word 2.1.13 ('Ê¨°')
[1563807492851] add 2.1.13 to 2[9:9,10,11,12]
[1563807496454] left click on word 2.1.20 ('Êó†Êï∞')
[1563807496454] del 2.1.20 from 2[:20]
[1563807496454] add 2.1.20 to 2[9:9,10,11,12,13]
[1563807497256] left click on word 2.1.21 ('Ê¨°')
[1563807497256] del 2.1.21 from 2[12:21]
[1563807497256] add 2.1.21 to 2[9:9,10,11,12,13,20]
[1563807500715] right click on word 2.1.20 ('Êó†Êï∞')
[1563807504478] right click on word 2.1.20 ('Êó†Êï∞')
[1563807505892] label 2[9:9,10,11,12,13,20,21] as particularization
[1563807509439] left click on word 2.1.16 ('Ë™ì')
[1563807509439] new alignment group
[1563807509439] add 2.1.16 to 2[:]
[1563807510344] left click on word 2.0.10 ('vows')
[1563807510345] del 2.0.10 from 2[10:]
[1563807510345] add 2.0.10 to 2[:16]
[1563807511319] right click on word 2.0.10 ('vows')
[1563807513995] left click on word 2.1.22 ('ÂÜ≥ÂøÉ')
[1563807513995] new alignment group
[1563807513996] add 2.1.22 to 2[:]
[1563807515098] left click on word 2.0.12 ('resolutions')
[1563807515098] del 2.0.12 from 2[12:]
[1563807515098] add 2.0.12 to 2[:22]
[1563807515706] right click on word 2.0.12 ('resolutions')
[1563807520365] right click on word 2.1.14 ('Âú∞')
[1563807521222] add 2.1.14 to 2[:]
[1563807521222] label 2[:14] as unaligned_explicitation
[1563807528853] right click on word 2.0.11 ('and')
[1563807529563] add 2.0.11 to 2[:]
[1563807529564] label 2[11:] as unaligned_reduction
[1563875926051] NEW SESSION
[1563876662268] left click on word 14.0.1 ('decide')
[1563876662268] new alignment group
[1563876662269] add 14.0.1 to 14[:]
[1563876663031] right click on word 14.0.1 ('decide')
[1563876663869] right click on word 14.0.1 ('decide')
[1563876664872] label 14[1:] as unaligned_reduction
[1563876665336] left click on word 14.0.1 ('decide')
[1563876665336] edit 14[1:]
[1563876666056] left click on word 14.0.2 ('to')
[1563876666057] add 14.0.2 to 14[1:]
[1563876666246] right click on word 14.0.2 ('to')
[1563876668744] right click on word 14.0.0 ('She')
[1563876669326] add 14.0.0 to 14[:]
[1563876669326] label 14[0:] as unaligned_reduction
[1563876683535] right click on word 14.1.8 ('ÊâÄ‰ª•')
[1563876684371] add 14.1.8 to 14[:]
[1563876684371] label 14[:8] as unaligned_explicitation
[1564391022615] NEW SESSION
[1564391052762] right click on word 2.0.8 ('made')
[1564391054021] label 2[8:18,15,19] as particularization
[1564391258184] left click on word 2.0.8 ('made')
[1564391258186] edit 2[8:18,15,19]
[1564391318606] cancel edit
[1564402628904] NEW SESSION
[1564402633660] right click on word 14.1.1 ('ÂèçÊ≠£')
[1564402634642] label 14[8:1] as literal
