[1565012207213] NEW SESSION
[1565012719385] left click on word 3.0.0 ('The')
[1565012719387] new alignment group
[1565012719388] add 3.0.0 to 3[:]
[1565012719762] left click on word 3.0.1 ('Security')
[1565012719763] add 3.0.1 to 3[0:]
[1565012720076] left click on word 3.0.2 ('Council')
[1565012720076] add 3.0.2 to 3[0,1:]
[1565012720398] left click on word 3.1.1 ('理事会')
[1565012720398] add 3.1.1 to 3[0,1,2:]
[1565012720616] left click on word 3.1.0 ('安全')
[1565012720617] add 3.1.0 to 3[0,1,2:1]
[1565012720802] right click on word 3.1.0 ('安全')
[1565012721326] right click on word 3.1.1 ('理事会')
[1565012723260] left click on word 3.0.3 (',')
[1565012723260] new alignment group
[1565012723260] add 3.0.3 to 3[:]
[1565012723711] left click on word 3.1.2 ('，')
[1565012723711] add 3.1.2 to 3[3:]
[1565012723937] right click on word 3.1.2 ('，')
[1565012725970] left click on word 2.1.11 ('通过')
[1565012725970] new alignment group
[1565012725970] add 2.1.11 to 2[:]
[1565012727305] left click on word 2.0.0 ('Adopted')
[1565012727305] add 2.0.0 to 2[:11]
[1565012727717] left click on word 2.0.1 ('by')
[1565012727717] add 2.0.1 to 2[0:11]
[1565012727844] right click on word 2.0.1 ('by')
[1565015597086] left click on word 4.1.0 ('重申')
[1565015597087] new alignment group
[1565015597087] add 4.1.0 to 4[:]
[1565015597788] left click on word 4.0.0 ('Reaffirming')
[1565015597788] add 4.0.0 to 4[:0]
[1565015597885] left click on word 4.0.0 ('Reaffirming')
[1565015597886] del 4.0.0 from 4[0:0]
[1565015598866] left click on word 4.0.0 ('Reaffirming')
[1565015598866] add 4.0.0 to 4[:0]
[1565015599886] left click on word 4.1.0 ('重申')
[1565015599886] del 4.1.0 from 4[0:0]
[1565015600410] left click on word 4.0.0 ('Reaffirming')
[1565015600410] del 4.0.0 from 4[0:]
[1565015600604] right click on word 4.0.0 ('Reaffirming')
[1565015600604] add 4.0.0 to 4[:]
[1565015602784] left click on word 4.1.0 ('重申')
[1565015602784] new alignment group
[1565015602784] add 4.1.0 to 4[:]
[1565015603460] left click on word 4.0.0 ('Reaffirming')
[1565015603460] del 4.0.0 from 4[0:]
[1565015603460] add 4.0.0 to 4[:0]
[1565015603641] right click on word 4.0.0 ('Reaffirming')
[1565015612485] left click on word 4.0.2 ('its')
[1565015612485] edit 4[2:1]
[1565015613175] left click on word 4.1.1 ('其')
[1565015613175] del 4.1.1 from 4[2:1]
[1565015613440] right click on word 4.1.1 ('其')
[1565015613440] add 4.1.1 to 4[2:]
[1565015626930] left click on word 4.0.7 ('situation')
[1565015626930] edit 4[7:5]
[1565015627376] left click on word 4.0.6 ('the')
[1565015627376] add 4.0.6 to 4[7:5]
[1565015627505] right click on word 4.0.6 ('the')
[1565015640643] left click on word 4.0.5 ('on')
[1565015640643] edit 4[5:3]
[1565015641412] left click on word 4.1.6 ('的')
[1565015641413] add 4.1.6 to 4[5:3]
[1565015641647] right click on word 4.1.6 ('的')
[1565015658652] right click on word 4.0.8 ('in')
[1565015663358] right click on word 4.0.8 ('in')
[1565015663920] add 4.0.8 to 4[:]
[1565015663920] label 4[8:] as unaligned_reduction
[1565015664492] right click on word 4.0.9 ('Rwanda')
[1565015665556] left click on word 4.0.9 ('Rwanda')
[1565015665556] new alignment group
[1565015665557] add 4.0.9 to 4[:]
[1565015666887] left click on word 4.1.4 ('卢旺达')
[1565015666887] add 4.1.4 to 4[9:]
[1565015667040] right click on word 4.1.4 ('卢旺达')
[1565015724941] left click on word 4.0.10 (',')
[1565015724941] new alignment group
[1565015724941] add 4.0.10 to 4[:]
[1565015725515] right click on word 4.0.10 (',')
[1565015726667] left click on word 4.1.9 ('，')
[1565015726667] new alignment group
[1565015726667] add 4.1.9 to 4[:]
[1565015727621] left click on word 4.0.10 (',')
[1565015727621] del 4.0.10 from 4[10:]
[1565015727622] add 4.0.10 to 4[:9]
[1565015727767] right click on word 4.0.10 (',')
[1565015731713] left click on word 4.0.12 ('particular')
[1565015731713] edit 4[12:10]
[1565015732910] left click on word 4.0.11 ('in')
[1565015732911] add 4.0.11 to 4[12:10]
[1565015733055] right click on word 4.0.11 ('in')
[1565015736209] right click on word 4.1.11 ('是')
[1565015737532] add 4.1.11 to 4[:]
[1565015737532] label 4[:11] as unaligned_explicitation
[1565015746504] left click on word 4.1.13 ('联合国')
[1565015746504] edit 4[4:13]
[1565015747882] right click on word 4.1.13 ('联合国')
[1565015748422] right click on word 4.1.13 ('联合国')
[1565015749027] del 4.1.13 from 4[4:13]
[1565015754490] left click on word 4.1.8 ('决议')
[1565015754491] edit 4[14:8]
[1565015756234] left click on word 4.0.4 ('resolutions')
[1565015756235] del 4.0.4 from 4[4:]
[1565015756235] add 4.0.4 to 4[14:8]
[1565015756402] right click on word 4.0.4 ('resolutions')
[1565015757592] right click on word 4.0.14 ('resolution')
[1565015758113] del 4.0.14 from 4[14,4:8]
[1565015763717] left click on word 4.1.13 ('联合国')
[1565015763717] new alignment group
[1565015763717] add 4.1.13 to 4[:]
[1565015764450] left click on word 4.0.27 ('the')
[1565015764450] add 4.0.27 to 4[:13]
[1565015764745] left click on word 4.0.28 ('United')
[1565015764745] add 4.0.28 to 4[27:13]
[1565015765051] left click on word 4.0.29 ('Nations')
[1565015765051] add 4.0.29 to 4[27,28:13]
[1565015765203] right click on word 4.0.29 ('Nations')
[1565015775838] left click on word 4.1.14 ('卢旺达')
[1565015775838] new alignment group
[1565015775838] add 4.1.14 to 4[:]
[1565015777400] left click on word 4.0.33 ('Rwanda')
[1565015777400] add 4.0.33 to 4[:14]
[1565015777594] right click on word 4.0.33 ('Rwanda')
[1565015777690] right click on word 4.0.33 ('Rwanda')
[1565015784842] right click on word 4.0.32 ('for')
[1565015785343] add 4.0.32 to 4[:]
[1565015785343] label 4[32:] as unaligned_reduction
[1565015786099] left click on word 4.1.15 ('援助')
[1565015786099] new alignment group
[1565015786099] add 4.1.15 to 4[:]
[1565015786439] left click on word 4.1.16 ('团')
[1565015786439] add 4.1.16 to 4[:15]
[1565015787139] left click on word 4.0.30 ('Assistance')
[1565015787139] add 4.0.30 to 4[:15,16]
[1565015787623] left click on word 4.0.31 ('Mission')
[1565015787623] add 4.0.31 to 4[30:15,16]
[1565015787781] right click on word 4.0.31 ('Mission')
[1565015797865] left click on word 4.1.13 ('联合国')
[1565015797865] edit 4[27,28,29:13]
[1565015798414] left click on word 4.1.14 ('卢旺达')
[1565015798414] del 4.1.14 from 4[33:14]
[1565015798414] add 4.1.14 to 4[27,28,29:13]
[1565015798941] left click on word 4.1.15 ('援助')
[1565015798941] del 4.1.15 from 4[30,31:15,16]
[1565015798942] add 4.1.15 to 4[27,28,29:13,14]
[1565015799232] cancel edit
[1565015799232] add 4.1.14 to 4[33:]
[1565015799232] add 4.1.15 to 4[30,31:16]
[1565015801395] left click on word 4.1.13 ('联合国')
[1565015801395] edit 4[27,28,29:13]
[1565015801984] left click on word 4.0.30 ('Assistance')
[1565015801984] del 4.0.30 from 4[30,31:16,15]
[1565015801985] add 4.0.30 to 4[27,28,29:13]
[1565015802286] left click on word 4.0.31 ('Mission')
[1565015802286] del 4.0.31 from 4[31:16,15]
[1565015802286] add 4.0.31 to 4[27,28,29,30:13]
[1565015802698] left click on word 4.0.32 ('for')
[1565015802698] del 4.0.32 from 4[32:]
[1565015802698] add 4.0.32 to 4[27,28,29,30,31:13]
[1565015803024] left click on word 4.0.33 ('Rwanda')
[1565015803024] del 4.0.33 from 4[33:14]
[1565015803024] add 4.0.33 to 4[27,28,29,30,31,32:13]
[1565015803708] left click on word 4.1.14 ('卢旺达')
[1565015803708] del 4.1.14 from 4[:14]
[1565015803708] add 4.1.14 to 4[27,28,29,30,31,32,33:13]
[1565015804136] left click on word 4.1.15 ('援助')
[1565015804136] del 4.1.15 from 4[:16,15]
[1565015804137] add 4.1.15 to 4[27,28,29,30,31,32,33:13,14]
[1565015804695] left click on word 4.1.16 ('团')
[1565015804696] del 4.1.16 from 4[:16]
[1565015804696] add 4.1.16 to 4[27,28,29,30,31,32,33:13,14,15]
[1565015804848] right click on word 4.1.16 ('团')
[1565015809986] left click on word 4.1.17 ('(')
[1565015809986] new alignment group
[1565015809986] add 4.1.17 to 4[:]
[1565015810598] left click on word 4.0.34 ('-LRB-')
[1565015810598] add 4.0.34 to 4[:17]
[1565015810750] right click on word 4.0.34 ('-LRB-')
[1565015811532] left click on word 4.1.21 (')')
[1565015811532] new alignment group
[1565015811532] add 4.1.21 to 4[:]
[1565015812791] left click on word 4.0.36 ('-RRB-')
[1565015812791] add 4.0.36 to 4[:21]
[1565015812963] right click on word 4.0.36 ('-RRB-')
[1565015814392] left click on word 4.0.35 ('UNAMIR')
[1565015814393] new alignment group
[1565015814393] add 4.0.35 to 4[:]
[1565015815119] left click on word 4.1.18 ('联卢')
[1565015815119] add 4.1.18 to 4[35:]
[1565015815417] left click on word 4.1.19 ('援助')
[1565015815417] add 4.1.19 to 4[35:18]
[1565015815853] left click on word 4.1.20 ('团')
[1565015815853] add 4.1.20 to 4[35:18,19]
[1565015815997] right click on word 4.1.20 ('团')
[1565015832633] left click on word 4.1.22 ('的')
[1565015832633] new alignment group
[1565015832633] add 4.1.22 to 4[:]
[1565015833646] left click on word 4.0.24 ('which')
[1565015833646] add 4.0.24 to 4[:22]
[1565015833824] right click on word 4.0.24 ('which')
[1565015834142] right click on word 4.0.24 ('which')
[1565015835124] label 4[24:22] as transposition
[1565015836338] left click on word 4.1.23 ('1993')
[1565015836338] edit 4[22:23]
[1565015837284] left click on word 4.0.17 ('1993')
[1565015837284] del 4.0.17 from 4[17:29]
[1565015837285] add 4.0.17 to 4[22:23]
[1565015837938] right click on word 4.0.17 ('1993')
[1565015843938] right click on word 4.0.17 ('1993')
[1565015844431] del 4.0.17 from 4[22,17:23]
[1565015847709] right click on word 4.1.24 ('年')
[1565015848420] add 4.1.24 to 4[:]
[1565015848420] label 4[:24] as unaligned_explicitation
[1565015849411] left click on word 4.1.25 ('10')
[1565015849411] edit 4[20:25]
[1565015850557] right click on word 4.1.25 ('10')
[1565015851259] right click on word 4.1.25 ('10')
[1565015851681] del 4.1.25 from 4[20:25]
[1565015853467] left click on word 4.1.25 ('10')
[1565015853467] new alignment group
[1565015853467] add 4.1.25 to 4[:]
[1565015854136] left click on word 4.0.21 ('October')
[1565015854136] add 4.0.21 to 4[:25]
[1565015856074] left click on word 4.1.26 ('月')
[1565015856074] add 4.1.26 to 4[21:25]
[1565015856236] right click on word 4.1.26 ('月')
[1565015857359] left click on word 4.1.27 ('5')
[1565015857359] new alignment group
[1565015857360] add 4.1.27 to 4[:]
[1565015858076] left click on word 4.0.20 ('5')
[1565015858076] del 4.0.20 from 4[20:]
[1565015858076] add 4.0.20 to 4[:27]
[1565015858222] right click on word 4.0.20 ('5')
[1565015858909] right click on word 4.1.28 ('日')
[1565015859588] add 4.1.28 to 4[:]
[1565015859589] label 4[:28] as unaligned_explicitation
[1565016020634] left click on word 4.0.15 ('872')
[1565016020635] new alignment group
[1565016020635] add 4.0.15 to 4[:]
[1565016021452] left click on word 4.1.30 ('872')
[1565016021452] add 4.1.30 to 4[15:]
[1565016021580] right click on word 4.1.30 ('872')
[1565016022363] right click on word 4.1.29 ('第')
[1565016023563] label 4[:29] as unaligned_explicitation
[1565016028485] right click on word 4.1.34 ('号')
[1565016033020] right click on word 4.0.49 ('extended')
[1565016033801] del 4.0.49 from 4[49:34]
[1565016034990] right click on word 4.1.34 ('号')
[1565016035702] label 4[:34] as unaligned_explicitation
[1565016036614] left click on word 4.1.35 ('决议')
[1565016036615] new alignment group
[1565016036615] add 4.1.35 to 4[:]
[1565016037484] left click on word 4.0.14 ('resolution')
[1565016037484] add 4.0.14 to 4[:35]
[1565016037636] right click on word 4.0.14 ('resolution')
[1565016039126] right click on word 4.0.13 ('its')
[1565016039650] add 4.0.13 to 4[:]
[1565016039650] label 4[13:] as unaligned_reduction
[1565016042120] left click on word 4.1.32 ('1993')
[1565016042120] edit 4[39:32]
[1565016043120] right click on word 4.1.32 ('1993')
[1565016043704] right click on word 4.1.32 ('1993')
[1565016044156] del 4.1.32 from 4[39:32]
[1565016045154] left click on word 4.1.32 ('1993')
[1565016045155] new alignment group
[1565016045155] add 4.1.32 to 4[:]
[1565016046049] left click on word 4.0.17 ('1993')
[1565016046049] add 4.0.17 to 4[:32]
[1565016046186] right click on word 4.0.17 ('1993')
[1565016046562] left click on word 4.0.16 ('-LRB-')
[1565016046562] new alignment group
[1565016046562] add 4.0.16 to 4[:]
[1565016047947] left click on word 4.1.31 ('(')
[1565016047947] add 4.1.31 to 4[16:]
[1565016048091] right click on word 4.1.31 ('(')
[1565016048595] left click on word 4.1.33 (')')
[1565016048595] new alignment group
[1565016048595] add 4.1.33 to 4[:]
[1565016049481] left click on word 4.0.18 ('-RRB-')
[1565016049481] add 4.0.18 to 4[:33]
[1565016049651] right click on word 4.0.18 ('-RRB-')
[1565016062996] right click on word 4.0.19 ('of')
[1565016063640] add 4.0.19 to 4[:]
[1565016063640] label 4[19:] as unaligned_reduction
[1565016076313] left click on word 4.0.37 (',')
[1565016076313] new alignment group
[1565016076313] add 4.0.37 to 4[:]
[1565016077389] left click on word 4.1.36 ('，')
[1565016077389] add 4.1.36 to 4[37:]
[1565016077543] right click on word 4.1.36 ('，')
[1565016081205] right click on word 4.0.25 ('it')
[1565016081802] add 4.0.25 to 4[:]
[1565016081802] label 4[25:] as unaligned_reduction
[1565016089426] right click on word 4.1.58 ('第')
[1565016090582] del 4.1.58 from 4[73:58]
[1565016092388] right click on word 4.1.58 ('第')
[1565016092945] add 4.1.58 to 4[:]
[1565016092945] label 4[:58] as unaligned_explicitation
[1565016093620] right click on word 4.1.63 ('号')
[1565016094128] add 4.1.63 to 4[:]
[1565016094128] label 4[:63] as unaligned_explicitation
[1565016095149] left click on word 4.1.59 ('909')
[1565016095149] new alignment group
[1565016095149] add 4.1.59 to 4[:]
[1565016095697] left click on word 4.0.40 ('909')
[1565016095697] del 4.0.40 from 4[40:50]
[1565016095697] add 4.0.40 to 4[:59]
[1565016095848] right click on word 4.0.40 ('909')
[1565016096352] left click on word 4.0.41 ('-LRB-')
[1565016096352] new alignment group
[1565016096352] add 4.0.41 to 4[:]
[1565016096956] left click on word 4.1.60 ('(')
[1565016096956] add 4.1.60 to 4[41:]
[1565016097127] right click on word 4.1.60 ('(')
[1565016097778] left click on word 4.0.43 ('-RRB-')
[1565016097778] new alignment group
[1565016097778] add 4.0.43 to 4[:]
[1565016098505] right click on word 4.1.62 (')')
[1565016098505] add 4.1.62 to 4[43:]
[1565016099528] right click on word 4.1.62 (')')
[1565016102695] right click on word 4.0.42 ('1994')
[1565016103130] del 4.0.42 from 4[42:42]
[1565016103977] left click on word 4.1.61 ('1994')
[1565016103977] new alignment group
[1565016103977] add 4.1.61 to 4[:]
[1565016104499] left click on word 4.0.42 ('1994')
[1565016104499] add 4.0.42 to 4[:61]
[1565016104660] right click on word 4.0.42 ('1994')
