[1560955222460] NEW SESSION
[1560955347346] right click on word 1.0.5 ('after')
[1560955347865] del 1.0.5 from 1[5:4]
[1560955356036] left click on word 1.1.9 ('老前辈')
[1560955356036] new alignment group
[1560955356036] add 1.1.9 to 1[:]
[1560955356881] left click on word 1.0.10 ('old-timers')
[1560955356882] add 1.0.10 to 1[:9]
[1560955357433] right click on word 1.0.10 ('old-timers')
[1560955363467] left click on word 1.0.13 ('come')
[1560955363467] edit 1[13:12]
[1560955364089] left click on word 1.0.14 ('up')
[1560955364089] add 1.0.14 to 1[13:12]
[1560955364329] right click on word 1.0.14 ('up')
[1560955368254] left click on word 1.1.13 ('，')
[1560955368254] new alignment group
[1560955368254] add 1.1.13 to 1[:]
[1560955369444] left click on word 1.0.15 ('and')
[1560955369444] add 1.0.15 to 1[:13]
[1560955369758] right click on word 1.0.15 ('and')
[1560955405585] left click on word 1.0.23 ('need')
[1560955405585] edit 1[23:19]
[1560955406102] left click on word 1.0.22 ('the')
[1560955406102] add 1.0.22 to 1[23:19]
[1560955406536] right click on word 1.0.22 ('the')
[1560955418861] left click on word 1.1.20 ('我')
[1560955418861] edit 1[19:20]
[1560955419297] left click on word 1.1.21 ('的')
[1560955419297] add 1.1.21 to 1[19:20]
[1560955419499] right click on word 1.1.21 ('的')
[1560955429479] left click on word 1.1.23 ('是')
[1560955429479] new alignment group
[1560955429479] add 1.1.23 to 1[:]
[1560955430531] left click on word 1.0.26 ('were')
[1560955430531] add 1.0.26 to 1[:23]
[1560955430757] right click on word 1.0.26 ('were')
[1560955473122] right click on word 1.1.5 ('我')
[1560955476540] right click on word 1.1.5 ('我')
[1560955489136] label 1[6:5] as transposition
[1560955526961] right click on word 1.1.5 ('我')
[1560955528779] label 1[6:5] as lexical_shift
[1560955579294] right click on word 1.1.12 ('来')
[1560955584320] label 1[13,14:12] as equivalence
[1560955593110] right click on word 1.1.17 ('关于')
[1560955610892] label 1[21:17] as particularization
[1560955637374] left click on word 1.1.25 ('正确')
[1560955637374] edit 1[28:25]
[1560955637919] left click on word 1.1.26 ('的')
[1560955637919] add 1.1.26 to 1[28:25]
[1560955638132] right click on word 1.1.26 ('的')
