[1539871470306] NEW SESSION
[1539871514321] left click on word 2.0.4 ('Jaguar')
[1539871514322] edit 2[4:6]
[1539871540873] cancel edit
[1539871567880] left click on word 11.0.29 ('the')
[1539871567880] edit 11[29:27,30]
[1539871582248] left click on word 11.1.27 ('le')
[1539871582249] del 11.1.27 from 11[29:27,30]
[1539871584793] left click on word 11.0.32 ('the')
[1539871584793] del 11.0.32 from 11[32:33]
[1539871584793] add 11.0.32 to 11[29:30]
[1539871585849] left click on word 11.1.30 ('la')
[1539871585849] del 11.1.30 from 11[29,32:30]
[1539871591952] left click on word 11.0.29 ('the')
[1539871591952] del 11.0.29 from 11[29,32:]
[1539871593951] left click on word 11.0.29 ('the')
[1539871593951] add 11.0.29 to 11[32:]
[1539871597256] left click on word 11.0.29 ('the')
[1539871597256] del 11.0.29 from 11[32,29:]
[1539871597976] left click on word 11.0.29 ('the')
[1539871597976] add 11.0.29 to 11[32:]
[1539871608720] left click on word 11.0.29 ('the')
[1539871608720] del 11.0.29 from 11[32,29:]
[1539871609911] left click on word 11.0.29 ('the')
[1539871609911] add 11.0.29 to 11[32:]
[1539871616617] left click on word 11.1.27 ('le')
[1539871616617] add 11.1.27 to 11[32,29:]
[1539871620985] right click on word 11.1.27 ('le')
[1539871640440] left click on word 11.1.30 ('la')
[1539871640440] new alignment group
[1539871640441] add 11.1.30 to 11[:]
[1539871642784] left click on word 11.0.32 ('the')
[1539871642784] del 11.0.32 from 11[32,29:27]
[1539871642784] add 11.0.32 to 11[:30]
[1539871645383] right click on word 11.0.32 ('the')
[1539871739583] left click on word 11.0.8 ('world')
[1539871739583] edit 11[8:5,7]
[1539871742711] left click on word 11.1.5 ('dans')
[1539871742711] del 11.1.5 from 11[8:5,7]
[1539871744151] right click on word 11.1.5 ('dans')
[1539871744151] add 11.1.5 to 11[8:7]
[1539871745967] left click on word 11.0.8 ('world')
[1539871745967] edit 11[8:7,5]
[1539871747070] left click on word 11.0.8 ('world')
[1539871747070] del 11.0.8 from 11[8:7,5]
[1539871747766] left click on word 11.0.8 ('world')
[1539871747766] add 11.0.8 to 11[:7,5]
[1539871749342] left click on word 11.1.5 ('dans')
[1539871749342] del 11.1.5 from 11[8:7,5]
[1539871751656] left click on word 11.0.8 ('world')
[1539871751657] del 11.0.8 from 11[8:7]
[1539871753119] left click on word 11.1.7 ('monde')
[1539871753119] del 11.1.7 from 11[:7]
[1539871754343] left click on word 11.0.8 ('world')
[1539871754343] add 11.0.8 to 11[:]
[1539871755662] left click on word 11.1.7 ('monde')
[1539871755663] add 11.1.7 to 11[8:]
[1539871758142] left click on word 11.0.8 ('world')
[1539871758142] del 11.0.8 from 11[8:7]
[1539871759007] left click on word 11.0.8 ('world')
[1539871759007] add 11.0.8 to 11[:7]
[1539871759719] right click on word 11.0.8 ('world')
[1539871773734] left click on word 11.1.7 ('monde')
[1539871773734] edit 11[8:7]
[1539871775439] right click on word 11.1.7 ('monde')
[1539871776374] left click on word 11.1.7 ('monde')
[1539871776374] edit 11[8:7]
[1539871783375] cancel edit
[1539871786967] right click on word 11.0.9 ('make')
[1539871816862] left click on word 11.0.14 ('spiritual')
[1539871816862] edit 11[14:13]
[1539871817871] left click on word 11.0.15 ('life')
[1539871817871] del 11.0.15 from 11[15:12]
[1539871817871] add 11.0.15 to 11[14:13]
[1539871820877] cancel edit
[1539871820877] add 11.0.15 to 11[:12]
[1539871918053] left click on word 14.0.7 ('we')
[1539871918053] edit 14[7,8:9]
[1539871920974] right click on word 14.0.8 ('are')
[1539871922269] left click on word 14.0.7 ('we')
[1539871922269] edit 14[7,8:9]
[1539871923749] left click on word 14.0.11 ('that')
[1539871923749] del 14.0.11 from 14[11:12,13]
[1539871923750] add 14.0.11 to 14[7,8:9]
[1539871926605] left click on word 14.0.7 ('we')
[1539871926606] del 14.0.7 from 14[7,8,11:9]
[1539871928493] cancel edit
[1539871928493] add 14.0.11 to 14[:12,13]
[1539871928493] add 14.0.7 to 14[8:9]
[1540400008847] NEW SESSION
[1540400040894] left click on word 2.0.5 ('shamans')
[1540400040894] edit 2[5:2]
[1540400044245] left click on word 2.1.7 ('shaman')
[1540400044246] add 2.1.7 to 2[5:2]
[1540400044493] left click on word 2.1.7 ('shaman')
[1540400044494] del 2.1.7 from 2[5:2,7]
[1540400046005] left click on word 2.1.7 ('shaman')
[1540400046005] add 2.1.7 to 2[5:2]
[1540400046734] right click on word 2.1.7 ('shaman')
[1540400048868] left click on word 2.1.2 ('de')
[1540400048868] edit 2[5:2,7]
[1540400049533] right click on word 2.1.2 ('de')
[1540400050374] right click on word 2.1.2 ('de')
[1540400059926] del 2.1.2 from 2[5:2,7]
[1540400069149] left click on word 2.0.35 ('the')
[1540400069149] edit 2[35,38:40]
[1540400070365] left click on word 2.0.2 ('know')
[1540400070366] del 2.0.2 from 2[1,2:3]
[1540400070366] add 2.0.2 to 2[35,38:40]
[1540400074900] left click on word 2.0.2 ('know')
[1540400074901] del 2.0.2 from 2[35,38,2:40]
[1540400074901] add 2.0.2 to 2[1:3]
[1540400076077] cancel edit
[1540400096340] left click on word 2.0.7 ('journey')
[1540400096341] new alignment group
[1540400096341] add 2.0.7 to 2[:]
[1540400100236] right click on word 2.1.8 ('voyagent')
[1540400100236] add 2.1.8 to 2[7:]
[1540400117476] left click on word 2.1.13 ('voie')
[1540400117477] new alignment group
[1540400117478] add 2.1.13 to 2[:]
[1540400118580] right click on word 2.1.13 ('voie')
[1540400120140] left click on word 2.0.10 ('Milky')
[1540400120140] edit 2[10,11:14]
[1540400121829] left click on word 2.1.13 ('voie')
[1540400121829] del 2.1.13 from 2[:13]
[1540400121829] add 2.1.13 to 2[10,11:14]
[1540400122469] right click on word 2.1.13 ('voie')
[1540400131197] left click on word 2.0.14 ('the')
[1540400131197] new alignment group
[1540400131197] add 2.0.14 to 2[:]
[1540400140613] left click on word 2.0.14 ('the')
[1540400140613] del 2.0.14 from 2[14:]
[1540400143427] left click on word 2.1.18 ('les')
[1540400143427] del 2.1.18 from 2[17:18]
[1540400143427] add 2.1.18 to 2[:]
[1540400143843] right click on word 2.1.18 ('les')
[1540400148923] left click on word 2.1.18 ('les')
[1540400148923] edit 2[:18]
[1540400151067] left click on word 2.0.14 ('the')
[1540400151067] add 2.0.14 to 2[:18]
[1540400152636] right click on word 2.0.14 ('the')
[1540400162636] left click on word 2.0.16 ('of')
[1540400162637] edit 2[16:11]
[1540400164084] right click on word 2.0.17 ('the')
[1540400164084] del 2.0.17 from 2[17:]
[1540400164086] add 2.0.17 to 2[16:11]
[1540400178413] left click on word 2.1.20 ('des')
[1540400178413] edit 2[15:19,20]
[1540400179628] right click on word 2.1.20 ('des')
[1540400181052] right click on word 2.1.20 ('des')
[1540400182700] del 2.1.20 from 2[15:19,20]
[1540400187372] left click on word 2.0.16 ('of')
[1540400187372] edit 2[16,17:11]
[1540400191484] right click on word 2.1.11 ('de')
[1540400192435] right click on word 2.1.11 ('de')
[1540400209466] del 2.1.11 from 2[16,17:11]
[1540400222716] left click on word 2.1.10 ('au-delà')
[1540400222716] edit 2[8:10]
[1540400225612] right click on word 2.1.11 ('de')
[1540400225613] add 2.1.11 to 2[8:10]
[1540400239570] left click on word 2.1.20 ('des')
[1540400239571] new alignment group
[1540400239571] add 2.1.20 to 2[:]
[1540400241532] left click on word 2.0.16 ('of')
[1540400241533] del 2.0.16 from 2[16,17:]
[1540400241533] add 2.0.16 to 2[:20]
[1540400242460] right click on word 2.0.17 ('the')
[1540400242460] del 2.0.17 from 2[17:]
[1540400242460] add 2.0.17 to 2[16:20]
[1540400273611] left click on word 2.0.22 ('with')
[1540400273611] new alignment group
[1540400273611] add 2.0.22 to 2[:]
[1540400275915] right click on word 2.1.25 ('de')
[1540400275915] add 2.1.25 to 2[22:]
[1540400287307] left click on word 2.0.31 ('the')
[1540400287307] edit 2[28,31:32]
[1540400287874] right click on word 2.0.31 ('the')
[1540400288811] right click on word 2.0.31 ('the')
[1540400290482] del 2.0.31 from 2[28,31:32]
[1540400298618] left click on word 2.0.31 ('the')
[1540400298618] new alignment group
[1540400298618] add 2.0.31 to 2[:]
[1540400302435] right click on word 2.1.35 ('les')
[1540400302436] del 2.1.35 from 2[32:35]
[1540400302436] add 2.1.35 to 2[31:]
[1540400304835] left click on word 2.0.32 ('Buddhists')
[1540400304836] edit 2[32:]
[1540400307835] right click on word 2.1.36 ('Bouddhistes')
[1540400307835] add 2.1.36 to 2[32:]
[1540400329947] left click on word 2.0.33 ('still')
[1540400329948] edit 2[33:37]
[1540400330835] left click on word 2.0.34 ('pursue')
[1540400330836] del 2.0.34 from 2[34,42:38]
[1540400330836] add 2.0.34 to 2[33:37]
[1540400337987] cancel edit
[1540400337987] add 2.0.34 to 2[42:38]
[1540400342987] left click on word 2.0.33 ('still')
[1540400342987] edit 2[33:37]
[1540400343971] left click on word 2.0.34 ('pursue')
[1540400343971] del 2.0.34 from 2[42,34:38]
[1540400343971] add 2.0.34 to 2[33:37]
[1540400346187] right click on word 2.1.37 ('continuent')
[1540400357531] right click on word 2.0.38 ('the')
[1540400359474] del 2.0.38 from 2[35,38:40]
[1540400368922] left click on word 2.0.37 ('of')
[1540400368922] edit 2[37:42]
[1540400369914] right click on word 2.0.38 ('the')
[1540400369914] add 2.0.38 to 2[37:42]
[1540400375747] left click on word 2.0.40 (',')
[1540400375747] edit 2[39,40:44]
[1540400376546] right click on word 2.0.40 (',')
[1540400377643] right click on word 2.0.40 (',')
[1540400379122] del 2.0.40 from 2[39,40:44]
[1540400383987] left click on word 2.0.39 ('Dharma')
[1540400383987] edit 2[39:44]
[1540400388323] right click on word 2.1.44 (',')
[1540400389547] right click on word 2.1.44 (',')
[1540400390707] del 2.1.44 from 2[39:44]
[1540400395459] left click on word 2.0.38 ('the')
[1540400395459] edit 2[37,38:42]
[1540400397026] left click on word 2.0.39 ('Dharma')
[1540400397026] del 2.0.39 from 2[39:]
[1540400397026] add 2.0.39 to 2[37,38:42]
[1540400399611] left click on word 2.0.38 ('the')
[1540400399611] del 2.0.38 from 2[37,38,39:42]
[1540400400387] left click on word 2.0.36 ('breath')
[1540400400387] del 2.0.36 from 2[36:41]
[1540400400387] add 2.0.36 to 2[37,39:42]
[1540400401986] cancel edit
[1540400401986] add 2.0.39 to 2[:]
[1540400401987] add 2.0.38 to 2[37,36:42]
[1540400401987] add 2.0.36 to 2[:41]
[1540400406146] left click on word 2.0.39 ('Dharma')
[1540400406146] edit 2[39:]
[1540400408450] right click on word 2.1.43 ('Dharma')
[1540400408450] add 2.1.43 to 2[39:]
[1540400411786] left click on word 2.0.40 (',')
[1540400411787] new alignment group
[1540400411787] add 2.0.40 to 2[:]
[1540400414058] right click on word 2.1.44 (',')
[1540400414058] add 2.1.44 to 2[40:]
[1563283783803] NEW SESSION
[1563284183955] left click on word 2.0.0 ('just')
[1563284183955] edit 2[0,3:4]
[1563284196819] left click on word 2.0.0 ('just')
[1563284196820] del 2.0.0 from 2[0,3:4]
[1563284199883] left click on word 2.0.0 ('just')
[1563284199884] add 2.0.0 to 2[3:4]
[1563284207515] right click on word 2.0.0 ('just')
[1563284208658] left click on word 2.0.0 ('just')
[1563284208658] edit 2[3,0:4]
[1563284212427] right click on word 2.0.0 ('just')
[1563284215835] left click on word 2.0.0 ('just')
[1563284215836] edit 2[3,0:4]
[1563284217122] right click on word 2.0.0 ('just')
[1563284220147] right click on word 2.0.0 ('just')
[1563284258939] left click on word 2.0.0 ('just')
[1563284258939] edit 2[3,0:4]
[1563284259979] left click on word 2.0.1 ('to')
[1563284259979] del 2.0.1 from 2[1,2:3]
[1563284259979] add 2.0.1 to 2[3,0:4]
[1563284260667] left click on word 2.0.2 ('know')
[1563284260667] del 2.0.2 from 2[2:3]
[1563284260667] add 2.0.2 to 2[3,0,1:4]
[1563284263330] left click on word 2.1.0 ('le')
[1563284263330] add 2.1.0 to 2[3,0,1,2:4]
[1563284264091] left click on word 2.1.1 ('fait')
[1563284264091] add 2.1.1 to 2[3,0,1,2:4,0]
[1563284264699] left click on word 2.1.2 ('de')
[1563284264699] add 2.1.2 to 2[3,0,1,2:4,0,1]
[1563284265322] left click on word 2.1.3 ('savoir')
[1563284265323] del 2.1.3 from 2[:3]
[1563284265323] add 2.1.3 to 2[3,0,1,2:4,0,1,2]
[1563284266555] left click on word 2.1.4 ('que')
[1563284266555] del 2.1.4 from 2[3,0,1,2:4,0,1,2,3]
[1563284267291] left click on word 2.1.4 ('que')
[1563284267291] add 2.1.4 to 2[3,0,1,2:0,1,2,3]
[1563284270778] right click on word 2.0.0 ('just')
[1563284272514] right click on word 2.0.0 ('just')
[1563284276659] label 2[3,0,1,2:0,1,2,3,4] as modulation
[1563284286418] right click on word 2.0.2 ('know')
[1563284289203] label 2[3,0,1,2:0,1,2,3,4] as transposition
[1563284328123] left click on word 2.0.4 ('Jaguar')
[1563284328123] edit 2[4:6]
[1563284330299] right click on word 2.0.4 ('Jaguar')
[1563284332091] right click on word 2.0.4 ('Jaguar')
[1563284333691] label 2[4:6] as literal
[1563284340962] left click on word 2.0.4 ('Jaguar')
[1563284340963] edit 2[4:6]
[1563284342634] right click on word 2.0.4 ('Jaguar')
[1563284343513] right click on word 2.0.4 ('Jaguar')
[1563284346186] label 2[4:6] as literal
[1563284389467] right click on word 2.0.5 ('shamans')
[1563284392107] left click on word 2.0.5 ('shamans')
[1563284392107] edit 2[5:7]
[1563284393587] left click on word 2.1.5 ('les')
[1563284393587] add 2.1.5 to 2[5:7]
[1563284405115] left click on word 2.0.4 ('Jaguar')
[1563284405115] del 2.0.4 from 2[4:6]
[1563284405115] add 2.0.4 to 2[5:7,5]
[1563284406307] left click on word 2.0.5 ('shamans')
[1563284406307] del 2.0.5 from 2[5,4:7,5]
[1563284407490] left click on word 2.0.5 ('shamans')
[1563284407491] add 2.0.5 to 2[4:7,5]
[1563284409011] left click on word 2.1.5 ('les')
[1563284409011] del 2.1.5 from 2[4,5:7,5]
[1563284410235] left click on word 2.1.5 ('les')
[1563284410235] add 2.1.5 to 2[4,5:7]
[1563284410978] left click on word 2.1.6 ('Jaguar')
[1563284410978] del 2.1.6 from 2[:6]
[1563284410979] add 2.1.6 to 2[4,5:7,5]
[1563284411915] left click on word 2.1.7 ('shaman')
[1563284411915] del 2.1.7 from 2[4,5:7,5,6]
[1563284412434] left click on word 2.1.7 ('shaman')
[1563284412434] add 2.1.7 to 2[4,5:5,6]
[1563284413675] right click on word 2.0.5 ('shamans')
[1563284415122] right click on word 2.0.5 ('shamans')
[1563284417411] label 2[4,5:5,6,7] as literal
[1563284480313] left click on word 2.0.7 ('journey')
[1563284480313] edit 2[7:8]
[1563284485027] right click on word 2.1.8 ('voyagent')
[1563284485498] right click on word 2.1.8 ('voyagent')
[1563284488753] label 2[7:8] as literal
[1563284550114] left click on word 2.0.6 ('still')
[1563284550114] edit 2[6:9]
[1563284551635] left click on word 2.1.9 ('toujours')
[1563284551635] del 2.1.9 from 2[6:9]
[1563284552490] left click on word 2.1.9 ('toujours')
[1563284552490] add 2.1.9 to 2[6:]
[1563284553946] right click on word 2.0.6 ('still')
[1563284555227] right click on word 2.0.6 ('still')
[1563284564298] label 2[6:9] as literal
[1563284573258] left click on word 2.0.8 ('beyond')
[1563284573258] edit 2[8:10,11]
[1563284575314] right click on word 2.0.8 ('beyond')
[1563284576650] right click on word 2.0.8 ('beyond')
[1563284578275] label 2[8:10,11] as literal
[1563284583579] left click on word 2.0.9 ('the')
[1563284583579] edit 2[9:12]
[1563284584170] left click on word 2.0.10 ('Milky')
[1563284584170] del 2.0.10 from 2[10,11:14,13]
[1563284584170] add 2.0.10 to 2[9:12]
[1563284584875] left click on word 2.0.11 ('Way')
[1563284584875] del 2.0.11 from 2[11:14,13]
[1563284584875] add 2.0.11 to 2[9,10:12]
[1563284586283] left click on word 2.1.13 ('voie')
[1563284586283] del 2.1.13 from 2[:14,13]
[1563284586283] add 2.1.13 to 2[9,10,11:12]
[1563284586955] left click on word 2.1.14 ('lactée')
[1563284586956] del 2.1.14 from 2[:14]
[1563284586956] add 2.1.14 to 2[9,10,11:12,13]
[1563284609394] right click on word 2.0.10 ('Milky')
[1563284610250] right click on word 2.0.10 ('Milky')
[1563284614355] label 2[9,10,11:12,13,14] as literal
[1563284620890] left click on word 2.0.13 ('or')
[1563284620891] edit 2[13:16]
[1563284621561] right click on word 2.0.13 ('or')
[1563284622642] right click on word 2.0.13 ('or')
[1563284624106] label 2[13:16] as literal
[1563284680234] left click on word 2.0.14 ('the')
[1563284680234] edit 2[14:18]
[1563284681066] left click on word 2.0.15 ('myths')
[1563284681066] del 2.0.15 from 2[15:19]
[1563284681067] add 2.0.15 to 2[14:18]
[1563284682522] left click on word 2.1.19 ('mythes')
[1563284682522] del 2.1.19 from 2[:19]
[1563284682523] add 2.1.19 to 2[14,15:18]
[1563284684688] right click on word 2.0.15 ('myths')
[1563284685906] right click on word 2.0.15 ('myths')
[1563284687155] label 2[14,15:18,19] as literal
[1563284707058] left click on word 2.0.14 ('the')
[1563284707059] edit 2[14,15:18,19]
[1563284707787] left click on word 2.0.15 ('myths')
[1563284707787] del 2.0.15 from 2[14,15:18,19]
[1563284709124] left click on word 2.1.18 ('les')
[1563284709124] del 2.1.18 from 2[14:18,19]
[1563284709833] left click on word 2.1.19 ('mythes')
[1563284709834] del 2.1.19 from 2[14:19]
[1563284711385] left click on word 2.0.14 ('the')
[1563284711385] del 2.0.14 from 2[14:]
[1563284712179] left click on word 2.0.14 ('the')
[1563284712179] add 2.0.14 to 2[:]
[1563284714298] left click on word 2.1.18 ('les')
[1563284714298] add 2.1.18 to 2[14:]
[1563284715409] right click on word 2.1.18 ('les')
[1563284716386] right click on word 2.1.18 ('les')
[1563284718499] label 2[14:18] as literal
[1563284720770] left click on word 2.0.15 ('myths')
[1563284720770] new alignment group
[1563284720771] add 2.0.15 to 2[:]
[1563284722234] left click on word 2.1.19 ('mythes')
[1563284722234] add 2.1.19 to 2[15:]
[1563284723913] right click on word 2.0.15 ('myths')
[1563284724186] right click on word 2.0.15 ('myths')
[1563284725587] label 2[15:19] as literal
[1563284752234] left click on word 2.0.16 ('of')
[1563284752235] edit 2[16,17:20]
[1563284753811] right click on word 2.0.17 ('the')
[1563284754651] right click on word 2.0.17 ('the')
[1563284756258] label 2[16,17:20] as literal
[1563284799738] left click on word 2.0.21 ('resonate')
[1563284799738] edit 2[21:23]
[1563284800971] left click on word 2.1.23 ('résonnent')
[1563284800971] del 2.1.23 from 2[21:23]
[1563284801738] left click on word 2.1.23 ('résonnent')
[1563284801738] add 2.1.23 to 2[21:]
[1563284803393] right click on word 2.0.21 ('resonate')
[1563284804658] right click on word 2.0.21 ('resonate')
[1563284806323] label 2[21:23] as particularization
[1563284812203] left click on word 2.0.21 ('resonate')
[1563284812203] edit 2[21:23]
[1563284813105] right click on word 2.0.21 ('resonate')
[1563284814699] right click on word 2.0.21 ('resonate')
[1563284816025] label 2[21:23] as literal
[1563285727231] left click on word 2.1.38 ('à')
[1563285727231] edit 2[42:38]
[1563285727999] left click on word 2.1.39 ('rechercher')
[1563285727999] add 2.1.39 to 2[42:38]
[1563285728926] left click on word 2.1.37 ('continuent')
[1563285728927] del 2.1.37 from 2[33,34:37]
[1563285728927] add 2.1.37 to 2[42:38,39]
[1563285732191] left click on word 2.0.33 ('still')
[1563285732191] del 2.0.33 from 2[33,34:]
[1563285732191] add 2.0.33 to 2[42:38,39,37]
[1563285732999] left click on word 2.0.34 ('pursue')
[1563285733001] del 2.0.34 from 2[34:]
[1563285733001] add 2.0.34 to 2[42,33:38,39,37]
[1563285737752] right click on word 2.0.34 ('pursue')
[1563285738744] right click on word 2.0.34 ('pursue')
[1563285758247] label 2[42,33,34:38,39,37] as transposition
[1563285914622] left click on word 2.0.42 ('to')
[1563285914622] edit 2[42,33,34:38,39,37]
[1563285917334] left click on word 2.0.42 ('to')
[1563285917334] del 2.0.42 from 2[42,33,34:38,39,37]
[1563285927471] right click on word 2.0.34 ('pursue')
[1563285977311] right click on word 2.0.46 ('central')
[1563286040766] label 2[46:52] as modulation
