[1516959419126] NEW SESSION
[1516978787173] right click on word 814.0.1 ('want')
[1516978823935] right click on word 814.0.6 ('asking')
[1516978886340] right click on word 814.0.1 ('want')
[1516978887665] label 814[1,2:1] as modulation
[1516978920384] left click on word 814.0.20 ('blocks')
[1516978920384] edit 814[20:20]
[1516978921130] left click on word 814.1.19 ('des')
[1516978921130] add 814.1.19 to 814[20:20]
[1516978921395] right click on word 814.1.19 ('des')
[1516978945656] right click on word 815.0.6 ('reach')
[1516978947877] label 815[6,7:5,6,7] as specification
[1516978954827] right click on word 815.1.9 ('les')
[1516978957451] add 815.1.9 to 815[:]
[1516978957451] label 815[:9] as unaligned_explicitation
[1516978965772] right click on word 815.0.11 ('pick')
[1516978970682] right click on word 815.0.13 ('up')
[1516978972173] left click on word 815.0.13 ('up')
[1516978972173] edit 815[11,13:13]
[1516978973413] right click on word 815.0.13 ('up')
[1516978994019] right click on word 815.0.23 ('how')
[1516979004318] left click on word 815.0.28 ('problems')
[1516979004318] edit 815[28:28]
[1516979004935] left click on word 815.1.27 ('des')
[1516979004935] add 815.1.27 to 815[28:28]
[1516979005196] right click on word 815.1.27 ('des')
[1516979016163] right click on word 815.0.33 ('spatial')
[1516979025484] left click on word 816.0.1 ('reasoning')
[1516979025484] edit 816[1:1]
[1516979026585] left click on word 816.1.0 ('le')
[1516979026585] add 816.1.0 to 816[1:1]
[1516979026849] right click on word 816.1.0 ('le')
[1516979177614] left click on word 816.0.9 ('a')
[1516979177614] edit 816[9,10,11:13,14,15]
[1516979178615] left click on word 816.0.12 ('the')
[1516979178615] del 816.0.12 from 816[12:16]
[1516979178615] add 816.0.12 to 816[9,10,11:13,14,15]
[1516979179830] left click on word 816.1.16 ('du')
[1516979179830] del 816.1.16 from 816[:16]
[1516979179830] add 816.1.16 to 816[9,10,11,12:13,14,15]
[1516979180984] right click on word 816.1.16 ('du')
[1516979206224] right click on word 817.0.5 ('scientist')
[1516979207725] label 817[4,5:5] as equivalence
[1516979227181] left click on word 817.0.15 ('objects')
[1516979227181] edit 817[15:15]
[1516979228239] left click on word 817.1.14 ('les')
[1516979228239] add 817.1.14 to 817[15:15]
[1516979228532] right click on word 817.1.14 ('les')
[1516979232992] right click on word 817.0.17 ('along')
[1516979248256] left click on word 817.0.28 ('--')
[1516979248256] edit 817[28:]
[1516979249742] left click on word 817.1.32 (',')
[1516979249742] add 817.1.32 to 817[28:]
[1516979250058] right click on word 817.1.32 (',')
[1516979250297] right click on word 817.1.32 (',')
[1516979251872] label 817[28:32] as transposition
[1516979268698] right click on word 817.1.39 ('...')
[1516979270262] label 817[33:39] as transposition
[1516979291713] right click on word 817.1.49 ('au')
[1516979293197] label 817[42,43:49,50,51] as equivalence
[1516979305557] left click on word 817.1.56 ('souris')
[1516979305557] edit 817[47:56]
[1516979315577] left click on word 817.1.56 ('souris')
[1516979315577] del 817.1.56 from 817[47:56]
[1516979316470] left click on word 817.1.56 ('souris')
[1516979316470] add 817.1.56 to 817[47:]
[1516979316894] right click on word 817.1.56 ('souris')
[1516979343212] right click on word 817.1.64 ('promène')
[1516979353189] right click on word 817.1.70 ('on')
[1516979354557] label 817[64:70] as modulation
[1516979368843] right click on word 817.1.72 ('tendre')
[1516979372952] left click on word 817.1.72 ('tendre')
[1516979372952] edit 817[66,67,68:72]
[1516979373625] left click on word 817.1.72 ('tendre')
[1516979373625] del 817.1.72 from 817[66,67,68:72]
[1516979374191] left click on word 817.1.72 ('tendre')
[1516979374191] add 817.1.72 to 817[66,67,68:]
[1516979374715] right click on word 817.1.72 ('tendre')
[1516979385169] left click on word 817.1.79 ('information')
[1516979385169] edit 817[73:79]
[1516979386210] left click on word 817.1.78 ('l'')
[1516979386211] add 817.1.78 to 817[73:79]
[1516979386512] right click on word 817.1.78 ('l'')
[1516979400288] left click on word 817.1.56 ('souris')
[1516979400288] edit 817[47:56]
[1516979401576] left click on word 817.1.55 ('de')
[1516979401576] add 817.1.55 to 817[47:56]
[1516979401957] right click on word 817.1.55 ('de')
[1516979402316] right click on word 817.1.55 ('de')
[1516979403780] label 817[47:56,55] as transposition
[1516979419961] right click on word 817.1.89 ('on')
[1516979421789] label 817[80:89] as modulation
[1516979431293] right click on word 817.1.90 ('veut')
[1516979433060] label 817[81:90] as modulation
[1516979476336] right click on word 818.0.9 ('explore')
[1516979480567] label 818[9:10] as modulation
[1516979486291] left click on word 818.0.15 ('Siftables')
[1516979486291] edit 818[15:17]
[1516979487439] left click on word 818.1.16 ('les')
[1516979487439] add 818.1.16 to 818[15:17]
[1516979487746] right click on word 818.1.16 ('les')
[1516979495109] right click on word 819.0.2 ('nutshell')
[1516979498381] label 819[0,1,2:0,1] as equivalence
[1516979540906] left click on word 820.0.7 ('by')
[1516979540906] edit 820[7:4]
[1516979541467] left click on word 820.0.8 ('hand')
[1516979541467] del 820.0.8 from 820[8:6]
[1516979541467] add 820.0.8 to 820[7:4]
[1516979542197] left click on word 820.1.6 ('main')
[1516979542197] del 820.1.6 from 820[:6]
[1516979542197] add 820.1.6 to 820[7,8:4]
[1516979542903] left click on word 820.1.5 ('la')
[1516979542903] add 820.1.5 to 820[7,8:4,6]
[1516979543234] right click on word 820.1.5 ('la')
[1516979544146] right click on word 820.1.5 ('la')
[1516979545360] label 820[7,8:4,6,5] as equivalence
[1516979566719] right click on word 820.1.32 ('sans')
[1516979568027] label 820[29:32,33] as equivalence
[1516979576997] left click on word 821.1.2 ('encore')
[1516979576997] edit 821[0,1:0,1,2]
[1516979577601] left click on word 821.1.2 ('encore')
[1516979577601] del 821.1.2 from 821[0,1:0,1,2]
[1516979578611] right click on word 821.1.1 ('important')
[1516979579412] right click on word 821.1.1 ('important')
[1516979594778] left click on word 821.0.1 ('importantly')
[1516979594778] edit 821[0,1:0,1]
[1516979598304] right click on word 821.0.1 ('importantly')
[1516979599007] right click on word 821.0.1 ('importantly')
[1516979601545] label 821[0,1:0,1] as equivalence
[1516979650991] right click on word 821.1.27 ('les')
[1516979652991] add 821.1.27 to 821[:]
[1516979652991] label 821[:27] as unaligned_explicitation
[1516979656249] left click on word 822.0.1 ('Siftables')
[1516979656249] edit 822[1:2]
[1516979657088] left click on word 822.1.1 ('les')
[1516979657088] add 822.1.1 to 822[1:2]
[1516979657402] right click on word 822.1.1 ('les')
[1516979698273] right click on word 823.0.5 ('more')
[1516979699467] label 823[5:7,6,8,9] as specification
[1516979724374] left click on word 823.0.14 ('aware')
[1516979724374] new alignment group
[1516979724374] add 823.0.14 to 823[:]
[1516979725046] left click on word 823.0.15 ('of')
[1516979725046] del 823.0.15 from 823[15:18]
[1516979725046] add 823.0.15 to 823[14:]
[1516979725548] left click on word 823.0.16 ('each')
[1516979725548] del 823.0.16 from 823[16,17:21,22]
[1516979725548] add 823.0.16 to 823[14,15:]
[1516979726162] left click on word 823.0.17 ('other')
[1516979726162] del 823.0.17 from 823[17:21,22]
[1516979726162] add 823.0.17 to 823[14,15,16:]
[1516979739043] left click on word 823.1.18 ('de')
[1516979739043] del 823.1.18 from 823[:18]
[1516979739043] add 823.1.18 to 823[14,15,16,17:]
[1516979740251] left click on word 823.1.19 ('la')
[1516979740251] del 823.1.19 from 823[:19,20]
[1516979740251] add 823.1.19 to 823[14,15,16,17:18]
[1516979740620] left click on word 823.1.20 ('présence')
[1516979740620] del 823.1.20 from 823[:20]
[1516979740620] add 823.1.20 to 823[14,15,16,17:18,19]
[1516979741341] left click on word 823.1.21 ('des')
[1516979741341] del 823.1.21 from 823[:21,22]
[1516979741342] add 823.1.21 to 823[14,15,16,17:18,19,20]
[1516979741779] left click on word 823.1.22 ('autres')
[1516979741779] del 823.1.22 from 823[:22]
[1516979741780] add 823.1.22 to 823[14,15,16,17:18,19,20,21]
[1516979742848] left click on word 823.0.14 ('aware')
[1516979742848] del 823.0.14 from 823[14,15,16,17:18,19,20,21,22]
[1516979743613] left click on word 823.0.15 ('of')
[1516979743613] del 823.0.15 from 823[15,16,17:18,19,20,21,22]
[1516979743613] add 823.0.15 to 823[:]
[1516979745251] left click on word 823.0.15 ('of')
[1516979745251] del 823.0.15 from 823[15:]
[1516979745251] add 823.0.15 to 823[16,17:18,19,20,21,22]
[1516979747481] right click on word 823.0.16 ('each')
[1516979747920] right click on word 823.0.16 ('each')
[1516979749190] label 823[16,17,15:18,19,20,21,22] as specification
[1516979757360] right click on word 823.0.23 ('nuance')
[1516979758843] label 823[23:27] as modulation
[1516979771899] right click on word 823.0.30 ('we')
[1516979773135] label 823[30:35] as modulation
[1516979804313] right click on word 823.0.34 ('explore')
[1516979805845] label 823[34:39] as modulation
[1516979816623] left click on word 823.0.39 ('interaction')
[1516979816623] edit 823[39:44]
[1516979818064] left click on word 823.1.43 ('d'')
[1516979818064] add 823.1.43 to 823[39:44]
[1516979818429] right click on word 823.1.43 ('d'')
[1516979818641] right click on word 823.1.43 ('d'')
[1516979820006] label 823[39:44,43] as transposition
[1516979839624] left click on word 825.0.6 ('video')
[1516979839624] edit 825[6:8]
[1516979840573] left click on word 825.1.6 ('de')
[1516979840573] add 825.1.6 to 825[6:8]
[1516979842866] left click on word 825.1.7 ('la')
[1516979842866] add 825.1.7 to 825[6:8,6]
[1516979843739] right click on word 825.1.7 ('la')
[1516979844930] right click on word 825.1.7 ('la')
[1516979846084] label 825[6:8,6,7] as transposition
[1516979876790] right click on word 825.0.24 (';')
[1516979877901] label 825[24:27] as modulation_transposition
[1516979879402] right click on word 825.0.24 (';')
[1516979881223] label 825[24:27] as transposition
[1516979915698] left click on word 826.0.7 ('each')
[1516979915698] edit 826[7,8:10,9]
[1516979916625] left click on word 826.1.7 ('la')
[1516979916625] del 826.1.7 from 826[:7,8]
[1516979916625] add 826.1.7 to 826[7,8:10,9]
[1516979917102] left click on word 826.1.8 ('présence')
[1516979917102] del 826.1.8 from 826[:8]
[1516979917102] add 826.1.8 to 826[7,8:10,9,7]
[1516979917785] right click on word 826.1.8 ('présence')
[1516979925001] right click on word 826.0.8 ('other')
[1516979926944] label 826[7,8:10,9,7,8] as specification
[1516979947062] right click on word 827.0.5 ('next')
[1516979961613] left click on word 827.0.5 ('next')
[1516979961613] edit 827[5,6:8,7,9]
[1516979962305] left click on word 827.0.7 ('each')
[1516979962305] del 827.0.7 from 827[7,8:6,5,10]
[1516979962305] add 827.0.7 to 827[5,6:8,7,9]
[1516979962815] left click on word 827.0.8 ('other')
[1516979962815] del 827.0.8 from 827[8:6,5,10]
[1516979962815] add 827.0.8 to 827[5,6,7:8,7,9]
[1516979963459] left click on word 827.1.5 ('les')
[1516979963459] del 827.1.5 from 827[:6,5,10]
[1516979963459] add 827.1.5 to 827[5,6,7,8:8,7,9]
[1516979963885] left click on word 827.1.6 ('uns')
[1516979963886] del 827.1.6 from 827[:6,10]
[1516979963886] add 827.1.6 to 827[5,6,7,8:8,7,9,5]
[1516979964792] left click on word 827.1.10 ('autres')
[1516979964792] del 827.1.10 from 827[:10]
[1516979964792] add 827.1.10 to 827[5,6,7,8:8,7,9,5,6]
[1516979965122] right click on word 827.1.10 ('autres')
[1516979965334] right click on word 827.1.10 ('autres')
[1516979966643] label 827[5,6,7,8:8,7,9,5,6,10] as transposition
[1516979995324] right click on word 828.0.13 ('a')
[1516979996789] label 828[13,14:17,18] as equivalence
[1516980032867] left click on word 830.0.5 ('on')
[1516980032867] edit 830[5:11]
[1516980034295] right click on word 830.1.11 ('de')
[1516980034799] right click on word 830.1.11 ('de')
[1516980036780] label 830[5:11] as uncertain
[1516980040122] left click on word 830.1.13 ('interaction')
[1516980040122] edit 830[6:13]
[1516980041008] left click on word 830.1.12 ('l'')
[1516980041008] add 830.1.12 to 830[6:13]
[1516980041300] right click on word 830.1.12 ('l'')
[1516980063971] right click on word 830.0.15 ('we')
[1516980065092] label 830[15:19] as modulation
[1516980082859] right click on word 830.0.20 ('on')
[1516980084217] label 830[20:26] as uncertain
[1516980086688] left click on word 830.0.21 ('data')
[1516980086688] edit 830[21:28]
[1516980087967] left click on word 830.1.27 ('les')
[1516980087967] add 830.1.27 to 830[21:28]
[1516980088281] right click on word 830.1.27 ('les')
[1516980112160] left click on word 830.1.32 ('verser')
[1516980112160] edit 830[24:32,31]
[1516980112822] left click on word 830.1.31 ('de')
[1516980112822] del 830.1.31 from 830[24:32,31]
[1516980114037] right click on word 830.1.32 ('verser')
[1516980119732] left click on word 830.0.23 ('like')
[1516980119732] edit 830[23:30]
[1516980121877] left click on word 830.1.31 ('de')
[1516980121877] add 830.1.31 to 830[23:30]
[1516980122289] right click on word 830.1.31 ('de')
[1516980122731] right click on word 830.1.31 ('de')
[1516980124023] label 830[23:30,31] as uncertain
[1516980137412] left click on word 830.1.35 ('de')
[1516980137412] new alignment group
[1516980137412] add 830.1.35 to 830[:]
[1516980137937] left click on word 830.1.36 ('la')
[1516980137937] del 830.1.36 from 830[27:36]
[1516980137937] add 830.1.36 to 830[:35]
[1516980138401] left click on word 830.1.37 ('même')
[1516980138401] del 830.1.37 from 830[:37]
[1516980138401] add 830.1.37 to 830[:35,36]
[1516980138958] left click on word 830.1.38 ('manière')
[1516980138958] del 830.1.38 from 830[28:38]
[1516980138958] add 830.1.38 to 830[:35,36,37]
[1516980140084] left click on word 830.1.39 ('qu'')
[1516980140084] add 830.1.39 to 830[:35,36,37,38]
[1516980141438] left click on word 830.0.27 ('the')
[1516980141438] del 830.0.27 from 830[27:]
[1516980141438] add 830.0.27 to 830[:35,36,37,38,39]
[1516980141970] left click on word 830.0.28 ('way')
[1516980141970] del 830.0.28 from 830[28:]
[1516980141970] add 830.0.28 to 830[27:35,36,37,38,39]
[1516980142561] left click on word 830.0.29 ('we')
[1516980142561] del 830.0.29 from 830[29:40]
[1516980142561] add 830.0.29 to 830[27,28:35,36,37,38,39]
[1516980160129] left click on word 830.1.40 ('on')
[1516980160129] del 830.1.40 from 830[:40]
[1516980160129] add 830.1.40 to 830[27,28,29:35,36,37,38,39]
[1516980163030] right click on word 830.1.40 ('on')
[1516980163609] right click on word 830.1.40 ('on')
[1516980165414] label 830[27,28,29:35,36,37,38,39,40] as transposition
[1516980183628] right click on word 831.0.5 ('we')
[1516980184644] label 831[5:5] as modulation
[1516980195387] right click on word 831.0.12 ('be')
[1516980199786] label 831[11,12:10] as modulation_transposition
[1516980204694] left click on word 831.0.13 ('paint')
[1516980204694] edit 831[13:13]
[1516980205514] left click on word 831.1.12 ('de')
[1516980205514] add 831.1.12 to 831[13:13]
[1516980205792] right click on word 831.1.12 ('de')
[1516980206013] right click on word 831.1.12 ('de')
[1516980207798] label 831[13:13,12] as transposition
[1516980214827] left click on word 831.0.22 ('color')
[1516980214827] edit 831[22:22]
[1516980215587] left click on word 831.1.21 ('des')
[1516980215587] add 831.1.21 to 831[22:22]
[1516980215961] right click on word 831.1.21 ('des')
[1516980235983] right click on word 831.0.30 ('get')
[1516980238446] label 831[30,31:30,31] as modulation
[1516980248762] right click on word 832.0.2 ('overshoot')
[1516980250500] label 832[2:3,2,4] as specification
[1516980259238] right click on word 832.0.7 ('a')
[1516980260226] label 832[7,8,9:10,11,12] as equivalence
[1516980279493] right click on word 833.0.4 ('neat')
[1516980280877] label 833[4:4] as modulation
[1516980285709] left click on word 833.0.7 ('education')
[1516980285709] edit 833[7:11]
[1516980286908] left click on word 833.1.10 ('l'')
[1516980286908] add 833.1.10 to 833[7:11]
[1516980287272] right click on word 833.1.10 ('l'')
[1516980290781] left click on word 833.0.10 ('language')
[1516980290781] edit 833[10:15]
[1516980291700] left click on word 833.1.14 ('les')
[1516980291700] add 833.1.14 to 833[10:15]
[1516980291979] right click on word 833.1.14 ('les')
[1516980292202] right click on word 833.1.14 ('les')
[1516980293434] label 833[10:15,14] as modulation
[1516980296663] left click on word 833.0.12 ('math')
[1516980296663] edit 833[12:18]
[1516980297746] left click on word 833.1.17 ('les')
[1516980297746] add 833.1.17 to 833[12:18]
[1516980298020] right click on word 833.1.17 ('les')
[1516980298216] right click on word 833.1.17 ('les')
[1516980299691] label 833[12:18,17] as modulation
[1516980305273] left click on word 833.0.14 ('logic')
[1516980305273] edit 833[14:23]
[1516980306386] left click on word 833.1.22 ('de')
[1516980306386] add 833.1.22 to 833[14:23]
[1516980306670] right click on word 833.1.22 ('de')
[1516980306890] right click on word 833.1.22 ('de')
[1516980308131] label 833[14:23,22] as transposition
[1516980309655] left click on word 833.1.21 ('jeux')
[1516980309655] edit 833[15:21]
[1516980310359] left click on word 833.1.20 ('les')
[1516980310359] add 833.1.20 to 833[15:21]
[1516980310631] right click on word 833.1.20 ('les')
[1516980315991] right click on word 833.0.17 ('we')
[1516980317081] label 833[17:26] as modulation
[1516980335053] right click on word 833.0.26 ('things')
[1516980339714] label 833[25,26:34,35,36] as modulation
[1516980356965] right click on word 834.0.4 ('--')
[1516980358373] label 834[4:3] as transposition
[1516980365145] left click on word 834.0.8 ('Fibonacci')
[1516980365145] edit 834[8:9]
[1516980365725] left click on word 834.1.8 ('de')
[1516980365725] add 834.1.8 to 834[8:9]
[1516980365977] right click on word 834.1.8 ('de')
[1516980366193] right click on word 834.1.8 ('de')
[1516980367905] label 834[8:9,8] as transposition
[1516980375326] left click on word 834.0.17 ('equation')
[1516980375326] edit 834[17:18]
[1516980375969] left click on word 834.1.17 ('d'')
[1516980375969] add 834.1.17 to 834[17:18]
[1516980376225] right click on word 834.1.17 ('d'')
[1516980376405] right click on word 834.1.17 ('d'')
[1516980377912] label 834[17:18,17] as transposition
[1516980387992] left click on word 835.0.4 ('word')
[1516980387992] edit 835[4:6]
[1516980388894] left click on word 835.1.5 ('de')
[1516980388894] add 835.1.5 to 835[4:6]
[1516980389159] right click on word 835.1.5 ('de')
[1516980389427] right click on word 835.1.5 ('de')
[1516980394240] label 835[4:6,5] as transposition
[1516980404376] left click on word 835.0.4 ('word')
[1516980404376] edit 835[4:6,5]
[1516980405463] left click on word 835.0.5 ('game')
[1516980405463] del 835.0.5 from 835[5:4]
[1516980405463] add 835.0.5 to 835[4:6,5]
[1516980406186] left click on word 835.1.4 ('jeu')
[1516980406186] del 835.1.4 from 835[:4]
[1516980406186] add 835.1.4 to 835[4,5:6,5]
[1516980406497] right click on word 835.1.4 ('jeu')
[1516980406723] right click on word 835.1.4 ('jeu')
[1516980408254] label 835[4,5:6,5,4] as equivalence
[1516980419227] right click on word 835.0.8 ('kind')
[1516980427525] right click on word 835.0.8 ('kind')
[1516980431231] label 835[8,9,10:10,9,11] as equivalence
[1516980439213] left click on word 835.0.14 ('Scrabble')
[1516980439213] edit 835[14:15]
[1516980440128] left click on word 835.1.14 ('le')
[1516980440128] add 835.1.14 to 835[14:15]
[1516980440595] right click on word 835.1.14 ('le')
[1516980443949] left click on word 835.0.16 ('Boggle')
[1516980443949] edit 835[16:18]
[1516980444838] left click on word 835.1.17 ('le')
[1516980444838] add 835.1.17 to 835[16:18]
[1516980445117] right click on word 835.1.17 ('le')
[1516980458736] right click on word 836.0.5 ('you')
[1516980460275] label 836[5,6,9:8,9] as modulation_transposition
[1516980469765] right click on word 836.0.16 ('as')
[1516980471087] label 836[16:16,17] as equivalence
[1516980481792] left click on word 836.0.21 ('words')
[1516980481792] edit 836[21:23]
[1516980482869] left click on word 836.1.22 ('des')
[1516980482869] add 836.1.22 to 836[21:23]
[1516980483174] right click on word 836.1.22 ('des')
[1516980541158] right click on word 838.0.1 ('these')
[1516980544104] label 838[1,2:0] as modulation_transposition
[1516980561218] left click on word 838.0.6 ('came')
[1516980561218] edit 838[6,7,8,9,10:5,4,9,10,11,12]
[1516980562217] left click on word 838.0.6 ('came')
[1516980562217] del 838.0.6 from 838[6,7,8,9,10:5,4,9,10,11,12]
[1516980562849] left click on word 838.1.5 ('venus')
[1516980562849] del 838.1.5 from 838[7,8,9,10:5,4,9,10,11,12]
[1516980563492] left click on word 838.1.4 ('sont')
[1516980563492] del 838.1.4 from 838[7,8,9,10:4,9,10,11,12]
[1516980567619] right click on word 838.0.7 ('on')
[1516980568848] left click on word 838.0.6 ('came')
[1516980568848] new alignment group
[1516980568848] add 838.0.6 to 838[:]
[1516980569579] left click on word 838.1.4 ('sont')
[1516980569579] add 838.1.4 to 838[6:]
[1516980569987] left click on word 838.1.5 ('venus')
[1516980569987] add 838.1.5 to 838[6:4]
[1516980570289] right click on word 838.1.5 ('venus')
[1516980591163] right click on word 838.0.20 ('get')
[1516980592846] label 838[20,21,22:19,20] as modulation_transposition
[1516980633826] left click on word 838.0.23 ('try')
[1516980633826] edit 838[23,25,24:21]
[1516980634844] left click on word 838.0.24 ('it')
[1516980634844] del 838.0.24 from 838[23,25,24:21]
[1516980635603] right click on word 838.0.23 ('try')
[1516980645847] right click on word 838.0.28 ('shoot')
[1516980647816] label 838[28,30,29:26,23,24,25,28,27] as modulation_transposition
[1516980659968] right click on word 840.0.0 ('and')
[1516980663864] left click on word 840.0.0 ('and')
[1516980663864] edit 840[0:0,1]
[1516980664525] right click on word 840.0.0 ('and')
[1516980667609] left click on word 840.0.2 ('one')
[1516980667609] edit 840[2:4]
[1516980668336] left click on word 840.1.3 ('l'')
[1516980668336] add 840.1.3 to 840[2:4]
[1516980668611] right click on word 840.1.3 ('l'')
[1516980698274] left click on word 840.0.19 ('give')
[1516980698274] edit 840[19:22,23]
[1516980699006] left click on word 840.0.20 ('people')
[1516980699006] del 840.0.20 from 840[20:24]
[1516980699006] add 840.0.20 to 840[19:22,23]
[1516980699914] left click on word 840.1.24 ('gens')
[1516980699914] del 840.1.24 from 840[:24]
[1516980699914] add 840.1.24 to 840[19,20:22,23]
[1516980700275] right click on word 840.1.24 ('gens')
[1516980703995] right click on word 840.0.21 ('many')
[1516980708472] right click on word 840.0.21 ('many')
[1516980709918] label 840[21:26,27,25] as equivalence
[1516980723995] left click on word 841.0.9 ('words')
[1516980723995] edit 841[9:14]
[1516980724897] left click on word 841.1.13 ('des')
[1516980724897] add 841.1.13 to 841[9:14]
[1516980725727] right click on word 841.1.14 ('mots')
[1516980733644] left click on word 841.0.18 ('do')
[1516980733644] edit 841[18:22]
[1516980734275] left click on word 841.0.17 ('to')
[1516980734275] add 841.0.17 to 841[18:22]
[1516980734604] right click on word 841.0.17 ('to')
[1516980739571] right click on word 842.0.1 ('here')
[1516980749053] label 842[1,2:0] as equivalence
[1516980765120] right click on word 842.0.7 ('it')
[1516980766232] label 842[7:9] as modulation
[1516980772109] right click on word 843.0.0 ('that')
[1516980775220] label 843[0,1:0] as modulation_transposition
[1516980776752] right click on word 842.0.1 ('here')
[1516980778260] label 842[1,2:0] as modulation_transposition
[1516980792806] right click on word 843.0.7 ('down')
[1516980795545] label 843[7,8:8,7] as modulation_transposition
[1516980799211] left click on word 843.0.11 ('right')
[1516980799211] edit 843[11:10]
[1516980799775] left click on word 843.0.10 ('the')
[1516980799775] add 843.0.10 to 843[11:10]
[1516980800468] right click on word 843.0.10 ('the')
[1516980804853] right click on word 844.0.0 ('turns')
[1516980827560] left click on word 844.0.4 ('he')
[1516980827560] edit 844[4,5,6,7:5,6,7]
[1516980828409] left click on word 844.1.4 ('ce')
[1516980828409] del 844.1.4 from 844[3:3,4]
[1516980828409] add 844.1.4 to 844[4,5,6,7:5,6,7]
[1516980828886] right click on word 844.1.4 ('ce')
[1516980843338] right click on word 845.0.4 ('they')
[1516980844570] label 845[4:3] as modulation
[1516980845675] right click on word 845.0.5 ('were')
[1516980846995] label 845[5:5] as modulation
[1516980851458] left click on word 845.0.7 ('blocks')
[1516980851458] edit 845[7:8]
[1516980852078] left click on word 845.1.7 ('des')
[1516980852078] add 845.1.7 to 845[7:8]
[1516980852334] right click on word 845.1.7 ('des')
[1516980861191] right click on word 846.0.6 ('cartoon')
[1516980862395] label 846[6:7,8] as equivalence
[1516980873958] left click on word 847.0.6 ('learning')
[1516980873958] edit 847[6:6]
[1516980874966] left click on word 847.1.5 ('d'')
[1516980874966] add 847.1.5 to 847[6:6]
[1516980875264] right click on word 847.1.5 ('d'')
[1516980875768] right click on word 847.1.5 ('d'')
[1516980877347] label 847[6:6,5] as transposition
[1516980882439] left click on word 847.0.9 ('language')
[1516980882439] edit 847[9:12]
[1516980883274] left click on word 847.1.11 ('des')
[1516980883274] add 847.1.11 to 847[9:12]
[1516980883931] right click on word 847.1.11 ('des')
[1516980884576] right click on word 847.1.11 ('des')
[1516980886012] label 847[9:12,11] as modulation_transposition
[1516980908339] right click on word 848.0.1 ('this')
[1516980909985] label 848[1,2:2] as modulation_transposition
[1516980933641] right click on word 849.0.18 ('that')
[1516980934829] label 849[18,19,22,23,24:18] as modulation_transposition
[1516980951490] right click on word 850.0.4 ('bringing')
[1516980953158] label 850[3,4,7:3,4] as specification
[1516980966472] left click on word 851.1.0 ('vidéo')
[1516980966472] new alignment group
[1516980966472] add 851.1.0 to 851[:]
[1516980967286] left click on word 851.1.1 (':')
[1516980967286] add 851.1.1 to 851[:0]
[1516980968014] right click on word 851.1.1 (':')
[1516980968338] right click on word 851.1.1 (':')
[1516980970668] label 851[:0,1] as unaligned_explicitation
[1516980973381] right click on word 852.0.0 ('now')
[1516980976316] label 852[0:0] as modulation
[1516980980156] right click on word 852.0.3 ('brought')
[1516980987225] right click on word 852.0.6 ('into')
[1516980995498] left click on word 852.0.3 ('brought')
[1516980995498] edit 852[3,2:3,2]
[1516980997179] left click on word 852.0.6 ('into')
[1516980997179] del 852.0.6 from 852[6:6]
[1516980997179] add 852.0.6 to 852[3,2:3,2]
[1516980998108] left click on word 852.1.6 ('à')
[1516980998108] del 852.1.6 from 852[:6]
[1516980998108] add 852.1.6 to 852[3,2,6:3,2]
[1516980998509] right click on word 852.1.6 ('à')
[1516981023765] right click on word 853.1.0 ('vidéo')
[1516981026407] add 853.1.0 to 853[:]
[1516981026407] label 853[:0] as unaligned_explicitation
[1516981027593] left click on word 853.1.0 ('vidéo')
[1516981027593] edit 853[:0]
[1516981028306] left click on word 853.1.1 (':')
[1516981028306] add 853.1.1 to 853[:0]
[1516981028716] right click on word 853.1.1 (':')
[1516981065389] right click on word 855.0.8 ('next')
[1516981067631] label 855[8,9,10,11:12,9,10,11,13,14] as transposition
[1516981076328] left click on word 855.0.18 ('--')
[1516981076328] new alignment group
[1516981076328] add 855.0.18 to 855[:]
[1516981077154] left click on word 855.1.21 ('...')
[1516981077154] del 855.1.21 from 855[:21,23]
[1516981077154] add 855.1.21 to 855[18:]
[1516981077456] right click on word 855.1.21 ('...')
[1516981077667] right click on word 855.1.21 ('...')
[1516981079179] label 855[18:21] as transposition
[1516981085160] left click on word 855.1.22 ('Vidéo')
[1516981085160] new alignment group
[1516981085160] add 855.1.22 to 855[:]
[1516981086538] left click on word 855.1.23 (':')
[1516981086538] del 855.1.23 from 855[:23]
[1516981086538] add 855.1.23 to 855[:22]
[1516981086966] right click on word 855.1.23 (':')
[1516981087261] right click on word 855.1.23 (':')
[1516981088644] label 855[:22,23] as unaligned_explicitation
[1516981096512] left click on word 857.1.0 ('vidéo')
[1516981096512] new alignment group
[1516981096512] add 857.1.0 to 857[:]
[1516981097358] left click on word 857.1.1 (':')
[1516981097358] add 857.1.1 to 857[:0]
[1516981097654] right click on word 857.1.1 (':')
[1516981097840] right click on word 857.1.1 (':')
[1516981099317] label 857[:0,1] as unaligned_explicitation
[1516981127747] left click on word 858.0.10 ('decide')
[1516981127747] edit 858[10,11,12,13:12,13,14]
[1516981128411] left click on word 858.0.10 ('decide')
[1516981128411] del 858.0.10 from 858[10,11,12,13:12,13,14]
[1516981129411] left click on word 858.1.12 ('choisir')
[1516981129411] del 858.1.12 from 858[11,12,13:12,13,14]
[1516981130379] right click on word 858.0.11 ('how')
[1516981131459] left click on word 858.0.10 ('decide')
[1516981131459] new alignment group
[1516981131459] add 858.0.10 to 858[:]
[1516981132322] left click on word 858.1.12 ('choisir')
[1516981132322] add 858.1.12 to 858[10:]
[1516981132633] right click on word 858.1.12 ('choisir')
[1516981144861] right click on word 859.0.0 ('fly')
[1516981146716] label 859[0,1:2,3] as generalization
[1516981149724] left click on word 859.0.3 ('cat')
[1516981149724] edit 859[3:6]
[1516981150740] left click on word 859.1.5 ('le')
[1516981150740] add 859.1.5 to 859[3:6]
[1516981151042] right click on word 859.1.5 ('le')
[1516981153728] left click on word 859.1.0 ('vidéo')
[1516981153728] new alignment group
[1516981153728] add 859.1.0 to 859[:]
[1516981154561] left click on word 859.1.1 (':')
[1516981154561] add 859.1.1 to 859[:0]
[1516981154896] right click on word 859.1.1 (':')
[1516981155109] right click on word 859.1.1 (':')
[1516981156902] label 859[:0,1] as unaligned_explicitation
[1516981295936] left click on word 860.0.7 ('time')
[1516981295936] edit 860[7:7]
[1516981296671] left click on word 860.1.6 ('le')
[1516981296671] add 860.1.6 to 860[7:7]
[1516981297036] right click on word 860.1.6 ('le')
[1516981335544] left click on word 860.0.14 ('music')
[1516981335544] edit 860[14,15:17,15,16]
[1516981337221] left click on word 860.1.15 ('d'')
[1516981337221] del 860.1.15 from 860[14,15:17,15,16]
[1516981338790] right click on word 860.1.16 ('arrangement')
[1516981339444] right click on word 860.1.16 ('arrangement')
[1516981340998] label 860[14,15:17,16] as equivalence
[1516981345528] right click on word 860.0.17 ('live')
[1516981346806] label 860[17:22,21] as equivalence
[1516981378246] right click on word 860.0.33 ('lead')
[1516981382694] label 860[33:40,41] as specification
[1516981386039] left click on word 860.0.35 ('bass')
[1516981386039] edit 860[35:44]
[1516981387819] left click on word 860.1.43 ('la')
[1516981387819] add 860.1.43 to 860[35:44]
[1516981388127] right click on word 860.1.43 ('la')
[1516981389270] left click on word 860.1.41 ('principale')
[1516981389270] edit 860[33:40,41]
[1516981390266] left click on word 860.1.39 ('la')
[1516981390266] add 860.1.39 to 860[33:40,41]
[1516981390621] right click on word 860.1.39 ('la')
[1516981392708] left click on word 860.1.47 ('batterie')
[1516981392708] edit 860[37:47]
[1516981393524] left click on word 860.1.46 ('la')
[1516981393524] add 860.1.46 to 860[37:47]
[1516981393907] right click on word 860.1.46 ('la')
[1516981447411] right click on word 862.0.3 ('inject')
[1516981449092] label 862[3:3] as modulation
[1516987412361] right click on word 864.0.0 ('there')
[1516987414783] label 864[0,1:1,0,2] as transposition
[1516987416495] left click on word 864.0.2 ('effects')
[1516987416495] edit 864[2:4]
[1516987417386] left click on word 864.1.3 ('des')
[1516987417386] add 864.1.3 to 864[2:4]
[1516987417702] right click on word 864.1.3 ('des')
[1516987424027] right click on word 864.1.10 ('en')
[1516987425841] label 864[7:10,11] as equivalence
[1516987429186] left click on word 864.1.15 ('réverbération')
[1516987429187] edit 864[10:15]
[1516987430153] left click on word 864.1.14 ('la')
[1516987430153] add 864.1.14 to 864[10:15]
[1516987430483] right click on word 864.1.14 ('la')
[1516987433188] left click on word 864.1.18 ('filtre')
[1516987433188] edit 864[12:18]
[1516987433863] left click on word 864.1.17 ('le')
[1516987433864] add 864.1.17 to 864[12:18]
[1516987434228] right click on word 864.1.17 ('le')
[1516987463009] left click on word 866.0.1 ('then')
[1516987463009] edit 866[1:1,0]
[1516987463985] left click on word 866.0.0 ('and')
[1516987463985] add 866.0.0 to 866[1:1,0]
[1516987464425] right click on word 866.0.0 ('and')
[1516987467029] right click on word 866.0.0 ('and')
[1516987469650] label 866[1,0:1,0] as modulation
[1516987476081] left click on word 866.0.6 ('tempo')
[1516987476081] edit 866[6:11]
[1516987477318] left click on word 866.1.10 ('le')
[1516987477318] add 866.1.10 to 866[6:11]
[1516987477938] right click on word 866.1.11 ('tempo')
[1516987479853] left click on word 866.1.14 ('volume')
[1516987479853] edit 866[8:14]
[1516987480806] left click on word 866.1.13 ('le')
[1516987480806] add 866.1.13 to 866[8:14]
[1516987481243] right click on word 866.1.13 ('le')
[1516987494104] right click on word 867.0.1 ('let')
[1516987504115] right click on word 867.0.1 ('let')
[1516987507159] label 867[1,2,3,4,5:0,1,2] as metaphor
[1516987515061] left click on word 868.1.0 ('vidéo')
[1516987515061] new alignment group
[1516987515061] add 868.1.0 to 868[:]
[1516987515908] left click on word 868.1.1 (':')
[1516987515908] add 868.1.1 to 868[:0]
[1516987516341] right click on word 868.1.1 (':')
[1516987516613] right click on word 868.1.1 (':')
[1516987517948] label 868[:0,1] as unaligned_explicitation
[1516987520507] right click on word 868.0.0 ('we')
[1516987522480] label 868[0:2] as modulation
[1516987532072] right click on word 868.0.6 ('lead')
[1516987533690] label 868[6:8,9] as specification
[1516987543539] left click on word 868.0.9 ('sequence')
[1516987543539] edit 868[9:14]
[1516987545006] left click on word 868.1.13 ('de')
[1516987545006] add 868.1.13 to 868[9:14]
[1516987545363] right click on word 868.1.13 ('de')
[1516987545607] right click on word 868.1.13 ('de')
[1516987547084] label 868[9:14,13] as uncertain
[1516987567733] left click on word 868.0.19 ('it')
[1516987567733] edit 868[19:]
[1516987569419] left click on word 868.1.25 ('la')
[1516987569419] add 868.1.25 to 868[19:]
[1516987569991] left click on word 868.1.26 ('suite')
[1516987569991] add 868.1.26 to 868[19:25]
[1516987570426] right click on word 868.1.26 ('suite')
[1516987574179] right click on word 868.1.26 ('suite')
[1516987576481] label 868[19:25,26] as uncertain
[1516987595107] left click on word 868.0.23 ('little')
[1516987595107] edit 868[22,23:28,29]
[1516987598726] right click on word 868.0.23 ('little')
[1516987602879] right click on word 868.0.25 ('lead')
[1516987604493] label 868[25:32,33] as specification
[1516987621886] left click on word 869.0.4 ('bass')
[1516987621886] edit 869[4:6]
[1516987622976] left click on word 869.1.5 ('de')
[1516987622976] add 869.1.5 to 869[4:6]
[1516987623453] right click on word 869.1.5 ('de')
[1516987623736] right click on word 869.1.5 ('de')
[1516987625164] label 869[4:6,5] as transposition
[1516987628504] left click on word 870.1.0 ('vidéo')
[1516987628504] new alignment group
[1516987628504] add 870.1.0 to 870[:]
[1516987629638] left click on word 870.1.1 (':')
[1516987629638] add 870.1.1 to 870[:0]
[1516987630083] right click on word 870.1.1 (':')
[1516987630388] right click on word 870.1.1 (':')
[1516987632507] label 870[:0,1] as unaligned_explicitation
[1516987642206] right click on word 870.0.5 ('percussion')
[1516987643821] label 870[5:7] as modulation
[1516987646767] left click on word 871.1.0 ('vidéo')
[1516987646767] new alignment group
[1516987646767] add 871.1.0 to 871[:]
[1516987647561] left click on word 871.1.1 (':')
[1516987647561] add 871.1.1 to 871[:0]
[1516987647903] right click on word 871.1.1 (':')
[1516987648160] right click on word 871.1.1 (':')
[1516987650025] label 871[:0,1] as unaligned_explicitation
[1516987665914] left click on word 871.0.11 ('so')
[1516987665915] new alignment group
[1516987665915] add 871.0.11 to 871[:]
[1516987667460] left click on word 871.0.12 ('I')
[1516987667460] add 871.0.12 to 871[11:]
[1516987668072] left click on word 871.0.13 ('can')
[1516987668073] del 871.0.13 from 871[13:14]
[1516987668073] add 871.0.13 to 871[11,12:]
[1516987669418] left click on word 871.1.13 ('pour')
[1516987669418] add 871.1.13 to 871[11,12,13:]
[1516987669981] left click on word 871.1.14 ('pouvoir')
[1516987669981] del 871.1.14 from 871[:14]
[1516987669981] add 871.1.14 to 871[11,12,13:13]
[1516987670387] right click on word 871.1.14 ('pouvoir')
[1516987670644] right click on word 871.1.14 ('pouvoir')
[1516987673450] label 871[11,12,13:13,14] as modulation_transposition
[1516987677847] right click on word 871.0.17 ('live')
[1516987678968] label 871[17:18,19] as equivalence
[1516987681942] left click on word 872.1.0 ('vidéo')
[1516987681942] new alignment group
[1516987681942] add 872.1.0 to 872[:]
[1516987683087] left click on word 872.1.1 (':')
[1516987683087] add 872.1.1 to 872[:0]
[1516987685043] right click on word 872.1.1 (':')
[1516987685749] right click on word 872.1.1 (':')
[1516987687067] label 872[:0,1] as unaligned_explicitation
[1516987718565] right click on word 872.0.11 ('one')
[1516987721672] label 872[11,12,13,14,15:13,12,14,16,15,18,17] as modulation_transposition
[1516987724757] left click on word 873.1.0 ('vidéo')
[1516987724757] new alignment group
[1516987724757] add 873.1.0 to 873[:]
[1516987725999] left click on word 873.1.1 (':')
[1516987725999] add 873.1.1 to 873[:0]
[1516987726708] right click on word 873.1.0 ('vidéo')
[1516987727145] right click on word 873.1.0 ('vidéo')
[1516987728560] label 873[:0,1] as unaligned_explicitation
[1516987743383] left click on word 873.0.12 ('more')
[1516987743383] edit 873[12:15,14]
[1516987744223] left click on word 873.0.11 ('some')
[1516987744223] add 873.0.11 to 873[12:15,14]
[1516987744707] right click on word 873.0.11 ('some')
[1516987745945] right click on word 873.0.11 ('some')
[1516987770205] left click on word 874.1.0 ('vidéo')
[1516987770205] new alignment group
[1516987770205] add 874.1.0 to 874[:]
[1516987771664] left click on word 874.1.1 (':')
[1516987771664] add 874.1.1 to 874[:0]
[1516987772519] right click on word 874.1.0 ('vidéo')
[1516987772763] right click on word 874.1.0 ('vidéo')
[1516987774414] label 874[:0,1] as unaligned_explicitation
[1516987828030] left click on word 875.0.17 ('making')
[1516987828030] edit 875[17,19:21]
[1516987828940] left click on word 875.0.18 ('it')
[1516987828940] del 875.0.18 from 875[18:20]
[1516987828941] add 875.0.18 to 875[17,19:21]
[1516987829853] left click on word 875.0.20 ('or')
[1516987829853] del 875.0.20 from 875[20:22]
[1516987829853] add 875.0.20 to 875[17,19,18:21]
[1516987830371] left click on word 875.0.21 ('shorter')
[1516987830371] del 875.0.21 from 875[21:24]
[1516987830371] add 875.0.21 to 875[17,19,18,20:21]
[1516987833510] left click on word 875.1.20 ('l'')
[1516987833510] del 875.1.20 from 875[:20]
[1516987833511] add 875.1.20 to 875[17,19,18,20,21:21]
[1516987834597] left click on word 875.1.22 ('ou')
[1516987834597] del 875.1.22 from 875[:22]
[1516987834597] add 875.1.22 to 875[17,19,18,20,21:21,20]
[1516987835272] left click on word 875.1.23 ('la')
[1516987835272] add 875.1.23 to 875[17,19,18,20,21:21,20,22]
[1516987835875] left click on word 875.1.24 ('raccourcir')
[1516987835875] del 875.1.24 from 875[:24]
[1516987835875] add 875.1.24 to 875[17,19,18,20,21:21,20,22,23]
[1516987837024] right click on word 875.1.24 ('raccourcir')
[1516987845962] right click on word 875.0.22 ('as')
[1516987847576] label 875[22,23,24:25,26,27] as modulation_transposition
[1516987857998] left click on word 876.1.2 (',')
[1516987857998] edit 876[2:2]
[1516987859448] left click on word 876.0.2 (',')
[1516987859448] del 876.0.2 from 876[2:2]
[1516987860814] left click on word 876.0.4 (',')
[1516987860814] add 876.0.4 to 876[:2]
[1516987861393] right click on word 876.0.4 (',')
[1516987878165] left click on word 876.0.12 ('using')
[1516987878165] edit 876[12:13]
[1516987879511] left click on word 876.1.12 ('en')
[1516987879511] del 876.1.12 from 876[:12]
[1516987879511] add 876.1.12 to 876[12:13]
[1516987879847] right click on word 876.1.12 ('en')
[1516987891055] left click on word 876.0.14 ('volume')
[1516987891055] edit 876[14:17]
[1516987892234] left click on word 876.1.16 ('de')
[1516987892234] add 876.1.16 to 876[14:17]
[1516987892752] right click on word 876.1.16 ('de')
[1516987893568] right click on word 876.1.16 ('de')
[1516987895041] label 876[14:17,16] as transposition
[1516987907705] right click on word 877.0.2 ('as')
[1516987909513] label 877[2,3,4,5:2,3,4,5] as modulation
[1516987916274] right click on word 877.0.10 ('for')
[1516987919033] label 877[10:10] as modulation
[1516987932467] right click on word 877.0.13 ('human-computer')
[1516987935989] label 877[13:15,16,17,18] as transposition
[1516987945766] right click on word 877.0.22 ('ways')
[1516987946944] label 877[22:24] as modulation
[1516987949786] right click on word 877.0.24 ('brains')
[1516987951507] label 877[24:28] as modulation
[1516987953764] right click on word 877.0.26 ('bodies')
[1516987955631] label 877[26:31] as modulation
[1516987965427] left click on word 878.0.5 ('time')
[1516987965427] edit 878[5:6]
[1516987966422] left click on word 878.1.5 ('le')
[1516987966422] add 878.1.5 to 878[5:6]
[1516987967068] right click on word 878.1.5 ('le')
[1516987976257] left click on word 878.0.14 ('design')
[1516987976257] edit 878[14:17]
[1516987977471] left click on word 878.1.16 ('de')
[1516987977471] add 878.1.16 to 878[14:17]
[1516987977801] right click on word 878.1.16 ('de')
[1516987978675] right click on word 878.1.16 ('de')
[1516987980378] label 878[14:17,16] as transposition
[1516988026163] right click on word 879.0.11 ('we')
[1516988028509] label 879[11,12,13,14,15,16:17,18] as modulation_transposition
[1516988041730] left click on word 879.0.26 ('media')
[1516988041730] edit 879[26:23]
[1516988042577] left click on word 879.1.22 ('les')
[1516988042577] add 879.1.22 to 879[26:23]
[1516988042985] right click on word 879.1.22 ('les')
[1516988057051] left click on word 879.0.32 ('information')
[1516988057051] edit 879[32:29]
[1516988058716] left click on word 879.1.28 ('l'')
[1516988058716] add 879.1.28 to 879[32:29]
[1516988059093] right click on word 879.1.28 ('l'')
[1516988149150] left click on word 882.0.21 ('only')
[1516988149150] edit 882[21:22,24,25]
[1516988150522] left click on word 882.0.22 ('had')
[1516988150522] del 882.0.22 from 882[22:23]
[1516988150522] add 882.0.22 to 882[21:22,24,25]
[1516988151803] left click on word 882.1.23 ('avait')
[1516988151803] del 882.1.23 from 882[:23]
[1516988151803] add 882.1.23 to 882[21,22:22,24,25]
[1516988153602] right click on word 882.1.23 ('avait')
[1516988154568] right click on word 882.1.23 ('avait')
[1516988156945] label 882[21,22:22,24,25,23] as specification
[1516988166433] right click on word 883.0.4 ('a')
[1516988168883] label 883[4:0] as specification
[1516988184750] left click on word 883.0.6 ('that')
[1516988184750] edit 883[6:]
[1516988186223] left click on word 883.1.7 ('la')
[1516988186223] add 883.1.7 to 883[6:]
[1516988186669] right click on word 883.1.7 ('la')
[1516988187680] right click on word 883.1.7 ('la')
[1516988189555] label 883[6:7] as transposition
[1516988194798] right click on word 883.0.14 (''s')
[1516988196623] label 883[14:13] as transposition
[1516988198542] left click on word 883.0.15 ('columns')
[1516988198542] edit 883[15:12]
[1516988199616] left click on word 883.1.11 ('les')
[1516988199616] add 883.1.11 to 883[15:12]
[1516988200074] right click on word 883.1.11 ('les')
[1516988230343] left click on word 883.0.42 ('as')
[1516988230343] new alignment group
[1516988230343] add 883.0.42 to 883[:]
[1516988231672] left click on word 883.1.42 ('dans')
[1516988231672] add 883.1.42 to 883[42:]
[1516988232366] left click on word 883.1.43 ('celui')
[1516988232366] add 883.1.43 to 883[42:42]
[1516988233086] left click on word 883.1.44 ('de')
[1516988233086] add 883.1.44 to 883[42:42,43]
[1516988234015] right click on word 883.1.44 ('de')
[1516988234983] right click on word 883.1.44 ('de')
[1516988236923] label 883[42:42,43,44] as specification
[1516988249560] right click on word 883.0.49 ('double')
[1516988251667] label 883[49,50:50] as equivalence
[1516988269482] left click on word 883.0.60 ('affliction')
[1516988269482] edit 883[60:]
[1516988270818] left click on word 883.0.61 ('with')
[1516988270818] add 883.0.61 to 883[60:]
[1516988271820] right click on word 883.0.61 ('with')
[1516988272375] right click on word 883.0.61 ('with')
[1516988302515] right click on word 884.0.10 ('breakdown')
[1516988304452] label 884[10:6] as uncertain
[1516988309829] right click on word 884.0.15 ('later')
[1516988311400] label 884[15:12,13] as equivalence
[1516988409349] left click on word 885.0.4 ('you')
[1516988409349] edit 885[4:1]
[1516988409883] left click on word 885.0.3 ('of')
[1516988409883] add 885.0.3 to 885[4:1]
[1516988410348] left click on word 885.0.2 ('all')
[1516988410348] del 885.0.2 from 885[2:3]
[1516988410348] add 885.0.2 to 885[4,3:1]
[1516988411327] left click on word 885.1.3 ('tous')
[1516988411327] del 885.1.3 from 885[:3]
[1516988411327] add 885.1.3 to 885[4,3,2:1]
[1516988413587] right click on word 885.1.3 ('tous')
[1516988414154] right click on word 885.1.3 ('tous')
[1516988415765] label 885[4,3,2:1,3] as transposition
[1516988420358] right click on word 885.0.8 (''s')
[1516988421848] label 885[8:8] as transposition
[1516988455228] left click on word 885.0.31 ('music')
[1516988455228] edit 885[31:37]
[1516988456858] left click on word 885.1.36 ('la')
[1516988456858] add 885.1.36 to 885[31:37]
[1516988457250] right click on word 885.1.36 ('la')
[1516988488805] right click on word 885.0.42 ('if')
[1516988493704] label 885[43,44,45,46,47,42:53,52,54,55,56,57] as modulation
[1516988498167] right click on word 885.0.50 ('helping')
[1516988500571] label 885[50:61,60] as transposition
[1516988516241] right click on word 886.0.9 ('ago')
[1516988517703] label 886[9:8,9] as uncertain
[1516988530003] right click on word 887.0.1 ('had')
[1516988531776] label 887[1,3,2:1,4,5,3] as specification
[1516988541681] right click on word 887.0.8 (''s')
[1516988543139] label 887[8:13] as transposition
[1516988551503] right click on word 887.0.16 ('backstage')
[1516988553384] label 887[16:19,20] as equivalence
[1516988593030] right click on word 888.0.27 ('Series')
[1516988594318] label 888[26,27:27,28] as equivalence
[1516988612721] right click on word 888.0.36 ('passage')
[1516988622986] right click on word 888.0.44 (''s')
[1516988624517] label 888[44:48] as transposition
[1516988638007] right click on word 889.0.2 ('got')
[1516988639191] label 889[2:2] as generalization
[1516988645422] left click on word 889.0.6 (',')
[1516988645422] new alignment group
[1516988645422] add 889.0.6 to 889[:]
[1516988646519] left click on word 889.1.5 ('.')
[1516988646519] add 889.1.5 to 889[6:]
[1516988647210] right click on word 889.1.5 ('.')
[1516988647524] right click on word 889.1.5 ('.')
[1516988649221] label 889[6:5] as transposition
[1516988655448] right click on word 889.0.9 ('got')
[1516988656998] label 889[9:9,8] as specification
[1516988699404] left click on word 890.0.7 ('refuses')
[1516988699404] edit 890[7:7]
[1516988700446] left click on word 890.1.8 ('de')
[1516988700446] add 890.1.8 to 890[7:7]
[1516988700856] right click on word 890.1.8 ('de')
[1516988714234] left click on word 890.0.17 ('shock')
[1516988714234] edit 890[17,18:22]
[1516988715612] left click on word 890.1.21 ('des')
[1516988715612] add 890.1.21 to 890[17,18:22]
[1516988716163] right click on word 890.1.21 ('des')
[1516988717473] right click on word 890.1.21 ('des')
[1516988718934] label 890[17,18:22,21] as modulation
[1516988723650] left click on word 890.0.22 ('handcuffs')
[1516988723650] edit 890[22:29]
[1516988725250] left click on word 890.1.28 ('des')
[1516988725250] add 890.1.28 to 890[22:29]
[1516988725643] right click on word 890.1.28 ('des')
[1516988789603] left click on word 891.0.5 (',')
[1516988789603] edit 891[5:1,3]
[1516988790970] left click on word 891.1.1 (',')
[1516988790970] del 891.1.1 from 891[5:1,3]
[1516988793061] right click on word 891.1.3 (',')
[1516988802141] left click on word 891.0.13 (',')
[1516988802141] edit 891[13:]
[1516988803548] left click on word 891.1.15 ('.')
[1516988803548] add 891.1.15 to 891[13:]
[1516988803945] right click on word 891.1.15 ('.')
[1516988804165] right click on word 891.1.15 ('.')
[1516988805812] label 891[13:15] as transposition
[1516988814228] right click on word 891.0.22 ('him')
[1516988816680] label 891[22:23] as transposition
[1516988818861] right click on word 891.0.23 ('exploding')
[1516988820032] label 891[23:24] as transposition
[1516988824540] right click on word 891.0.26 ('disappearing')
[1516988827245] label 891[26:28] as transposition
[1516988829350] left click on word 891.0.28 ('days')
[1516988829351] edit 891[28:31]
[1516988829974] left click on word 891.1.30 ('des')
[1516988829974] add 891.1.30 to 891[28:31]
[1516988830286] right click on word 891.1.30 ('des')
[1516988845650] right click on word 891.0.44 ('torment')
[1516988848063] label 891[44:47] as modulation
[1516988857815] right click on word 891.0.50 ('upon')
[1516988859766] label 891[50:52] as uncertain
[1516988888718] left click on word 892.0.21 ('he')
[1516988888718] edit 892[21:]
[1516988889333] left click on word 892.0.22 ('had')
[1516988889333] del 892.0.22 from 892[22:]
[1516988889333] add 892.0.22 to 892[21:]
[1516988890887] left click on word 892.1.22 ('il')
[1516988890887] add 892.1.22 to 892[21,22:]
[1516988891509] left click on word 892.1.23 ('y')
[1516988891509] del 892.1.23 from 892[:23]
[1516988891509] add 892.1.23 to 892[21,22:22]
[1516988891945] left click on word 892.1.24 ('avait')
[1516988891945] add 892.1.24 to 892[21,22:22,23]
[1516988892379] right click on word 892.1.24 ('avait')
[1516988892714] right click on word 892.1.24 ('avait')
[1516988894120] label 892[21,22:22,23,24] as modulation
[1516988991098] left click on word 894.0.50 ('arpeggios')
[1516988991098] edit 894[50:50]
[1516988993942] right click on word 894.1.50 ('arpèges')
[1516989023055] left click on word 896.0.9 ('Violin')
[1516989023055] edit 896[9:9]
[1516989023842] left click on word 896.0.10 ('Concerto')
[1516989023843] del 896.0.10 from 896[10:7]
[1516989023843] add 896.0.10 to 896[9:9]
[1516989024837] left click on word 896.1.8 ('pour')
[1516989024837] add 896.1.8 to 896[9,10:9]
[1516989025254] left click on word 896.1.7 ('concerto')
[1516989025254] del 896.1.7 from 896[:7]
[1516989025255] add 896.1.7 to 896[9,10:9,8]
[1516989025596] right click on word 896.1.7 ('concerto')
[1516989025784] right click on word 896.1.7 ('concerto')
[1516989027375] label 896[9,10:9,8,7] as equivalence
[1516989039025] right click on word 897.0.1 ('as')
[1516989040514] label 897[1:1] as explicitation
[1516989042006] right click on word 897.1.1 ('comme')
[1516989043450] label 897[1:1] as uncertain
[1516989053550] right click on word 897.0.9 ('was')
[1516989054904] label 897[8,9,13:12,13] as modulation_transposition
[1516989066872] left click on word 897.0.16 (''s')
[1516989066872] new alignment group
[1516989066872] add 897.0.16 to 897[:]
[1516989067286] right click on word 897.0.16 (''s')
[1516989067729] right click on word 897.0.16 (''s')
[1516989069383] label 897[16:] as unaligned_simplification
[1516989071443] right click on word 897.0.16 (''s')
[1516989075061] del 897.0.16 from 897[16:]
[1516989114436] right click on word 898.0.25 ('its')
[1516989116098] label 898[25:26] as modulation
[1516989121983] right click on word 899.0.2 (''s')
[1516989123479] label 899[2:4] as transposition
[1516989162082] left click on word 900.0.21 ('violin')
[1516989162082] edit 900[21:27]
[1516989162686] left click on word 900.0.22 ('concertos')
[1516989162686] del 900.0.22 from 900[22:25]
[1516989162686] add 900.0.22 to 900[21:27]
[1516989163628] left click on word 900.1.25 ('concertos')
[1516989163628] del 900.1.25 from 900[:25]
[1516989163628] add 900.1.25 to 900[21,22:27]
[1516989164201] left click on word 900.1.26 ('pour')
[1516989164201] add 900.1.26 to 900[21,22:27,25]
[1516989164652] right click on word 900.1.26 ('pour')
[1516989164843] right click on word 900.1.26 ('pour')
[1516989166174] label 900[21,22:27,25,26] as equivalence
[1516989177613] right click on word 900.0.30 ('--')
[1516989179013] label 900[30:36] as transposition
[1516989198659] left click on word 901.0.18 ('B')
[1516989198659] edit 901[18:21]
[1516989199516] left click on word 901.0.19 (''s')
[1516989199516] add 901.0.19 to 901[18:21]
[1516989200657] right click on word 901.0.19 (''s')
[1516989212506] right click on word 901.0.24 ('all')
[1516989213882] label 901[24,25,26,27,28:26] as equivalence
[1516989256934] right click on word 903.0.2 ('about')
[1516989258507] label 903[2,3:1] as transposition
[1516989273417] left click on word 903.0.19 ('Los')
[1516989273417] edit 903[19:23]
[1516989273933] left click on word 903.0.20 ('Angeles')
[1516989273933] del 903.0.20 from 903[20:24]
[1516989273933] add 903.0.20 to 903[19:23]
[1516989274580] left click on word 903.0.21 ('Philharmonic')
[1516989274580] del 903.0.21 from 903[21:21]
[1516989274581] add 903.0.21 to 903[19,20:23]
[1516989275748] left click on word 903.1.20 ('Orchestre')
[1516989275748] del 903.1.20 from 903[:20]
[1516989275748] add 903.1.20 to 903[19,20,21:23]
[1516989276280] left click on word 903.1.21 ('Philharmonique')
[1516989276280] del 903.1.21 from 903[:21]
[1516989276280] add 903.1.21 to 903[19,20,21:23,20]
[1516989277625] left click on word 903.1.22 ('de')
[1516989277625] add 903.1.22 to 903[19,20,21:23,20,21]
[1516989278649] left click on word 903.1.24 ('Angeles')
[1516989278649] del 903.1.24 from 903[:24]
[1516989278650] add 903.1.24 to 903[19,20,21:23,20,21,22]
[1516989279327] right click on word 903.1.24 ('Angeles')
[1516989280182] right click on word 903.1.24 ('Angeles')
[1516989281847] label 903[19,20,21:23,20,21,22,24] as equivalence
[1516989289347] left click on word 904.0.2 ('playing')
[1516989289347] edit 904[2:1,0]
[1516989290394] left click on word 904.0.1 ('through')
[1516989290394] del 904.0.1 from 904[1:]
[1516989290394] add 904.0.1 to 904[2:1,0]
[1516989290838] right click on word 904.0.1 ('through')
[1516989293530] right click on word 904.0.1 ('through')
[1516989297748] label 904[2,1:1,0] as modulation_transposition
[1516989303898] left click on word 904.0.3 ('music')
[1516989303898] edit 904[3:4]
[1516989305653] left click on word 904.1.3 ('la')
[1516989305653] add 904.1.3 to 904[3:4]
[1516989307306] right click on word 904.1.3 ('la')
[1516989353047] left click on word 905.0.0 ('music')
[1516989353047] edit 905[0:1]
[1516989353736] left click on word 905.1.0 ('la')
[1516989353736] add 905.1.0 to 905[0:1]
[1516989354045] right click on word 905.1.0 ('la')
[1516989356581] left click on word 905.0.4 ('music')
[1516989356581] edit 905[4:6]
[1516989357515] left click on word 905.1.5 ('la')
[1516989357515] add 905.1.5 to 905[4:6]
[1516989357837] right click on word 905.1.5 ('la')
[1516989362694] left click on word 906.0.4 ('music')
[1516989362694] edit 906[4:5]
[1516989363415] left click on word 906.1.4 ('la')
[1516989363415] add 906.1.4 to 906[4:5]
[1516989363743] right click on word 906.1.4 ('la')
[1516989368073] left click on word 906.0.6 ('sanity')
[1516989368073] edit 906[6:9,10]
[1516989369388] left click on word 906.1.8 ('la')
[1516989369388] add 906.1.8 to 906[6:9,10]
[1516989369813] right click on word 906.1.8 ('la')
[1516989373154] right click on word 906.1.8 ('la')
[1516989377637] label 906[6:9,10,8] as equivalence
[1516989410295] left click on word 907.0.21 ('reality')
[1516989410295] edit 907[21:28]
[1516989411277] left click on word 907.1.27 ('la')
[1516989411277] add 907.1.27 to 907[21:28]
[1516989411660] right click on word 907.1.27 ('la')
[1516989426716] left click on word 909.0.10 ('art')
[1516989426716] edit 909[10:12]
[1516989427682] left click on word 909.1.11 ('l'')
[1516989427682] add 909.1.11 to 909[10:12]
[1516989427984] right click on word 909.1.11 ('l'')
[1516989449536] right click on word 910.0.1 ('was')
[1516989451304] label 910[1:1] as modulation
[1516989456393] right click on word 910.0.5 ('why')
[1516989457952] label 910[5:4,5] as transposition
[1516989463275] left click on word 910.0.8 ('music')
[1516989463275] edit 910[8:10]
[1516989464338] left click on word 910.1.9 ('la')
[1516989464338] add 910.1.9 to 910[8:10]
[1516989464651] right click on word 910.1.9 ('la')
[1516989471292] left click on word 910.0.10 ('that')
[1516989471292] new alignment group
[1516989471292] add 910.0.10 to 910[:]
[1516989471867] left click on word 910.0.11 ('we')
[1516989471867] add 910.0.11 to 910[10:]
[1516989472651] left click on word 910.1.12 ('pour')
[1516989472652] add 910.1.12 to 910[10,11:]
[1516989472939] right click on word 910.1.12 ('pour')
[1516989473124] right click on word 910.1.12 ('pour')
[1516989474683] label 910[10,11:12] as modulation_transposition
[1516989487455] right click on word 910.0.17 ('all')
[1516989488932] label 910[17:19] as modulation
[1516989520618] left click on word 910.0.47 ('reality')
[1516989520618] edit 910[47:57]
[1516989522356] left click on word 910.1.56 ('la')
[1516989522356] add 910.1.56 to 910[47:57]
[1516989522696] right click on word 910.1.56 ('la')
[1516989528517] right click on word 911.0.7 ('all')
[1516989530356] label 911[7:7] as modulation
[1516989538429] right click on word 911.0.11 ('moves')
[1516989544425] label 911[11:14] as specification
[1516989558492] left click on word 912.0.4 ('music')
[1516989558492] edit 912[4:8]
[1516989559622] left click on word 912.1.7 ('la')
[1516989559622] add 912.1.7 to 912[4:8]
[1516989559943] right click on word 912.1.7 ('la')
[1516989575754] left click on word 912.1.12 ('dans')
[1516989575754] edit 912[9,10,11,8:13,12]
[1516989576466] left click on word 912.1.12 ('dans')
[1516989576466] del 912.1.12 from 912[9,10,11,8:13,12]
[1516989577722] right click on word 912.1.13 ('parmi')
[1516989590808] left click on word 913.0.4 ('music')
[1516989590808] edit 913[4:5]
[1516989591797] left click on word 913.1.4 ('la')
[1516989591798] add 913.1.4 to 913[4:5]
[1516989592114] right click on word 913.1.4 ('la')
[1516989638572] left click on word 914.0.30 ('musician')
[1516989638572] edit 914[30:35]
[1516989639678] left click on word 914.0.29 ('a')
[1516989639678] add 914.0.29 to 914[30:35]
[1516989640005] right click on word 914.0.29 ('a')
[1516989643901] left click on word 916.0.0 ('bruno')
[1516989643901] new alignment group
[1516989643901] add 916.0.0 to 916[:]
[1516989644641] left click on word 916.0.1 ('Giussani')
[1516989644641] add 916.0.1 to 916[0:]
[1516989645957] left click on word 916.0.2 (':')
[1516989645957] add 916.0.2 to 916[0,1:]
[1516989646382] right click on word 916.0.2 (':')
[1516989646653] right click on word 916.0.2 (':')
[1516989648357] label 916[0,1,2:] as unaligned_simplification
[1516989656653] left click on word 918.0.0 ('Robert')
[1516989656653] new alignment group
[1516989656653] add 918.0.0 to 918[:]
[1516989657376] left click on word 918.0.1 ('Gupta')
[1516989657376] add 918.0.1 to 918[0:]
[1516989658191] left click on word 918.0.2 (':')
[1516989658191] add 918.0.2 to 918[0,1:]
[1516989658596] right click on word 918.0.2 (':')
[1516989658857] right click on word 918.0.2 (':')
[1516989662387] label 918[0,1,2:] as unaligned_simplification
[1516989677160] left click on word 918.0.13 ('from')
[1516989677160] edit 918[13:10]
[1516989678001] left click on word 918.0.14 ('cellists')
[1516989678001] del 918.0.14 from 918[14:11]
[1516989678001] add 918.0.14 to 918[13:10]
[1516989678612] left click on word 918.1.11 ('violoncellistes')
[1516989678612] del 918.1.11 from 918[:11]
[1516989678612] add 918.1.11 to 918[13,14:10]
[1516989678942] right click on word 918.1.11 ('violoncellistes')
