[1573812785558] NEW SESSION
[1573820581694] left click on word 51.0.0 ('At')
[1573820581695] new alignment group
[1573820581695] add 51.0.0 to 51[:]
[1573820582046] left click on word 51.0.1 ('least')
[1573820582047] del 51.0.1 from 51[1:0]
[1573820582047] add 51.0.1 to 51[0:]
[1573820582947] left click on word 51.1.0 ('至少')
[1573820582947] del 51.1.0 from 51[:0]
[1573820582947] add 51.1.0 to 51[0,1:]
[1573820583106] right click on word 51.1.0 ('至少')
[1573820595064] left click on word 51.0.6 ('psychologists')
[1573820595064] edit 51[6:16]
[1573820596032] left click on word 51.1.16 ('专家')
[1573820596032] del 51.1.16 from 51[6:16]
[1573820596814] right click on word 51.1.4 ('心理学家')
[1573820596814] add 51.1.4 to 51[6:]
[1573820601075] right click on word 51.1.7 ('的')
[1573820601533] add 51.1.7 to 51[:]
[1573820601533] label 51[:7] as unaligned_explicitation
[1573820608786] left click on word 51.0.11 ('they')
[1573820608786] new alignment group
[1573820608786] add 51.0.11 to 51[:]
[1573820609273] left click on word 51.1.10 ('心理学家')
[1573820609273] add 51.1.10 to 51[11:]
[1573820609435] right click on word 51.1.10 ('心理学家')
[1573820609669] right click on word 51.1.10 ('心理学家')
[1573820610431] label 51[11:10] as particularization
[1573820613753] left click on word 51.0.13 ('know')
[1573820613753] new alignment group
[1573820613753] add 51.0.13 to 51[:]
[1573820614495] left click on word 51.1.12 ('是')
[1573820614495] add 51.1.12 to 51[13:]
[1573820614834] left click on word 51.1.13 ('这')
[1573820614834] add 51.1.13 to 51[13:12]
[1573820615149] left click on word 51.1.14 ('方面')
[1573820615151] add 51.1.14 to 51[13:12,13]
[1573820615469] left click on word 51.1.15 ('的')
[1573820615469] add 51.1.15 to 51[13:12,13,14]
[1573820615735] left click on word 51.1.16 ('专家')
[1573820615735] add 51.1.16 to 51[13:12,13,14,15]
[1573820615913] right click on word 51.1.16 ('专家')
[1573820616129] right click on word 51.1.16 ('专家')
[1573820617359] label 51[13:12,13,14,15,16] as particularization
[1573820619523] left click on word 51.0.14 (',')
[1573820619524] new alignment group
[1573820619524] add 51.0.14 to 51[:]
[1573820620679] left click on word 51.1.17 ('，')
[1573820620679] add 51.1.17 to 51[14:]
[1573820620841] right click on word 51.1.17 ('，')
[1573820625861] left click on word 51.0.17 ('have')
[1573820625861] new alignment group
[1573820625861] add 51.0.17 to 51[:]
[1573820626251] left click on word 51.0.18 ('been')
[1573820626251] del 51.0.18 from 51[18:20]
[1573820626251] add 51.0.18 to 51[17:]
[1573820627048] left click on word 51.1.20 ('一直')
[1573820627048] del 51.1.20 from 51[:20]
[1573820627048] add 51.1.20 to 51[17,18:]
[1573820627242] right click on word 51.1.20 ('一直')
[1573820627692] left click on word 51.1.21 ('在')
[1573820627692] new alignment group
[1573820627692] add 51.1.21 to 51[:]
[1573820627935] right click on word 51.1.21 ('在')
[1573820629629] left click on word 51.1.20 ('一直')
[1573820629629] edit 51[17,18:20]
[1573820630011] left click on word 51.1.21 ('在')
[1573820630011] del 51.1.21 from 51[:21]
[1573820630011] add 51.1.21 to 51[17,18:20]
[1573820630159] right click on word 51.1.21 ('在')
[1573820632747] left click on word 51.0.19 ('seriously')
[1573820632747] edit 51[19:22]
[1573820633475] left click on word 51.1.23 ('地')
[1573820633475] add 51.1.23 to 51[19:22]
[1573820633628] right click on word 51.1.23 ('地')
[1573821245418] left click on word 51.0.22 ('meaning')
[1573821245418] edit 51[22:28]
[1573821245780] left click on word 51.0.21 ('the')
[1573821245780] add 51.0.21 to 51[22:28]
[1573821245981] right click on word 51.0.21 ('the')
[1573821248717] left click on word 51.0.23 ('of')
[1573821248717] new alignment group
[1573821248717] add 51.0.23 to 51[:]
[1573821250186] left click on word 51.1.27 ('的')
[1573821250186] add 51.1.27 to 51[23:]
[1573821250339] right click on word 51.1.27 ('的')
[1573821349202] left click on word 51.0.27 ('as')
[1573821349202] new alignment group
[1573821349202] add 51.0.27 to 51[:]
[1573821349787] left click on word 51.0.28 ('well')
[1573821349787] add 51.0.28 to 51[27:]
[1573821350588] left click on word 51.1.29 ('以及')
[1573821350588] del 51.1.29 from 51[29:29]
[1573821350589] add 51.1.29 to 51[27,28:]
[1573821350854] right click on word 51.1.29 ('以及')
[1573821354635] left click on word 51.0.27 ('as')
[1573821354635] edit 51[27,28:29]
[1573821355580] left click on word 51.0.29 ('as')
[1573821355580] del 51.0.29 from 51[29:]
[1573821355581] add 51.0.29 to 51[27,28:29]
[1573821355726] right click on word 51.0.29 ('as')
[1573821357265] left click on word 51.0.31 ('effect')
[1573821357265] new alignment group
[1573821357265] add 51.0.31 to 51[:]
[1573821357904] left click on word 51.0.30 ('the')
[1573821357905] add 51.0.30 to 51[31:]
[1573821358631] left click on word 51.1.35 ('影响')
[1573821358631] del 51.1.35 from 51[32:35]
[1573821358631] add 51.1.35 to 51[31,30:]
[1573821358828] right click on word 51.1.35 ('影响')
[1573821361322] left click on word 51.0.33 ('colors')
[1573821361322] new alignment group
[1573821361322] add 51.0.33 to 51[:]
[1573821362392] left click on word 51.1.31 ('色彩')
[1573821362392] del 51.1.31 from 51[34:31]
[1573821362392] add 51.1.31 to 51[33:]
[1573821362610] right click on word 51.1.31 ('色彩')
[1573821363273] left click on word 51.1.31 ('色彩')
[1573821363273] edit 51[33:31]
[1573821363868] left click on word 51.1.30 ('各种')
[1573821363868] add 51.1.30 to 51[33:31]
[1573821364052] right click on word 51.1.30 ('各种')
[1573821373890] left click on word 51.0.32 ('that')
[1573821373890] edit 51[32:]
[1573821374624] left click on word 51.1.33 ('的')
[1573821374624] add 51.1.33 to 51[32:]
[1573821374803] right click on word 51.1.33 ('的')
[1573821375094] right click on word 51.1.33 ('的')
[1573821375772] label 51[32:33] as transposition
[1573821380367] left click on word 51.0.35 ('on')
[1573821380368] new alignment group
[1573821380368] add 51.0.35 to 51[:]
[1573821381098] left click on word 51.1.32 ('对人')
[1573821381098] add 51.1.32 to 51[35:]
[1573821381289] right click on word 51.1.32 ('对人')
[1573821405044] NEW SESSION
[1573821435711] left click on word 51.1.33 ('人')
[1573821435711] edit 51[32:33]
[1573821436274] left click on word 51.1.34 ('的')
[1573821436274] add 51.1.34 to 51[32:33]
[1573821436896] left click on word 51.1.33 ('人')
[1573821436897] del 51.1.33 from 51[32:33,34]
[1573821437356] right click on word 51.1.34 ('的')
[1573821437798] left click on word 51.1.33 ('人')
[1573821437798] new alignment group
[1573821437798] add 51.1.33 to 51[:]
[1573821438636] left click on word 51.0.36 ('human')
[1573821438636] add 51.0.36 to 51[:33]
[1573821439546] left click on word 51.0.37 ('beings')
[1573821439546] add 51.0.37 to 51[36:33]
[1573821439703] right click on word 51.0.37 ('beings')
[1573821447837] right click on word 51.0.34 ('have')
[1573821449605] label 51[34:] as unaligned_reduction
[1573821455814] left click on word 51.0.38 ('.')
[1573821455814] edit 51[38:36]
[1573821456803] left click on word 51.1.36 ('影响')
[1573821456803] del 51.1.36 from 51[38:36]
[1573821457279] left click on word 51.1.37 ('。')
[1573821457279] add 51.1.37 to 51[38:]
[1573821457431] right click on word 51.1.37 ('。')
[1573821459689] left click on word 51.0.31 ('effect')
[1573821459689] edit 51[31,30:35]
[1573821460469] left click on word 51.1.35 ('不同')
[1573821460469] del 51.1.35 from 51[31,30:35]
[1573821460873] left click on word 51.1.36 ('影响')
[1573821460873] add 51.1.36 to 51[31,30:]
[1573821461111] right click on word 51.1.36 ('影响')
[1573821461928] right click on word 51.1.35 ('不同')
[1573821462494] add 51.1.35 to 51[:]
[1573821462494] label 51[:35] as unaligned_explicitation
[1573821484152] right click on word 51.1.32 ('对')
[1573821485153] label 51[35:32] as lexical_shift
[1573821505630] right click on word 51.0.35 ('on')
[1573821506292] label 51[35:32] as literal
[1573821545652] left click on word 52.0.0 ('A')
[1573821545652] new alignment group
[1573821545653] add 52.0.0 to 52[:]
[1573821546384] left click on word 52.1.0 ('答')
[1573821546384] del 52.1.0 from 52[1:0]
[1573821546385] add 52.1.0 to 52[0:]
[1573821546550] right click on word 52.1.0 ('答')
[1573821546857] right click on word 52.1.0 ('答')
[1573821548230] label 52[0:0] as transposition
[1573821549842] right click on word 52.0.0 ('A')
[1573821550246] del 52.0.0 from 52[0:0]
[1573821552356] left click on word 52.0.1 (':')
[1573821552356] edit 52[1:]
[1573821552941] left click on word 52.1.1 ('：')
[1573821552941] add 52.1.1 to 52[1:]
[1573821553110] right click on word 52.1.1 ('：')
[1573821554198] right click on word 52.0.2 ('Well')
[1573821555104] add 52.0.2 to 52[:]
[1573821555104] label 52[2:] as unaligned_reduction
[1573821555862] left click on word 52.0.3 ('i')
[1573821555863] edit 52[3:2]
[1573821556227] right click on word 52.0.3 ('i')
[1573821715723] NEW SESSION
[1573821825205] left click on word 54.0.1 ('my')
[1573821825205] edit 54[1:4]
[1573821826291] left click on word 54.1.4 ('我')
[1573821826292] del 54.1.4 from 54[1:4]
[1573821826811] left click on word 54.1.1 ('我')
[1573821826812] del 54.1.1 from 54[7:1]
[1573821826813] add 54.1.1 to 54[1:]
[1573821826973] right click on word 54.1.1 ('我')
[1573821830441] right click on word 54.0.4 ('this')
[1573821830872] add 54.0.4 to 54[:]
[1573821830872] label 54[4:] as unaligned_reduction
[1573821831399] left click on word 54.0.5 ('rip')
[1573821831399] new alignment group
[1573821831399] add 54.0.5 to 54[:]
[1573821831954] left click on word 54.1.9 ('裂缝')
[1573821831954] add 54.1.9 to 54[5:]
[1573821832098] right click on word 54.1.9 ('裂缝')
[1573821843259] left click on word 54.0.6 ('in')
[1573821843259] new alignment group
[1573821843259] add 54.0.6 to 54[:]
[1573821843849] left click on word 54.1.8 ('的')
[1573821843849] add 54.1.8 to 54[6:]
[1573821844577] left click on word 54.0.6 ('in')
[1573821844577] del 54.0.6 from 54[6:8]
[1573821845192] left click on word 54.0.6 ('in')
[1573821845192] add 54.0.6 to 54[:8]
[1573821845831] left click on word 54.1.7 ('上')
[1573821845831] add 54.1.7 to 54[6:8]
[1573821845982] right click on word 54.1.7 ('上')
[1573821846483] left click on word 54.0.6 ('in')
[1573821846484] edit 54[6:8,7]
[1573821846867] left click on word 54.1.7 ('上')
[1573821846867] del 54.1.7 from 54[6:8,7]
[1573821847039] right click on word 54.1.7 ('上')
[1573821847039] add 54.1.7 to 54[6:8]
[1573821847938] left click on word 54.0.6 ('in')
[1573821847938] edit 54[6:8,7]
[1573821848285] left click on word 54.1.8 ('的')
[1573821848285] del 54.1.8 from 54[6:8,7]
[1573821848626] right click on word 54.0.6 ('in')
[1573821849811] left click on word 54.0.7 ('my')
[1573821849811] edit 54[7:]
[1573821850597] left click on word 54.1.4 ('我')
[1573821850597] add 54.1.4 to 54[7:]
[1573821850799] right click on word 54.1.4 ('我')
[1573821862557] left click on word 54.0.6 ('in')
[1573821862557] edit 54[6:7]
[1573821863808] right click on word 54.0.6 ('in')
[1573821864512] right click on word 54.1.8 ('的')
[1573821865641] add 54.1.8 to 54[:]
[1573821865641] label 54[:8] as unaligned_explicitation
[1573821871532] left click on word 54.0.12 ('raise')
[1573821871532] new alignment group
[1573821871532] add 54.0.12 to 54[:]
[1573821871894] left click on word 54.0.13 ('the')
[1573821871894] add 54.0.13 to 54[12:]
[1573821872374] left click on word 54.0.14 ('roof')
[1573821872374] add 54.0.14 to 54[12,13:]
[1573821872854] left click on word 54.1.13 ('非常')
[1573821872854] add 54.1.13 to 54[12,13,14:]
[1573821873181] left click on word 54.1.14 ('生气')
[1573821873181] add 54.1.14 to 54[12,13,14:13]
[1573821873339] right click on word 54.1.14 ('生气')
[1573821873610] right click on word 54.1.14 ('生气')
[1573821876342] label 54[12,13,14:13,14] as generalization
[1573821877292] left click on word 54.0.15 ('.')
[1573821877292] edit 54[15:15]
[1573821877606] right click on word 54.0.15 ('.')
[1573821937393] left click on word 56.0.0 ('The')
[1573821937393] new alignment group
[1573821937393] add 56.0.0 to 56[:]
[1573821937698] left click on word 56.0.1 ('platform')
[1573821937698] del 56.0.1 from 56[1:3]
[1573821937698] add 56.0.1 to 56[0:]
[1573821938208] left click on word 56.1.3 ('平台')
[1573821938208] del 56.1.3 from 56[:3]
[1573821938208] add 56.1.3 to 56[0,1:]
[1573821938386] right click on word 56.1.3 ('平台')
[1573821941906] left click on word 56.0.2 ('of')
[1573821941906] new alignment group
[1573821941906] add 56.0.2 to 56[:]
[1573821942540] left click on word 56.1.2 ('的')
[1573821942540] add 56.1.2 to 56[2:]
[1573821942707] right click on word 56.1.2 ('的')
[1573821943086] right click on word 56.1.2 ('的')
[1573821944264] label 56[2:2] as transposition
[1573821950791] left click on word 56.0.2 ('of')
[1573821950791] edit 56[2:2]
[1573821951178] left click on word 56.0.3 ('choice')
[1573821951178] del 56.0.3 from 56[3:1]
[1573821951178] add 56.0.3 to 56[2:2]
[1573821951800] left click on word 56.1.1 ('选择')
[1573821951800] del 56.1.1 from 56[:1]
[1573821951800] add 56.1.1 to 56[2,3:2]
[1573821951959] right click on word 56.1.1 ('选择')
[1573821955387] right click on word 56.1.4 ('则')
[1573821955978] add 56.1.4 to 56[:]
[1573821955978] label 56[:4] as unaligned_explicitation
[1573821986467] left click on word 56.0.6 ('Group')
[1573821986467] new alignment group
[1573821986467] add 56.0.6 to 56[:]
[1573821987603] left click on word 56.0.7 (''s')
[1573821987603] del 56.0.7 from 56[7:10]
[1573821987603] add 56.0.7 to 56[6:]
[1573821988231] left click on word 56.1.7 ('旗下')
[1573821988231] add 56.1.7 to 56[6,7:]
[1573821988908] left click on word 56.0.7 (''s')
[1573821988909] del 56.0.7 from 56[6,7:7]
[1573821988909] add 56.0.7 to 56[:10]
[1573821989229] right click on word 56.0.6 ('Group')
[1573821989700] right click on word 56.0.6 ('Group')
[1573821990673] label 56[6:7] as equivalence
[1573821993386] left click on word 56.0.7 (''s')
[1573821993386] edit 56[7:10]
[1573821994000] left click on word 56.1.8 ('的')
[1573821994000] add 56.1.8 to 56[7:10]
[1573821994764] left click on word 56.1.10 ('的')
[1573821994764] del 56.1.10 from 56[7:10,8]
[1573821995654] right click on word 56.1.8 ('的')
[1573821996167] left click on word 56.0.8 ('Taobao')
[1573821996167] new alignment group
[1573821996167] add 56.0.8 to 56[:]
[1573821997456] cancel edit
[1573821998817] left click on word 56.0.8 ('Taobao')
[1573821998817] new alignment group
[1573821998818] add 56.0.8 to 56[:]
[1573821999206] left click on word 56.1.9 ('淘宝网')
[1573821999206] add 56.1.9 to 56[8:]
[1573821999446] right click on word 56.1.9 ('淘宝网')
[1573822001332] right click on word 56.1.10 ('的')
[1573822001977] add 56.1.10 to 56[:]
[1573822001977] label 56[:10] as unaligned_explicitation
[1573822028406] NEW SESSION
[1573822032890] left click on word 56.0.12 ('marketplace')
[1573822032891] edit 56[12:21]
[1573822033508] left click on word 56.1.21 (')')
[1573822033508] del 56.1.21 from 56[12:21]
[1573822033846] left click on word 56.1.22 ('市场')
[1573822033846] del 56.1.22 from 56[13:22]
[1573822033846] add 56.1.22 to 56[12:]
[1573822034006] right click on word 56.1.22 ('市场')
[1573822035295] left click on word 56.0.13 ('.')
[1573822035295] edit 56[13:]
[1573822036332] left click on word 56.1.23 ('。')
[1573822036332] add 56.1.23 to 56[13:]
[1573822036505] right click on word 56.1.23 ('。')
[1573822038031] left click on word 56.1.14 ('(')
[1573822038031] new alignment group
[1573822038031] add 56.1.14 to 56[:]
[1573822038401] left click on word 56.1.15 ('电子商务')
[1573822038401] add 56.1.15 to 56[:14]
[1573822038864] left click on word 56.1.16 ('的')
[1573822038864] add 56.1.16 to 56[:14,15]
[1573822039231] left click on word 56.1.17 ('两')
[1573822039232] add 56.1.17 to 56[:14,15,16]
[1573822039844] left click on word 56.1.18 ('大')
[1573822039844] add 56.1.18 to 56[:14,15,16,17]
[1573822040184] left click on word 56.1.19 ('主要')
[1573822040184] add 56.1.19 to 56[:14,15,16,17,18]
[1573822040633] left click on word 56.1.20 ('形式')
[1573822040633] add 56.1.20 to 56[:14,15,16,17,18,19]
[1573822041271] left click on word 56.1.21 (')')
[1573822041271] add 56.1.21 to 56[:14,15,16,17,18,19,20]
[1573822041422] right click on word 56.1.21 (')')
[1573822041649] right click on word 56.1.21 (')')
[1573822042567] label 56[:14,15,16,17,18,19,20,21] as unaligned_reduction
[1573822043543] right click on word 56.1.20 ('形式')
[1573822044505] label 56[:14,15,16,17,18,19,20,21] as unaligned_explicitation
[1573822135495] left click on word 57.0.1 ('scored')
[1573822135495] new alignment group
[1573822135495] add 57.0.1 to 57[:]
[1573822136176] left click on word 57.1.8 ('砍下')
[1573822136176] add 57.1.8 to 57[1:]
[1573822136335] right click on word 57.1.8 ('砍下')
[1573822136710] right click on word 57.1.8 ('砍下')
[1573822137588] label 57[1:8] as particularization
[1573822303100] NEW SESSION
[1573822312195] left click on word 57.0.3 ('season-high')
[1573822312195] edit 57[3:10]
[1573822312992] left click on word 57.1.11 ('最高')
[1573822312993] del 57.1.11 from 57[5:11]
[1573822312993] add 57.1.11 to 57[3:10]
[1573822313171] right click on word 57.1.11 ('最高')
[1573822339754] NEW SESSION
[1573822344511] left click on word 57.0.3 ('season-high')
[1573822344512] edit 57[3:10,11]
[1573822345148] left click on word 57.1.9 ('本')
[1573822345148] add 57.1.9 to 57[3:10,11]
[1573822345325] right click on word 57.1.9 ('本')
[1573822346910] left click on word 57.0.4 ('21')
[1573822346910] new alignment group
[1573822346910] add 57.0.4 to 57[:]
[1573822347840] left click on word 57.1.13 ('21')
[1573822347840] add 57.1.13 to 57[4:]
[1573822348008] right click on word 57.1.13 ('21')
[1573822348567] left click on word 57.0.5 ('points')
[1573822348567] edit 57[5:]
[1573822349281] left click on word 57.1.14 ('分')
[1573822349281] del 57.1.14 from 57[9:14]
[1573822349283] add 57.1.14 to 57[5:]
[1573822349441] right click on word 57.1.14 ('分')
[1573822349971] left click on word 57.0.9 ('.')
[1573822349971] edit 57[9:3]
[1573822350449] left click on word 57.1.15 ('。')
[1573822350450] add 57.1.15 to 57[9:3]
[1573822351584] left click on word 57.1.3 ('费城')
[1573822351584] del 57.1.3 from 57[9:3,15]
[1573822352479] right click on word 57.1.15 ('。')
[1573822352964] left click on word 57.0.8 ('Philadelphia')
[1573822352964] edit 57[8:1]
[1573822354144] left click on word 57.1.1 ('周五')
[1573822354144] del 57.1.1 from 57[8:1]
[1573822354655] left click on word 57.1.3 ('费城')
[1573822354655] add 57.1.3 to 57[8:]
[1573822354845] right click on word 57.1.3 ('费城')
[1573822355823] left click on word 57.0.6 ('Friday')
[1573822355823] new alignment group
[1573822355823] add 57.0.6 to 57[:]
[1573822356430] left click on word 57.1.1 ('周五')
[1573822356431] add 57.1.1 to 57[6:]
[1573822356584] right click on word 57.1.1 ('周五')
[1573822368306] left click on word 57.0.7 ('at')
[1573822368306] new alignment group
[1573822368306] add 57.0.7 to 57[:]
[1573822368983] left click on word 57.1.2 ('对')
[1573822368983] add 57.1.2 to 57[7:]
[1573822369150] right click on word 57.1.2 ('对')
[1573822369441] right click on word 57.1.2 ('对')
[1573822372331] label 57[7:2] as uncertain
[1573822375134] right click on word 57.1.0 ('在')
[1573822378575] left click on word 57.1.0 ('在')
[1573822378575] new alignment group
[1573822378575] add 57.1.0 to 57[:]
[1573822380686] left click on word 57.1.4 ('的')
[1573822380686] add 57.1.4 to 57[:0]
[1573822381109] left click on word 57.1.5 ('比赛')
[1573822381109] add 57.1.5 to 57[:0,4]
[1573822381544] left click on word 57.1.6 ('中')
[1573822381544] add 57.1.6 to 57[:0,4,5]
[1573822381696] right click on word 57.1.6 ('中')
[1573822381946] right click on word 57.1.6 ('中')
[1573822382491] label 57[:0,4,5,6] as unaligned_explicitation
[1573822390370] left click on word 57.1.11 ('最高')
[1573822390370] edit 57[3:10,11,9]
[1573822390954] right click on word 57.1.12 ('的')
[1573822390954] add 57.1.12 to 57[3:10,11,9]
[1573822390976] left click on word 57.1.12 ('的')
[1573822390976] edit 57[3:10,11,9,12]
[1573822391915] right click on word 57.1.12 ('的')
[1573822431873] left click on word 58.0.1 ('recent')
[1573822431873] edit 58[1:0]
[1573822432283] left click on word 58.0.0 ('In')
[1573822432283] add 58.0.0 to 58[1:0]
[1573822432767] left click on word 58.0.2 ('years')
[1573822432767] del 58.0.2 from 58[2:2]
[1573822432768] add 58.0.2 to 58[1,0:0]
[1573822433303] left click on word 58.1.1 ('几')
[1573822433303] del 58.1.1 from 58[1:1]
[1573822433304] add 58.1.1 to 58[1,0,2:0]
[1573822433661] left click on word 58.1.2 ('年')
[1573822433661] del 58.1.2 from 58[:2]
[1573822433662] add 58.1.2 to 58[1,0,2:0,1]
[1573822434037] left click on word 58.1.3 ('来')
[1573822434037] add 58.1.3 to 58[1,0,2:0,1,2]
[1573822434216] right click on word 58.1.3 ('来')
[1573822439066] left click on word 58.0.5 ('has')
[1573822439067] new alignment group
[1573822439067] add 58.0.5 to 58[:]
[1573822439442] left click on word 58.0.6 ('placed')
[1573822439443] add 58.0.6 to 58[5:]
[1573822439837] left click on word 58.0.7 ('great')
[1573822439837] del 58.0.7 from 58[7:6]
[1573822439837] add 58.0.7 to 58[5,6:]
[1573822440316] left click on word 58.0.8 ('importance')
[1573822440316] del 58.0.8 from 58[8:7]
[1573822440317] add 58.0.8 to 58[5,6,7:]
[1573822440945] left click on word 58.0.9 ('on')
[1573822440945] add 58.0.9 to 58[5,6,7,8:]
[1573822442117] left click on word 58.1.6 ('非常')
[1573822442117] del 58.1.6 from 58[:6]
[1573822442117] add 58.1.6 to 58[5,6,7,8,9:]
[1573822442512] left click on word 58.1.7 ('重视')
[1573822442512] del 58.1.7 from 58[:7]
[1573822442513] add 58.1.7 to 58[5,6,7,8,9:6]
[1573822442688] right click on word 58.1.7 ('重视')
[1573822443101] right click on word 58.1.7 ('重视')
[1573822443836] label 58[5,6,7,8,9:6,7] as transposition
[1573822551049] left click on word 62.0.0 ('His')
[1573822551049] edit 62[0:2]
[1573822551771] left click on word 62.1.2 ('他')
[1573822551771] del 62.1.2 from 62[0:2]
[1573822552585] left click on word 62.1.7 ('他')
[1573822552585] del 62.1.7 from 62[0:7]
[1573822552585] add 62.1.7 to 62[0:]
[1573822552891] left click on word 62.1.8 ('的')
[1573822552891] add 62.1.8 to 62[0:7]
[1573822553049] right click on word 62.1.8 ('的')
[1573822558173] left click on word 62.0.3 ('generally')
[1573822558173] edit 62[3:15]
[1573822558475] right click on word 62.0.3 ('generally')
[1573822569704] left click on word 62.0.6 ('at')
[1573822569705] new alignment group
[1573822569705] add 62.0.6 to 62[:]
[1573822570173] left click on word 62.1.10 ('对')
[1573822570173] add 62.1.10 to 62[6:]
[1573822570294] right click on word 62.1.10 ('对')
[1573822584862] left click on word 62.0.9 ('by')
[1573822584862] new alignment group
[1573822584862] add 62.0.9 to 62[:]
[1573822585400] left click on word 62.0.10 ('the')
[1573822585400] add 62.0.10 to 62[9:]
[1573822585890] left click on word 62.0.11 ('end')
[1573822585890] add 62.0.11 to 62[9,10:]
[1573822586402] left click on word 62.0.12 ('of')
[1573822586402] add 62.0.12 to 62[9,10,11:]
[1573822587438] left click on word 62.1.0 ('在')
[1573822587438] add 62.1.0 to 62[9,10,11,12:]
[1573822587994] left click on word 62.1.1 ('完成')
[1573822587994] add 62.1.1 to 62[9,10,11,12:0]
[1573822588588] left click on word 62.1.5 ('之后')
[1573822588588] add 62.1.5 to 62[9,10,11,12:0,1]
[1573822588776] right click on word 62.1.5 ('之后')
[1573822589094] right click on word 62.1.5 ('之后')
[1573822589899] label 62[9,10,11,12:0,1,5] as equivalence
[1573822592880] right click on word 62.1.5 ('之后')
[1573822597011] label 62[9,10,11,12:0,1,5] as uncertain
[1573822610863] left click on word 62.0.13 ('his')
[1573822610863] new alignment group
[1573822610863] add 62.0.13 to 62[:]
[1573822611515] left click on word 62.1.2 ('他')
[1573822611515] add 62.1.2 to 62[13:]
[1573822611893] left click on word 62.1.3 ('的')
[1573822611893] add 62.1.3 to 62[13:2]
[1573822612063] right click on word 62.1.3 ('的')
[1573822615461] left click on word 62.0.16 ('which')
[1573822615461] new alignment group
[1573822615461] add 62.0.16 to 62[:]
[1573822615987] left click on word 62.1.20 ('这')
[1573822615987] add 62.1.20 to 62[16:]
[1573822616142] right click on word 62.1.20 ('这')
[1573822617234] left click on word 62.0.17 ('gives')
[1573822617235] edit 62[17:21]
[1573822617951] left click on word 62.1.22 ('了')
[1573822617951] add 62.1.22 to 62[17:21]
[1573822618109] right click on word 62.1.22 ('了')
[1573822621938] right click on word 62.1.18 ('了')
[1573822622418] add 62.1.18 to 62[:]
[1573822622419] label 62[:18] as unaligned_explicitation
[1573822623229] left click on word 62.0.15 (',')
[1573822623229] new alignment group
[1573822623229] add 62.0.15 to 62[:]
[1573822623841] left click on word 62.1.19 ('，')
[1573822623841] add 62.1.19 to 62[15:]
[1573822624002] right click on word 62.1.19 ('，')
[1573822626617] left click on word 62.1.13 ('的')
[1573822626617] new alignment group
[1573822626617] add 62.1.13 to 62[:]
[1573822627009] left click on word 62.1.14 ('理解')
[1573822627009] add 62.1.14 to 62[:13]
[1573822627164] right click on word 62.1.14 ('理解')
[1573822627442] right click on word 62.1.14 ('理解')
[1573822628277] label 62[:13,14] as unaligned_explicitation
[1573822778782] NEW SESSION
[1573822786804] left click on word 64.0.1 ('ten-stringed')
[1573822786805] new alignment group
[1573822786805] add 64.0.1 to 64[:]
[1573822787472] left click on word 64.1.3 ('十弦')
[1573822787472] add 64.1.3 to 64[1:]
[1573822787641] right click on word 64.1.3 ('十弦')
[1573822788455] left click on word 64.0.2 ('mandolin')
[1573822788455] new alignment group
[1573822788455] add 64.0.2 to 64[:]
[1573822789071] right click on word 64.1.4 ('曼陀林')
[1573822789072] add 64.1.4 to 64[2:]
[1573822791038] left click on word 64.0.4 ('Andean')
[1573822791038] new alignment group
[1573822791038] add 64.0.4 to 64[:]
[1573822791753] right click on word 64.1.0 ('安第斯山脉')
[1573822791753] add 64.1.0 to 64[4:]
[1573822792589] left click on word 64.0.5 ('regions')
[1573822792589] new alignment group
[1573822792589] add 64.0.5 to 64[:]
[1573822793183] right click on word 64.1.1 ('地区')
[1573822793183] add 64.1.1 to 64[5:]
[1573822793941] left click on word 64.0.3 ('of')
[1573822793941] new alignment group
[1573822793941] add 64.0.3 to 64[:]
[1573822794585] right click on word 64.1.2 ('的')
[1573822794585] add 64.1.2 to 64[3:]
[1573822796189] left click on word 64.0.2 ('mandolin')
[1573822796190] edit 64[2:4]
[1573822796976] left click on word 64.0.0 ('A')
[1573822796976] add 64.0.0 to 64[2:4]
[1573822797161] right click on word 64.0.0 ('A')
[1573822804701] left click on word 64.0.7 ('a')
[1573822804701] new alignment group
[1573822804701] add 64.0.7 to 64[:]
[1573822805020] left click on word 64.0.8 ('sound')
[1573822805020] add 64.0.8 to 64[7:]
[1573822805599] left click on word 64.0.9 ('box')
[1573822805599] add 64.0.9 to 64[7,8:]
[1573822806358] right click on word 64.1.7 ('音箱')
[1573822806358] add 64.1.7 to 64[7,8,9:]
[1573822818112] right click on word 64.1.6 ('其')
[1573822818749] add 64.1.6 to 64[:]
[1573822818749] label 64[:6] as unaligned_explicitation
[1573822819232] right click on word 64.1.8 ('部分')
[1573822819715] add 64.1.8 to 64[:]
[1573822819716] label 64[:8] as unaligned_explicitation
[1573822820893] left click on word 64.0.10 ('traditionally')
[1573822820893] new alignment group
[1573822820893] add 64.0.10 to 64[:]
[1573822821711] left click on word 64.1.10 ('传统')
[1573822821711] add 64.1.10 to 64[10:]
[1573822822298] left click on word 64.1.11 ('上')
[1573822822298] add 64.1.11 to 64[10:10]
[1573822822450] right click on word 64.1.11 ('上')
[1573822830472] left click on word 64.0.11 ('fashioned')
[1573822830472] new alignment group
[1573822830472] add 64.0.11 to 64[:]
[1573822831879] left click on word 64.1.12 ('取材')
[1573822831879] add 64.1.12 to 64[11:]
[1573822832060] right click on word 64.1.12 ('取材')
[1573822832498] right click on word 64.1.12 ('取材')
[1573822833730] label 64[11:12] as modulation
[1573822845514] left click on word 64.0.12 ('from')
[1573822845514] new alignment group
[1573822845514] add 64.0.12 to 64[:]
[1573822846416] left click on word 64.1.13 ('自')
[1573822846416] add 64.1.13 to 64[12:]
[1573822846570] right click on word 64.1.13 ('自')
[1573822848599] left click on word 64.0.13 ('the')
[1573822848599] new alignment group
[1573822848599] add 64.0.13 to 64[:]
[1573822849014] left click on word 64.0.14 ('shell')
[1573822849014] add 64.0.14 to 64[13:]
[1573822849906] right click on word 64.1.15 ('壳')
[1573822849906] add 64.1.15 to 64[13,14:]
[1573822861671] left click on word 64.0.16 ('an')
[1573822861671] new alignment group
[1573822861671] add 64.0.16 to 64[:]
[1573822862035] left click on word 64.0.17 ('armadillo')
[1573822862035] add 64.0.17 to 64[16:]
[1573822862909] right click on word 64.1.14 ('犰狳')
[1573822862910] add 64.1.14 to 64[16,17:]
[1573822865821] left click on word 64.0.18 ('or')
[1573822865821] new alignment group
[1573822865821] add 64.0.18 to 64[:]
[1573822866617] cancel edit
[1573822867231] right click on word 64.1.16 ('或')
[1573822868487] left click on word 64.0.18 ('or')
[1573822868487] new alignment group
[1573822868487] add 64.0.18 to 64[:]
[1573822869313] right click on word 64.1.16 ('或')
[1573822869313] add 64.1.16 to 64[18:]
[1573822870389] left click on word 64.0.19 ('tortoise')
[1573822870389] new alignment group
[1573822870389] add 64.0.19 to 64[:]
[1573822871371] right click on word 64.1.17 ('乌龟')
[1573822871371] add 64.1.17 to 64[19:]
[1573822871673] right click on word 64.1.17 ('乌龟')
[1573822873173] label 64[19:17] as generalization
[1573822884842] right click on word 64.0.19 ('tortoise')
[1573822885637] label 64[19:17] as literal
[1573822887904] left click on word 64.0.14 ('shell')
[1573822887905] edit 64[13,14:15]
[1573822888858] right click on word 64.1.18 ('壳')
[1573822888859] add 64.1.18 to 64[13,14:15]
[1573822893732] left click on word 64.0.20 (',')
[1573822893732] new alignment group
[1573822893732] add 64.0.20 to 64[:]
[1573822894792] right click on word 64.1.19 ('，')
[1573822894792] add 64.1.19 to 64[20:]
[1573822895525] left click on word 64.0.21 ('now')
[1573822895525] new alignment group
[1573822895525] add 64.0.21 to 64[:]
[1573822896395] right click on word 64.1.21 ('今日')
[1573822896395] add 64.1.21 to 64[21:]
[1573822904610] right click on word 64.0.21 ('now')
[1573822906460] right click on word 64.0.21 ('now')
[1573822907096] label 64[21:21] as equivalence
[1573822909186] left click on word 64.0.22 ('also')
[1573822909186] new alignment group
[1573822909186] add 64.0.22 to 64[:]
[1573822909972] right click on word 64.1.22 ('也')
[1573822909972] add 64.1.22 to 64[22:]
[1573822910809] right click on word 64.1.20 ('但')
[1573822912137] right click on word 64.1.20 ('但')
[1573822912688] add 64.1.20 to 64[:]
[1573822912688] label 64[:20] as unaligned_explicitation
[1573822917358] left click on word 64.0.23 ('made')
[1573822917358] new alignment group
[1573822917358] add 64.0.23 to 64[:]
[1573822917934] left click on word 64.0.24 ('of')
[1573822917934] add 64.0.24 to 64[23:]
[1573822918302] left click on word 64.0.25 ('wood')
[1573822918302] add 64.0.25 to 64[23,24:]
[1573822919319] left click on word 64.1.24 ('木')
[1573822919319] add 64.1.24 to 64[23,24,25:]
[1573822919736] left click on word 64.1.25 ('制')
[1573822919736] add 64.1.25 to 64[23,24,25:24]
[1573822922421] right click on word 64.1.25 ('制')
[1573822924785] right click on word 64.1.23 ('有')
[1573822925387] add 64.1.23 to 64[:]
[1573822925388] label 64[:23] as unaligned_explicitation
[1573822925982] right click on word 64.1.26 ('的')
[1573822926592] add 64.1.26 to 64[:]
[1573822926592] label 64[:26] as unaligned_explicitation
[1573822927641] left click on word 64.0.26 ('.')
[1573822927641] new alignment group
[1573822927641] add 64.0.26 to 64[:]
[1573822928736] left click on word 64.1.27 ('。')
[1573822928736] add 64.1.27 to 64[26:]
[1573822929071] right click on word 64.1.27 ('。')
[1573823021363] left click on word 66.0.0 ('Gen.')
[1573823021363] new alignment group
[1573823021363] add 66.0.0 to 66[:]
[1573823022113] left click on word 66.1.1 ('将军')
[1573823022113] add 66.1.1 to 66[0:]
[1573823022302] right click on word 66.1.1 ('将军')
[1573823023678] left click on word 66.0.1 ('Clark')
[1573823023678] edit 66[1:0]
[1573823024026] right click on word 66.0.1 ('Clark')
[1573823024884] left click on word 66.0.2 (':')
[1573823024884] new alignment group
[1573823024884] add 66.0.2 to 66[:]
[1573823025520] left click on word 66.1.2 ('：')
[1573823025521] add 66.1.2 to 66[2:]
[1573823025686] right click on word 66.1.2 ('：')
[1573823042705] right click on word 66.0.7 ('from')
[1573823043310] add 66.0.7 to 66[:]
[1573823043310] label 66[7:] as unaligned_reduction
[1573823044361] left click on word 66.0.8 ('my')
[1573823044361] edit 66[8:6]
[1573823044910] left click on word 66.1.7 ('的')
[1573823044910] add 66.1.7 to 66[8:6]
[1573823045079] right click on word 66.1.7 ('的')
[1573823045969] left click on word 66.0.9 ('students')
[1573823045969] edit 66[9:8]
[1573823046680] right click on word 66.1.9 ('们')
[1573823046680] del 66.1.9 from 66[11:9]
[1573823046680] add 66.1.9 to 66[9:8]
[1573823048901] left click on word 66.0.7 ('from')
[1573823048902] edit 66[7:]
[1573823049787] left click on word 66.1.10 ('的')
[1573823049787] add 66.1.10 to 66[7:]
[1573823049957] right click on word 66.1.10 ('的')
[1573823050216] right click on word 66.1.10 ('的')
[1573823050875] label 66[7:10] as transposition
[1573823058150] left click on word 66.0.12 ('have')
[1573823058150] edit 66[12:16]
[1573823058682] left click on word 66.1.16 ('都')
[1573823058682] del 66.1.16 from 66[12:16]
[1573823060009] left click on word 66.0.13 ('done')
[1573823060009] del 66.0.13 from 66[13:14]
[1573823060010] add 66.0.13 to 66[12:]
[1573823060477] left click on word 66.1.14 ('干')
[1573823060478] del 66.1.14 from 66[:14]
[1573823060478] add 66.1.14 to 66[12,13:]
[1573823060867] left click on word 66.1.15 ('得')
[1573823060867] add 66.1.15 to 66[12,13:14]
[1573823061029] right click on word 66.1.15 ('得')
[1573823061274] right click on word 66.1.15 ('得')
[1573823062221] label 66[12,13:14,15] as lexical_shift
[1573823066793] right click on word 66.1.16 ('都')
[1573823067341] add 66.1.16 to 66[:]
[1573823067341] label 66[:16] as unaligned_explicitation
[1573823107432] left click on word 67.0.1 (',')
[1573823107432] new alignment group
[1573823107432] add 67.0.1 to 67[:]
[1573823108103] right click on word 67.1.1 ('，')
[1573823108104] add 67.1.1 to 67[1:]
[1573823110439] right click on word 67.0.1 (',')
[1573823110856] del 67.0.1 from 67[1:1]
[1573823111575] left click on word 67.0.3 (',')
[1573823111575] new alignment group
[1573823111575] add 67.0.3 to 67[:]
[1573823112286] left click on word 67.1.1 ('，')
[1573823112286] del 67.1.1 from 67[:1]
[1573823112286] add 67.1.1 to 67[3:]
[1573823112465] right click on word 67.1.1 ('，')
[1573823118583] left click on word 67.0.5 ('want')
[1573823118583] edit 67[5:5]
[1573823119223] left click on word 67.0.6 ('to')
[1573823119223] add 67.0.6 to 67[5:5]
[1573823119945] left click on word 67.1.4 ('想')
[1573823119945] del 67.1.4 from 67[5:4]
[1573823119945] add 67.1.4 to 67[5,6:5]
[1573823120105] right click on word 67.1.4 ('想')
[1573823123058] left click on word 67.0.8 ('them')
[1573823123058] edit 67[8:13]
[1573823123889] left click on word 67.1.13 ('他们')
[1573823123889] del 67.1.13 from 67[8:13]
[1573823124669] left click on word 67.1.7 ('他们')
[1573823124669] del 67.1.7 from 67[8:7]
[1573823124669] add 67.1.7 to 67[8:]
[1573823124891] right click on word 67.1.7 ('他们')
[1573823126083] left click on word 67.0.9 ('something')
[1573823126083] edit 67[9:9]
[1573823126781] left click on word 67.1.8 ('什么')
[1573823126781] add 67.1.8 to 67[9:9]
[1573823126960] right click on word 67.1.8 ('什么')
[1573823127874] left click on word 67.0.10 (',')
[1573823127874] new alignment group
[1573823127874] add 67.0.10 to 67[:]
[1573823128394] left click on word 67.1.10 ('，')
[1573823128394] add 67.1.10 to 67[10:]
[1573823128560] right click on word 67.1.10 ('，')
[1573823130403] left click on word 67.0.11 ('give')
[1573823130403] edit 67[11:15]
[1573823131553] left click on word 67.1.15 ('给')
[1573823131553] del 67.1.15 from 67[11:15]
[1573823132376] left click on word 67.1.12 ('给')
[1573823132376] del 67.1.12 from 67[11:12]
[1573823132376] add 67.1.12 to 67[11:]
[1573823132521] right click on word 67.1.12 ('给')
[1573823137187] left click on word 67.0.11 ('give')
[1573823137187] edit 67[11:12]
[1573823137663] left click on word 67.0.12 ('no')
[1573823137663] del 67.0.12 from 67[12:11]
[1573823137663] add 67.0.12 to 67[11:12]
[1573823138017] left click on word 67.0.13 ('more')
[1573823138017] add 67.0.13 to 67[11,12:12]
[1573823138637] left click on word 67.1.11 ('别')
[1573823138637] del 67.1.11 from 67[:11]
[1573823138637] add 67.1.11 to 67[11,12,13:12]
[1573823139290] left click on word 67.1.14 ('超过')
[1573823139290] del 67.1.14 from 67[14:14]
[1573823139290] add 67.1.14 to 67[11,12,13:12,11]
[1573823139473] right click on word 67.1.14 ('超过')
[1573823140220] right click on word 67.1.14 ('超过')
[1573823146011] left click on word 67.0.11 ('give')
[1573823146011] edit 67[11,12,13:12,11,14]
[1573823146764] left click on word 67.0.11 ('give')
[1573823146764] del 67.0.11 from 67[11,12,13:12,11,14]
[1573823147312] left click on word 67.1.12 ('给')
[1573823147312] del 67.1.12 from 67[12,13:12,11,14]
[1573823147868] right click on word 67.1.14 ('超过')
[1573823149064] right click on word 67.1.14 ('超过')
[1573823150056] label 67[12,13:11,14] as equivalence
[1573823151293] left click on word 67.0.11 ('give')
[1573823151293] new alignment group
[1573823151293] add 67.0.11 to 67[:]
[1573823151752] left click on word 67.1.12 ('给')
[1573823151752] add 67.1.12 to 67[11:]
[1573823151924] right click on word 67.1.12 ('给')
[1573823152332] right click on word 67.1.13 ('他们')
[1573823152953] add 67.1.13 to 67[:]
[1573823152953] label 67[:13] as unaligned_explicitation
[1573823155900] left click on word 67.0.14 ('than')
[1573823155900] edit 67[14:]
[1573823157616] cancel edit
[1573823160502] left click on word 67.0.13 ('more')
[1573823160502] edit 67[12,13:11,14]
[1573823160890] cancel edit
[1573823161482] left click on word 67.0.13 ('more')
[1573823161482] edit 67[12,13:11,14]
[1573823161974] left click on word 67.0.14 ('than')
[1573823161974] del 67.0.14 from 67[14:]
[1573823161974] add 67.0.14 to 67[12,13:11,14]
[1573823162136] right click on word 67.0.14 ('than')
[1573823163314] left click on word 67.0.15 ('alms')
[1573823163314] edit 67[15:18]
[1573823163956] left click on word 67.1.15 ('给')
[1573823163956] add 67.1.15 to 67[15:18]
[1573823164358] left click on word 67.1.16 ('乞丐')
[1573823164358] add 67.1.16 to 67[15:18,15]
[1573823164748] left click on word 67.1.17 ('的')
[1573823164748] add 67.1.17 to 67[15:18,15,16]
[1573823164945] right click on word 67.1.17 ('的')
[1573823165204] right click on word 67.1.17 ('的')
[1573823166537] label 67[15:18,15,16,17] as generalization
[1573823185436] left click on word 67.0.16 (',')
[1573823185436] new alignment group
[1573823185436] add 67.0.16 to 67[:]
[1573823187181] left click on word 67.1.19 ('，')
[1573823187182] add 67.1.19 to 67[16:]
[1573823187341] right click on word 67.1.19 ('，')
[1573823233074] left click on word 67.0.21 ('for')
[1573823233074] new alignment group
[1573823233074] add 67.0.21 to 67[:]
[1573823233505] left click on word 67.0.22 ('that')
[1573823233505] add 67.0.22 to 67[21:]
[1573823233978] left click on word 67.1.25 ('才能')
[1573823233978] add 67.1.25 to 67[21,22:]
[1573823234412] left click on word 67.1.26 ('得到')
[1573823234412] add 67.1.26 to 67[21,22:25]
[1573823234589] right click on word 67.1.26 ('得到')
[1573823234951] right click on word 67.1.26 ('得到')
[1573823235928] label 67[21,22:25,26] as modulation_transposition
[1573823236885] right click on word 67.1.26 ('得到')
[1573823237792] label 67[21,22:25,26] as modulation
[1573823238505] left click on word 67.0.23 ('!')
[1573823238505] new alignment group
[1573823238505] add 67.0.23 to 67[:]
[1573823239286] left click on word 67.1.27 ('！')
[1573823239286] add 67.1.27 to 67[23:]
[1573823239456] right click on word 67.1.27 ('！')
[1573823315093] left click on word 68.0.3 ('may')
[1573823315093] new alignment group
[1573823315093] add 68.0.3 to 68[:]
[1573823315641] left click on word 68.0.4 ('help')
[1573823315641] del 68.0.4 from 68[4:2]
[1573823315641] add 68.0.4 to 68[3:]
[1573823316125] left click on word 68.1.2 ('有助于')
[1573823316125] del 68.1.2 from 68[:2]
[1573823316125] add 68.1.2 to 68[3,4:]
[1573823316277] right click on word 68.1.2 ('有助于')
[1573823317282] left click on word 68.0.3 ('may')
[1573823317282] edit 68[3,4:2]
[1573823317586] left click on word 68.0.3 ('may')
[1573823317586] del 68.0.3 from 68[3,4:2]
[1573823317969] right click on word 68.0.4 ('help')
[1573823318441] right click on word 68.0.3 ('may')
[1573823319009] add 68.0.3 to 68[:]
[1573823319009] label 68[3:] as unaligned_reduction
[1573823320228] left click on word 68.0.5 ('tame')
[1573823320228] new alignment group
[1573823320229] add 68.0.5 to 68[:]
[1573823320725] left click on word 68.1.3 ('解决')
[1573823320725] add 68.1.3 to 68[5:]
[1573823320887] right click on word 68.1.3 ('解决')
[1573823321143] right click on word 68.1.3 ('解决')
[1573823323685] label 68[5:3] as generalization
[1573823350094] left click on word 68.0.6 ('the')
[1573823350094] new alignment group
[1573823350094] add 68.0.6 to 68[:]
[1573823350488] left click on word 68.0.7 ('tangle')
[1573823350489] add 68.0.7 to 68[6:]
[1573823351052] left click on word 68.1.6 ('困惑')
[1573823351052] add 68.1.6 to 68[6,7:]
[1573823351253] right click on word 68.1.6 ('困惑')
[1573823351544] right click on word 68.1.6 ('困惑')
[1573823353178] label 68[6,7:6] as modulation
[1573823354238] left click on word 68.0.8 ('of')
[1573823354238] new alignment group
[1573823354238] add 68.0.8 to 68[:]
[1573823354884] left click on word 68.1.5 ('的')
[1573823354884] add 68.1.5 to 68[8:]
[1573823355023] right click on word 68.1.5 ('的')
[1573823357673] left click on word 68.0.10 (',')
[1573823357674] new alignment group
[1573823357674] add 68.0.10 to 68[:]
[1573823358452] left click on word 68.1.7 ('，')
[1573823358452] add 68.1.7 to 68[10:]
[1573823358602] right click on word 68.1.7 ('，')
[1573823363013] right click on word 68.0.11 ('they')
[1573823363532] del 68.0.11 from 68[11:9]
[1573823365857] left click on word 68.0.11 ('they')
[1573823365857] new alignment group
[1573823365857] add 68.0.11 to 68[:]
[1573823366229] left click on word 68.0.12 ('suffer')
[1573823366229] del 68.0.12 from 68[12:11]
[1573823366229] add 68.0.12 to 68[11:]
[1573823366627] cancel edit
[1573823366627] add 68.0.12 to 68[:11]
[1573823367764] left click on word 68.0.11 ('they')
[1573823367764] new alignment group
[1573823367764] add 68.0.11 to 68[:]
[1573823368112] left click on word 68.0.12 ('suffer')
[1573823368112] del 68.0.12 from 68[12:11]
[1573823368112] add 68.0.12 to 68[11:]
[1573823368458] left click on word 68.0.13 ('from')
[1573823368458] add 68.0.13 to 68[11,12:]
[1573823369117] left click on word 68.1.9 ('却')
[1573823369117] del 68.1.9 from 68[:9]
[1573823369118] add 68.1.9 to 68[11,12,13:]
[1573823369924] left click on word 68.1.11 ('面临')
[1573823369924] del 68.1.11 from 68[:11]
[1573823369924] add 68.1.11 to 68[11,12,13:9]
[1573823370193] right click on word 68.1.11 ('面临')
[1573823370583] right click on word 68.1.11 ('面临')
[1573823371707] label 68[11,12,13:9,11] as modulation
[1573823372244] left click on word 68.1.11 ('面临')
[1573823372244] edit 68[11,12,13:9,11]
[1573823372828] left click on word 68.1.10 ('要')
[1573823372828] add 68.1.10 to 68[11,12,13:9,11]
[1573823372989] right click on word 68.1.10 ('要')
[1573823378362] left click on word 68.0.15 ('major')
[1573823378363] edit 68[15:14]
[1573823379226] left click on word 68.1.15 ('的')
[1573823379226] add 68.1.15 to 68[15:14]
[1573823379373] right click on word 68.1.15 ('的')
[1573823385381] left click on word 68.0.17 (':')
[1573823385381] new alignment group
[1573823385381] add 68.0.17 to 68[:]
[1573823386231] left click on word 68.1.17 ('：')
[1573823386231] add 68.1.17 to 68[17:]
[1573823386385] right click on word 68.1.17 ('：')
