[1573826924311] NEW SESSION
[1573827383103] left click on word 51.0.6 ('BIND')
[1573827383103] new alignment group
[1573827383103] add 51.0.6 to 51[:]
[1573827383865] right click on word 51.1.0 ('BIND')
[1573827383865] add 51.1.0 to 51[6:]
[1573827384743] left click on word 51.0.5 ('in')
[1573827384743] new alignment group
[1573827384743] add 51.0.5 to 51[:]
[1573827385517] right click on word 51.1.1 ('中')
[1573827385517] add 51.1.1 to 51[5:]
[1573827386605] left click on word 51.0.2 ('have')
[1573827386605] edit 51[2:2]
[1573827387018] left click on word 51.0.3 ('been')
[1573827387018] add 51.0.3 to 51[2:2]
[1573827387740] right click on word 51.1.2 ('已经')
[1573827395894] left click on word 51.0.4 ('reported')
[1573827395895] edit 51[4:3]
[1573827396614] right click on word 51.1.4 ('了')
[1573827396614] add 51.1.4 to 51[4:3]
[1573827399029] left click on word 51.0.0 ('Two')
[1573827399029] edit 51[0:6]
[1573827399907] left click on word 51.1.6 ('个')
[1573827399907] del 51.1.6 from 51[0:6]
[1573827400276] left click on word 51.1.5 ('多')
[1573827400277] add 51.1.5 to 51[0:]
[1573827400700] right click on word 51.1.5 ('多')
[1573827401070] right click on word 51.1.5 ('多')
[1573827402544] label 51[0:5] as translation_error
[1573827403906] right click on word 51.1.6 ('个')
[1573827404386] add 51.1.6 to 51[:]
[1573827404387] label 51[:6] as unaligned_explicitation
[1573827405426] left click on word 51.0.1 ('vulnerabilities')
[1573827405426] new alignment group
[1573827405426] add 51.0.1 to 51[:]
[1573827406038] right click on word 51.1.7 ('漏洞')
[1573827406038] add 51.1.7 to 51[1:]
[1573827407602] right click on word 51.1.7 ('漏洞')
[1573827408576] label 51[1:7] as modulation
[1573827432812] right click on word 51.0.1 ('vulnerabilities')
[1573827433542] del 51.0.1 from 51[1:7]
[1573827434183] right click on word 51.0.1 ('vulnerabilities')
[1573827435355] left click on word 51.0.1 ('vulnerabilities')
[1573827435355] new alignment group
[1573827435355] add 51.0.1 to 51[:]
[1573827436002] right click on word 51.1.7 ('漏洞')
[1573827436003] del 51.1.7 from 51[:7]
[1573827436003] add 51.1.7 to 51[1:]
[1573827476820] left click on word 51.0.7 ('that')
[1573827476821] new alignment group
[1573827476821] add 51.0.7 to 51[:]
[1573827477510] left click on word 51.1.9 ('这些')
[1573827477510] add 51.1.9 to 51[7:]
[1573827477728] right click on word 51.1.9 ('这些')
[1573827503629] left click on word 51.0.7 ('that')
[1573827503630] edit 51[7:9]
[1573827504209] left click on word 51.1.10 ('漏洞')
[1573827504209] add 51.1.10 to 51[7:9]
[1573827504387] right click on word 51.1.10 ('漏洞')
[1573827505909] right click on word 51.1.10 ('漏洞')
[1573827510671] right click on word 51.1.10 ('漏洞')
[1573827511533] label 51[7:9,10] as modulation
[1573827520194] right click on word 51.0.7 ('that')
[1573827520790] del 51.0.7 from 51[7:9,10]
[1573827521830] left click on word 51.1.9 ('这些')
[1573827521830] edit 51[:9,10]
[1573827522466] left click on word 51.1.10 ('漏洞')
[1573827522466] del 51.1.10 from 51[:9,10]
[1573827522624] right click on word 51.1.10 ('漏洞')
[1573827522624] add 51.1.10 to 51[:9]
[1573827522946] right click on word 51.1.10 ('漏洞')
[1573827523634] label 51[:9,10] as unaligned_explicitation
[1573827525842] left click on word 51.0.8 ('could')
[1573827525843] edit 51[8:11]
[1573827526327] right click on word 51.0.8 ('could')
[1573827527172] left click on word 51.0.8 ('could')
[1573827527172] edit 51[8:11]
[1573827527740] right click on word 51.0.8 ('could')
[1573827528728] left click on word 51.0.9 ('be')
[1573827528729] new alignment group
[1573827528729] add 51.0.9 to 51[:]
[1573827529070] left click on word 51.0.10 ('used')
[1573827529070] del 51.0.10 from 51[10:12]
[1573827529070] add 51.0.10 to 51[9:]
[1573827529611] left click on word 51.0.11 ('to')
[1573827529611] add 51.0.11 to 51[9,10:]
[1573827530170] right click on word 51.1.12 ('用于')
[1573827530170] del 51.1.12 from 51[:12]
[1573827530170] add 51.1.12 to 51[9,10,11:]
[1573827533750] left click on word 51.0.12 ('cause')
[1573827533750] edit 51[12:18]
[1573827534102] right click on word 51.0.12 ('cause')
[1573827536494] left click on word 51.0.13 ('a')
[1573827536494] new alignment group
[1573827536494] add 51.0.13 to 51[:]
[1573827536842] left click on word 51.0.14 ('denial')
[1573827536842] del 51.0.14 from 51[14:19]
[1573827536843] add 51.0.14 to 51[13:]
[1573827537442] left click on word 51.1.19 ('拒绝')
[1573827537442] del 51.1.19 from 51[:19]
[1573827537442] add 51.1.19 to 51[13,14:]
[1573827538296] right click on word 51.1.19 ('拒绝')
[1573827542876] right click on word 51.1.19 ('拒绝')
[1573827544596] label 51[13,14:19] as transposition
[1573827545143] left click on word 51.1.19 ('拒绝')
[1573827545144] edit 51[13,14:19]
[1573827545687] left click on word 51.0.15 ('of')
[1573827545688] add 51.0.15 to 51[13,14:19]
[1573827545837] right click on word 51.0.15 ('of')
[1573827550588] left click on word 51.0.17 ('in')
[1573827550588] new alignment group
[1573827550588] add 51.0.17 to 51[:]
[1573827551548] left click on word 51.1.13 ('在')
[1573827551548] add 51.1.13 to 51[17:]
[1573827552863] right click on word 51.1.17 ('中')
[1573827552863] add 51.1.17 to 51[17:13]
[1573827568929] left click on word 51.0.18 ('the')
[1573827568929] new alignment group
[1573827568929] add 51.0.18 to 51[:]
[1573827569487] left click on word 51.0.20 ('daemon')
[1573827569487] add 51.0.20 to 51[18:]
[1573827570115] left click on word 51.1.15 ('守护')
[1573827570115] add 51.1.15 to 51[18,20:]
[1573827570460] left click on word 51.1.16 ('程序')
[1573827570461] add 51.1.16 to 51[18,20:15]
[1573827570642] right click on word 51.1.16 ('程序')
[1573827650318] left click on word 53.0.12 ('accounts')
[1573827650319] new alignment group
[1573827650319] add 53.0.12 to 53[:]
[1573827650953] right click on word 53.1.12 ('帐户')
[1573827650954] add 53.1.12 to 53[12:]
[1573827661805] left click on word 53.0.15 ('files')
[1573827661805] new alignment group
[1573827661805] add 53.0.15 to 53[:]
[1573827662424] right click on word 53.1.18 ('文件')
[1573827662424] add 53.1.18 to 53[15:]
[1573827664096] left click on word 53.0.17 ('directories')
[1573827664096] new alignment group
[1573827664096] add 53.0.17 to 53[:]
[1573827664776] right click on word 53.1.20 ('目录')
[1573827664776] add 53.1.20 to 53[17:]
[1573827667290] left click on word 53.0.20 ('backup')
[1573827667290] edit 53[20:15]
[1573827667845] right click on word 53.0.19 ('a')
[1573827667845] add 53.0.19 to 53[20:15]
[1573827668918] left click on word 53.0.18 ('from')
[1573827668918] edit 53[18:14]
[1573827669845] left click on word 53.1.16 ('中')
[1573827669845] add 53.1.16 to 53[18:14]
[1573827669994] right click on word 53.1.16 ('中')
[1573827674379] left click on word 53.0.9 ('policy')
[1573827674379] edit 53[9:8]
[1573827675153] right click on word 53.0.0 ('The')
[1573827675153] add 53.0.0 to 53[9:8]
[1573827678167] left click on word 53.0.3 ('``')
[1573827678167] new alignment group
[1573827678167] add 53.0.3 to 53[:]
[1573827679093] right click on word 53.1.0 ('“')
[1573827679093] add 53.1.0 to 53[3:]
[1573827681022] left click on word 53.0.5 ('files')
[1573827681022] new alignment group
[1573827681022] add 53.0.5 to 53[:]
[1573827681713] right click on word 53.1.2 ('文件')
[1573827681713] add 53.1.2 to 53[5:]
[1573827683032] left click on word 53.0.7 ('directories')
[1573827683032] new alignment group
[1573827683032] add 53.0.7 to 53[:]
[1573827683664] right click on word 53.1.4 ('目录')
[1573827683664] add 53.1.4 to 53[7:]
[1573827684525] left click on word 53.0.8 ('''')
[1573827684525] new alignment group
[1573827684525] add 53.0.8 to 53[:]
[1573827685407] right click on word 53.1.5 ('”')
[1573827685407] add 53.1.5 to 53[8:]
[1573827744359] right click on word 54.0.1 ('If')
[1573827745329] label 54[1:0] as modulation
[1573827753785] right click on word 54.0.5 ('downtown')
[1573827754325] add 54.0.5 to 54[:]
[1573827754325] label 54[5:] as unaligned_reduction
[1573827761041] left click on word 54.0.10 ('convenient')
[1573827761041] edit 54[10:14]
[1573827761489] left click on word 54.1.14 ('便利')
[1573827761489] del 54.1.14 from 54[10:14]
[1573827762403] left click on word 54.1.3 ('近便')
[1573827762403] add 54.1.3 to 54[10:]
[1573827762645] right click on word 54.1.3 ('近便')
[1573827766144] right click on word 54.0.9 ('more')
[1573827766629] add 54.0.9 to 54[:]
[1573827766629] label 54[9:] as unaligned_reduction
[1573827801640] NEW SESSION
[1573827805876] left click on word 54.0.10 ('convenient')
[1573827805877] edit 54[10:3]
[1573827806737] left click on word 54.1.3 ('近')
[1573827806737] del 54.1.3 from 54[10:3]
[1573827807380] left click on word 54.1.4 ('便')
[1573827807380] add 54.1.4 to 54[10:]
[1573827807534] right click on word 54.1.4 ('便')
[1573827810668] left click on word 54.0.10 ('convenient')
[1573827810668] edit 54[10:4]
[1573827814457] right click on word 54.0.10 ('convenient')
[1573827816356] left click on word 54.1.4 ('便')
[1573827816356] edit 54[10:4]
[1573827816849] right click on word 54.1.4 ('便')
[1573827817502] right click on word 54.1.3 ('近')
[1573827818120] add 54.1.3 to 54[:]
[1573827818121] label 54[:3] as unaligned_explicitation
[1573827819561] left click on word 54.1.5 ('的')
[1573827819561] edit 54[6:5]
[1573827820481] left click on word 54.1.5 ('的')
[1573827820482] del 54.1.5 from 54[6:5]
[1573827820939] right click on word 54.1.6 ('分店')
[1573827820939] del 54.1.6 from 54[13:6]
[1573827820939] add 54.1.6 to 54[6:]
[1573827824839] left click on word 54.0.2 ('one')
[1573827824839] new alignment group
[1573827824839] add 54.0.2 to 54[:]
[1573827825626] left click on word 54.0.3 ('of')
[1573827825626] add 54.0.3 to 54[2:]
[1573827825959] left click on word 54.0.4 ('our')
[1573827825959] add 54.0.4 to 54[2,3:]
[1573827826145] right click on word 54.0.4 ('our')
[1573827826569] right click on word 54.0.4 ('our')
[1573827836201] left click on word 54.0.11 ('for')
[1573827836201] new alignment group
[1573827836201] add 54.0.11 to 54[:]
[1573827837098] right click on word 54.1.1 ('对')
[1573827837098] add 54.1.1 to 54[11:]
[1573827841614] left click on word 54.0.16 ('credit')
[1573827841614] new alignment group
[1573827841614] add 54.0.16 to 54[:]
[1573827842368] right click on word 54.1.14 ('记帐')
[1573827842368] add 54.1.14 to 54[16:]
[1573827874168] right click on word 54.0.15 ('same')
[1573827874636] add 54.0.15 to 54[:]
[1573827874636] label 54[15:] as unaligned_reduction
[1573827875929] left click on word 54.0.17 ('facilities')
[1573827875929] new alignment group
[1573827875929] add 54.0.17 to 54[:]
[1573827876558] right click on word 54.1.15 ('便利')
[1573827876558] add 54.1.15 to 54[17:]
[1573827880843] left click on word 54.0.20 ('gladly')
[1573827880844] edit 54[20:11]
[1573827881412] left click on word 54.1.11 ('都')
[1573827881412] del 54.1.11 from 54[20:11]
[1573827881865] right click on word 54.1.12 ('愿')
[1573827881865] add 54.1.12 to 54[20:]
[1573827888425] left click on word 54.0.21 ('extended')
[1573827888425] new alignment group
[1573827888425] add 54.0.21 to 54[:]
[1573827889025] left click on word 54.0.22 ('to')
[1573827889025] add 54.0.22 to 54[21:]
[1573827889441] left click on word 54.0.23 ('you')
[1573827889441] add 54.0.23 to 54[21,22:]
[1573827889892] right click on word 54.1.13 ('提供')
[1573827889892] add 54.1.13 to 54[21,22,23:]
[1573827890229] right click on word 54.1.13 ('提供')
[1573827891222] label 54[21,22,23:13] as modulation
[1573827893215] left click on word 54.0.24 ('at')
[1573827893215] new alignment group
[1573827893215] add 54.0.24 to 54[:]
[1573827894189] cancel edit
[1573827897231] left click on word 54.0.25 ('any')
[1573827897231] edit 54[25:8]
[1573827897759] left click on word 54.0.26 ('of')
[1573827897759] add 54.0.26 to 54[25:8]
[1573827898152] left click on word 54.0.27 ('them')
[1573827898153] add 54.0.27 to 54[25,26:8]
[1573827898903] left click on word 54.1.9 ('哪')
[1573827898903] add 54.1.9 to 54[25,26,27:8]
[1573827899347] left click on word 54.1.10 ('家')
[1573827899347] add 54.1.10 to 54[25,26,27:8,9]
[1573827899506] right click on word 54.1.10 ('家')
[1573827900072] right click on word 54.1.11 ('都')
[1573827900598] add 54.1.11 to 54[:]
[1573827900598] label 54[:11] as unaligned_explicitation
[1573827908364] right click on word 54.1.9 ('哪')
[1573827909103] label 54[25,26,27:8,9,10] as equivalence
[1573827912802] left click on word 54.0.5 ('downtown')
[1573827912802] edit 54[5:]
[1573827913488] left click on word 54.0.2 ('one')
[1573827913488] del 54.0.2 from 54[2,3,4:]
[1573827913489] add 54.0.2 to 54[5:]
[1573827913931] left click on word 54.0.3 ('of')
[1573827913931] del 54.0.3 from 54[3,4:]
[1573827913931] add 54.0.3 to 54[5,2:]
[1573827914354] left click on word 54.0.4 ('our')
[1573827914354] del 54.0.4 from 54[4:]
[1573827914354] add 54.0.4 to 54[5,2,3:]
[1573827914502] right click on word 54.0.4 ('our')
[1573827917996] left click on word 54.1.4 ('便')
[1573827917996] edit 54[10:4]
[1573827918452] left click on word 54.1.5 ('的')
[1573827918452] add 54.1.5 to 54[10:4]
[1573827918616] right click on word 54.1.5 ('的')
[1573827922058] right click on word 54.1.3 ('近')
[1573827922515] del 54.1.3 from 54[:3]
[1573827925035] right click on word 54.1.3 ('近')
[1573827925474] add 54.1.3 to 54[:]
[1573827925475] label 54[:3] as unaligned_explicitation
[1573827940339] left click on word 54.0.20 ('gladly')
[1573827940340] edit 54[20:12]
[1573827941123] left click on word 54.0.18 ('will')
[1573827941124] add 54.0.18 to 54[20:12]
[1573827941500] left click on word 54.0.19 ('be')
[1573827941500] add 54.0.19 to 54[20,18:12]
[1573827941651] right click on word 54.0.19 ('be')
[1573827946619] left click on word 54.0.9 ('more')
[1573827946619] edit 54[9:]
[1573827947256] left click on word 54.0.8 ('be')
[1573827947256] add 54.0.8 to 54[9:]
[1573827947565] left click on word 54.0.7 ('would')
[1573827947565] add 54.0.7 to 54[9,8:]
[1573827947723] right click on word 54.0.7 ('would')
[1573827954483] left click on word 54.0.15 ('same')
[1573827954484] edit 54[15:]
[1573827955237] left click on word 54.0.14 ('the')
[1573827955237] add 54.0.14 to 54[15:]
[1573827955373] right click on word 54.0.14 ('the')
[1573827970362] left click on word 54.0.25 ('any')
[1573827970363] edit 54[25,26,27:8,9,10]
[1573827971055] right click on word 54.0.25 ('any')
[1573827977951] left click on word 54.0.23 ('you')
[1573827977951] edit 54[21,22,23:13]
[1573827978454] left click on word 54.0.24 ('at')
[1573827978454] add 54.0.24 to 54[21,22,23:13]
[1573827978598] right click on word 54.0.24 ('at')
[1573828110817] left click on word 59.0.0 ('It')
[1573828110817] new alignment group
[1573828110817] add 59.0.0 to 59[:]
[1573828111252] left click on word 59.0.1 ('is')
[1573828111253] add 59.0.1 to 59[0:]
[1573828111566] left click on word 59.0.2 ('desired')
[1573828111567] del 59.0.2 from 59[2:0]
[1573828111567] add 59.0.2 to 59[0,1:]
[1573828112065] left click on word 59.0.3 ('to')
[1573828112066] add 59.0.3 to 59[0,1,2:]
[1573828112554] left click on word 59.1.0 ('希望')
[1573828112554] del 59.1.0 from 59[:0]
[1573828112554] add 59.1.0 to 59[0,1,2,3:]
[1573828112718] right click on word 59.1.0 ('希望')
[1573828123706] left click on word 59.0.4 ('lay')
[1573828123706] new alignment group
[1573828123706] add 59.0.4 to 59[:]
[1573828124150] left click on word 59.0.5 ('down')
[1573828124150] add 59.0.5 to 59[4:]
[1573828124833] left click on word 59.1.7 ('阐明')
[1573828124833] add 59.1.7 to 59[4,5:]
[1573828125103] right click on word 59.1.7 ('阐明')
[1573828125377] right click on word 59.1.7 ('阐明')
[1573828126147] label 59[4,5:7] as equivalence
[1573828127728] left click on word 59.0.7 ('as')
[1573828127728] new alignment group
[1573828127728] add 59.0.7 to 59[:]
[1573828128452] left click on word 59.1.1 ('以')
[1573828128452] add 59.1.1 to 59[7:]
[1573828129335] left click on word 59.1.4 ('的')
[1573828129335] add 59.1.4 to 59[7:1]
[1573828130035] left click on word 59.1.5 ('形式')
[1573828130035] add 59.1.5 to 59[7:1,4]
[1573828130237] right click on word 59.1.5 ('形式')
[1573828134555] left click on word 59.0.10 ('document')
[1573828134555] edit 59[10:3]
[1573828135679] right click on word 59.0.8 ('a')
[1573828135679] add 59.0.8 to 59[10:3]
[1573828139551] right click on word 59.1.5 ('形式')
[1573828140210] label 59[7:1,4,5] as equivalence
[1573828143755] left click on word 59.0.12 ('certain')
[1573828143755] edit 59[12:16]
[1573828144075] right click on word 59.0.12 ('certain')
[1573828144855] right click on word 59.1.17 ('项')
[1573828145407] add 59.1.17 to 59[:]
[1573828145408] label 59[:17] as unaligned_explicitation
[1573828172881] left click on word 59.0.13 ('general')
[1573828172881] new alignment group
[1573828172881] add 59.0.13 to 59[:]
[1573828173738] right click on word 59.1.18 ('共同')
[1573828173738] add 59.1.18 to 59[13:]
[1573828174204] right click on word 59.1.18 ('共同')
[1573828175603] label 59[13:18] as equivalence
[1573828183617] right click on word 59.0.13 ('general')
[1573828184586] label 59[13:18] as modulation
[1573828190409] left click on word 59.0.19 ('profession')
[1573828190409] edit 59[19:12]
[1573828190910] right click on word 59.0.18 ('the')
[1573828190910] add 59.0.18 to 59[19:12]
[1573828195098] left click on word 59.1.10 ('工作者')
[1573828195098] new alignment group
[1573828195098] add 59.1.10 to 59[:]
[1573828196793] cancel edit
[1573828197460] left click on word 59.0.20 ('of')
[1573828197460] new alignment group
[1573828197460] add 59.0.20 to 59[:]
[1573828198195] right click on word 59.1.11 ('的')
[1573828198195] add 59.1.11 to 59[20:]
[1573828199180] right click on word 59.1.10 ('工作者')
[1573828199683] add 59.1.10 to 59[:]
[1573828199683] label 59[:10] as unaligned_explicitation
[1573828207330] left click on word 59.0.15 ('inseparably')
[1573828207330] new alignment group
[1573828207330] add 59.0.15 to 59[:]
[1573828208107] left click on word 59.1.13 ('密切')
[1573828208107] add 59.1.13 to 59[15:]
[1573828208271] right click on word 59.1.13 ('密切')
[1573828208552] right click on word 59.1.13 ('密切')
[1573828210937] label 59[15:13] as modulation
[1573828227196] right click on word 59.1.15 ('的')
[1573828227623] add 59.1.15 to 59[:]
[1573828227623] label 59[:15] as unaligned_explicitation
[1573828429719] left click on word 67.0.1 ('Winlogon')
[1573828429719] new alignment group
[1573828429719] add 67.0.1 to 67[:]
[1573828430418] right click on word 67.1.0 ('Winlogon')
[1573828430418] add 67.1.0 to 67[1:]
[1573828431008] left click on word 67.0.2 ('registry')
[1573828431008] new alignment group
[1573828431008] add 67.0.2 to 67[:]
[1573828431510] right click on word 67.1.1 ('注册表')
[1573828431510] add 67.1.1 to 67[2:]
[1573828431814] right click on word 67.1.1 ('注册表')
[1573828432792] label 67[2:1] as uncertain
[1573828433440] left click on word 67.0.3 ('key')
[1573828433440] edit 67[3:2]
[1573828434032] right click on word 67.1.2 ('键')
[1573828434750] left click on word 67.0.4 ('has')
[1573828434750] new alignment group
[1573828434751] add 67.0.4 to 67[:]
[1573828435318] right click on word 67.1.3 ('有')
[1573828435318] add 67.1.3 to 67[4:]
[1573828436194] left click on word 67.0.5 ('two')
[1573828436194] edit 67[5:4]
[1573828436776] right click on word 67.1.4 ('两')
[1573828437183] right click on word 67.1.5 ('个')
[1573828437659] add 67.1.5 to 67[:]
[1573828437659] label 67[:5] as unaligned_explicitation
[1573828439371] right click on word 67.0.6 ('values')
[1573828442913] left click on word 67.0.8 ('may')
[1573828442914] new alignment group
[1573828442914] add 67.0.8 to 67[:]
[1573828443296] left click on word 67.0.9 ('be')
[1573828443296] add 67.0.9 to 67[8:]
[1573828443444] right click on word 67.0.9 ('be')
[1573828443716] right click on word 67.0.9 ('be')
[1573828444372] label 67[8,9:] as unaligned_reduction
[1573828444904] left click on word 67.0.8 ('may')
[1573828444904] edit 67[8,9:]
[1573828445346] right click on word 67.0.9 ('be')
[1573828445661] right click on word 67.0.8 ('may')
[1573828446930] left click on word 67.0.8 ('may')
[1573828446930] edit 67[8,9:]
[1573828447283] left click on word 67.0.9 ('be')
[1573828447284] del 67.0.9 from 67[8,9:]
[1573828447743] right click on word 67.0.8 ('may')
[1573828448380] left click on word 67.0.9 ('be')
[1573828448380] new alignment group
[1573828448380] add 67.0.9 to 67[:]
[1573828448736] left click on word 67.0.10 ('used')
[1573828448736] del 67.0.10 from 67[10:12]
[1573828448736] add 67.0.10 to 67[9:]
[1573828449348] left click on word 67.0.11 ('to')
[1573828449348] add 67.0.11 to 67[9,10:]
[1573828449972] left click on word 67.1.7 ('用于')
[1573828449972] del 67.1.7 from 67[10:7]
[1573828449972] add 67.1.7 to 67[9,10,11:]
[1573828450133] right click on word 67.1.7 ('用于')
[1573828454097] right click on word 67.0.12 ('execute')
[1573828455801] left click on word 67.0.13 ('programs')
[1573828455802] new alignment group
[1573828455802] add 67.0.13 to 67[:]
[1573828456314] right click on word 67.1.17 ('程序')
[1573828456314] add 67.1.17 to 67[13:]
[1573828459772] left click on word 67.0.14 ('at')
[1573828459772] edit 67[14:8]
[1573828460625] left click on word 67.1.11 ('时')
[1573828460625] add 67.1.11 to 67[14:8]
[1573828460763] right click on word 67.1.11 ('时')
[1573828462567] left click on word 67.0.15 ('system')
[1573828462567] new alignment group
[1573828462567] add 67.0.15 to 67[:]
[1573828463381] right click on word 67.1.9 ('系统')
[1573828463381] del 67.1.9 from 67[18:9]
[1573828463381] add 67.1.9 to 67[15:]
[1573828467755] left click on word 67.0.17 ('with')
[1573828467755] new alignment group
[1573828467755] add 67.0.17 to 67[:]
[1573828468477] right click on word 67.1.12 ('使用')
[1573828468477] del 67.1.12 from 67[:12]
[1573828468477] add 67.1.12 to 67[17:]
[1573828468703] right click on word 67.1.12 ('使用')
[1573828469343] label 67[17:12] as transposition
[1573828470649] left click on word 67.0.18 ('SYSTEM')
[1573828470650] edit 67[18:]
[1573828471356] right click on word 67.1.13 ('SYSTEM')
[1573828471356] add 67.1.13 to 67[18:]
[1573828472031] left click on word 67.0.19 ('level')
[1573828472031] edit 67[19:14]
[1573828472755] right click on word 67.1.14 ('级')
[1573828473767] left click on word 67.0.20 ('privileges')
[1573828473767] new alignment group
[1573828473767] add 67.0.20 to 67[:]
[1573828474481] right click on word 67.1.15 ('权限')
[1573828474481] add 67.1.15 to 67[20:]
[1573828475156] left click on word 67.0.21 ('.')
[1573828475156] edit 67[21:18]
[1573828476128] right click on word 67.0.21 ('.')
[1573828484549] left click on word 67.0.2 ('registry')
[1573828484549] edit 67[2:1]
[1573828485100] right click on word 67.0.0 ('The')
[1573828485100] add 67.0.0 to 67[2:1]
[1573830767296] NEW SESSION
[1573837013212] left click on word 68.0.2 ('labor-saving')
[1573837013212] new alignment group
[1573837013212] add 68.0.2 to 68[:]
[1573837014319] left click on word 68.1.6 ('省工型')
[1573837014319] add 68.1.6 to 68[2:]
[1573837014456] right click on word 68.1.6 ('省工型')
[1573837298653] left click on word 68.0.3 ('heavy')
[1573837298653] new alignment group
[1573837298653] add 68.0.3 to 68[:]
[1573837299492] right click on word 68.1.7 ('重')
[1573837299492] add 68.1.7 to 68[3:]
[1573837334121] left click on word 68.0.0 ('As')
[1573837334121] new alignment group
[1573837334121] add 68.0.0 to 68[:]
[1573837334947] right click on word 68.1.0 ('作为')
[1573837334947] add 68.1.0 to 68[0:]
[1573837336813] left click on word 68.0.5 ('coatings')
[1573837336813] new alignment group
[1573837336813] add 68.0.5 to 68[:]
[1573837337722] left click on word 68.0.1 ('the')
[1573837337722] add 68.0.1 to 68[5:]
[1573837338667] right click on word 68.1.9 ('涂料')
[1573837338667] add 68.1.9 to 68[5,1:]
[1573837575865] left click on word 68.0.4 ('anti-corrosion')
[1573837575865] new alignment group
[1573837575866] add 68.0.4 to 68[:]
[1573837576827] left click on word 68.1.8 ('防腐')
[1573837576828] add 68.1.8 to 68[4:]
[1573837576989] right click on word 68.1.8 ('防腐')
[1573837623174] left click on word 68.0.6 ('applied')
[1573837623174] new alignment group
[1573837623174] add 68.0.6 to 68[:]
[1573837624414] cancel edit
[1573837626516] left click on word 68.0.9 ('hostile')
[1573837626516] new alignment group
[1573837626516] add 68.0.9 to 68[:]
[1573837627500] left click on word 68.1.1 ('严酷')
[1573837627501] add 68.1.1 to 68[9:]
[1573837627635] right click on word 68.1.1 ('严酷')
[1573837754754] left click on word 68.0.9 ('hostile')
[1573837754754] edit 68[9:1]
[1573837755837] right click on word 68.1.1 ('严酷')
[1573837756122] right click on word 68.1.1 ('严酷')
[1573837759038] label 68[9:1] as equivalence
[1573838049459] left click on word 68.0.10 ('environment')
[1573838049460] new alignment group
[1573838049460] add 68.0.10 to 68[:]
[1573838049978] right click on word 68.1.2 ('环境')
[1573838049978] add 68.1.2 to 68[10:]
[1573838051821] left click on word 68.0.7 ('in')
[1573838051822] new alignment group
[1573838051822] add 68.0.7 to 68[:]
[1573838052623] left click on word 68.1.3 ('下')
[1573838052623] add 68.1.3 to 68[7:]
[1573838052790] right click on word 68.1.3 ('下')
[1573838057334] left click on word 68.0.10 ('environment')
[1573838057334] edit 68[10:2]
[1573838058120] right click on word 68.0.8 ('the')
[1573838058120] add 68.0.8 to 68[10:2]
[1573838082874] left click on word 68.0.6 ('applied')
[1573838082874] new alignment group
[1573838082874] add 68.0.6 to 68[:]
[1573838083788] right click on word 68.1.4 ('应用')
[1573838083788] add 68.1.4 to 68[6:]
[1573838086970] left click on word 68.1.4 ('应用')
[1573838086970] edit 68[6:4]
[1573838087640] right click on word 68.1.4 ('应用')
[1573838088371] right click on word 68.1.5 ('的')
[1573838088923] add 68.1.5 to 68[:]
[1573838088924] label 68[:5] as unaligned_explicitation
[1573838108193] left click on word 68.0.14 ('their')
[1573838108193] new alignment group
[1573838108193] add 68.0.14 to 68[:]
[1573838109074] right click on word 68.1.11 ('其')
[1573838109074] add 68.1.11 to 68[14:]
[1573838109912] left click on word 68.0.15 ('performance')
[1573838109912] new alignment group
[1573838109912] add 68.0.15 to 68[:]
[1573838110623] right click on word 68.1.13 ('性能')
[1573838110623] add 68.1.13 to 68[15:]
[1573838131714] right click on word 68.0.16 ('indexes')
[1573838132120] add 68.0.16 to 68[:]
[1573838132120] label 68[16:] as unaligned_reduction
[1573838139230] left click on word 68.0.12 ('most')
[1573838139230] new alignment group
[1573838139230] add 68.0.12 to 68[:]
[1573838139915] left click on word 68.0.13 ('of')
[1573838139915] add 68.0.13 to 68[12:]
[1573838140099] right click on word 68.0.13 ('of')
[1573838140374] right click on word 68.0.13 ('of')
[1573838141116] label 68[12,13:] as unaligned_reduction
[1573838144810] right click on word 68.1.12 ('各项')
[1573838145632] add 68.1.12 to 68[:]
[1573838145632] label 68[:12] as unaligned_explicitation
[1573838149342] left click on word 68.0.19 ('superior')
[1573838149342] new alignment group
[1573838149342] add 68.0.19 to 68[:]
[1573838150188] left click on word 68.0.20 ('to')
[1573838150188] add 68.0.20 to 68[19:]
[1573838150728] left click on word 68.1.15 ('高于')
[1573838150728] add 68.1.15 to 68[19,20:]
[1573838150897] right click on word 68.1.15 ('高于')
[1573838151827] right click on word 68.1.14 ('远')
[1573838155445] right click on word 68.0.18 ('usually')
[1573838155848] add 68.0.18 to 68[:]
[1573838155848] label 68[18:] as unaligned_reduction
[1573838157094] left click on word 68.0.19 ('superior')
[1573838157094] edit 68[19,20:15]
[1573838157697] right click on word 68.0.17 ('are')
[1573838157697] add 68.0.17 to 68[19,20:15]
[1573838162241] left click on word 68.0.24 ('ordinary')
[1573838162242] new alignment group
[1573838162242] add 68.0.24 to 68[:]
[1573838163631] right click on word 68.1.16 ('常规')
[1573838163631] add 68.1.16 to 68[24:]
[1573838164364] right click on word 68.1.16 ('常规')
[1573838166031] left click on word 68.0.24 ('ordinary')
[1573838166031] edit 68[24:16]
[1573838166955] left click on word 68.1.17 ('的')
[1573838166955] add 68.1.17 to 68[24:16]
[1573838167130] right click on word 68.1.17 ('的')
[1573838227367] right click on word 68.0.24 ('ordinary')
[1573838228210] label 68[24:16,17] as equivalence
[1573838242282] right click on word 68.1.17 ('的')
[1573838243979] label 68[24:16,17] as modulation
[1573838244697] right click on word 68.1.17 ('的')
[1573838245849] label 68[24:16,17] as uncertain
[1573838247966] left click on word 68.0.25 ('heavy')
[1573838247966] new alignment group
[1573838247966] add 68.0.25 to 68[:]
[1573838248756] right click on word 68.1.18 ('重')
[1573838248756] add 68.1.18 to 68[25:]
[1573838249328] left click on word 68.0.26 ('anti-corrosion')
[1573838249329] new alignment group
[1573838249329] add 68.0.26 to 68[:]
[1573838249996] right click on word 68.1.19 ('防腐')
[1573838249996] add 68.1.19 to 68[26:]
[1573838250832] left click on word 68.0.27 ('coatings')
[1573838250832] new alignment group
[1573838250832] add 68.0.27 to 68[:]
[1573838251524] right click on word 68.1.20 ('涂料')
[1573838251524] add 68.1.20 to 68[27:]
[1573838252846] right click on word 68.0.5 ('coatings')
[1573838254755] label 68[5,1:9] as lexical_shift
[1573838256205] right click on word 68.0.27 ('coatings')
[1573838257208] label 68[27:20] as lexical_shift
[1573838259250] left click on word 68.0.29 ('satisfies')
[1573838259250] new alignment group
[1573838259250] add 68.0.29 to 68[:]
[1573838260459] right click on word 68.1.24 ('满足')
[1573838260459] add 68.1.24 to 68[29:]
[1573838285597] left click on word 68.0.21 ('those')
[1573838285598] new alignment group
[1573838285598] add 68.0.21 to 68[:]
[1573838286919] left click on word 68.0.22 ('of')
[1573838286919] add 68.0.22 to 68[21:]
[1573838287233] right click on word 68.0.22 ('of')
[1573838287717] right click on word 68.0.22 ('of')
[1573838288523] label 68[21,22:] as unaligned_reduction
[1573838290670] left click on word 68.0.27 ('coatings')
[1573838290670] edit 68[27:20]
[1573838291543] left click on word 68.0.23 ('the')
[1573838291543] add 68.0.23 to 68[27:20]
[1573838291697] right click on word 68.0.23 ('the')
[1573838300404] right click on word 68.1.23 ('能够')
[1573838300941] add 68.1.23 to 68[:]
[1573838300941] label 68[:23] as unaligned_explicitation
[1573838303067] left click on word 68.0.30 ('the')
[1573838303067] new alignment group
[1573838303067] add 68.0.30 to 68[:]
[1573838303412] left click on word 68.0.31 ('requirement')
[1573838303412] add 68.0.31 to 68[30:]
[1573838303999] left click on word 68.1.29 ('要求')
[1573838303999] add 68.1.29 to 68[30,31:]
[1573838304158] right click on word 68.1.29 ('要求')
[1573838306821] left click on word 68.0.33 ('anti-corrosion')
[1573838306821] new alignment group
[1573838306821] add 68.0.33 to 68[:]
[1573838308151] right click on word 68.1.27 ('重腐')
[1573838308151] add 68.1.27 to 68[33:]
[1573838319664] right click on word 68.0.33 ('anti-corrosion')
[1573838321721] label 68[33:27] as translation_error
[1573838330504] left click on word 68.0.35 ('port')
[1573838330504] new alignment group
[1573838330504] add 68.0.35 to 68[:]
[1573838331628] right click on word 68.1.25 ('港口')
[1573838331628] add 68.1.25 to 68[35:]
[1573838332328] left click on word 68.0.36 ('equipment')
[1573838332328] new alignment group
[1573838332328] add 68.0.36 to 68[:]
[1573838333190] right click on word 68.1.26 ('设备')
[1573838333190] add 68.1.26 to 68[36:]
[1573838350139] right click on word 68.1.28 ('防锈')
[1573838356045] left click on word 68.1.30 ('。')
[1573838356045] new alignment group
[1573838356045] add 68.1.30 to 68[:]
[1573838357070] right click on word 68.0.37 ('.')
[1573838357070] add 68.0.37 to 68[:30]
[1573838375924] right click on word 68.0.7 ('in')
[1573838378386] label 68[7:3] as equivalence
[1573838540779] left click on word 74.0.0 ('A')
[1573838540779] edit 74[0:0]
[1573838541368] right click on word 74.1.0 ('一')
[1573838541835] right click on word 74.1.1 ('种')
[1573838542427] add 74.1.1 to 74[:]
[1573838542427] label 74[:1] as unaligned_explicitation
[1573838544192] left click on word 74.0.4 ('for')
[1573838544192] new alignment group
[1573838544192] add 74.0.4 to 74[:]
[1573838545799] right click on word 74.1.3 ('于')
[1573838545799] add 74.1.3 to 74[4:]
[1573838546463] right click on word 74.1.2 ('适用')
[1573838546955] add 74.1.2 to 74[:]
[1573838546955] label 74[:2] as unaligned_explicitation
[1573838548308] left click on word 74.1.1 ('种')
[1573838548308] edit 74[:1]
[1573838548675] left click on word 74.1.2 ('适用')
[1573838548676] del 74.1.2 from 74[:2]
[1573838548676] add 74.1.2 to 74[:1]
[1573838548855] right click on word 74.1.2 ('适用')
[1573838550003] left click on word 74.0.1 ('Motion')
[1573838550003] new alignment group
[1573838550003] add 74.0.1 to 74[:]
[1573838551030] right click on word 74.1.11 ('运动')
[1573838551031] add 74.1.11 to 74[1:]
[1573838562071] left click on word 74.0.4 ('for')
[1573838562071] edit 74[4:3]
[1573838562670] right click on word 74.0.4 ('for')
[1573838564378] left click on word 74.0.4 ('for')
[1573838564378] edit 74[4:3]
[1573838565217] left click on word 74.1.2 ('适用')
[1573838565217] del 74.1.2 from 74[:1,2]
[1573838565217] add 74.1.2 to 74[4:3]
[1573838565372] right click on word 74.1.2 ('适用')
[1573838565617] right click on word 74.1.2 ('适用')
[1573838566329] label 74[4:3,2] as transposition
[1573838577122] right click on word 74.1.10 ('的')
[1573838579030] left click on word 74.1.2 ('适用')
[1573838579030] edit 74[4:3,2]
[1573838579927] left click on word 74.1.10 ('的')
[1573838579927] add 74.1.10 to 74[4:3,2]
[1573838580085] right click on word 74.1.10 ('的')
[1573838635068] left click on word 80.0.2 ('attack')
[1573838635068] edit 80[2:2]
[1573838635807] left click on word 80.0.0 ('A')
[1573838635807] add 80.0.0 to 80[2:2]
[1573838635967] right click on word 80.0.0 ('A')
[1573838636673] left click on word 80.0.1 ('successful')
[1573838636673] edit 80[1:0]
[1573838637193] left click on word 80.1.1 ('的')
[1573838637193] add 80.1.1 to 80[1:0]
[1573838637360] right click on word 80.1.1 ('的')
[1573838639795] left click on word 80.0.4 ('result')
[1573838639795] edit 80[4:4]
[1573838640349] left click on word 80.0.5 ('in')
[1573838640349] add 80.0.5 to 80[4:4]
[1573838640534] right click on word 80.0.5 ('in')
[1573838642078] left click on word 80.0.7 ('execution')
[1573838642078] edit 80[7:9]
[1573838642574] left click on word 80.0.6 ('the')
[1573838642574] add 80.0.6 to 80[7:9]
[1573838643182] right click on word 80.0.7 ('execution')
[1573838650866] left click on word 80.0.11 ('with')
[1573838650866] new alignment group
[1573838650866] add 80.0.11 to 80[:]
[1573838651812] left click on word 80.1.5 ('以')
[1573838651812] add 80.1.5 to 80[11:]
[1573838651960] right click on word 80.1.5 ('以')
[1573838655443] left click on word 80.0.14 ('privileges')
[1573838655443] new alignment group
[1573838655444] add 80.0.14 to 80[:]
[1573838656097] left click on word 80.1.8 ('权限')
[1573838656097] add 80.1.8 to 80[14:]
[1573838656266] right click on word 80.1.8 ('权限')
[1573838657891] left click on word 80.0.15 ('.')
[1573838657891] edit 80[15:12]
[1573838658267] right click on word 80.0.15 ('.')
[1573838673374] right click on word 80.1.9 ('执行')
[1573838674222] label 80[7,6:9] as transposition
[1573838674921] left click on word 80.1.9 ('执行')
[1573838674921] edit 80[7,6:9]
[1573838675391] left click on word 80.0.8 ('of')
[1573838675391] add 80.0.8 to 80[7,6:9]
[1573838675553] right click on word 80.0.8 ('of')
[1573838678481] left click on word 80.1.13 ('蠕虫')
[1573838678481] edit 80[17:13]
[1573838679187] right click on word 80.0.16 ('The')
[1573838679187] add 80.0.16 to 80[17:13]
[1573838690779] left click on word 80.0.21 ('system')
[1573838690779] edit 80[21:16]
[1573838691269] left click on word 80.0.20 ('the')
[1573838691269] add 80.0.20 to 80[21:16]
[1573838691430] right click on word 80.0.20 ('the')
[1573838693083] left click on word 80.0.22 ('and')
[1573838693083] new alignment group
[1573838693083] add 80.0.22 to 80[:]
[1573838693810] right click on word 80.1.17 ('并')
[1573838693810] add 80.1.17 to 80[22:]
[1573838695145] left click on word 80.0.23 ('attempt')
[1573838695145] edit 80[23:18]
[1573838695871] left click on word 80.0.24 ('to')
[1573838695871] add 80.0.24 to 80[23:18]
[1573838696034] right click on word 80.0.24 ('to')
