[1573811522641] NEW SESSION
[1573811537383] left click on word 64.0.1 (''s')
[1573811537383] new alignment group
[1573811537383] add 64.0.1 to 64[:]
[1573811537993] left click on word 64.0.2 ('making')
[1573811537994] add 64.0.2 to 64[1:]
[1573811538517] left click on word 64.1.7 ('赚')
[1573811538519] del 64.1.7 from 64[6:7]
[1573811538519] add 64.1.7 to 64[1,2:]
[1573811538946] left click on word 64.1.8 ('了')
[1573811538946] add 64.1.8 to 64[1,2:7]
[1573811539106] right click on word 64.1.8 ('了')
[1573811539323] right click on word 64.1.8 ('了')
[1573811540226] label 64[1,2:7,8] as figurative
[1573811541107] right click on word 64.1.7 ('赚')
[1573811542180] label 64[1,2:7,8] as lexical_shift
[1573811543585] left click on word 64.0.3 ('a')
[1573811543585] new alignment group
[1573811543585] add 64.0.3 to 64[:]
[1573811544121] left click on word 64.0.4 ('ton')
[1573811544121] add 64.0.4 to 64[3:]
[1573811544570] left click on word 64.0.5 ('of')
[1573811544570] add 64.0.5 to 64[3,4:]
[1573811545101] left click on word 64.1.9 ('很多')
[1573811545102] add 64.1.9 to 64[3,4,5:]
[1573811545503] left click on word 64.1.10 ('很多')
[1573811545503] add 64.1.10 to 64[3,4,5:9]
[1573811545891] left click on word 64.1.11 ('的')
[1573811545891] add 64.1.11 to 64[3,4,5:9,10]
[1573811546043] right click on word 64.1.11 ('的')
[1573811546273] right click on word 64.1.11 ('的')
[1573811547003] label 64[3,4,5:9,10,11] as equivalence
[1573811569101] left click on word 64.0.6 ('money')
[1573811569101] edit 64[6:]
[1573811570030] right click on word 64.1.12 ('钱')
[1573811570031] del 64.1.12 from 64[6:12]
[1573811570031] add 64.1.12 to 64[6:]
[1573811570903] left click on word 64.0.13 ('.')
[1573811570903] edit 64[13:13]
[1573811571494] right click on word 64.1.13 ('。')
[1573811573655] left click on word 64.0.11 ('rich')
[1573811573655] edit 64[11:3]
[1573811573929] left click on word 64.0.12 ('people')
[1573811573929] add 64.0.12 to 64[11:3]
[1573811574081] right click on word 64.0.12 ('people')
[1573811575733] left click on word 64.0.10 ('for')
[1573811575733] new alignment group
[1573811575733] add 64.0.10 to 64[:]
[1573811576539] left click on word 64.1.2 ('为')
[1573811576539] add 64.1.2 to 64[10:]
[1573811576729] right click on word 64.1.2 ('为')
[1573811578353] left click on word 64.0.7 ('doing')
[1573811578353] new alignment group
[1573811578353] add 64.0.7 to 64[:]
[1573811580753] cancel edit
[1573811591175] left click on word 64.0.8 ('custom')
[1573811591175] edit 64[8:4]
[1573811591596] left click on word 64.0.7 ('doing')
[1573811591597] add 64.0.7 to 64[8:4]
[1573811592056] left click on word 64.0.9 ('furniture')
[1573811592057] del 64.0.9 from 64[9:5]
[1573811592057] add 64.0.9 to 64[8,7:4]
[1573811592624] left click on word 64.1.5 ('家具')
[1573811592624] del 64.1.5 from 64[:5]
[1573811592624] add 64.1.5 to 64[8,7,9:4]
[1573811592802] right click on word 64.1.5 ('家具')
[1573811597617] right click on word 64.1.1 ('现在')
[1573811598248] add 64.1.1 to 64[:]
[1573811598248] label 64[:1] as unaligned_explicitation
[1573811599642] left click on word 64.0.2 ('making')
[1573811599642] edit 64[1,2:7,8]
[1573811601275] left click on word 64.1.1 ('现在')
[1573811601276] del 64.1.1 from 64[:1]
[1573811601277] add 64.1.1 to 64[1,2:7,8]
[1573811602196] right click on word 64.1.8 ('了')
[1573811602539] right click on word 64.1.8 ('了')
[1573811603308] label 64[1,2:7,8,1] as literal
[1573811613817] right click on word 64.0.7 ('doing')
[1573811614970] label 64[8,7,9:4,5] as transposition
[1573811629861] left click on word 64.1.7 ('赚')
[1573811629861] edit 64[1,2:7,8,1]
[1573811630563] left click on word 64.1.1 ('现在')
[1573811630563] del 64.1.1 from 64[1,2:7,8,1]
[1573811631341] right click on word 64.1.8 ('了')
[1573811632158] right click on word 64.1.8 ('了')
[1573811633283] label 64[1,2:7,8] as lexical_shift
[1573811638334] right click on word 64.1.1 ('现在')
[1573811638967] add 64.1.1 to 64[:]
[1573811638967] label 64[:1] as unaligned_explicitation
[1573811645703] left click on word 64.0.7 ('doing')
[1573811645703] edit 64[8,7,9:4,5]
[1573811646365] left click on word 64.1.1 ('现在')
[1573811646365] del 64.1.1 from 64[:1]
[1573811646365] add 64.1.1 to 64[8,7,9:4,5]
[1573811646580] right click on word 64.1.1 ('现在')
