[1573823823247] NEW SESSION
[1573823934045] left click on word 51.0.2 ('Decides')
[1573823934045] new alignment group
[1573823934046] add 51.0.2 to 51[:]
[1573823934890] left click on word 51.0.3 ('to')
[1573823934890] add 51.0.3 to 51[2:]
[1573823935625] left click on word 51.1.2 ('决定')
[1573823935625] del 51.1.2 from 51[4:2]
[1573823935625] add 51.1.2 to 51[2,3:]
[1573823935833] right click on word 51.1.2 ('决定')
[1573823937380] left click on word 51.0.1 ('.')
[1573823937380] new alignment group
[1573823937381] add 51.0.1 to 51[:]
[1573823938539] left click on word 51.1.1 ('.')
[1573823938540] add 51.1.1 to 51[1:]
[1573823938714] right click on word 51.1.1 ('.')
[1573823945308] left click on word 51.0.6 ('situation')
[1573823945308] edit 51[6:6]
[1573823945950] left click on word 51.1.6 ('卢旺达')
[1573823945950] del 51.1.6 from 51[6:6]
[1573823946425] left click on word 51.1.7 ('局势')
[1573823946425] add 51.1.7 to 51[6:]
[1573823946569] right click on word 51.1.7 ('局势')
[1573823960597] left click on word 51.0.8 ('Rwanda')
[1573823960598] new alignment group
[1573823960598] add 51.0.8 to 51[:]
[1573823961475] right click on word 51.1.6 ('卢旺达')
[1573823961475] add 51.1.6 to 51[8:]
[1573823964935] left click on word 51.0.6 ('situation')
[1573823964935] edit 51[6:7]
[1573823965451] right click on word 51.0.5 ('the')
[1573823965451] add 51.0.5 to 51[6:7]
[1573823990525] left click on word 51.0.4 ('keep')
[1573823990525] edit 51[4:]
[1573823991160] left click on word 51.0.9 ('under')
[1573823991160] del 51.0.9 from 51[9:11]
[1573823991160] add 51.0.9 to 51[4:]
[1573823991640] left click on word 51.0.10 ('constant')
[1573823991641] del 51.0.10 from 51[10:3]
[1573823991641] add 51.0.10 to 51[4,9:]
[1573823991987] left click on word 51.0.11 ('review')
[1573823991987] del 51.0.11 from 51[11:4]
[1573823991987] add 51.0.11 to 51[4,9,10:]
[1573823992942] left click on word 51.1.3 ('继续')
[1573823992942] del 51.1.3 from 51[:3]
[1573823992942] add 51.1.3 to 51[4,9,10,11:]
[1573823994984] left click on word 51.1.3 ('继续')
[1573823994984] del 51.1.3 from 51[4,9,10,11:3]
[1573823994984] add 51.1.3 to 51[:]
[1573823995362] left click on word 51.1.4 ('经常')
[1573823995362] del 51.1.4 from 51[:4]
[1573823995362] add 51.1.4 to 51[4,9,10,11:]
[1573823995887] left click on word 51.1.5 ('审查')
[1573823995887] add 51.1.5 to 51[4,9,10,11:4]
[1573823996092] right click on word 51.1.5 ('审查')
[1573823996414] right click on word 51.1.5 ('审查')
[1573823998042] label 51[4,9,10,11:4,5] as transposition
[1573823999696] left click on word 51.0.3 ('to')
[1573823999696] edit 51[2,3:2]
[1573824001038] right click on word 51.1.2 ('决定')
[1573824002948] right click on word 51.1.3 ('继续')
[1573824003966] label 51[:3] as unaligned_explicitation
[1573824010606] left click on word 51.1.4 ('经常')
[1573824010606] edit 51[4,9,10,11:4,5]
[1573824010940] left click on word 51.1.3 ('继续')
[1573824010940] del 51.1.3 from 51[:3]
[1573824010940] add 51.1.3 to 51[4,9,10,11:4,5]
[1573824011077] right click on word 51.1.3 ('继续')
[1573824036139] left click on word 51.0.13 ('requests')
[1573824036140] edit 51[13:9]
[1573824037071] left click on word 51.1.9 ('并')
[1573824037071] del 51.1.9 from 51[13:9]
[1573824037493] left click on word 51.1.10 ('请')
[1573824037493] add 51.1.10 to 51[13:]
[1573824037639] right click on word 51.1.10 ('请')
[1573824038179] left click on word 51.1.9 ('并')
[1573824038179] new alignment group
[1573824038179] add 51.1.9 to 51[:]
[1573824038934] right click on word 51.0.12 ('and')
[1573824038934] add 51.0.12 to 51[:9]
[1573824044219] left click on word 51.0.15 ('Secretary-General')
[1573824044219] new alignment group
[1573824044219] add 51.0.15 to 51[:]
[1573824045130] left click on word 51.1.11 ('秘书长')
[1573824045131] del 51.1.11 from 51[:11]
[1573824045131] add 51.1.11 to 51[15:]
[1573824045282] right click on word 51.1.11 ('秘书长')
[1573824046330] left click on word 51.0.15 ('Secretary-General')
[1573824046331] edit 51[15:11]
[1573824046764] right click on word 51.0.14 ('the')
[1573824046764] add 51.0.14 to 51[15:11]
[1573824070556] left click on word 51.0.17 ('report')
[1573824070556] edit 51[17:21]
[1573824071298] left click on word 51.0.16 ('to')
[1573824071298] add 51.0.16 to 51[17:21]
[1573824072014] left click on word 51.1.21 ('进一步')
[1573824072014] del 51.1.21 from 51[17,16:21]
[1573824072422] right click on word 51.1.22 ('报告')
[1573824072422] add 51.1.22 to 51[17,16:]
[1573824073766] left click on word 51.0.18 ('further')
[1573824073766] edit 51[18:20]
[1573824074582] left click on word 51.1.20 ('提出')
[1573824074582] del 51.1.20 from 51[18:20]
[1573824074963] right click on word 51.1.21 ('进一步')
[1573824074964] add 51.1.21 to 51[18:]
[1573824076557] left click on word 51.0.17 ('report')
[1573824076557] edit 51[17,16:22]
[1573824078684] left click on word 51.1.20 ('提出')
[1573824078684] add 51.1.20 to 51[17,16:22]
[1573824078841] right click on word 51.1.20 ('提出')
[1573824080452] right click on word 51.1.20 ('提出')
[1573824081600] label 51[17,16:22,20] as equivalence
[1573824082608] right click on word 51.1.20 ('提出')
[1573824083413] label 51[17,16:22,20] as transposition
[1573824086732] left click on word 51.0.19 (',')
[1573824086732] new alignment group
[1573824086732] add 51.0.19 to 51[:]
[1573824087554] left click on word 51.1.23 ('，')
[1573824087554] add 51.1.23 to 51[19:]
[1573824087751] right click on word 51.1.23 ('，')
[1573824090076] left click on word 51.0.20 ('including')
[1573824090076] edit 51[20:24]
[1573824090839] left click on word 51.1.24 ('其中')
[1573824090839] del 51.1.24 from 51[20:24]
[1573824091226] right click on word 51.1.25 ('包括')
[1573824091226] del 51.1.25 from 51[23:25]
[1573824091226] add 51.1.25 to 51[20:]
[1573824091727] right click on word 51.1.24 ('其中')
[1573824092209] add 51.1.24 to 51[:]
[1573824092209] label 51[:24] as unaligned_explicitation
[1573824096309] left click on word 51.0.23 ('humanitarian')
[1573824096309] edit 51[23:]
[1573824097071] left click on word 51.1.26 ('人道主义')
[1573824097072] del 51.1.26 from 51[24:26]
[1573824097072] add 51.1.26 to 51[23:]
[1573824097257] right click on word 51.1.26 ('人道主义')
[1573824108871] left click on word 51.0.24 ('situation')
[1573824108871] edit 51[24:]
[1573824109652] right click on word 51.1.27 ('情况')
[1573824109652] add 51.1.27 to 51[24:]
[1573824115597] left click on word 51.0.25 (',')
[1573824115597] new alignment group
[1573824115597] add 51.0.25 to 51[:]
[1573824116693] left click on word 51.1.28 ('，')
[1573824116693] del 51.1.28 from 51[35:28]
[1573824116693] add 51.1.28 to 51[25:]
[1573824116911] right click on word 51.1.28 ('，')
[1573824119537] left click on word 51.0.26 ('within')
[1573824119537] edit 51[26:29]
[1573824120300] left click on word 51.1.29 ('并')
[1573824120300] del 51.1.29 from 51[26:29]
[1573824120670] left click on word 51.1.12 ('在')
[1573824120670] add 51.1.12 to 51[26:]
[1573824121963] right click on word 51.1.19 ('内')
[1573824121963] add 51.1.19 to 51[26:12]
[1573824125830] left click on word 51.0.27 ('five')
[1573824125830] edit 51[27:16]
[1573824126720] left click on word 51.1.16 ('后')
[1573824126720] del 51.1.16 from 51[27:16]
[1573824127565] right click on word 51.1.17 ('五')
[1573824127565] del 51.1.17 from 51[28:17]
[1573824127565] add 51.1.17 to 51[27:]
[1573824128812] left click on word 51.0.28 ('weeks')
[1573824128812] edit 51[28:]
[1573824129604] right click on word 51.1.18 ('周')
[1573824129604] add 51.1.18 to 51[28:]
[1573824136933] left click on word 51.0.31 ('adoption')
[1573824136933] edit 51[31:14]
[1573824137414] left click on word 51.0.30 ('the')
[1573824137414] add 51.0.30 to 51[31:14]
[1573824138208] left click on word 51.1.14 ('决议')
[1573824138208] del 51.1.14 from 51[31,30:14]
[1573824138601] left click on word 51.1.15 ('通过')
[1573824138602] add 51.1.15 to 51[31,30:]
[1573824138755] right click on word 51.1.15 ('通过')
[1573824139595] right click on word 51.1.15 ('通过')
[1573824140442] label 51[31,30:15] as transposition
[1573824149725] left click on word 51.0.31 ('adoption')
[1573824149726] edit 51[31,30:15]
[1573824150563] left click on word 51.0.32 ('of')
[1573824150563] add 51.0.32 to 51[31,30:15]
[1573824150701] right click on word 51.0.32 ('of')
[1573824152001] left click on word 51.0.33 ('this')
[1573824152001] new alignment group
[1573824152001] add 51.0.33 to 51[:]
[1573824152653] left click on word 51.1.13 ('本')
[1573824152653] del 51.1.13 from 51[34:13]
[1573824152653] add 51.1.13 to 51[33:]
[1573824152843] right click on word 51.1.13 ('本')
[1573824162809] left click on word 51.0.34 ('resolution')
[1573824162809] edit 51[34:]
[1573824163475] right click on word 51.1.14 ('决议')
[1573824163475] add 51.1.14 to 51[34:]
[1573824172258] left click on word 51.0.35 ('and')
[1573824172258] edit 51[35:]
[1573824173320] right click on word 51.1.29 ('并')
[1573824173320] add 51.1.29 to 51[35:]
[1573824174512] left click on word 51.0.36 ('again')
[1573824174512] edit 51[36:40]
[1573824175460] left click on word 51.1.39 ('再')
[1573824175460] del 51.1.39 from 51[39:39]
[1573824175460] add 51.1.39 to 51[36:40]
[1573824175953] left click on word 51.1.41 ('一')
[1573824175953] del 51.1.41 from 51[47:41]
[1573824175953] add 51.1.41 to 51[36:40,39]
[1573824176310] left click on word 51.1.42 ('份')
[1573824176311] add 51.1.42 to 51[36:40,39,41]
[1573824176754] right click on word 51.1.43 ('报告')
[1573824176754] add 51.1.43 to 51[36:40,39,41,42]
[1573824177132] right click on word 51.1.43 ('报告')
[1573824178353] label 51[36:40,39,41,42,43] as particularization
[1573824179274] left click on word 51.0.49 (';')
[1573824179274] new alignment group
[1573824179274] add 51.0.49 to 51[:]
[1573824180181] right click on word 51.1.44 ('；')
[1573824180181] add 51.1.44 to 51[49:]
[1573824203683] left click on word 51.0.29 ('of')
[1573824203684] new alignment group
[1573824203684] add 51.0.29 to 51[:]
[1573824204477] right click on word 51.1.16 ('后')
[1573824204477] add 51.1.16 to 51[29:]
[1573824204735] right click on word 51.1.16 ('后')
[1573824206384] label 51[29:16] as transposition
[1573824245320] left click on word 51.0.40 ('before')
[1573824245321] edit 51[40:37]
[1573824245900] left click on word 51.1.37 ('，')
[1573824245900] del 51.1.37 from 51[40:37]
[1573824246288] right click on word 51.1.36 ('以前')
[1573824246288] del 51.1.36 from 51[42:36]
[1573824246288] add 51.1.36 to 51[40:]
[1573824253560] left click on word 51.0.48 ('UNAMIR')
[1573824253560] new alignment group
[1573824253560] add 51.0.48 to 51[:]
[1573824254368] right click on word 51.1.31 ('联卢援助团')
[1573824254368] add 51.1.31 to 51[48:]
[1573824254565] right click on word 51.1.31 ('联卢援助团')
[1573824255424] label 51[48:31] as equivalence
[1573824266174] left click on word 51.0.40 ('before')
[1573824266174] edit 51[40:36]
[1573824267181] right click on word 51.1.30 ('在')
[1573824267181] add 51.1.30 to 51[40:36]
[1573824272457] left click on word 51.0.45 ('current')
[1573824272458] edit 51[45:33]
[1573824273339] left click on word 51.1.33 ('任务')
[1573824273339] del 51.1.33 from 51[45:33]
[1573824273685] right click on word 51.1.32 ('目前')
[1573824273685] add 51.1.32 to 51[45:]
[1573824277023] left click on word 51.0.46 ('mandate')
[1573824277023] new alignment group
[1573824277023] add 51.0.46 to 51[:]
[1573824277885] right click on word 51.1.33 ('任务')
[1573824277885] add 51.1.33 to 51[46:]
[1573824278095] right click on word 51.1.33 ('任务')
[1573824278969] label 51[46:33] as modulation
[1573824318016] left click on word 51.0.41 ('the')
[1573824318016] new alignment group
[1573824318016] add 51.0.41 to 51[:]
[1573824318454] left click on word 51.0.42 ('expiration')
[1573824318454] del 51.0.42 from 51[42:]
[1573824318454] add 51.0.42 to 51[41:]
[1573824318922] left click on word 51.0.43 ('of')
[1573824318922] add 51.0.43 to 51[41,42:]
[1573824319666] left click on word 51.1.35 ('届满')
[1573824319666] del 51.1.35 from 51[39:35]
[1573824319666] add 51.1.35 to 51[41,42,43:]
[1573824320428] right click on word 51.1.35 ('届满')
[1573824320770] right click on word 51.1.35 ('届满')
[1573824324323] label 51[41,42,43:35] as transposition
[1573824326303] right click on word 51.1.34 ('期限')
[1573824326935] add 51.1.34 to 51[:]
[1573824326935] label 51[:34] as unaligned_explicitation
[1573824337917] left click on word 51.0.37 ('in')
[1573824337917] new alignment group
[1573824337917] add 51.0.37 to 51[:]
[1573824338303] left click on word 51.0.38 ('good')
[1573824338303] add 51.0.38 to 51[37:]
[1573824338831] left click on word 51.0.39 ('time')
[1573824338831] del 51.0.39 from 51[39:]
[1573824338831] add 51.0.39 to 51[37,38:]
[1573824339056] right click on word 51.0.39 ('time')
[1573824339351] right click on word 51.0.39 ('time')
[1573824340093] label 51[37,38,39:] as unaligned_explicitation
[1573824341784] left click on word 51.0.39 ('time')
[1573824341784] edit 51[37,38,39:]
[1573824342425] left click on word 51.1.38 ('适时')
[1573824342426] add 51.1.38 to 51[37,38,39:]
[1573824342624] right click on word 51.1.38 ('适时')
[1573824344119] right click on word 51.1.38 ('适时')
[1573824344901] label 51[37,38,39:38] as equivalence
[1573824369241] left click on word 51.0.46 ('mandate')
[1573824369241] edit 51[46:33]
[1573824370078] right click on word 51.0.44 ('the')
[1573824370078] add 51.0.44 to 51[46:33]
[1573824421791] left click on word 51.0.36 ('again')
[1573824421791] edit 51[36:40,39,41,42,43]
[1573824422595] left click on word 51.1.40 ('提出')
[1573824422595] del 51.1.40 from 51[36:40,39,41,42,43]
[1573824422983] left click on word 51.1.41 ('一')
[1573824422983] del 51.1.41 from 51[36:39,41,42,43]
[1573824423369] left click on word 51.1.42 ('份')
[1573824423369] del 51.1.42 from 51[36:39,42,43]
[1573824423716] left click on word 51.1.43 ('报告')
[1573824423716] del 51.1.43 from 51[36:39,43]
[1573824424734] right click on word 51.1.39 ('再')
[1573824425025] right click on word 51.1.39 ('再')
[1573824425779] label 51[36:39] as literal
[1573824426252] left click on word 51.1.40 ('提出')
[1573824426253] new alignment group
[1573824426253] add 51.1.40 to 51[:]
[1573824426644] left click on word 51.1.41 ('一')
[1573824426644] add 51.1.41 to 51[:40]
[1573824427002] left click on word 51.1.42 ('份')
[1573824427002] add 51.1.42 to 51[:40,41]
[1573824427272] left click on word 51.1.43 ('报告')
[1573824427272] add 51.1.43 to 51[:40,41,42]
[1573824427443] right click on word 51.1.43 ('报告')
[1573824427784] right click on word 51.1.43 ('报告')
[1573824428505] label 51[:40,41,42,43] as unaligned_explicitation
[1573824626637] NEW SESSION
[1573824643707] left click on word 75.0.0 ('On')
[1573824643707] new alignment group
[1573824643708] add 75.0.0 to 75[:]
[1573824644278] right click on word 75.1.3 ('在')
[1573824644279] add 75.1.3 to 75[0:]
[1573824645438] left click on word 75.0.3 ('1982')
[1573824645438] edit 75[3:4]
[1573824646065] right click on word 75.0.3 ('1982')
[1573824646956] right click on word 75.1.5 ('年')
[1573824647544] add 75.1.5 to 75[:]
[1573824647544] label 75[:5] as unaligned_explicitation
[1573824648823] left click on word 75.0.2 ('December')
[1573824648823] new alignment group
[1573824648823] add 75.0.2 to 75[:]
[1573824649521] right click on word 75.1.6 ('12')
[1573824649522] del 75.1.6 from 75[1:6]
[1573824649522] add 75.1.6 to 75[2:]
[1573824649942] right click on word 75.1.7 ('月')
[1573824651270] left click on word 75.0.2 ('December')
[1573824651270] edit 75[2:6]
[1573824652770] left click on word 75.1.7 ('月')
[1573824652770] del 75.1.7 from 75[8:7]
[1573824652770] add 75.1.7 to 75[2:6]
[1573824652941] right click on word 75.1.7 ('月')
[1573824663584] left click on word 75.0.1 ('10')
[1573824663584] edit 75[1:]
[1573824664627] right click on word 75.1.8 ('10')
[1573824664627] add 75.1.8 to 75[1:]
[1573824665059] right click on word 75.1.9 ('日')
[1573824665491] add 75.1.9 to 75[:]
[1573824665491] label 75[:9] as unaligned_explicitation
[1573824699243] left click on word 75.0.6 ('General')
[1573824699243] new alignment group
[1573824699243] add 75.0.6 to 75[:]
[1573824699618] left click on word 75.0.7 ('Assembly')
[1573824699619] add 75.0.7 to 75[6:]
[1573824700172] left click on word 75.0.5 ('the')
[1573824700172] add 75.0.5 to 75[6,7:]
[1573824700834] left click on word 75.1.2 ('大会')
[1573824700834] add 75.1.2 to 75[6,7,5:]
[1573824700972] right click on word 75.1.2 ('大会')
[1573824713152] left click on word 75.0.8 ('adopted')
[1573824713152] edit 75[8:]
[1573824713997] right click on word 75.1.10 ('通过')
[1573824713997] add 75.1.10 to 75[8:]
[1573824714441] right click on word 75.1.11 ('了')
[1573824715908] left click on word 75.1.10 ('通过')
[1573824715908] edit 75[8:10]
[1573824716302] left click on word 75.1.11 ('了')
[1573824716302] add 75.1.11 to 75[8:10]
[1573824716448] right click on word 75.1.11 ('了')
[1573824718824] right click on word 75.1.12 ('第')
[1573824719364] add 75.1.12 to 75[:]
[1573824719364] label 75[:12] as unaligned_explicitation
[1573824722768] left click on word 75.0.9 ('resolution')
[1573824722768] edit 75[9:13]
[1573824723419] left click on word 75.1.13 ('37/90')
[1573824723420] del 75.1.13 from 75[9:13]
[1573824724606] right click on word 75.1.15 ('决议')
[1573824724607] del 75.1.15 from 75[14:15]
[1573824724607] add 75.1.15 to 75[9:]
[1573824726231] left click on word 75.0.10 ('37/90')
[1573824726231] new alignment group
[1573824726231] add 75.0.10 to 75[:]
[1573824726875] right click on word 75.1.13 ('37/90')
[1573824726875] add 75.1.13 to 75[10:]
[1573824727975] right click on word 75.1.14 ('号')
[1573824728476] add 75.1.14 to 75[:]
[1573824728476] label 75[:14] as unaligned_explicitation
[1573824734179] left click on word 75.0.14 ('endorsed')
[1573824734179] edit 75[14:]
[1573824735057] left click on word 75.1.17 ('核准')
[1573824735058] add 75.1.17 to 75[14:]
[1573824735599] left click on word 75.1.18 ('了')
[1573824735599] add 75.1.18 to 75[14:17]
[1573824735753] right click on word 75.1.18 ('了')
[1573824736151] right click on word 75.1.18 ('了')
[1573824736837] label 75[14:17,18] as equivalence
[1573824753041] left click on word 75.0.16 ('recommendations')
[1573824753041] edit 75[16:27]
[1573824753654] left click on word 75.0.15 ('the')
[1573824753654] add 75.0.15 to 75[16:27]
[1573824754219] left click on word 75.1.27 ('会议')
[1573824754219] del 75.1.27 from 75[16,15:27]
[1573824754789] right click on word 75.1.30 ('建议')
[1573824754789] add 75.1.30 to 75[16,15:]
[1573824755261] right click on word 75.1.29 ('各项')
[1573824755812] add 75.1.29 to 75[:]
[1573824755813] label 75[:29] as unaligned_explicitation
[1573824760533] left click on word 75.0.17 ('of')
[1573824760533] new alignment group
[1573824760533] add 75.0.17 to 75[:]
[1573824761266] right click on word 75.1.28 ('的')
[1573824761266] del 75.1.28 from 75[32:28]
[1573824761266] add 75.1.28 to 75[17:]
[1573824768678] left click on word 75.0.19 ('Second')
[1573824768678] new alignment group
[1573824768678] add 75.0.19 to 75[:]
[1573824769882] left click on word 75.1.19 ('第二')
[1573824769882] add 75.1.19 to 75[19:]
[1573824770965] left click on word 75.1.20 ('次')
[1573824770965] del 75.1.20 from 75[26:20]
[1573824770965] add 75.1.20 to 75[19:19]
[1573824772058] right click on word 75.0.19 ('Second')
[1573824776022] left click on word 75.0.25 ('Exploration')
[1573824776022] new alignment group
[1573824776022] add 75.0.25 to 75[:]
[1573824776764] right click on word 75.1.21 ('探索')
[1573824776764] add 75.1.21 to 75[25:]
[1573824777710] left click on word 75.0.26 ('and')
[1573824777710] edit 75[26:]
[1573824778390] right click on word 75.1.22 ('及')
[1573824778390] add 75.1.22 to 75[26:]
[1573824779196] left click on word 75.0.27 ('Peaceful')
[1573824779196] new alignment group
[1573824779196] add 75.0.27 to 75[:]
[1573824779890] right click on word 75.1.23 ('和平')
[1573824779890] add 75.1.23 to 75[27:]
[1573824780747] left click on word 75.0.28 ('Uses')
[1573824780747] new alignment group
[1573824780748] add 75.0.28 to 75[:]
[1573824781427] right click on word 75.1.24 ('利用')
[1573824781427] add 75.1.24 to 75[28:]
[1573824783112] right click on word 75.0.30 ('Outer')
[1573824784410] left click on word 75.0.30 ('Outer')
[1573824784410] new alignment group
[1573824784410] add 75.0.30 to 75[:]
[1573824785263] right click on word 75.1.25 ('外层')
[1573824785263] add 75.1.25 to 75[30:]
[1573824785999] left click on word 75.0.31 ('Space')
[1573824786000] new alignment group
[1573824786000] add 75.0.31 to 75[:]
[1573824786617] right click on word 75.1.25 ('外层')
[1573824786618] del 75.1.25 from 75[30:25]
[1573824786618] add 75.1.25 to 75[31:]
[1573824787543] left click on word 75.0.30 ('Outer')
[1573824787543] edit 75[30:]
[1573824788358] right click on word 75.1.25 ('外层')
[1573824788358] del 75.1.25 from 75[31:25]
[1573824788358] add 75.1.25 to 75[30:]
[1573824789522] left click on word 75.0.31 ('Space')
[1573824789522] edit 75[31:]
[1573824790280] right click on word 75.1.26 ('空间')
[1573824790280] add 75.1.26 to 75[31:]
[1573824791623] left click on word 75.0.22 ('Conference')
[1573824791623] new alignment group
[1573824791623] add 75.0.22 to 75[:]
[1573824792269] right click on word 75.1.27 ('会议')
[1573824792269] add 75.1.27 to 75[22:]
[1573824794383] left click on word 75.1.31 ('。')
[1573824794383] new alignment group
[1573824794384] add 75.1.31 to 75[:]
[1573824795293] right click on word 75.0.32 ('.')
[1573824795293] del 75.0.32 from 75[32:]
[1573824795294] add 75.0.32 to 75[:31]
[1573824802921] left click on word 75.0.20 ('United')
[1573824802922] new alignment group
[1573824802922] add 75.0.20 to 75[:]
[1573824803343] left click on word 75.0.21 ('Nations')
[1573824803343] add 75.0.21 to 75[20:]
[1573824803516] right click on word 75.0.21 ('Nations')
[1573824803766] right click on word 75.0.21 ('Nations')
[1573824804593] label 75[20,21:] as unaligned_reduction
[1573824858379] left click on word 75.0.23 ('on')
[1573824858379] new alignment group
[1573824858379] add 75.0.23 to 75[:]
[1573824858710] left click on word 75.0.24 ('the')
[1573824858710] add 75.0.24 to 75[23:]
[1573824858857] right click on word 75.0.24 ('the')
[1573824859361] right click on word 75.0.24 ('the')
[1573824861375] right click on word 75.0.23 ('on')
[1573824862043] label 75[23,24:] as unaligned_reduction
[1573824862991] left click on word 75.0.24 ('the')
[1573824862991] edit 75[23,24:]
[1573824863262] left click on word 75.0.24 ('the')
[1573824863262] del 75.0.24 from 75[23,24:]
[1573824863699] right click on word 75.0.23 ('on')
[1573824864349] left click on word 75.0.25 ('Exploration')
[1573824864349] edit 75[25:21]
[1573824864855] right click on word 75.0.24 ('the')
[1573824864855] add 75.0.24 to 75[25:21]
[1573824916391] NEW SESSION
[1573824926572] left click on word 76.0.0 ('In')
[1573824926572] new alignment group
[1573824926572] add 76.0.0 to 76[:]
[1573824927885] left click on word 76.1.1 ('在')
[1573824927885] add 76.1.1 to 76[0:]
[1573824928485] left click on word 76.1.5 ('中')
[1573824928485] del 76.1.5 from 76[9:5]
[1573824928486] add 76.1.5 to 76[0:1]
[1573824928621] right click on word 76.1.5 ('中')
[1573824930214] left click on word 76.0.1 ('that')
[1573824930214] edit 76[1:2]
[1573824930559] right click on word 76.0.1 ('that')
[1573824931348] right click on word 76.1.3 ('项')
[1573824931989] del 76.1.3 from 76[2:3]
[1573824932445] right click on word 76.1.3 ('项')
[1573824932994] add 76.1.3 to 76[:]
[1573824932994] label 76[:3] as unaligned_explicitation
[1573824933900] left click on word 76.0.2 ('resolution')
[1573824933900] edit 76[2:]
[1573824934611] right click on word 76.1.4 ('决议')
[1573824934611] add 76.1.4 to 76[2:]
[1573824937181] left click on word 76.0.4 ('the')
[1573824937181] new alignment group
[1573824937181] add 76.0.4 to 76[:]
[1573824937499] left click on word 76.0.5 ('Assembly')
[1573824937499] add 76.0.5 to 76[4:]
[1573824938215] right click on word 76.1.0 ('大会')
[1573824938215] add 76.1.0 to 76[4,5:]
[1573824940315] left click on word 76.0.6 ('decided')
[1573824940315] edit 76[6:6]
[1573824941071] left click on word 76.1.6 ('特别')
[1573824941071] del 76.1.6 from 76[6:6]
[1573824941507] right click on word 76.1.7 ('决定')
[1573824941507] add 76.1.7 to 76[6:]
[1573824967503] left click on word 76.0.8 ('inter')
[1573824967503] new alignment group
[1573824967503] add 76.0.8 to 76[:]
[1573824967872] left click on word 76.0.9 ('alia')
[1573824967872] del 76.0.9 from 76[9:]
[1573824967873] add 76.0.9 to 76[8:]
[1573824968582] right click on word 76.1.6 ('特别')
[1573824968582] add 76.1.6 to 76[8,9:]
[1573824969387] right click on word 76.1.6 ('特别')
[1573824970258] label 76[8,9:6] as equivalence
[1573824971796] left click on word 76.0.7 (',')
[1573824971796] new alignment group
[1573824971796] add 76.0.7 to 76[:]
[1573824972506] cancel edit
[1573824973769] left click on word 76.0.10 (',')
[1573824973769] new alignment group
[1573824973769] add 76.0.10 to 76[:]
[1573824974664] right click on word 76.1.8 ('，')
[1573824974664] add 76.1.8 to 76[10:]
[1573824998329] left click on word 76.0.12 ('the')
[1573824998329] new alignment group
[1573824998329] add 76.0.12 to 76[:]
[1573824998864] left click on word 76.0.13 ('United')
[1573824998864] add 76.0.13 to 76[12:]
[1573824999469] left click on word 76.0.14 ('Nations')
[1573824999469] add 76.0.14 to 76[12,13:]
[1573825000323] right click on word 76.1.9 ('联合国')
[1573825000323] add 76.1.9 to 76[12,13,14:]
[1573825755218] left click on word 76.0.15 ('Programme')
[1573825755218] new alignment group
[1573825755218] add 76.0.15 to 76[:]
[1573825756288] left click on word 76.1.12 ('方案')
[1573825756288] del 76.1.12 from 76[19:12]
[1573825756288] add 76.1.12 to 76[15:]
[1573825756917] right click on word 76.1.12 ('方案')
[1573825757182] right click on word 76.1.12 ('方案')
[1573825759117] label 76[15:12] as modulation
[1573825761579] left click on word 76.0.17 ('Space')
[1573825761579] new alignment group
[1573825761579] add 76.0.17 to 76[:]
[1573825762345] right click on word 76.1.10 ('空间')
[1573825762345] add 76.1.10 to 76[17:]
[1573825762941] left click on word 76.0.18 ('Applications')
[1573825762941] new alignment group
[1573825762941] add 76.0.18 to 76[:]
[1573825763577] right click on word 76.1.11 ('应用')
[1573825763577] add 76.1.11 to 76[18:]
[1573825764899] right click on word 76.0.16 ('on')
[1573825765464] add 76.0.16 to 76[:]
[1573825765464] label 76[16:] as unaligned_reduction
[1573825771454] left click on word 76.0.19 ('should')
[1573825771454] edit 76[19:]
[1573825772353] right click on word 76.1.13 ('应')
[1573825772353] del 76.1.13 from 76[22:13]
[1573825772353] add 76.1.13 to 76[19:]
[1573825786997] left click on word 76.0.20 ('disseminate')
[1573825786997] edit 76[20:18]
[1573825787799] left click on word 76.1.18 ('研讨会')
[1573825787799] del 76.1.18 from 76[20:18]
[1573825788106] right click on word 76.1.19 ('传播')
[1573825788106] del 76.1.19 from 76[29:19]
[1573825788107] add 76.1.19 to 76[20:]
[1573825791364] left click on word 76.0.22 ('through')
[1573825791364] edit 76[22:]
[1573825792118] right click on word 76.1.14 ('通过')
[1573825792118] del 76.1.14 from 76[23:14]
[1573825792119] add 76.1.14 to 76[22:]
[1573825804626] left click on word 76.0.23 ('panel')
[1573825804626] edit 76[23:]
[1573825805570] right click on word 76.1.15 ('小组')
[1573825805571] del 76.1.15 from 76[24:15]
[1573825805571] add 76.1.15 to 76[23:]
[1573825807342] left click on word 76.0.24 ('meetings')
[1573825807342] edit 76[24:]
[1573825808163] right click on word 76.1.16 ('会议')
[1573825808163] add 76.1.16 to 76[24:]
[1573825810204] left click on word 76.0.25 ('and')
[1573825810204] new alignment group
[1573825810204] add 76.0.25 to 76[:]
[1573825811113] right click on word 76.1.17 ('和')
[1573825811114] del 76.1.17 from 76[26:17]
[1573825811114] add 76.1.17 to 76[25:]
[1573825816964] left click on word 76.0.26 ('seminars')
[1573825816964] edit 76[26:]
[1573825817643] right click on word 76.1.18 ('研讨会')
[1573825817643] add 76.1.18 to 76[26:]
[1573825824638] left click on word 76.0.28 ('information')
[1573825824638] edit 76[28:27]
[1573825825423] left click on word 76.1.27 ('的')
[1573825825423] del 76.1.27 from 76[28:27]
[1573825825773] right click on word 76.1.28 ('资料')
[1573825825773] add 76.1.28 to 76[28:]
[1573825841509] right click on word 76.0.28 ('information')
[1573825842422] label 76[28:28] as modulation
[1573825844643] left click on word 76.0.29 ('on')
[1573825844643] edit 76[29:]
[1573825845500] right click on word 76.1.20 ('关于')
[1573825845501] del 76.1.20 from 76[30:20]
[1573825845501] add 76.1.20 to 76[29:]
[1573825856131] left click on word 76.0.30 ('new')
[1573825856131] edit 76[30:]
[1573825856788] left click on word 76.1.21 ('新')
[1573825856788] add 76.1.21 to 76[30:]
[1573825857111] left click on word 76.1.22 ('的')
[1573825857111] del 76.1.22 from 76[32:22]
[1573825857112] add 76.1.22 to 76[30:21]
[1573825857259] right click on word 76.1.22 ('的')
[1573825859741] right click on word 76.0.31 ('and')
[1573825860639] del 76.0.31 from 76[31:24]
[1573825861540] left click on word 76.0.32 ('advanced')
[1573825861540] edit 76[32:]
[1573825862228] left click on word 76.1.23 ('先进')
[1573825862228] del 76.1.23 from 76[33:23]
[1573825862228] add 76.1.23 to 76[32:]
[1573825862406] right click on word 76.1.23 ('先进')
[1573825864625] left click on word 76.0.33 ('technology')
[1573825864625] edit 76[33:]
[1573825865333] right click on word 76.1.24 ('技术')
[1573825865333] del 76.1.24 from 76[:24]
[1573825865334] add 76.1.24 to 76[33:]
[1573825866660] left click on word 76.0.34 ('and')
[1573825866660] new alignment group
[1573825866660] add 76.0.34 to 76[:]
[1573825867634] right click on word 76.1.25 ('和')
[1573825867634] del 76.1.25 from 76[35:25]
[1573825867634] add 76.1.25 to 76[34:]
[1573825868705] left click on word 76.0.35 ('applications')
[1573825868705] edit 76[35:]
[1573825869407] right click on word 76.1.26 ('应用')
[1573825869408] add 76.1.26 to 76[35:]
[1573825874555] right click on word 76.1.27 ('的')
[1573825875157] add 76.1.27 to 76[:]
[1573825875158] label 76[:27] as unaligned_explicitation
[1573825892685] left click on word 76.0.39 ('on')
[1573825892685] edit 76[39:33]
[1573825893564] left click on word 76.1.33 ('其')
[1573825893564] del 76.1.33 from 76[39:33]
[1573825894025] right click on word 76.1.32 ('在')
[1573825894025] del 76.1.32 from 76[40:32]
[1573825894025] add 76.1.32 to 76[39:]
[1573825894913] right click on word 76.1.31 ('放')
[1573825895509] add 76.1.31 to 76[:]
[1573825895509] label 76[:31] as unaligned_explicitation
[1573825899679] left click on word 76.0.37 ('with')
[1573825899679] new alignment group
[1573825899679] add 76.0.37 to 76[:]
[1573825900673] left click on word 76.1.31 ('放')
[1573825900673] del 76.1.31 from 76[:31]
[1573825900673] add 76.1.31 to 76[37:]
[1573825900858] right click on word 76.1.31 ('放')
[1573825902506] right click on word 76.1.31 ('放')
[1573825903435] label 76[37:31] as transposition
[1573825907373] left click on word 76.0.40 ('their')
[1573825907373] edit 76[40:]
[1573825908164] left click on word 76.1.33 ('其')
[1573825908164] add 76.1.33 to 76[40:]
[1573825908311] right click on word 76.1.33 ('其')
[1573825925696] left click on word 76.0.41 ('relevance')
[1573825925697] edit 76[41:37]
[1573825926452] left click on word 76.1.37 ('的')
[1573825926452] del 76.1.37 from 76[41:37]
[1573825926800] left click on word 76.1.38 ('实际')
[1573825926800] add 76.1.38 to 76[41:]
[1573825927130] left click on word 76.1.39 ('作用')
[1573825927130] del 76.1.39 from 76[43:39]
[1573825927131] add 76.1.39 to 76[41:38]
[1573825927290] right click on word 76.1.39 ('作用')
[1573825927599] right click on word 76.1.39 ('作用')
[1573825928778] label 76[41:38,39] as uncertain
[1573825930144] left click on word 76.0.42 ('and')
[1573825930144] new alignment group
[1573825930144] add 76.0.42 to 76[:]
[1573825930917] right click on word 76.1.40 ('和')
[1573825930917] add 76.1.40 to 76[42:]
[1573825931702] left click on word 76.0.43 ('implications')
[1573825931702] edit 76[43:]
[1573825932380] left click on word 76.1.41 ('影响')
[1573825932380] del 76.1.41 from 76[47:41]
[1573825932380] add 76.1.41 to 76[43:]
[1573825932552] right click on word 76.1.41 ('影响')
[1573825935658] right click on word 76.1.41 ('影响')
[1573825936436] label 76[43:41] as modulation
[1573825938806] left click on word 76.0.44 ('for')
[1573825938806] new alignment group
[1573825938806] add 76.0.44 to 76[:]
[1573825939795] right click on word 76.1.34 ('对')
[1573825939795] del 76.1.34 from 76[45:34]
[1573825939795] add 76.1.34 to 76[44:]
[1573825941173] left click on word 76.0.45 ('developing')
[1573825941173] edit 76[45:]
[1573825941697] right click on word 76.1.35 ('发展中')
[1573825941697] add 76.1.35 to 76[45:]
[1573825942376] left click on word 76.0.46 ('countries')
[1573825942376] new alignment group
[1573825942376] add 76.0.46 to 76[:]
[1573825943147] right click on word 76.1.36 ('国家')
[1573825943147] add 76.1.36 to 76[46:]
[1573825947604] right click on word 76.1.37 ('的')
[1573825948119] add 76.1.37 to 76[:]
[1573825948119] label 76[:37] as unaligned_explicitation
[1573825950389] left click on word 76.0.39 ('on')
[1573825950389] edit 76[39:32]
[1573825951279] right click on word 76.1.42 ('上')
[1573825951279] add 76.1.42 to 76[39:32]
[1573825952273] left click on word 76.0.47 ('.')
[1573825952273] edit 76[47:]
[1573825953031] right click on word 76.1.43 ('。')
[1573825953031] add 76.1.43 to 76[47:]
[1573826185913] NEW SESSION
[1573826480426] left click on word 77.0.1 ('United')
[1573826480426] new alignment group
[1573826480426] add 77.0.1 to 77[:]
[1573826480821] left click on word 77.0.2 ('Nations')
[1573826480821] add 77.0.2 to 77[1:]
[1573826481457] right click on word 77.1.2 ('联合国')
[1573826481457] add 77.1.2 to 77[1,2:]
[1573826481647] right click on word 77.1.2 ('联合国')
[1573826483359] left click on word 77.0.3 ('/')
[1573826483359] new alignment group
[1573826483360] add 77.0.3 to 77[:]
[1573826484311] right click on word 77.1.3 ('/')
[1573826484311] add 77.1.3 to 77[3:]
[1573826485035] left click on word 77.0.4 ('European')
[1573826485035] new alignment group
[1573826485035] add 77.0.4 to 77[:]
[1573826485772] right click on word 77.1.4 ('欧洲')
[1573826485772] add 77.1.4 to 77[4:]
[1573826486389] left click on word 77.0.5 ('Space')
[1573826486389] new alignment group
[1573826486389] add 77.0.5 to 77[:]
[1573826486809] left click on word 77.0.6 ('Agency')
[1573826486809] del 77.0.6 from 77[6:6]
[1573826486809] add 77.0.6 to 77[5:]
[1573826487464] right click on word 77.1.5 ('航天局')
[1573826487464] add 77.1.5 to 77[5,6:]
[1573826493544] left click on word 77.0.7 ('Workshop')
[1573826493544] new alignment group
[1573826493545] add 77.0.7 to 77[:]
[1573826494696] right click on word 77.1.16 ('讲习班')
[1573826494696] add 77.1.16 to 77[7:]
[1573826496885] left click on word 77.0.8 ('on')
[1573826496885] new alignment group
[1573826496885] add 77.0.8 to 77[:]
[1573826497886] right click on word 77.1.6 ('关于')
[1573826497886] del 77.1.6 from 77[:6]
[1573826497886] add 77.1.6 to 77[8:]
[1573826499886] left click on word 77.0.9 ('Applications')
[1573826499886] new alignment group
[1573826499886] add 77.0.9 to 77[:]
[1573826500831] right click on word 77.1.7 ('应用')
[1573826500831] add 77.1.7 to 77[9:]
[1573826501992] right click on word 77.0.9 ('Applications')
[1573826502846] label 77[9:7] as transposition
[1573826505316] left click on word 77.0.9 ('Applications')
[1573826505316] edit 77[9:7]
[1573826505872] right click on word 77.0.10 ('of')
[1573826505872] add 77.0.10 to 77[9:7]
[1573826506948] left click on word 77.0.11 ('Space')
[1573826506948] new alignment group
[1573826506948] add 77.0.11 to 77[:]
[1573826507806] right click on word 77.1.8 ('空间')
[1573826507806] add 77.1.8 to 77[11:]
[1573826508354] left click on word 77.0.12 ('Techniques')
[1573826508355] new alignment group
[1573826508355] add 77.0.12 to 77[:]
[1573826509120] right click on word 77.1.9 ('技术')
[1573826509120] add 77.1.9 to 77[12:]
[1573826510465] right click on word 77.0.13 ('to')
[1573826511292] del 77.0.13 from 77[13:10]
[1573826511832] right click on word 77.0.13 ('to')
[1573826512268] add 77.0.13 to 77[:]
[1573826512269] label 77[13:] as unaligned_reduction
[1573826513630] left click on word 77.0.14 ('Prevent')
[1573826513630] new alignment group
[1573826513630] add 77.0.14 to 77[:]
[1573826514476] right click on word 77.1.10 ('预防')
[1573826514476] del 77.1.10 from 77[:10]
[1573826514476] add 77.1.10 to 77[14:]
[1573826519507] right click on word 77.0.15 ('and')
[1573826521042] left click on word 77.1.11 ('和')
[1573826521042] new alignment group
[1573826521042] add 77.1.11 to 77[:]
[1573826521856] left click on word 77.0.15 ('and')
[1573826521856] add 77.0.15 to 77[:11]
[1573826522005] right click on word 77.0.15 ('and')
[1573826523459] left click on word 77.0.16 ('Combat')
[1573826523459] new alignment group
[1573826523459] add 77.0.16 to 77[:]
[1573826524125] right click on word 77.1.12 ('对抗')
[1573826524125] add 77.1.12 to 77[16:]
[1573826525257] left click on word 77.0.17 ('Natural')
[1573826525258] edit 77[17:15]
[1573826526425] left click on word 77.1.15 ('的')
[1573826526425] del 77.1.15 from 77[17:15]
[1573826526947] right click on word 77.1.13 ('自然')
[1573826526947] add 77.1.13 to 77[17:]
[1573826527581] left click on word 77.0.18 ('Disasters')
[1573826527582] new alignment group
[1573826527582] add 77.0.18 to 77[:]
[1573826528303] right click on word 77.1.14 ('灾害')
[1573826528303] add 77.1.14 to 77[18:]
[1573826530913] left click on word 77.0.8 ('on')
[1573826530913] edit 77[8:6]
[1573826531675] right click on word 77.1.15 ('的')
[1573826531675] add 77.1.15 to 77[8:6]
[1573826535350] left click on word 77.0.19 ('was')
[1573826535350] new alignment group
[1573826535350] add 77.0.19 to 77[:]
[1573826536315] left click on word 77.1.17 ('是')
[1573826536315] del 77.1.17 from 77[41:17]
[1573826536315] add 77.1.17 to 77[19:]
[1573826536473] right click on word 77.1.17 ('是')
[1573826536774] right click on word 77.1.17 ('是')
[1573826538009] label 77[19:17] as lexical_shift
[1573826548752] left click on word 77.0.20 ('one')
[1573826548752] new alignment group
[1573826548752] add 77.0.20 to 77[:]
[1573826549385] left click on word 77.0.21 ('of')
[1573826549385] del 77.0.21 from 77[21:33]
[1573826549385] add 77.0.21 to 77[20:]
[1573826550203] left click on word 77.1.35 ('一')
[1573826550203] add 77.1.35 to 77[20,21:]
[1573826550341] right click on word 77.1.35 ('一')
[1573826551383] right click on word 77.1.36 ('项')
[1573826551846] add 77.1.36 to 77[:]
[1573826551847] label 77[:36] as unaligned_explicitation
[1573826554465] left click on word 77.0.21 ('of')
[1573826554465] edit 77[20,21:35]
[1573826554908] left click on word 77.0.22 ('the')
[1573826554909] add 77.0.22 to 77[20,21:35]
[1573826555090] right click on word 77.0.22 ('the')
[1573826556231] left click on word 77.0.23 ('activities')
[1573826556231] new alignment group
[1573826556231] add 77.0.23 to 77[:]
[1573826556902] right click on word 77.1.37 ('活动')
[1573826556902] add 77.1.37 to 77[23:]
[1573826557600] right click on word 77.1.37 ('活动')
[1573826558942] label 77[23:37] as lexical_shift
[1573826566872] right click on word 77.1.37 ('活动')
[1573826567748] label 77[23:37] as literal
[1573826574452] left click on word 77.0.24 ('of')
[1573826574452] new alignment group
[1573826574452] add 77.0.24 to 77[:]
[1573826575452] left click on word 77.1.33 ('中')
[1573826575452] del 77.1.33 from 77[:33]
[1573826575453] add 77.1.33 to 77[24:]
[1573826576580] left click on word 77.1.34 ('的')
[1573826576580] del 77.1.34 from 77[42:34]
[1573826576581] add 77.1.34 to 77[24:33]
[1573826576814] right click on word 77.1.34 ('的')
[1573826577155] right click on word 77.1.34 ('的')
[1573826577946] label 77[24:33,34] as transposition
[1573826579670] left click on word 77.0.25 ('the')
[1573826579670] new alignment group
[1573826579670] add 77.0.25 to 77[:]
[1573826580029] left click on word 77.0.26 ('Programme')
[1573826580030] del 77.0.26 from 77[26:27]
[1573826580030] add 77.0.26 to 77[25:]
[1573826581104] left click on word 77.1.32 ('方案')
[1573826581104] add 77.1.32 to 77[25,26:]
[1573826581282] right click on word 77.1.32 ('方案')
[1573826583045] right click on word 77.0.26 ('Programme')
[1573826583650] label 77[25,26:32] as modulation
[1573826608543] left click on word 77.0.28 ('1995')
[1573826608543] new alignment group
[1573826608543] add 77.0.28 to 77[:]
[1573826609369] right click on word 77.1.30 ('1995')
[1573826609369] add 77.1.30 to 77[28:]
[1573826609844] right click on word 77.1.31 ('年')
[1573826610305] add 77.1.31 to 77[:]
[1573826610305] label 77[:31] as unaligned_explicitation
[1573826615755] left click on word 77.0.31 ('endorsed')
[1573826615755] new alignment group
[1573826615755] add 77.0.31 to 77[:]
[1573826616830] right click on word 77.1.28 ('核准')
[1573826616830] add 77.1.28 to 77[31:]
[1573826617492] right click on word 77.1.28 ('核准')
[1573826618189] label 77[31:28] as equivalence
[1573826630436] left click on word 77.0.31 ('endorsed')
[1573826630436] edit 77[31:28]
[1573826630832] left click on word 77.0.30 ('were')
[1573826630832] add 77.0.30 to 77[31:28]
[1573826631488] left click on word 77.0.32 ('by')
[1573826631488] add 77.0.32 to 77[31,30:28]
[1573826632162] right click on word 77.1.28 ('核准')
[1573826632668] right click on word 77.1.28 ('核准')
[1573826633548] label 77[31,30,32:28] as modulation
[1573826636413] left click on word 77.0.33 ('the')
[1573826636413] new alignment group
[1573826636413] add 77.0.33 to 77[:]
[1573826636787] left click on word 77.0.34 ('General')
[1573826636787] add 77.0.34 to 77[33:]
[1573826637444] left click on word 77.0.35 ('Assembly')
[1573826637444] add 77.0.35 to 77[33,34:]
[1573826637973] right click on word 77.1.18 ('大会')
[1573826637974] add 77.1.18 to 77[33,34,35:]
[1573826643638] left click on word 77.0.43 ('1994')
[1573826643638] new alignment group
[1573826643638] add 77.0.43 to 77[:]
[1573826644440] left click on word 77.0.42 ('December')
[1573826644441] del 77.0.42 from 77[42:]
[1573826644441] add 77.0.42 to 77[43:]
[1573826645600] left click on word 77.1.21 ('12')
[1573826645600] add 77.1.21 to 77[43,42:]
[1573826645968] left click on word 77.1.22 ('月')
[1573826645968] add 77.1.22 to 77[43,42:21]
[1573826646088] right click on word 77.1.22 ('月')
[1573826646955] left click on word 77.0.42 ('December')
[1573826646955] edit 77[43,42:21,22]
[1573826647377] left click on word 77.0.43 ('1994')
[1573826647378] del 77.0.43 from 77[43,42:21,22]
[1573826647643] right click on word 77.0.42 ('December')
[1573826648885] left click on word 77.0.41 ('9')
[1573826648885] edit 77[41:]
[1573826649384] left click on word 77.1.23 ('9')
[1573826649384] add 77.1.23 to 77[41:]
[1573826649601] right click on word 77.1.23 ('9')
[1573826650185] right click on word 77.1.24 ('日')
[1573826650757] del 77.1.24 from 77[36:24]
[1573826651209] right click on word 77.1.24 ('日')
[1573826651725] add 77.1.24 to 77[:]
[1573826651725] label 77[:24] as unaligned_explicitation
[1573826654022] left click on word 77.0.39 ('49/34')
[1573826654022] edit 77[39:19]
[1573826655125] left click on word 77.1.19 ('1994')
[1573826655125] del 77.1.19 from 77[39:19]
[1573826657493] cancel edit
[1573826657494] add 77.1.19 to 77[39:]
[1573826680299] NEW SESSION
[1573826687305] left click on word 77.0.39 ('49/34')
[1573826687305] edit 77[39:19]
[1573826688099] cancel edit
[1573826689106] left click on word 77.0.39 ('49/34')
[1573826689107] edit 77[39:19]
[1573826689670] left click on word 77.1.19 ('1994')
[1573826689671] del 77.1.19 from 77[39:19]
[1573826690266] right click on word 77.1.26 ('49/34')
[1573826690266] add 77.1.26 to 77[39:]
[1573826693010] right click on word 77.1.27 ('号')
[1573826693846] label 77[:27] as unaligned_explicitation
[1573826696331] left click on word 77.0.43 ('1994')
[1573826696331] new alignment group
[1573826696331] add 77.0.43 to 77[:]
[1573826697384] left click on word 77.1.19 ('1994')
[1573826697385] add 77.1.19 to 77[43:]
[1573826697566] right click on word 77.1.19 ('1994')
[1573826699650] right click on word 77.1.20 ('年')
[1573826700294] add 77.1.20 to 77[:]
[1573826700294] label 77[:20] as unaligned_explicitation
[1573826702606] left click on word 77.0.44 ('.')
[1573826702606] new alignment group
[1573826702606] add 77.0.44 to 77[:]
[1573826703331] right click on word 77.1.39 ('。')
[1573826703332] add 77.1.39 to 77[44:]
[1573826707908] left click on word 77.0.41 ('9')
[1573826707908] edit 77[41:23]
[1573826708270] right click on word 77.0.41 ('9')
[1573826710918] left click on word 77.0.38 ('resolution')
[1573826710918] new alignment group
[1573826710918] add 77.0.38 to 77[:]
[1573826713399] right click on word 77.1.28 ('决议')
[1573826713399] del 77.1.28 from 77[31,30,32:28]
[1573826713400] add 77.1.28 to 77[38:]
[1573826721470] left click on word 77.0.30 ('were')
[1573826721470] edit 77[31,30,32:]
[1573826722046] left click on word 77.0.31 ('endorsed')
[1573826722046] del 77.0.31 from 77[31,30,32:]
[1573826723856] left click on word 77.0.32 ('by')
[1573826723856] del 77.0.32 from 77[30,32:]
[1573826724539] left click on word 77.1.29 ('核准')
[1573826724539] add 77.1.29 to 77[30:]
[1573826724905] right click on word 77.1.29 ('核准')
[1573826725777] left click on word 77.1.29 ('核准')
[1573826725777] edit 77[30:29]
[1573826726301] left click on word 77.0.31 ('endorsed')
[1573826726301] add 77.0.31 to 77[30:29]
[1573826726756] left click on word 77.0.32 ('by')
[1573826726756] add 77.0.32 to 77[30,31:29]
[1573826726921] right click on word 77.0.32 ('by')
[1573826727250] right click on word 77.0.32 ('by')
[1573826727921] label 77[30,31,32:29] as modulation
[1573826738447] left click on word 77.0.23 ('activities')
[1573826738447] edit 77[23:37]
[1573826739172] left click on word 77.1.37 ('项')
[1573826739173] del 77.1.37 from 77[23:37]
[1573826739514] left click on word 77.1.38 ('活动')
[1573826739515] add 77.1.38 to 77[23:]
[1573826739716] right click on word 77.1.38 ('活动')
[1573826740763] left click on word 77.1.39 ('。')
[1573826740763] edit 77[44:39]
[1573826741062] right click on word 77.1.39 ('。')
[1573826741706] right click on word 77.1.37 ('项')
[1573826742152] add 77.1.37 to 77[:]
[1573826742152] label 77[:37] as unaligned_explicitation
[1573826742927] left click on word 77.1.36 ('一')
[1573826742927] edit 77[:36]
[1573826743898] left click on word 77.0.20 ('one')
[1573826743898] del 77.0.20 from 77[20,21,22:35]
[1573826743899] add 77.0.20 to 77[:36]
[1573826744229] left click on word 77.0.21 ('of')
[1573826744229] del 77.0.21 from 77[21,22:35]
[1573826744229] add 77.0.21 to 77[20:36]
[1573826744639] left click on word 77.0.22 ('the')
[1573826744639] del 77.0.22 from 77[22:35]
[1573826744639] add 77.0.22 to 77[20,21:36]
[1573826744801] right click on word 77.0.22 ('the')
[1573826752309] left click on word 77.0.25 ('the')
[1573826752309] edit 77[25,26:32]
[1573826753174] left click on word 77.1.32 ('年')
[1573826753175] del 77.1.32 from 77[25,26:32]
[1573826753626] left click on word 77.1.33 ('方案')
[1573826753627] del 77.1.33 from 77[24:33,34]
[1573826753627] add 77.1.33 to 77[25,26:]
[1573826754691] left click on word 77.1.34 ('中')
[1573826754691] del 77.1.34 from 77[24:34]
[1573826754691] add 77.1.34 to 77[25,26:33]
[1573826755440] left click on word 77.1.34 ('中')
[1573826755440] del 77.1.34 from 77[25,26:33,34]
[1573826755441] add 77.1.34 to 77[24:]
[1573826755766] right click on word 77.1.33 ('方案')
[1573826780429] left click on word 77.0.28 ('1995')
[1573826780429] edit 77[28:30]
[1573826781481] left click on word 77.1.30 ('的')
[1573826781481] del 77.1.30 from 77[28:30]
[1573826781817] left click on word 77.1.31 ('1995')
[1573826781818] del 77.1.31 from 77[:31]
[1573826781818] add 77.1.31 to 77[28:]
[1573826782013] right click on word 77.1.31 ('1995')
[1573826782666] right click on word 77.1.32 ('年')
[1573826783320] add 77.1.32 to 77[:]
[1573826783320] label 77[:32] as unaligned_explicitation
[1573826785988] left click on word 77.0.29 ('that')
[1573826785988] edit 77[29:25]
[1573826786349] left click on word 77.0.29 ('that')
[1573826786350] del 77.0.29 from 77[29:25]
[1573826787188] left click on word 77.1.25 ('第')
[1573826787188] del 77.1.25 from 77[:25]
[1573826787949] cancel edit
[1573826787950] add 77.0.29 to 77[:]
[1573826787950] add 77.1.25 to 77[29:]
[1573826788748] right click on word 77.1.25 ('第')
[1573826789162] del 77.1.25 from 77[29:25]
[1573826789669] right click on word 77.1.25 ('第')
[1573826790141] add 77.1.25 to 77[:]
[1573826790141] label 77[:25] as unaligned_explicitation
[1573826792655] left click on word 77.0.29 ('that')
[1573826792655] edit 77[29:]
[1573826793251] right click on word 77.0.29 ('that')
[1573826793953] right click on word 77.0.29 ('that')
[1573826794701] del 77.0.29 from 77[29:]
[1573826804573] left click on word 77.1.34 ('中')
[1573826804573] edit 77[24:34]
[1573826806114] left click on word 77.1.35 ('的')
[1573826806115] del 77.1.35 from 77[:35]
[1573826806116] add 77.1.35 to 77[24:34]
[1573826806349] right click on word 77.1.35 ('的')
[1573826822216] left click on word 77.0.10 ('of')
[1573826822216] edit 77[9,10:7]
[1573826822474] left click on word 77.0.10 ('of')
[1573826822474] del 77.0.10 from 77[9,10:7]
[1573826823353] left click on word 77.0.10 ('of')
[1573826823353] add 77.0.10 to 77[9:7]
[1573826823488] right click on word 77.0.10 ('of')
[1573826850448] left click on word 77.0.27 ('for')
[1573826850448] new alignment group
[1573826850448] add 77.0.27 to 77[:]
[1573826851856] right click on word 77.1.30 ('的')
[1573826851856] add 77.1.30 to 77[27:]
[1573826852234] right click on word 77.1.30 ('的')
[1573826853984] label 77[27:30] as uncertain
[1573826863552] right click on word 77.0.27 ('for')
[1573826864427] label 77[27:30] as transposition
[1573826867613] left click on word 77.0.30 ('were')
[1573826867613] edit 77[30,31,32:29]
[1573826869067] right click on word 77.0.30 ('were')
[1573826869665] left click on word 77.0.30 ('were')
[1573826869665] edit 77[30,31,32:29]
[1573826870043] right click on word 77.0.29 ('that')
[1573826870043] add 77.0.29 to 77[30,31,32:29]
