[1517397486621] left click on word 157.0.3 ('make')
[1517397486621] edit 157[3,5:4,2]
[1517397487050] left click on word 157.0.3 ('make')
[1517397487050] del 157.0.3 from 157[3,5:4,2]
[1517397487586] left click on word 157.0.3 ('make')
[1517397487586] add 157.0.3 to 157[5:4,2]
[1517397488180] left click on word 157.0.5 ('difference')
[1517397488180] del 157.0.5 from 157[5,3:4,2]
[1517397488843] left click on word 157.1.4 ('différence')
[1517397488843] del 157.1.4 from 157[3:4,2]
[1517397489905] right click on word 157.0.3 ('make')
[1517397490346] left click on word 157.0.5 ('difference')
[1517397490347] new alignment group
[1517397490347] add 157.0.5 to 157[:]
[1517397491106] left click on word 157.1.4 ('différence')
[1517397491106] add 157.1.4 to 157[5:]
[1517397491705] right click on word 157.1.4 ('différence')
[1517397889613] left click on word 158.0.7 ('this')
[1517397889613] edit 158[11,7:7]
[1517397890317] left click on word 158.0.7 ('this')
[1517397890317] del 158.0.7 from 158[11,7:7]
[1517397891548] right click on word 158.1.7 ('de')
[1517398056250] right click on word 160.0.8 ('text')
[1517398057547] label 160[8:7,8] as equivalence
[1517398180848] NEW SESSION
[1517398322713] left click on word 160.0.35 ('it')
[1517398322713] edit 160[35:35,36]
[1517398323944] left click on word 160.1.36 ('n'')
[1517398323945] del 160.1.36 from 160[35:35,36]
[1517398325097] right click on word 160.1.35 ('ce')
[1517398328318] left click on word 160.0.37 ('not')
[1517398328318] edit 160[37:38]
[1517398329559] left click on word 160.1.36 ('n'')
[1517398329559] add 160.1.36 to 160[37:38]
[1517398330177] right click on word 160.1.36 ('n'')
[1517398386507] right click on word 161.0.8 ('way')
[1517398387628] label 161[4,5,6,7,8,3:4,5,6,7,3] as modulation
[1517398471377] right click on word 162.1.2 ('vous')
[1517398472122] label 162[:2] as unaligned_explicitation
[1517398631012] right click on word 163.1.9 ('numéro')
[1517398632205] label 163[10:9] as particularization
[1517398699233] left click on word 165.0.12 ('reading')
[1517398699233] edit 165[12:12,13]
[1517398700033] left click on word 165.1.13 ('lecture')
[1517398700033] del 165.1.13 from 165[12:12,13]
[1517398700701] left click on word 165.1.14 ('de')
[1517398700701] add 165.1.14 to 165[12:12]
[1517398701211] left click on word 165.1.13 ('lecture')
[1517398701211] add 165.1.13 to 165[12:12,14]
[1517398701810] right click on word 165.1.13 ('lecture')
[1517398865984] right click on word 165.0.27 ('inherently')
[1517398867685] label 165[27:34,35] as transposition
[1517398889572] right click on word 165.0.31 ('medium')
[1517398890651] label 165[31:32] as modulation
[1517398934430] right click on word 166.0.13 ('issue')
[1517398935520] label 166[13:13] as particularization
[1517398976212] right click on word 167.0.2 ('made')
[1517398977227] label 167[3,2:2] as particularization
[1517398994725] right click on word 167.0.12 ('--')
[1517398995694] label 167[12:10] as modulation
[1517399102592] right click on word 167.1.23 ('classique')
[1517399104060] label 167[24:23] as particularization
[1517399109856] right click on word 167.0.26 ('--')
[1517399110801] label 167[26:24] as modulation
[1517399311769] right click on word 167.0.32 ('content')
[1517399312793] label 167[32:30,29] as equivalence
[1517404612809] right click on word 170.0.17 ('screen')
[1517404613991] label 170[17:19,20,21] as equivalence
[1517404713454] right click on word 170.0.16 ('on')
[1517404714295] label 170[16:17] as uncertain
[1517404717911] left click on word 170.0.16 ('on')
[1517404717911] edit 170[16:17]
[1517404718383] left click on word 170.0.17 ('screen')
[1517404718383] del 170.0.17 from 170[17:19,20,21]
[1517404718383] add 170.0.17 to 170[16:17]
[1517404718967] left click on word 170.0.18 ('real')
[1517404718967] del 170.0.18 from 170[18,19:18]
[1517404718967] add 170.0.18 to 170[16,17:17]
[1517404719561] left click on word 170.0.19 ('estate')
[1517404719561] del 170.0.19 from 170[19:18]
[1517404719561] add 170.0.19 to 170[16,17,18:17]
[1517404720249] left click on word 170.1.18 ('espace')
[1517404720249] del 170.1.18 from 170[:18]
[1517404720249] add 170.1.18 to 170[16,17,18,19:17]
[1517404720769] left click on word 170.1.19 ('de')
[1517404720769] del 170.1.19 from 170[:19,20,21]
[1517404720769] add 170.1.19 to 170[16,17,18,19:17,18]
[1517404721257] left click on word 170.1.20 ('l'')
[1517404721257] del 170.1.20 from 170[:20,21]
[1517404721258] add 170.1.20 to 170[16,17,18,19:17,18,19]
[1517404721697] left click on word 170.1.21 ('écran')
[1517404721697] del 170.1.21 from 170[:21]
[1517404721697] add 170.1.21 to 170[16,17,18,19:17,18,19,20]
[1517404724496] right click on word 170.1.18 ('espace')
[1517404725064] right click on word 170.1.18 ('espace')
[1517404726053] label 170[16,17,18,19:17,18,19,20,21] as generalization
[1517404751768] right click on word 171.0.15 ('--')
[1517404753022] label 171[15:18] as modulation
[1517404902291] right click on word 171.1.21 ('plus')
[1517404903032] label 171[:21] as unaligned_explicitation
[1517404994301] right click on word 172.0.8 ('really')
[1517404995034] add 172.0.8 to 172[:]
[1517404995034] label 172[8:] as unaligned_simplification
[1517405079911] right click on word 172.0.3 ('mapping')
[1517405080895] label 172[3:3,4] as literal
[1517405083551] right click on word 172.0.3 ('mapping')
[1517405084391] label 172[3:3,4] as uncertain
[1517405093303] right click on word 172.0.7 ('those')
[1517405094656] label 172[5,6,7:6,7,8] as uncertain
[1517405165829] right click on word 174.0.0 ('but')
[1517405167032] add 174.0.0 to 174[:]
[1517405167032] label 174[0:] as unaligned_simplification
[1517405175349] right click on word 174.0.0 ('but')
[1517405176311] del 174.0.0 from 174[0:]
[1517405179316] right click on word 174.0.0 ('but')
[1517405180174] add 174.0.0 to 174[:]
[1517405180174] label 174[0:] as unaligned_simplification
[1517405183130] right click on word 174.0.0 ('but')
[1517405183852] del 174.0.0 from 174[0:]
[1517405453038] left click on word 175.0.5 ('NASA')
[1517405453039] edit 175[5:6,7]
[1517405453543] left click on word 175.0.6 ('geospatial')
[1517405453543] del 175.0.6 from 175[6:4]
[1517405453543] add 175.0.6 to 175[5:6,7]
[1517405454075] left click on word 175.0.7 ('image')
[1517405454075] del 175.0.7 from 175[7:3]
[1517405454075] add 175.0.7 to 175[5,6:6,7]
[1517405455005] left click on word 175.1.3 ('image')
[1517405455005] del 175.1.3 from 175[:3]
[1517405455005] add 175.1.3 to 175[5,6,7:6,7]
[1517405455509] left click on word 175.1.4 ('géospatiale')
[1517405455509] del 175.1.4 from 175[:4]
[1517405455509] add 175.1.4 to 175[5,6,7:6,7,3]
[1517405456229] left click on word 175.1.5 ('de')
[1517405456229] del 175.1.5 from 175[:5]
[1517405456229] add 175.1.5 to 175[5,6,7:6,7,3,4]
[1517405456839] right click on word 175.1.5 ('de')
[1517405457373] right click on word 175.1.5 ('de')
[1517405458339] label 175[5,6,7:6,7,3,4,5] as equivalence
[1517405490463] right click on word 177.0.8 (';')
[1517405491577] label 177[8:11] as modulation
[1517405575921] right click on word 177.0.12 ('check')
[1517405577250] label 177[12,13,14:15] as uncertain
[1517405599210] right click on word 178.0.8 ('really')
[1517405600892] label 178[8:9,8] as transposition
[1517405627783] right click on word 179.0.0 ('one')
[1517405629039] label 179[1,0:2,1,0,3] as uncertain
[1517405654521] right click on word 179.0.10 ('very')
[1517405655569] add 179.0.10 to 179[:]
[1517405655570] label 179[10:] as unaligned_simplification
[1517405658327] right click on word 179.0.10 ('very')
[1517405659276] del 179.0.10 from 179[10:]
[1517405663246] left click on word 179.0.10 ('very')
[1517405663246] new alignment group
[1517405663246] add 179.0.10 to 179[:]
[1517405663814] left click on word 179.0.11 ('beautiful')
[1517405663814] del 179.0.11 from 179[11:15]
[1517405663814] add 179.0.11 to 179[10:]
[1517405664678] left click on word 179.1.15 ('magnifique')
[1517405664678] del 179.1.15 from 179[:15]
[1517405664678] add 179.1.15 to 179[10,11:]
[1517405665333] right click on word 179.1.15 ('magnifique')
[1517405665814] right click on word 179.1.15 ('magnifique')
[1517405666744] label 179[10,11:15] as particularization
[1517405732037] left click on word 180.0.3 ('at')
[1517405732037] edit 180[3:3]
[1517405733023] left click on word 180.1.4 ('la')
[1517405733023] add 180.1.4 to 180[3:3]
[1517405733872] right click on word 180.1.4 ('la')
[1517405735557] right click on word 180.1.4 ('la')
[1517405736953] label 180[3:3,4] as modulation
[1517405846667] left click on word 181.0.13 ('Seadragon')
[1517405846667] edit 181[13:14,15,13]
[1517405847539] left click on word 181.1.13 ('la')
[1517405847539] del 181.1.13 from 181[13:14,15,13]
[1517405847983] left click on word 181.1.14 ('technologie')
[1517405847983] del 181.1.14 from 181[13:14,15]
[1517405849656] right click on word 181.1.15 ('Seadragon')
[1517405850167] right click on word 181.1.15 ('Seadragon')
[1517405851225] label 181[13:15] as literal
[1517405852350] left click on word 181.1.13 ('la')
[1517405852350] new alignment group
[1517405852350] add 181.1.13 to 181[:]
[1517405852871] left click on word 181.1.14 ('technologie')
[1517405852871] add 181.1.14 to 181[:13]
[1517405853523] right click on word 181.1.14 ('technologie')
[1517405853990] right click on word 181.1.14 ('technologie')
[1517405854839] label 181[:13,14] as unaligned_explicitation
[1517405947657] right click on word 182.0.18 ('through')
[1517405948497] label 182[17,18:15,16] as uncertain
[1517406011549] right click on word 183.0.10 ('meaningful')
[1517406012743] label 183[8,10:11,14,15] as transposition
[1517406047689] left click on word 175.0.6 ('geospatial')
[1517406047689] edit 175[5,6,7:6,7,3,4,5]
[1517406051693] left click on word 175.0.5 ('NASA')
[1517406051693] del 175.0.5 from 175[5,6,7:6,7,3,4,5]
[1517406053328] left click on word 175.1.5 ('de')
[1517406053328] del 175.1.5 from 175[6,7:6,7,3,4,5]
[1517406054804] left click on word 175.1.6 ('la')
[1517406054804] del 175.1.6 from 175[6,7:6,7,3,4]
[1517406055268] left click on word 175.1.7 ('NASA')
[1517406055268] del 175.1.7 from 175[6,7:7,3,4]
[1517406062459] left click on word 175.0.7 ('image')
[1517406062459] del 175.0.7 from 175[6,7:3,4]
[1517406062991] left click on word 175.0.6 ('geospatial')
[1517406062991] del 175.0.6 from 175[6:3,4]
[1517406063743] left click on word 175.1.4 ('géospatiale')
[1517406063743] del 175.1.4 from 175[:3,4]
[1517406065519] right click on word 175.1.3 ('image')
[1517406066257] left click on word 175.1.3 ('image')
[1517406066257] edit 175[:3]
[1517406067231] left click on word 175.0.7 ('image')
[1517406067231] add 175.0.7 to 175[:3]
[1517406067773] right click on word 175.0.7 ('image')
[1517406068319] left click on word 175.0.6 ('geospatial')
[1517406068319] new alignment group
[1517406068319] add 175.0.6 to 175[:]
[1517406069039] left click on word 175.1.4 ('géospatiale')
[1517406069039] add 175.1.4 to 175[6:]
[1517406069670] right click on word 175.1.4 ('géospatiale')
[1517406070425] left click on word 175.0.5 ('NASA')
[1517406070425] new alignment group
[1517406070425] add 175.0.5 to 175[:]
[1517406071564] left click on word 175.1.6 ('la')
[1517406071564] add 175.1.6 to 175[5:]
[1517406072037] left click on word 175.1.7 ('NASA')
[1517406072037] add 175.1.7 to 175[5:6]
[1517406072622] right click on word 175.1.7 ('NASA')
[1517406259374] right click on word 184.1.11 ('afin')
[1517406260312] label 184[9,10:11,12] as transposition
[1517406385670] right click on word 184.1.47 ('reliées')
[1517406387217] label 184[56,57:47,48,49,50,51,52] as modulation_transposition
[1517406558348] right click on word 187.0.4 ('jump')
[1517406559333] label 187[4:2] as uncertain
[1517406668676] right click on word 187.0.13 ('--')
[1517406669652] label 187[13:14] as modulation
[1517406709619] right click on word 187.0.19 ('early')
[1517406713802] label 187[19:20] as particularization
[1517406840357] right click on word 187.0.27 ('working')
[1517406842064] label 187[26,27:27,28,26] as modulation
[1517406848476] right click on word 187.0.31 ('--')
[1517406849773] label 187[31:35] as modulation
[1517406916082] right click on word 187.0.43 ('behind')
[1517406917241] label 187[43:49] as generalization
[1517407033491] left click on word 189.1.5 ('cathédrale')
[1517407033491] edit 189[7:5]
[1517407034227] left click on word 189.1.4 ('la')
[1517407034227] add 189.1.4 to 189[7:5]
[1517407034705] right click on word 189.1.4 ('la')
[1517407048073] right click on word 189.0.13 ('from')
[1517407051362] label 189[13:15,16,17] as literal
[1517407129515] right click on word 189.0.15 ('scraped')
[1517407130747] label 189[15,16:19,20] as generalization
[1517407249286] left click on word 190.0.6 ('images')
[1517407249286] edit 190[6:6]
[1517407250032] left click on word 190.1.5 ('des')
[1517407250032] add 190.1.5 to 190[6:6]
[1517407250544] right click on word 190.1.5 ('des')
[1517407266306] right click on word 190.1.14 ('reliées')
[1517407267588] label 190[13,14:14,15,16,17,18,19] as modulation_transposition
[1517407323104] left click on word 191.0.5 ('in')
[1517407323104] edit 191[5,6:4]
[1517407326366] left click on word 191.1.4 ('dedans')
[1517407326366] del 191.1.4 from 191[5,6:4]
[1517407330155] left click on word 191.0.8 ('simple')
[1517407330155] del 191.0.8 from 191[8,9:6,7,8,9]
[1517407330155] add 191.0.8 to 191[5,6:]
[1517407332447] right click on word 191.0.8 ('simple')
[1517407333285] left click on word 191.1.6 ('simplement')
[1517407333285] edit 191[9:6,7,8,9]
[1517407333905] left click on word 191.0.8 ('simple')
[1517407333905] del 191.0.8 from 191[5,6,8:]
[1517407333905] add 191.0.8 to 191[9:6,7,8,9]
[1517407334707] left click on word 191.0.5 ('in')
[1517407334707] del 191.0.5 from 191[5,6:]
[1517407334708] add 191.0.5 to 191[9,8:6,7,8,9]
[1517407335231] left click on word 191.0.6 ('this')
[1517407335231] del 191.0.6 from 191[6:]
[1517407335231] add 191.0.6 to 191[9,8,5:6,7,8,9]
[1517407335869] right click on word 191.0.6 ('this')
[1517407337839] right click on word 191.0.7 ('very')
[1517407340126] right click on word 191.1.4 ('dedans')
[1517407341127] add 191.1.4 to 191[:]
[1517407341127] label 191[:4] as unaligned_explicitation
[1517407402981] left click on word 192.0.4 ('never')
[1517407402981] edit 192[4:6]
[1517407405408] right click on word 192.0.4 ('never')
[1517407417033] left click on word 192.0.4 ('never')
[1517407417033] edit 192[4:6]
[1517407417897] left click on word 192.1.4 ('n'')
[1517407417897] add 192.1.4 to 192[4:6]
[1517407418472] right click on word 192.1.4 ('n'')
[1517407582618] right click on word 194.0.30 ('them')
[1517407583710] label 194[30:42] as uncertain
[1517407688059] right click on word 196.0.1 ('many')
[1517407689164] label 196[1,0,2,3:0,2,1,3] as uncertain
[1517407834587] right click on word 197.0.3 ('there')
[1517407835951] label 197[3,4:4,5,6] as equivalence
[1517407849511] right click on word 197.0.10 ('--')
[1517407850732] label 197[10:12] as modulation
[1517407918822] right click on word 198.0.9 ('registered')
[1517407919910] label 198[9,10:15,16,12,13,14] as modulation
[1517407924551] right click on word 199.0.2 ('dive')
[1517407925527] label 199[2,3:2] as uncertain
[1517408009700] right click on word 200.0.20 ('taking')
[1517408010890] label 200[20:21] as uncertain
[1517408017957] right click on word 200.0.24 ('--')
[1517408019009] label 200[24:29] as modulation
[1517408026772] right click on word 200.0.27 ('entire')
[1517408027793] label 200[27:32] as transposition
[1517408034518] left click on word 200.0.27 ('entire')
[1517408034518] edit 200[27:32]
[1517408035357] left click on word 200.1.33 ('de')
[1517408035358] add 200.1.33 to 200[27:32]
[1517408035893] right click on word 200.1.33 ('de')
[1517408040822] left click on word 200.0.29 ('memory')
[1517408040822] edit 200[29:35]
[1517408041846] left click on word 200.1.34 ('la')
[1517408041846] add 200.1.34 to 200[29:35]
[1517408042496] right click on word 200.1.34 ('la')
[1517408061186] right click on word 200.0.40 ('--')
[1517408063550] label 200[40:46] as modulation
[1517408068557] right click on word 200.0.39 ('like')
[1517408077713] right click on word 200.0.38 ('looks')
[1517408080884] label 200[38,39:41] as literal
[1517408107632] right click on word 200.0.43 ('all')
[1517408108753] label 200[43,44,45:50,51] as equivalence
[1517408120389] right click on word 201.0.0 ('all')
[1517408121293] label 201[0,1:0] as transposition
[1517408130035] right click on word 201.0.6 ('together')
[1517408131205] label 201[6:6,5] as transposition
[1517408135748] left click on word 201.0.6 ('together')
[1517408135748] edit 201[6:6,5]
[1517408136222] left click on word 201.0.5 ('linked')
[1517408136222] del 201.0.5 from 201[5:4]
[1517408136222] add 201.0.5 to 201[6:6,5]
[1517408136965] left click on word 201.1.4 ('liées')
[1517408136965] del 201.1.4 from 201[:4]
[1517408136966] add 201.1.4 to 201[6,5:6,5]
[1517408137571] right click on word 201.1.4 ('liées')
[1517408151218] right click on word 201.0.10 ('make')
[1517408154022] label 201[10,12:10,11] as transposition
[1517408162678] right click on word 201.0.10 ('make')
[1517408163504] label 201[10,12:10,11] as modulation_transposition
[1517408175191] right click on word 201.0.13 ('that')
[1517408176129] label 201[13,14:14] as transposition
[1517408192634] right click on word 201.0.15 ('greater')
[1517408194010] label 201[15,16,17,18,19,20,21:15,16,17,18,19,20,21] as equivalence
[1517408249108] right click on word 202.0.1 ('have')
[1517408250167] label 202[0,1:0,1,2] as modulation
[1517408279846] right click on word 203.1.0 ('voyez')
[1517408281224] label 203[0,1,2,3:0,1,2] as modulation
[1517408288255] right click on word 203.1.2 ('comme')
[1517408294228] right click on word 203.1.2 ('comme')
[1517408295469] label 203[0,1,2,3:0,1,2] as equivalence
[1517408365724] left click on word 204.0.10 ('use')
[1517408365724] edit 204[10:]
[1517408366887] left click on word 204.1.18 ('utilisent')
[1517408366887] add 204.1.18 to 204[10:]
[1517408367496] right click on word 204.1.18 ('utilisent')
[1517408393183] right click on word 204.0.21 ('as')
[1517408394477] label 204[21:30,29,31] as equivalence
[1517408482690] right click on word 205.0.4 ('getting')
[1517408484286] label 205[3,4,5,6:3,4,5] as modulation
[1517408490384] right click on word 205.1.4 ('marquées')
[1517408491306] label 205[3,4,5,6:3,4,5] as equivalence
[1517408492524] left click on word 205.0.4 ('getting')
[1517408492524] edit 205[3,4,5,6:3,4,5]
[1517408493116] left click on word 205.0.3 ('are')
[1517408493116] del 205.0.3 from 205[3,4,5,6:3,4,5]
[1517408493814] left click on word 205.1.3 ('sont')
[1517408493814] del 205.1.3 from 205[4,5,6:3,4,5]
[1517408494626] left click on word 205.0.6 ('with')
[1517408494626] del 205.0.6 from 205[4,5,6:4,5]
[1517408495258] left click on word 205.1.5 ('avec')
[1517408495258] del 205.1.5 from 205[4,5:4,5]
[1517408496159] right click on word 205.1.4 ('marquées')
[1517408496964] left click on word 205.0.3 ('are')
[1517408496964] new alignment group
[1517408496964] add 205.0.3 to 205[:]
[1517408497731] left click on word 205.1.3 ('sont')
[1517408497731] add 205.1.3 to 205[3:]
[1517408498225] right click on word 205.1.3 ('sont')
[1517408498890] left click on word 205.0.6 ('with')
[1517408498890] new alignment group
[1517408498890] add 205.0.6 to 205[:]
[1517408499682] left click on word 205.1.5 ('avec')
[1517408499682] add 205.1.5 to 205[6:]
[1517408500248] right click on word 205.1.5 ('avec')
[1517408501604] left click on word 205.0.7 ('meta-data')
[1517408501604] edit 205[7:7]
[1517408502224] left click on word 205.1.6 ('des')
[1517408502224] del 205.1.6 from 205[:6]
[1517408502224] add 205.1.6 to 205[7:7]
[1517408502816] right click on word 205.1.6 ('des')
[1517408534289] right click on word 206.0.5 ('all')
[1517408535613] label 206[5,6:6] as transposition
[1517408557742] left click on word 206.0.22 ('Cathedral')
[1517408557743] edit 206[22:20]
[1517408558862] left click on word 206.1.19 ('la')
[1517408558862] add 206.1.19 to 206[22:20]
[1517408559478] right click on word 206.1.19 ('la')
[1517408567996] left click on word 206.0.23 ('suddenly')
[1517408567996] edit 206[23:27,26]
[1517408569852] left click on word 206.1.25 ('d'')
[1517408569852] del 206.1.25 from 206[24,25,26:23,24,25]
[1517408569853] add 206.1.25 to 206[23:27,26]
[1517408570666] right click on word 206.1.25 ('d'')
[1517408580515] left click on word 206.0.26 ('with')
[1517408580515] edit 206[24,25,26:23,24]
[1517408581499] left click on word 206.1.28 ('de')
[1517408581499] del 206.1.28 from 206[28:28]
[1517408581500] add 206.1.28 to 206[24,25,26:23,24]
[1517408582515] right click on word 206.1.28 ('de')
[1517408605446] right click on word 206.0.25 ('enriched')
[1517408616019] right click on word 206.0.25 ('enriched')
[1517408617313] label 206[24,25,26:23,24,28] as equivalence
[1517408622663] left click on word 206.0.27 ('all')
[1517408622663] edit 206[27:29]
[1517408623199] left click on word 206.0.28 ('of')
[1517408623199] del 206.0.28 from 206[28:]
[1517408623200] add 206.0.28 to 206[27:29]
[1517408625577] right click on word 206.0.28 ('of')
[1517408626859] right click on word 206.0.28 ('of')
[1517408627855] label 206[27,28:29] as transposition
[1517408671691] right click on word 206.0.42 ('dive')
[1517408672699] label 206[42,43:43,44] as uncertain
[1517408765817] right click on word 206.1.57 ('tout')
[1517408766771] label 206[52,53:57,58,59] as uncertain
[1517408826056] left click on word 207.0.10 ('is')
[1517408826056] edit 207[10:11,10]
[1517408826770] left click on word 207.1.10 ('ce')
[1517408826771] del 207.1.10 from 207[10:11,10]
[1517408827700] right click on word 207.1.11 ('sont')
[1517408828278] right click on word 207.1.11 ('sont')
[1517408829182] label 207[10:11] as modulation
[1517408872869] right click on word 207.0.16 ('every')
[1517408873864] label 207[16:18,19] as transposition
[1517408978469] left click on word 207.0.26 ('from')
[1517408978469] edit 207[26:29]
[1517408979722] left click on word 207.1.28 ('par')
[1517408979722] add 207.1.28 to 207[26:29]
[1517408980413] right click on word 207.1.28 ('par')
[1517408981050] right click on word 207.1.28 ('par')
[1517408981924] label 207[26:29,28] as transposition
[1517409064625] left click on word 207.0.28 ('flights')
[1517409064625] edit 207[28:30]
[1517409065532] left click on word 207.1.29 ('des')
[1517409065532] del 207.1.29 from 207[26:29,28]
[1517409065533] add 207.1.29 to 207[28:30]
[1517409066212] right click on word 207.1.29 ('des')
[1517409078787] right click on word 207.0.30 ('from')
[1517409079629] label 207[30:34] as transposition
[1517409085786] right click on word 207.0.26 ('from')
[1517409086541] label 207[26:28] as literal
[1517409087598] right click on word 207.0.30 ('from')
[1517409088446] label 207[30:34] as literal
[1517409092527] left click on word 207.0.32 ('images')
[1517409092527] edit 207[32:36]
[1517409093438] left click on word 207.1.35 ('des')
[1517409093438] del 207.1.35 from 207[:35]
[1517409093438] add 207.1.35 to 207[32:36]
[1517409094062] right click on word 207.1.35 ('des')
[1517409115436] right click on word 207.0.26 ('from')
[1517409116453] label 207[26:28] as modulation
[1517409118095] right click on word 207.0.30 ('from')
[1517409118860] label 207[30:34] as modulation
[1517409125139] right click on word 207.0.38 ('from')
[1517409128260] right click on word 207.0.38 ('from')
[1517409129480] label 207[38:42] as modulation
[1517409799360] left click on word 209.0.2 ('understand')
[1517409799360] edit 209[0,1,2,4:1,0,2,3,4,5]
[1517409799872] left click on word 209.0.3 ('this')
[1517409799872] add 209.0.3 to 209[0,1,2,4:1,0,2,3,4,5]
[1517409800506] right click on word 209.0.3 ('this')
[1517409859981] right click on word 209.0.15 ('is')
[1517409872467] left click on word 209.0.15 ('is')
[1517409872467] edit 209[15:15,16]
[1517409873570] left click on word 209.1.15 ('c'')
[1517409873570] del 209.1.15 from 209[15:15,16]
[1517409874570] right click on word 209.1.16 ('est')
[1517409875024] right click on word 209.1.16 ('est')
[1517409875860] label 209[15:16] as literal
[1517409883006] left click on word 209.0.15 ('is')
[1517409883006] edit 209[15:16]
[1517409883791] left click on word 209.1.15 ('c'')
[1517409883791] add 209.1.15 to 209[15:16]
[1517409884352] right click on word 209.1.15 ('c'')
[1517409885031] right click on word 209.1.15 ('c'')
[1517409886195] label 209[15:16,15] as modulation_transposition
[1517409937923] right click on word 209.0.36 ('across')
[1517409940712] label 209[36:39] as generalization
[1517409953010] right click on word 209.0.39 ('are')
[1517409954225] label 209[39,40,41:42] as literal
[1517409982842] left click on word 209.0.41 ('to')
[1517409982842] edit 209[39,40,41:42]
[1517409983840] left click on word 209.0.43 ('link')
[1517409983840] del 209.0.43 from 209[43:45]
[1517409983841] add 209.0.43 to 209[39,40,41:42]
[1517409984920] left click on word 209.1.45 ('liées')
[1517409984920] del 209.1.45 from 209[:45]
[1517409984921] add 209.1.45 to 209[39,40,41,43:42]
[1517409985549] right click on word 209.1.45 ('liées')
[1517409986009] right click on word 209.1.45 ('liées')
[1517409986946] label 209[39,40,41,43:42,45] as modulation
[1517410000335] left click on word 209.0.43 ('link')
[1517410000335] edit 209[39,40,41,43:42,45]
[1517410000871] left click on word 209.0.44 ('together')
[1517410000871] del 209.0.44 from 209[44:47,46]
[1517410000871] add 209.0.44 to 209[39,40,41,43:42,45]
[1517410002057] left click on word 209.1.47 ('elles')
[1517410002057] del 209.1.47 from 209[:47,46]
[1517410002057] add 209.1.47 to 209[39,40,41,43,44:42,45]
[1517410002641] left click on word 209.1.46 ('entre')
[1517410002641] del 209.1.46 from 209[:46]
[1517410002641] add 209.1.46 to 209[39,40,41,43,44:42,45,47]
[1517410003305] right click on word 209.1.46 ('entre')
[1517410032665] left click on word 210.0.2 ('what')
[1517410032665] edit 210[2:2]
[1517410033305] left click on word 210.1.3 ('que')
[1517410033305] add 210.1.3 to 210[2:2]
[1517410033896] right click on word 210.1.3 ('que')
[1517410036805] right click on word 210.0.3 ('this')
[1517410037791] label 210[3:4,5] as uncertain
[1517410046675] right click on word 210.0.5 ('really')
[1517410047459] label 210[5:] as unaligned_simplification
[1517410063394] right click on word 210.0.8 ('discovering')
[1517410064266] label 210[8:10] as uncertain
[1517410145151] right click on word 211.0.2 ('creating')
[1517410147353] label 211[1,2:1] as uncertain
[1517410185706] right click on word 211.0.2 ('creating')
[1517410186779] label 211[1,2:1] as modulation
[1517410269877] right click on word 212.0.5 ('based')
[1517410270876] label 212[5,6:5,6,4,7] as modulation
[1517410328173] right click on word 214.0.0 ('like')
[1517410329444] label 214[0:0,1] as modulation
[1517410338920] right click on word 214.0.2 ('you')
[1517410339824] label 214[2:3] as modulation
[1517410372146] right click on word 214.0.23 ('carrying')
[1517410373235] label 214[22,23:24] as particularization
[1517410381388] right click on word 214.0.27 ('information')
[1517410382537] label 214[27:27] as modulation
[1517410428836] right click on word 215.0.6 ('links')
[1517410432788] right click on word 215.0.6 ('links')
[1517410433861] label 215[6,7:9,10,11] as modulation
[1517410438244] right click on word 215.0.8 ('all')
[1517410439197] label 215[8,9:12] as transposition
[1517410577181] left click on word 216.1.22 ('un')
[1517410577181] edit 216[25:23,22]
[1517410578571] left click on word 216.1.22 ('un')
[1517410578571] del 216.1.22 from 216[25:23,22]
[1517410579390] right click on word 216.1.23 ('effet')
[1517410580213] left click on word 216.0.22 ('a')
[1517410580213] edit 216[22:]
[1517410581230] left click on word 216.1.22 ('un')
[1517410581230] add 216.1.22 to 216[22:]
[1517410581857] right click on word 216.1.22 ('un')
[1517410587948] left click on word 216.0.24 ('network')
[1517410587948] edit 216[24:25]
[1517410588483] left click on word 216.0.25 ('effect')
[1517410588483] del 216.0.25 from 216[25:23]
[1517410588484] add 216.0.25 to 216[24:25]
[1517410589261] left click on word 216.1.23 ('effet')
[1517410589262] del 216.1.23 from 216[:23]
[1517410589262] add 216.1.23 to 216[24,25:25]
[1517410589806] left click on word 216.1.24 ('de')
[1517410589806] add 216.1.24 to 216[24,25:25,23]
[1517410590792] right click on word 216.1.25 ('réseau')
[1517410591239] right click on word 216.1.25 ('réseau')
[1517410591956] label 216[24,25:25,23,24] as equivalence
[1517410653226] left click on word 517.0.5 ('gave')
[1517410653226] edit 517[4,5,6,7,8:4,5]
[1517410654138] left click on word 517.1.3 ('j'')
[1517410654138] add 517.1.3 to 517[4,5,6,7,8:4,5]
[1517410654843] right click on word 517.1.3 ('j'')
[1517410656879] left click on word 517.0.5 ('gave')
[1517410656880] edit 517[4,5,6,7,8:4,5,3]
[1517410657826] cancel edit
[1517410658547] left click on word 517.0.5 ('gave')
[1517410658547] edit 517[4,5,6,7,8:4,5,3]
[1517410658964] left click on word 517.0.5 ('gave')
[1517410658964] del 517.0.5 from 517[4,5,6,7,8:4,5,3]
[1517410659380] left click on word 517.0.5 ('gave')
[1517410659380] add 517.0.5 to 517[4,6,7,8:4,5,3]
[1517410660318] left click on word 517.0.4 ('I')
[1517410660318] del 517.0.4 from 517[4,6,7,8,5:4,5,3]
[1517410661162] left click on word 517.1.3 ('j'')
[1517410661162] del 517.1.3 from 517[6,7,8,5:4,5,3]
[1517410661971] right click on word 517.1.5 ('presenté')
[1517410662724] left click on word 517.0.4 ('I')
[1517410662724] new alignment group
[1517410662724] add 517.0.4 to 517[:]
[1517410663452] left click on word 517.1.3 ('j'')
[1517410663452] add 517.1.3 to 517[4:]
[1517410664494] right click on word 517.1.3 ('j'')
[1517410690161] right click on word 517.0.7 ('introduction')
[1517410691340] label 517[6,7,8,5:4,5] as transposition
[1517410693131] right click on word 517.0.7 ('introduction')
[1517410694356] label 517[6,7,8,5:4,5] as modulation_transposition
[1517410718445] right click on word 518.0.7 ('give')
[1517410719486] label 518[7,10,9:9,10,11] as transposition
[1517410755821] left click on word 518.0.11 ('on')
[1517410755821] edit 518[11,12:12,13,14]
[1517410756317] left click on word 518.0.11 ('on')
[1517410756317] del 518.0.11 from 518[11,12:12,13,14]
[1517410757019] left click on word 518.1.12 ('de')
[1517410757019] del 518.1.12 from 518[12:12,13,14]
[1517410758011] right click on word 518.0.12 ('how')
[1517410776376] left click on word 518.0.12 ('how')
[1517410776376] edit 518[12:13,14]
[1517410777260] left click on word 518.1.12 ('de')
[1517410777260] add 518.1.12 to 518[12:13,14]
[1517410777848] right click on word 518.1.12 ('de')
[1517410859820] left click on word 519.0.11 ('were')
[1517410859820] edit 519[11,12,13:10,8,9,11]
[1517410861561] left click on word 519.1.8 ('n'')
[1517410861561] del 519.1.8 from 519[11,12,13:10,8,9,11]
[1517410862313] left click on word 519.1.9 ('y')
[1517410862313] del 519.1.9 from 519[11,12,13:10,9,11]
[1517410862987] left click on word 519.1.11 ('pas')
[1517410862987] del 519.1.11 from 519[11,12,13:10,11]
[1517410863763] left click on word 519.0.12 ('n't')
[1517410863763] del 519.0.12 from 519[11,12,13:10]
[1517410864243] left click on word 519.0.13 ('there')
[1517410864243] del 519.0.13 from 519[11,13:10]
[1517410865392] right click on word 519.1.10 ('étaient')
[1517410866169] left click on word 519.0.12 ('n't')
[1517410866169] new alignment group
[1517410866169] add 519.0.12 to 519[:]
[1517410867041] left click on word 519.1.8 ('n'')
[1517410867041] add 519.1.8 to 519[12:]
[1517410868339] left click on word 519.1.11 ('pas')
[1517410868339] add 519.1.11 to 519[12:8]
[1517410868821] right click on word 519.1.11 ('pas')
[1517410869417] left click on word 519.0.13 ('there')
[1517410869417] new alignment group
[1517410869417] add 519.0.13 to 519[:]
[1517410870313] left click on word 519.1.9 ('y')
[1517410870313] add 519.1.9 to 519[13:]
[1517410870904] right click on word 519.1.9 ('y')
[1517410892996] left click on word 519.0.18 ('the')
[1517410892996] edit 519[18:16]
[1517410893523] left click on word 519.0.19 ('largest')
[1517410893523] del 519.0.19 from 519[19:17,18]
[1517410893523] add 519.0.19 to 519[18:16]
[1517410894304] left click on word 519.1.17 ('plus')
[1517410894304] del 519.1.17 from 519[:17,18]
[1517410894305] add 519.1.17 to 519[18,19:16]
[1517410894810] left click on word 519.1.18 ('grand')
[1517410894810] del 519.1.18 from 519[:18]
[1517410894810] add 519.1.18 to 519[18,19:16,17]
[1517410895433] right click on word 519.1.18 ('grand')
[1517411009506] right click on word 520.0.19 ('universe')
[1517411010771] label 520[18,19,20:17,18,19,21,20] as transposition
[1517411063111] right click on word 520.1.26 ('fois')
[1517411064224] label 520[26:25,26] as equivalence
[1517411149407] left click on word 520.0.26 ('times')
[1517411149407] edit 520[26:25,26]
[1517411150215] left click on word 520.0.24 ('600')
[1517411150215] del 520.0.24 from 520[24:23]
[1517411150215] add 520.0.24 to 520[26:25,26]
[1517411150703] left click on word 520.0.25 ('million')
[1517411150703] del 520.0.25 from 520[25:24]
[1517411150703] add 520.0.25 to 520[26,24:25,26]
[1517411151591] left click on word 520.1.23 ('600')
[1517411151591] del 520.1.23 from 520[:23]
[1517411151591] add 520.1.23 to 520[26,24,25:25,26]
[1517411152095] left click on word 520.1.24 ('millions')
[1517411152095] del 520.1.24 from 520[:24]
[1517411152096] add 520.1.24 to 520[26,24,25:25,26,23]
[1517411152611] right click on word 520.1.24 ('millions')
[1517411181169] right click on word 521.1.3 ('ambitieux')
[1517411182044] label 521[1,0,2,5,4,3:1,0,3,2] as modulation
[1517411248937] right click on word 522.0.4 ('below')
[1517411250114] label 522[4:3,4,5] as equivalence
[1517411309463] right click on word 524.0.6 ('on')
[1517411311245] label 524[6:2,3] as literal
[1517411312037] left click on word 524.1.3 ('lequel')
[1517411312037] edit 524[6:2,3]
[1517411312566] left click on word 524.1.3 ('lequel')
[1517411312566] del 524.1.3 from 524[6:2,3]
[1517411313421] right click on word 524.1.2 ('sur')
[1517411314067] right click on word 524.1.3 ('lequel')
[1517411315138] add 524.1.3 to 524[:]
[1517411315138] label 524[:3] as unaligned_explicitation
[1517411415400] right click on word 525.0.7 ('so')
[1517411416328] label 525[7:8,9] as transposition
[1517411433365] right click on word 526.0.2 ('10th')
[1517411434415] label 526[2,3,4:1,2] as equivalence
[1517411533154] left click on word 529.0.7 ('beam')
[1517411533154] edit 529[7:6]
[1517411533651] left click on word 529.0.8 ('particle')
[1517411533651] del 529.0.8 from 529[8:8,7]
[1517411533651] add 529.0.8 to 529[7:6]
[1517411534485] left click on word 529.1.7 ('de')
[1517411534485] del 529.1.7 from 529[:8,7]
[1517411534485] add 529.1.7 to 529[7,8:6]
[1517411534963] left click on word 529.1.8 ('particules')
[1517411534963] del 529.1.8 from 529[:8]
[1517411534964] add 529.1.8 to 529[7,8:6,7]
[1517411535563] right click on word 529.1.8 ('particules')
[1517411535953] right click on word 529.1.8 ('particules')
[1517411537188] label 529[7,8:6,7,8] as equivalence
[1517411589413] right click on word 529.1.20 ('entré')
[1517411591291] label 529[17,18:21,22,19,20,23] as transposition
[1517411676639] right click on word 529.0.27 ('showering')
[1517411677808] label 529[27:33,32] as generalization
[1517411709450] right click on word 530.0.9 ('on')
[1517411710716] del 530.0.9 from 530[9:9]
[1517411717504] left click on word 530.0.9 ('on')
[1517411717504] new alignment group
[1517411717504] add 530.0.9 to 530[:]
[1517411718442] left click on word 530.1.9 ('le')
[1517411718443] del 530.1.9 from 530[:9]
[1517411718443] add 530.1.9 to 530[9:]
[1517411719044] right click on word 530.1.9 ('le')
[1517411719658] right click on word 530.1.9 ('le')
[1517411720458] label 530[9:9] as modulation
[1517411731142] right click on word 530.0.9 ('on')
[1517411732463] label 530[9:9] as modulation_transposition
[1517411979430] left click on word 533.0.12 ('related')
[1517411979430] edit 533[12:14,17]
[1517411980316] left click on word 533.1.14 ('était')
[1517411980316] del 533.1.14 from 533[12:14,17]
[1517411982389] right click on word 533.1.17 ('lié')
[1517411984547] right click on word 533.0.12 ('related')
[1517411985555] label 533[12:17] as literal
[1517412039733] left click on word 535.0.0 ('now')
[1517412039733] edit 535[0:0,1]
[1517412040638] left click on word 535.1.1 (',')
[1517412040638] del 535.1.1 from 535[0:0,1]
[1517412041517] right click on word 535.1.0 ('bon')
[1517412042378] left click on word 535.0.0 ('now')
[1517412042378] edit 535[0:0]
[1517412043164] left click on word 535.1.1 (',')
[1517412043164] add 535.1.1 to 535[0:0]
[1517412043924] right click on word 535.1.0 ('bon')
[1517412276842] right click on word 539.0.3 ('heated')
[1517412278212] label 539[3,4:6,3,4] as modulation
[1517412297521] left click on word 539.0.12 ('encountered')
[1517412297521] edit 539[12:13,12,15]
[1517412298468] left click on word 539.1.15 ('de')
[1517412298468] del 539.1.15 from 539[12:13,12,15]
[1517412299726] right click on word 539.0.12 ('encountered')
[1517412305281] left click on word 539.0.14 ('resistance')
[1517412305281] edit 539[14:17,16]
[1517412306083] left click on word 539.1.15 ('de')
[1517412306083] add 539.1.15 to 539[14:17,16]
[1517412306674] right click on word 539.1.15 ('de')
[1517412337706] right click on word 539.0.14 ('resistance')
[1517412338690] label 539[14:17,16,15] as equivalence
[1517412354420] right click on word 541.0.6 ('you')
[1517412355374] label 541[6:6] as modulation
[1517412469533] right click on word 541.0.17 ('moved')
[1517412470513] label 541[17:19,20,21] as uncertain
[1517412492579] right click on word 543.0.1 ('had')
[1517412493429] label 543[0,1,2:1,0] as modulation
[1517412545275] right click on word 545.0.5 ('way')
[1517412546242] label 545[5,3,4,6:5,6] as modulation
[1517412573215] right click on word 545.0.7 ('underground')
[1517412574208] label 545[7:7,8] as literal
[1517412575520] right click on word 545.0.7 ('underground')
[1517412576477] label 545[7:7,8] as equivalence
[1517412686200] left click on word 548.0.0 ('now')
[1517412686201] edit 548[0:0]
[1517412687160] left click on word 548.1.1 (',')
[1517412687160] add 548.1.1 to 548[0:0]
[1517412688009] right click on word 548.1.0 ('bon')
[1517412740680] right click on word 548.0.10 ('the')
[1517412741711] label 548[10:11] as modulation
[1517412943511] right click on word 550.0.19 ('when')
[1517412944977] label 550[19:18] as modulation
[1517413010109] right click on word 550.0.32 ('--')
[1517413011100] label 550[32:34] as modulation
[1517413024968] right click on word 550.0.35 (',')
[1517413026096] label 550[35:37] as modulation
[1517413042947] left click on word 550.0.33 ('said')
[1517413042947] edit 550[33,34:35,36]
[1517413043539] left click on word 550.0.34 ('this')
[1517413043539] del 550.0.34 from 550[33,34:35,36]
[1517413044552] left click on word 550.0.33 ('said')
[1517413044553] del 550.0.33 from 550[33:35,36]
[1517413045921] left click on word 550.0.33 ('said')
[1517413045921] add 550.0.33 to 550[:35,36]
[1517413046506] right click on word 550.0.33 ('said')
[1517413047226] right click on word 550.0.33 ('said')
[1517413048197] label 550[33:35,36] as literal
[1517413049435] right click on word 550.0.34 ('this')
[1517413078765] left click on word 550.0.40 ('dangerous')
[1517413078765] edit 550[40,41,42:43,44]
[1517413079591] left click on word 550.0.41 ('to')
[1517413079591] del 550.0.41 from 550[40,41,42:43,44]
[1517413080059] left click on word 550.0.42 ('the')
[1517413080059] del 550.0.42 from 550[40,42:43,44]
[1517413081221] left click on word 550.1.44 ('au')
[1517413081221] del 550.1.44 from 550[40:43,44]
[1517413082677] right click on word 550.0.40 ('dangerous')
[1517413083316] left click on word 550.0.41 ('to')
[1517413083316] new alignment group
[1517413083316] add 550.0.41 to 550[:]
[1517413083876] left click on word 550.0.42 ('the')
[1517413083876] add 550.0.42 to 550[41:]
[1517413084915] left click on word 550.1.44 ('au')
[1517413084915] add 550.1.44 to 550[41,42:]
[1517413085580] right click on word 550.1.44 ('au')
[1517413123409] left click on word 550.0.39 ('so')
[1517413123409] edit 550[38,39:41,42,40]
[1517413124409] left click on word 550.1.42 ('aussi')
[1517413124409] del 550.1.42 from 550[38,39:41,42,40]
[1517413125395] left click on word 550.0.39 ('so')
[1517413125395] del 550.0.39 from 550[38,39:41,40]
[1517413126058] left click on word 550.0.37 ('nothing')
[1517413126058] del 550.0.37 from 550[37:39]
[1517413126058] add 550.0.37 to 550[38:41,40]
[1517413126841] left click on word 550.1.39 ('rien')
[1517413126841] del 550.1.39 from 550[:39]
[1517413126841] add 550.1.39 to 550[38,37:41,40]
[1517413127627] right click on word 550.1.39 ('rien')
[1517413128280] right click on word 550.1.39 ('rien')
[1517413129331] label 550[38,37:41,40,39] as equivalence
[1517413131553] left click on word 550.0.39 ('so')
[1517413131553] new alignment group
[1517413131553] add 550.0.39 to 550[:]
[1517413132513] left click on word 550.1.42 ('aussi')
[1517413132513] add 550.1.42 to 550[39:]
[1517413133115] right click on word 550.1.42 ('aussi')
[1517413135793] right click on word 550.0.39 ('so')
[1517413136818] label 550[39:42] as modulation
[1517413147392] left click on word 550.0.37 ('nothing')
[1517413147392] edit 550[38,37:41,40,39]
[1517413148140] left click on word 550.0.39 ('so')
[1517413148140] del 550.0.39 from 550[39:42]
[1517413148140] add 550.0.39 to 550[38,37:41,40,39]
[1517413149438] left click on word 550.1.42 ('aussi')
[1517413149438] del 550.1.42 from 550[:42]
[1517413149438] add 550.1.42 to 550[38,37,39:41,40,39]
[1517413150070] right click on word 550.1.42 ('aussi')
[1517413150814] right click on word 550.1.42 ('aussi')
[1517413160766] label 550[38,37,39:41,40,39,42] as modulation
[1517413187728] right click on word 550.0.54 ('of')
[1517413188938] label 550[54:56] as modulation
[1517413215267] right click on word 550.0.57 ('ultimate')
[1517413217266] label 550[57:60] as literal
[1517413229216] right click on word 550.0.60 ('there')
[1517413230673] label 550[60,61,62:63,64,65,66,67] as modulation
[1517413359074] right click on word 550.1.85 ('pas')
[1517413360280] label 550[75,76,77:81,83,84,82,85] as modulation
[1517413361543] left click on word 550.1.85 ('pas')
[1517413361543] edit 550[75,76,77:81,83,84,82,85]
[1517413362145] left click on word 550.1.86 ('de')
[1517413362145] del 550.1.86 from 550[79:88,86]
[1517413362145] add 550.1.86 to 550[75,76,77:81,83,84,82,85]
[1517413362789] right click on word 550.1.86 ('de')
[1517413368638] right click on word 550.1.86 ('de')
[1517413369687] label 550[75,76,77:81,83,84,82,85,86] as equivalence
[1517413866135] right click on word 548.0.20 ('the')
[1517413867576] label 548[19,21,20:25] as particularization
[1527528423803] NEW SESSION
[1527528430649] left click on word 183.0.11 ('.')
[1527528430649] edit 183[11:]
[1527528431762] left click on word 183.1.16 ('.')
[1527528431762] add 183.1.16 to 183[11:]
[1527528432203] right click on word 183.1.16 ('.')
