[1563885336563] NEW SESSION
[1563885408978] right click on word 2311.1.3 ('我')
[1563885409571] del 2311.1.3 from 2311[0:0,3]
[1563885414124] left click on word 2311.1.4 ('几个')
[1563885414124] edit 2311[13:4]
[1563885416657] left click on word 2311.0.12 ('a')
[1563885416657] del 2311.0.12 from 2311[12:19]
[1563885416658] add 2311.0.12 to 2311[13:4]
[1563885416840] right click on word 2311.0.12 ('a')
[1563885451443] right click on word 2311.1.10 ('发现')
[1563885453565] right click on word 2311.0.9 ('that')
[1563885454002] del 2311.0.9 from 2311[8,9:10]
[1563885455184] left click on word 2311.0.9 ('that')
[1563885455184] new alignment group
[1563885455184] add 2311.0.9 to 2311[:]
[1563885455852] left click on word 2311.1.7 ('的')
[1563885455852] add 2311.1.7 to 2311[9:]
[1563885455995] right click on word 2311.1.7 ('的')
[1563885457393] right click on word 2311.1.7 ('的')
[1563885458538] label 2311[9:7] as transposition
[1563885461241] right click on word 2311.1.9 ('大')
[1563885461725] del 2311.1.9 from 2311[7:8,9]
[1563885464999] right click on word 2311.1.9 ('大')
[1563885466483] add 2311.1.9 to 2311[:]
[1563885466483] label 2311[:9] as unaligned_explicitation
[1563885476375] left click on word 2311.1.12 ('大家')
[1563885476375] edit 2311[4,6:12]
[1563885477216] right click on word 2311.0.6 ('you')
[1563885477970] right click on word 2311.0.6 ('you')
[1563885478468] del 2311.0.6 from 2311[4,6:12]
[1563885480177] left click on word 2311.1.13 ('分享')
[1563885480177] new alignment group
[1563885480178] add 2311.1.13 to 2311[:]
[1563885481826] left click on word 2311.0.4 ('share')
[1563885481826] del 2311.0.4 from 2311[4:12]
[1563885481826] add 2311.0.4 to 2311[:13]
[1563885482018] right click on word 2311.0.4 ('share')
[1563885492818] left click on word 2311.1.12 ('大家')
[1563885492818] edit 2311[:12]
[1563885493592] left click on word 2311.0.6 ('you')
[1563885493592] add 2311.0.6 to 2311[:12]
[1563885493767] right click on word 2311.0.6 ('you')
[1563885494060] right click on word 2311.0.6 ('you')
[1563885494949] label 2311[6:12] as equivalence
[1563885497280] right click on word 2311.1.14 ('一下')
[1563885498052] add 2311.1.14 to 2311[:]
[1563885498053] label 2311[:14] as unaligned_explicitation
[1563885505983] right click on word 2311.1.16 ('当时')
[1563885506533] del 2311.1.16 from 2311[10:15,16]
[1563885524616] right click on word 2311.1.15 ('我')
[1563885525090] del 2311.1.15 from 2311[10:15]
[1563885528033] right click on word 2311.0.11 ('made')
[1563885528525] del 2311.0.11 from 2311[11,20:18]
[1563885600205] right click on word 2311.1.17 ('正在')
[1563885600835] del 2311.1.17 from 2311[16:17]
[1563885602285] left click on word 2311.1.16 ('当时')
[1563885602285] new alignment group
[1563885602285] add 2311.1.16 to 2311[:]
[1563885602704] left click on word 2311.0.16 ('while')
[1563885602704] del 2311.0.16 from 2311[16:]
[1563885602704] add 2311.0.16 to 2311[:16]
[1563885602855] right click on word 2311.0.16 ('while')
[1563885607113] left click on word 2311.0.17 ('writing')
[1563885607113] edit 2311[17:25]
[1563885607798] left click on word 2311.1.17 ('正在')
[1563885607798] add 2311.1.17 to 2311[17:25]
[1563885607964] right click on word 2311.1.17 ('正在')
[1563885617478] right click on word 2311.1.27 ('篇')
[1563885618004] del 2311.1.27 from 2311[18:26,27]
[1563885621504] right click on word 2311.1.27 ('篇')
[1563885622198] add 2311.1.27 to 2311[:]
[1563885622198] label 2311[:27] as unaligned_explicitation
[1563885633607] right click on word 2311.1.19 ('一家')
[1563885634736] label 2311[:19] as unaligned_explicitation
[1563885636037] right click on word 2311.1.21 ('杂志')
[1563885637666] del 2311.1.21 from 2311[22:21,23]
[1563885639021] right click on word 2311.1.21 ('杂志')
[1563885639733] add 2311.1.21 to 2311[:]
[1563885639733] label 2311[:21] as unaligned_explicitation
[1563885640530] left click on word 2311.1.23 ('Wired')
[1563885640530] edit 2311[22:23]
[1563885642219] cancel edit
[1563885646390] right click on word 2311.1.15 ('我')
[1563885648431] add 2311.1.15 to 2311[:]
[1563885648431] label 2311[:15] as unaligned_explicitation
[1563885667581] right click on word 2311.1.2 ('把')
[1563885668356] add 2311.1.2 to 2311[:]
[1563885668356] label 2311[:2] as unaligned_explicitation
[1563885668925] right click on word 2311.1.3 ('我')
[1563885669601] add 2311.1.3 to 2311[:]
[1563885669602] label 2311[:3] as unaligned_explicitation
[1563885695017] left click on word 2311.1.3 ('我')
[1563885695017] edit 2311[:3]
[1563885696177] left click on word 2311.0.10 ('I')
[1563885696177] del 2311.0.10 from 2311[10:]
[1563885696177] add 2311.0.10 to 2311[:3]
[1563885696361] right click on word 2311.0.10 ('I')
[1563885707686] right click on word 2311.0.11 ('made')
[1563885708824] add 2311.0.11 to 2311[:]
[1563885708824] label 2311[11:] as unaligned_reduction
[1563885808930] right click on word 2312.0.3 ('my')
[1563885809581] del 2312.0.3 from 2312[3:3]
[1563885813540] right click on word 2312.0.3 ('my')
[1563885814289] add 2312.0.3 to 2312[:]
[1563885814290] label 2312[3:] as unaligned_reduction
[1563885829039] left click on word 2312.1.6 ('把')
[1563885829039] edit 2312[2:6]
[1563885829680] left click on word 2312.0.5 ('handy')
[1563885829680] add 2312.0.5 to 2312[2:6]
[1563885830351] left click on word 2312.1.9 ('放')
[1563885830351] add 2312.1.9 to 2312[2,5:6]
[1563885830688] left click on word 2312.1.10 ('在')
[1563885830689] add 2312.1.10 to 2312[2,5:6,9]
[1563885831040] left click on word 2312.1.11 ('手边')
[1563885831040] add 2312.1.11 to 2312[2,5:6,9,10]
[1563885831334] right click on word 2312.1.11 ('手边')
[1563885854479] right click on word 2312.1.11 ('手边')
[1563885855721] label 2312[2,5:6,9,10,11] as modulation
[1563885870562] right click on word 2312.0.10 ('anything')
[1563885871281] del 2312.0.10 from 2312[10:18]
[1563885874765] left click on word 2312.0.6 ('whenever')
[1563885874765] edit 2312[6:4]
[1563885876309] left click on word 2312.1.1 ('在')
[1563885876310] add 2312.1.1 to 2312[6:4]
[1563885888188] right click on word 2312.1.4 ('时候')
[1563885890258] right click on word 2312.1.3 ('的')
[1563885891075] label 2312[:3] as unaligned_explicitation
[1563885894199] right click on word 2312.0.10 ('anything')
[1563885897819] right click on word 2312.0.10 ('anything')
[1563885898434] add 2312.0.10 to 2312[:]
[1563885898434] label 2312[10:] as unaligned_reduction
[1563885901881] right click on word 2312.0.7 ('I')
[1563885902788] add 2312.0.7 to 2312[:]
[1563885902788] label 2312[7:] as unaligned_reduction
[1563885903464] right click on word 2312.0.8 (''m')
[1563885903999] add 2312.0.8 to 2312[:]
[1563885903999] label 2312[8:] as unaligned_reduction
[1563885917231] right click on word 2312.1.12 ('我')
[1563885917889] del 2312.1.12 from 2312[24,25,13,14,22,23,31,30,16:15,12,20,21,22]
[1563885918809] right click on word 2312.0.16 ('finished')
[1563885919533] del 2312.0.16 from 2312[24,25,13,14,22,23,31,30,16:15,20,21,22]
[1563885920322] right click on word 2312.0.14 (''d')
[1563885920837] del 2312.0.14 from 2312[24,25,13,14,22,23,31,30:15,20,21,22]
[1563885921397] right click on word 2312.1.21 ('我')
[1563885921886] del 2312.1.21 from 2312[24,25,13,22,23,31,30:15,20,21,22]
[1563885922288] right click on word 2312.1.20 ('意识到')
[1563885922687] del 2312.1.20 from 2312[24,25,13,22,23,31,30:15,20,22]
[1563885923237] right click on word 2312.1.22 ('一生')
[1563885923641] del 2312.1.22 from 2312[24,25,13,22,23,31,30:15,22]
[1563885924234] right click on word 2312.0.22 ('I')
[1563885924771] del 2312.0.22 from 2312[24,25,13,22,23,31,30:15]
[1563885925196] right click on word 2312.0.23 ('realized')
[1563885925778] del 2312.0.23 from 2312[24,25,13,23,31,30:15]
[1563885926276] right click on word 2312.0.24 ('that')
[1563885926915] del 2312.0.24 from 2312[24,25,13,31,30:15]
[1563885927454] right click on word 2312.0.25 ('I')
[1563885927877] del 2312.0.25 from 2312[25,13,31,30:15]
[1563885928842] right click on word 2312.1.15 ('把')
[1563885929279] del 2312.1.15 from 2312[13,31,30:15]
[1563885931718] left click on word 2312.1.12 ('我')
[1563885931718] new alignment group
[1563885931718] add 2312.1.12 to 2312[:]
[1563885932628] left click on word 2312.0.13 ('I')
[1563885932628] del 2312.0.13 from 2312[13,31,30:]
[1563885932628] add 2312.0.13 to 2312[:12]
[1563885932787] right click on word 2312.0.13 ('I')
[1563885938345] right click on word 2312.1.13 ('当时')
[1563885939340] del 2312.1.13 from 2312[32:13]
[1563885948990] left click on word 2312.1.14 ('已经')
[1563885948990] edit 2312[15:14]
[1563885949989] left click on word 2312.0.14 (''d')
[1563885949989] add 2312.0.14 to 2312[15:14]
[1563885950177] right click on word 2312.0.14 (''d')
[1563885952964] left click on word 2312.0.16 ('finished')
[1563885952964] new alignment group
[1563885952965] add 2312.0.16 to 2312[:]
[1563885955293] left click on word 2312.1.17 ('编辑')
[1563885955293] del 2312.1.17 from 2312[17:17]
[1563885955293] add 2312.1.17 to 2312[16:]
[1563885955833] left click on word 2312.1.18 ('完了')
[1563885955833] del 2312.1.18 from 2312[:18]
[1563885955833] add 2312.1.18 to 2312[16:17]
[1563885956073] right click on word 2312.1.18 ('完了')
[1563885959867] right click on word 2312.1.17 ('编辑')
[1563885960333] del 2312.1.17 from 2312[16:17,18]
[1563885960989] left click on word 2312.1.18 ('完了')
[1563885960989] edit 2312[16:18]
[1563885961317] right click on word 2312.1.18 ('完了')
[1563885961845] right click on word 2312.1.18 ('完了')
[1563885962461] del 2312.1.18 from 2312[16:18]
[1563885967664] right click on word 2312.1.13 ('当时')
[1563885968430] add 2312.1.13 to 2312[:]
[1563885968430] label 2312[:13] as unaligned_explicitation
[1563885972768] left click on word 2312.0.18 ('the')
[1563885972768] new alignment group
[1563885972769] add 2312.0.18 to 2312[:]
[1563885973214] left click on word 2312.0.19 ('piece')
[1563885973214] add 2312.0.19 to 2312[18:]
[1563885973823] left click on word 2312.1.16 ('文章')
[1563885973823] add 2312.1.16 to 2312[18,19:]
[1563885974188] right click on word 2312.1.16 ('文章')
[1563886016046] right click on word 2313.1.2 ('把')
[1563886016664] del 2313.1.2 from 2313[1:1,2]
[1563886018640] right click on word 2313.1.4 ('词条')
[1563886019101] del 2313.1.4 from 2313[2:4,5]
[1563886029194] left click on word 2313.1.4 ('词条')
[1563886029194] new alignment group
[1563886029194] add 2313.1.4 to 2313[:]
[1563886030119] left click on word 2313.0.5 ('entry')
[1563886030120] del 2313.0.5 from 2313[3,5,6:8,7]
[1563886030120] add 2313.0.5 to 2313[:4]
[1563886030277] right click on word 2313.0.5 ('entry')
[1563886031280] left click on word 2313.0.4 ('the')
[1563886031280] edit 2313[4:6]
[1563886031776] left click on word 2313.1.3 ('这个')
[1563886031776] add 2313.1.3 to 2313[4:6]
[1563886031945] right click on word 2313.1.3 ('这个')
[1563886033312] right click on word 2313.1.6 ('给')
[1563886033752] del 2313.1.6 from 2313[4:6,3]
[1563886103941] left click on word 2314.0.1 ('disabled')
[1563886103941] edit 2314[1:1]
[1563886104625] left click on word 2314.1.2 ('的')
[1563886104625] add 2314.1.2 to 2314[1:1]
[1563886104794] right click on word 2314.1.2 ('的')
[1563886111236] right click on word 2314.1.6 ('，')
[1563886111840] label 2314[2:4,6,7] as literal
[1563886112406] right click on word 2314.1.6 ('，')
[1563886113179] del 2314.1.6 from 2314[2:4,6,7]
[1563886118828] right click on word 2314.1.0 ('“')
[1563886121036] right click on word 2314.0.2 (',')
[1563886121517] del 2314.0.2 from 2314[2:4,7]
[1563886125976] left click on word 2314.1.4 ('，')
[1563886125976] edit 2314[:4,7]
[1563886127181] left click on word 2314.0.2 (',')
[1563886127182] add 2314.0.2 to 2314[:4,7]
[1563886127340] right click on word 2314.0.2 (',')
[1563886129343] right click on word 2314.1.3 ('”')
[1563886130315] del 2314.1.3 from 2314[21:3,35]
[1563886143963] right click on word 2314.1.7 ('意为')
[1563886145238] del 2314.1.7 from 2314[2:4,7]
[1563886148651] right click on word 2314.1.7 ('意为')
[1563886149721] add 2314.1.7 to 2314[:]
[1563886149721] label 2314[:7] as unaligned_explicitation
[1563886153289] left click on word 2314.1.10 ('残废')
[1563886153289] new alignment group
[1563886153289] add 2314.1.10 to 2314[:]
[1563886154465] left click on word 2314.0.5 ('crippled')
[1563886154465] del 2314.0.5 from 2314[5,6:12]
[1563886154465] add 2314.0.5 to 2314[:10]
[1563886155345] left click on word 2314.1.11 ('的')
[1563886155345] add 2314.1.11 to 2314[5:10]
[1563886155512] right click on word 2314.1.11 ('的')
[1563886159272] left click on word 2314.1.13 ('无助')
[1563886159272] edit 2314[7:13]
[1563886159819] left click on word 2314.1.14 ('的')
[1563886159819] add 2314.1.14 to 2314[7:13]
[1563886160013] right click on word 2314.1.14 ('的')
[1563886162060] left click on word 2314.1.16 ('无用')
[1563886162060] edit 2314[9:16]
[1563886162672] left click on word 2314.1.17 ('的')
[1563886162672] del 2314.1.17 from 2314[11:17,20]
[1563886162672] add 2314.1.17 to 2314[9:16]
[1563886162832] right click on word 2314.1.17 ('的')
[1563886166065] right click on word 2314.1.19 ('残破')
[1563886167418] del 2314.1.19 from 2314[10:18,19]
[1563886169275] left click on word 2314.1.19 ('残破')
[1563886169275] new alignment group
[1563886169275] add 2314.1.19 to 2314[:]
[1563886170084] left click on word 2314.0.11 ('wrecked')
[1563886170085] del 2314.0.11 from 2314[11:20]
[1563886170085] add 2314.0.11 to 2314[:19]
[1563886170846] left click on word 2314.1.20 ('的')
[1563886170846] del 2314.1.20 from 2314[:20]
[1563886170846] add 2314.1.20 to 2314[11:19]
[1563886171005] right click on word 2314.1.20 ('的')
[1563886173530] left click on word 2314.1.21 ('停滞')
[1563886173530] edit 2314[13:21]
[1563886173970] left click on word 2314.1.22 ('的')
[1563886173971] add 2314.1.22 to 2314[13:21]
[1563886174155] right click on word 2314.1.22 ('的')
[1563886197277] left click on word 2314.1.25 ('破坏')
[1563886197277] new alignment group
[1563886197277] add 2314.1.25 to 2314[:]
[1563886198461] left click on word 2314.1.24 ('被')
[1563886198462] add 2314.1.24 to 2314[:25]
[1563886199191] left click on word 2314.1.26 ('的')
[1563886199191] del 2314.1.26 from 2314[15:26]
[1563886199191] add 2314.1.26 to 2314[:25,24]
[1563886200033] left click on word 2314.0.15 ('maimed')
[1563886200034] del 2314.0.15 from 2314[15:]
[1563886200034] add 2314.0.15 to 2314[:25,24,26]
[1563886201097] right click on word 2314.1.25 ('破坏')
[1563886204999] left click on word 2314.1.28 ('受伤')
[1563886204999] edit 2314[17:28]
[1563886205639] left click on word 2314.1.29 ('的')
[1563886205639] add 2314.1.29 to 2314[17:28]
[1563886205792] right click on word 2314.1.29 ('的')
[1563886208346] left click on word 2314.1.32 ('损毁')
[1563886208346] new alignment group
[1563886208346] add 2314.1.32 to 2314[:]
[1563886209349] left click on word 2314.1.31 ('被')
[1563886209350] add 2314.1.31 to 2314[:32]
[1563886210019] left click on word 2314.0.19 ('mangled')
[1563886210020] del 2314.0.19 from 2314[19:45]
[1563886210020] add 2314.0.19 to 2314[:32,31]
[1563886210866] left click on word 2314.1.33 ('的')
[1563886210866] add 2314.1.33 to 2314[19:32,31]
[1563886211041] right click on word 2314.1.33 ('的')
[1563886232638] right click on word 2315.1.2 ('“')
[1563886233627] del 2315.1.2 from 2315[0,1:2]
[1563886235253] left click on word 2315.1.0 ('反义词')
[1563886235254] new alignment group
[1563886235254] add 2315.1.0 to 2315[:]
[1563886235625] left click on word 2315.0.0 ('Antonyms')
[1563886235625] del 2315.0.0 from 2315[0,1:]
[1563886235625] add 2315.0.0 to 2315[:0]
[1563886235760] right click on word 2315.0.0 ('Antonyms')
[1563886242709] left click on word 2315.0.6 ('capable')
[1563886242709] edit 2315[6:9,10]
[1563886243627] left click on word 2315.1.11 ('的')
[1563886243627] del 2315.1.11 from 2315[7:11]
[1563886243627] add 2315.1.11 to 2315[6:9,10]
[1563886243779] right click on word 2315.1.11 ('的')
[1563886245310] right click on word 2315.0.7 ('.')
[1563894355086] NEW SESSION
[1563894616582] left click on word 2312.1.19 ('才')
[1563894616583] new alignment group
[1563894616583] add 2312.1.19 to 2312[:]
[1563894618390] cancel edit
[1563894618698] left click on word 2312.1.20 ('意识到')
[1563894618698] new alignment group
[1563894618699] add 2312.1.20 to 2312[:]
[1563894619548] left click on word 2312.0.23 ('realized')
[1563894619549] add 2312.0.23 to 2312[:20]
[1563894619686] right click on word 2312.0.23 ('realized')
[1563894622392] left click on word 2312.0.25 ('I')
[1563894622393] new alignment group
[1563894622394] add 2312.0.25 to 2312[:]
[1563894623194] left click on word 2312.1.21 ('我')
[1563894623194] add 2312.1.21 to 2312[25:]
[1563894623342] right click on word 2312.1.21 ('我')
[1563894628059] left click on word 2312.1.22 ('一生')
[1563894628059] new alignment group
[1563894628059] add 2312.1.22 to 2312[:]
[1563894630070] left click on word 2312.0.31 ('life')
[1563894630070] del 2312.0.31 from 2312[31,30:]
[1563894630070] add 2312.0.31 to 2312[:22]
[1563894630484] right click on word 2312.0.31 ('life')
[1563894640368] right click on word 2312.1.21 ('我')
[1563894641019] del 2312.1.21 from 2312[25:21]
[1563894656838] right click on word 2312.1.24 ('还')
[1563894657423] del 2312.1.24 from 2312[26:24]
[1563894662042] left click on word 2312.1.28 ('字典')
[1563894662042] edit 2312[34:28]
[1563894670753] right click on word 2312.1.28 ('字典')
[1563894671415] right click on word 2312.1.28 ('字典')
[1563894671957] del 2312.1.28 from 2312[34:28]
[1563894672921] right click on word 2312.1.27 ('在')
[1563894673343] del 2312.1.27 from 2312[33:27]
[1563894674169] right click on word 2312.1.28 ('字典')
[1563894676393] add 2312.1.28 to 2312[:]
[1563894676394] label 2312[:28] as unaligned_explicitation
[1563894677881] right click on word 2312.1.27 ('在')
[1563894678597] add 2312.1.27 to 2312[:]
[1563894678597] label 2312[:27] as unaligned_explicitation
[1563894681535] left click on word 2312.1.32 ('残疾')
[1563894681535] edit 2312[37:32]
[1563894682353] left click on word 2312.1.33 ('的')
[1563894682353] add 2312.1.33 to 2312[37:32]
[1563894682495] right click on word 2312.1.33 ('的')
[1563894975564] right click on word 2312.1.15 ('把')
[1563894976171] add 2312.1.15 to 2312[:]
[1563894976171] label 2312[:15] as unaligned_explicitation
[1563894981860] right click on word 2312.1.16 ('文章')
[1563894983007] label 2312[18,19:16] as particularization
[1563894985280] left click on word 2312.1.17 ('编辑')
[1563894985280] new alignment group
[1563894985281] add 2312.1.17 to 2312[:]
[1563894987120] left click on word 2312.0.17 ('editing')
[1563894987120] del 2312.0.17 from 2312[17:]
[1563894987120] add 2312.0.17 to 2312[:17]
[1563894987324] right click on word 2312.0.17 ('editing')
[1563895105338] right click on word 2312.0.22 ('I')
[1563895106173] add 2312.0.22 to 2312[:]
[1563895106174] label 2312[22:] as unaligned_reduction
[1563895121125] right click on word 2312.0.24 ('that')
[1563895146523] left click on word 2312.1.30 ('查找')
[1563895146523] edit 2312[44:30]
[1563895148332] right click on word 2312.0.44 ('find')
[1563895148972] right click on word 2312.0.44 ('find')
[1563895149601] del 2312.0.44 from 2312[44:30]
[1563895150891] left click on word 2312.1.30 ('查找')
[1563895150891] edit 2312[:30]
[1563895151570] left click on word 2312.0.32 ('looked')
[1563895151570] del 2312.0.32 from 2312[32:]
[1563895151570] add 2312.0.32 to 2312[:30]
[1563895151978] left click on word 2312.0.33 ('up')
[1563895151978] del 2312.0.33 from 2312[33:]
[1563895151978] add 2312.0.33 to 2312[32:30]
[1563895156603] left click on word 2312.0.26 ('had')
[1563895156603] del 2312.0.26 from 2312[26:]
[1563895156604] add 2312.0.26 to 2312[32,33:30]
[1563895156959] right click on word 2312.0.26 ('had')
[1563895158138] right click on word 2312.0.32 ('looked')
[1563895159534] label 2312[32,33,26:30] as lexical_shift
[1563895174071] left click on word 2312.0.22 ('I')
[1563895174071] edit 2312[22:]
[1563895174679] left click on word 2312.1.21 ('我')
[1563895174679] add 2312.1.21 to 2312[22:]
[1563895174823] right click on word 2312.1.21 ('我')
[1563895177705] right click on word 2312.0.30 ('my')
[1563895179304] label 2312[30:] as unaligned_reduction
[1563895184651] right click on word 2312.1.24 ('还')
[1563895185523] add 2312.1.24 to 2312[:]
[1563895185524] label 2312[:24] as unaligned_explicitation
[1563895192598] right click on word 2312.1.29 ('中')
[1563895193667] add 2312.1.29 to 2312[:]
[1563895193667] label 2312[:29] as unaligned_explicitation
[1563895201833] right click on word 2312.0.34 ('the')
[1563895203616] label 2312[34:] as unaligned_reduction
[1563895204173] right click on word 2312.0.35 ('word')
[1563895209573] right click on word 2312.1.37 ('意思')
[1563895210056] del 2312.1.37 from 2312[35:37]
[1563895210778] right click on word 2312.0.35 ('word')
[1563895211554] label 2312[35:] as unaligned_reduction
[1563895222259] right click on word 2312.0.41 ('what')
[1563895222911] del 2312.0.41 from 2312[41:36]
[1563895416509] right click on word 2313.0.6 ('.')
[1563895416946] del 2313.0.6 from 2313[3,6:8,7]
[1563895420307] left click on word 2313.0.2 ('read')
[1563895420308] edit 2313[2:5]
[1563895421214] left click on word 2313.0.3 ('you')
[1563895421214] del 2313.0.3 from 2313[3:8,7]
[1563895421223] add 2313.0.3 to 2313[2:5]
[1563895421761] left click on word 2313.1.6 ('给')
[1563895421762] add 2313.1.6 to 2313[2,3:5]
[1563895422131] left click on word 2313.1.7 ('大家')
[1563895422131] del 2313.1.7 from 2313[:8,7]
[1563895422131] add 2313.1.7 to 2313[2,3:5,6]
[1563895422595] left click on word 2313.1.8 ('听')
[1563895422595] del 2313.1.8 from 2313[:8]
[1563895422595] add 2313.1.8 to 2313[2,3:5,6,7]
[1563895422737] right click on word 2313.1.8 ('听')
[1563895426233] left click on word 2313.1.5 ('念')
[1563895426233] edit 2313[2,3:5,6,7,8]
[1563895428148] left click on word 2313.1.2 ('把')
[1563895428148] add 2313.1.2 to 2313[2,3:5,6,7,8]
[1563895428376] right click on word 2313.1.2 ('把')
[1563895429170] right click on word 2313.1.6 ('给')
[1563895430243] label 2313[2,3:5,6,7,8,2] as modulation
[1563896287218] NEW SESSION
[1563896513069] right click on word 2313.0.1 ('me')
[1563896514312] label 2313[1:1] as modulation
[1563896517441] right click on word 2313.1.2 ('把')
[1563896518337] del 2313.1.2 from 2313[2,3:5,6,7,8,2]
[1563896521128] right click on word 2313.0.3 ('you')
[1563896521580] del 2313.0.3 from 2313[2,3:5,6,7,8]
[1563896523534] right click on word 2313.1.6 ('给')
[1563896524572] del 2313.1.6 from 2313[2:5,6,7,8]
[1563896525320] right click on word 2313.1.8 ('听')
[1563896525792] del 2313.1.8 from 2313[2:5,7,8]
[1563896526283] right click on word 2313.1.7 ('大家')
[1563896526688] del 2313.1.7 from 2313[2:5,7]
[1563896528470] right click on word 2313.1.5 ('念')
[1563896529416] label 2313[2:5] as literal
[1563896530362] left click on word 2313.0.3 ('you')
[1563896530362] new alignment group
[1563896530362] add 2313.0.3 to 2313[:]
[1563896531448] left click on word 2313.1.7 ('大家')
[1563896531448] add 2313.1.7 to 2313[3:]
[1563896531644] right click on word 2313.1.7 ('大家')
[1563896532387] right click on word 2313.1.7 ('大家')
[1563896533263] label 2313[3:7] as equivalence
[1563896534182] right click on word 2313.1.6 ('给')
[1563896535144] add 2313.1.6 to 2313[:]
[1563896535144] label 2313[:6] as unaligned_explicitation
[1563896535811] right click on word 2313.1.8 ('听')
[1563896536540] add 2313.1.8 to 2313[:]
[1563896536540] label 2313[:8] as unaligned_explicitation
[1563896539360] right click on word 2313.1.2 ('把')
[1563896540211] add 2313.1.2 to 2313[:]
[1563896540211] label 2313[:2] as unaligned_explicitation
[1563896823019] left click on word 2316.0.4 ('list')
[1563896823020] new alignment group
[1563896823020] add 2316.0.4 to 2316[:]
[1563896823655] left click on word 2316.1.4 ('内容')
[1563896823655] add 2316.1.4 to 2316[4:]
[1563896823784] right click on word 2316.1.4 ('内容')
[1563896825091] right click on word 2316.0.4 ('list')
[1563896825927] label 2316[4:4] as equivalence
[1563896847715] right click on word 2316.1.8 ('我')
[1563896848768] add 2316.1.8 to 2316[:]
[1563896848768] label 2316[:8] as unaligned_explicitation
[1563896850252] right click on word 2316.1.11 ('听')
[1563896850908] add 2316.1.11 to 2316[:]
[1563896850908] label 2316[:11] as unaligned_explicitation
[1563897091023] right click on word 2316.1.14 ('我')
[1563897091998] add 2316.1.14 to 2316[:]
[1563897091998] label 2316[:14] as unaligned_explicitation
[1563897096581] left click on word 2316.1.15 ('笑')
[1563897096581] edit 2316[14:15]
[1563897097298] left click on word 2316.0.13 ('was')
[1563897097299] add 2316.0.13 to 2316[14:15]
[1563897098060] left click on word 2316.1.16 ('了')
[1563897098061] del 2316.1.16 from 2316[28:16]
[1563897098061] add 2316.1.16 to 2316[14,13:15]
[1563897098242] right click on word 2316.1.16 ('了')
[1563897101685] right click on word 2316.0.10 ('and')
[1563897112157] left click on word 2316.1.18 ('太')
[1563897112157] edit 2316[6:18]
[1563897112373] right click on word 2316.1.18 ('太')
[1563897112954] right click on word 2316.1.18 ('太')
[1563897113419] del 2316.1.18 from 2316[6:18]
[1563897114696] left click on word 2316.0.18 ('so')
[1563897114696] edit 2316[18:21]
[1563897115318] left click on word 2316.1.18 ('太')
[1563897115318] add 2316.1.18 to 2316[18:21]
[1563897115459] right click on word 2316.1.18 ('太')
[1563897119966] left click on word 2316.1.21 ('当')
[1563897119966] edit 2316[18:21,18]
[1563897120440] right click on word 2316.1.21 ('当')
[1563897121092] right click on word 2316.1.21 ('当')
[1563897121542] del 2316.1.21 from 2316[18:21,18]
[1563897124252] left click on word 2316.1.19 ('荒唐')
[1563897124252] edit 2316[24:19]
[1563897124752] left click on word 2316.0.19 ('ludicrous')
[1563897124752] add 2316.0.19 to 2316[24:19]
[1563897124944] right click on word 2316.0.19 ('ludicrous')
[1563897126156] right click on word 2316.0.24 ('just')
[1563897126586] del 2316.0.24 from 2316[24,19:19]
[1563897130513] right click on word 2316.1.20 ('了')
[1563897131932] del 2316.1.20 from 2316[25:20]
[1563897137722] left click on word 2316.0.28 ('mangled')
[1563897137722] edit 2316[28:]
[1563897138318] left click on word 2316.1.26 ('损毁')
[1563897138319] del 2316.1.26 from 2316[29:26]
[1563897138319] add 2316.1.26 to 2316[28:]
[1563897139987] left click on word 2316.1.25 ('被')
[1563897139987] add 2316.1.25 to 2316[28:26]
[1563897140576] right click on word 2316.1.26 ('损毁')
[1564395324269] NEW SESSION
[1564395338354] left click on word 2312.1.18 ('完')
[1564395338354] new alignment group
[1564395338354] add 2312.1.18 to 2312[:]
[1564395340955] left click on word 2312.0.16 ('finished')
[1564395340955] del 2312.0.16 from 2312[16:]
[1564395340956] add 2312.0.16 to 2312[:18]
[1564395341841] right click on word 2312.1.18 ('完')
[1564395355630] right click on word 2312.1.19 ('了')
[1564395358163] add 2312.1.19 to 2312[:]
[1564395358163] label 2312[:19] as unaligned_explicitation
[1564395363403] left click on word 2312.1.20 ('才')
[1564395363403] edit 2312[23:20]
[1564395364114] left click on word 2312.0.21 ('and')
[1564395364114] add 2312.0.21 to 2312[23:20]
[1564395364257] right click on word 2312.0.21 ('and')
[1564395364725] left click on word 2312.0.23 ('realized')
[1564395364725] edit 2312[23,21:20]
[1564395365454] left click on word 2312.1.21 ('意识到')
[1564395365454] del 2312.1.21 from 2312[22:21]
[1564395365454] add 2312.1.21 to 2312[23,21:20]
[1564395365710] right click on word 2312.1.21 ('意识到')
[1564395367761] right click on word 2312.0.23 ('realized')
[1564395368254] del 2312.0.23 from 2312[23,21:20,21]
[1564395369759] right click on word 2312.1.21 ('意识到')
[1564395370202] del 2312.1.21 from 2312[21:20,21]
[1564395371316] left click on word 2312.1.21 ('意识到')
[1564395371316] new alignment group
[1564395371316] add 2312.1.21 to 2312[:]
[1564395372270] cancel edit
[1564395372270] add 2312.1.21 to 2312[22:]
[1564395372955] left click on word 2312.1.21 ('意识到')
[1564395372955] edit 2312[22:21]
[1564395373531] cancel edit
[1564395375677] left click on word 2312.0.22 ('I')
[1564395375677] edit 2312[22:21]
[1564395376014] right click on word 2312.0.22 ('I')
[1564395376766] right click on word 2312.0.22 ('I')
[1564395377302] del 2312.0.22 from 2312[22:21]
[1564395378966] left click on word 2312.1.21 ('意识到')
[1564395378966] edit 2312[:21]
[1564395379474] left click on word 2312.0.23 ('realized')
[1564395379474] add 2312.0.23 to 2312[:21]
[1564395379633] right click on word 2312.0.23 ('realized')
[1564395382856] right click on word 2312.0.22 ('I')
[1564395383535] add 2312.0.22 to 2312[:]
[1564395383535] label 2312[22:] as unaligned_reduction
[1564395387312] left click on word 2312.0.25 ('I')
[1564395387312] edit 2312[25:]
[1564395389367] left click on word 2312.1.22 ('我')
[1564395389367] del 2312.1.22 from 2312[31:22]
[1564395389368] add 2312.1.22 to 2312[25:]
[1564395389720] right click on word 2312.1.22 ('我')
[1564395395125] left click on word 2312.1.23 ('一生')
[1564395395125] edit 2312[29:23]
[1564395396381] left click on word 2312.0.31 ('life')
[1564395396381] del 2312.0.31 from 2312[31:]
[1564395396381] add 2312.0.31 to 2312[29:23]
[1564395396663] right click on word 2312.0.31 ('life')
[1564395399933] left click on word 2312.0.29 ('in')
[1564395399933] edit 2312[29,31:23]
[1564395401105] left click on word 2312.1.24 ('中')
[1564395401105] del 2312.1.24 from 2312[:24]
[1564395401105] add 2312.1.24 to 2312[29,31:23]
[1564395401267] right click on word 2312.1.24 ('中')
[1564395403136] right click on word 2312.1.24 ('中')
[1564395403548] del 2312.1.24 from 2312[29,31:23,24]
[1564395404489] right click on word 2312.0.29 ('in')
[1564395405155] del 2312.0.29 from 2312[29,31:23]
[1564395406797] left click on word 2312.1.24 ('中')
[1564395406797] new alignment group
[1564395406798] add 2312.1.24 to 2312[:]
[1564395407846] left click on word 2312.0.29 ('in')
[1564395407846] add 2312.0.29 to 2312[:24]
[1564395408034] right click on word 2312.0.29 ('in')
[1564395436921] right click on word 2312.0.12 ('but')
[1564395437764] add 2312.0.12 to 2312[:]
[1564395437764] label 2312[12:] as unaligned_reduction
[1564395514455] right click on word 2312.0.21 ('and')
[1564395515238] label 2312[21:20] as equivalence
[1564395525943] right click on word 2312.1.25 ('还')
[1564395526392] del 2312.1.25 from 2312[27:25,26]
[1564395526766] right click on word 2312.1.26 ('从来')
[1564395527193] del 2312.1.26 from 2312[27:26]
[1564395536442] left click on word 2312.0.27 ('never')
[1564395536442] edit 2312[27:]
[1564395537626] left click on word 2312.0.28 ('once')
[1564395537626] add 2312.0.28 to 2312[27:]
[1564395538599] left click on word 2312.1.26 ('从来')
[1564395538599] add 2312.1.26 to 2312[27,28:]
[1564395538937] left click on word 2312.1.27 ('没有')
[1564395538937] del 2312.1.27 from 2312[:27]
[1564395538938] add 2312.1.27 to 2312[27,28:26]
[1564395539088] right click on word 2312.1.27 ('没有')
[1564395539774] right click on word 2312.1.25 ('还')
[1564395540471] add 2312.1.25 to 2312[:]
[1564395540471] label 2312[:25] as unaligned_explicitation
[1564395556930] right click on word 2312.1.31 ('查找')
[1564395557321] del 2312.1.31 from 2312[36:31]
[1564395557906] right click on word 2312.1.32 ('“')
[1564395558355] del 2312.1.32 from 2312[37:32,33]
[1564395558804] right click on word 2312.1.33 ('残疾')
[1564395559162] del 2312.1.33 from 2312[37:33]
[1564395559940] right click on word 2312.1.34 ('的')
[1564395560343] del 2312.1.34 from 2312[38:34]
[1564395563196] left click on word 2312.1.31 ('查找')
[1564395563197] new alignment group
[1564395563197] add 2312.1.31 to 2312[:]
[1564395563734] left click on word 2312.0.32 ('looked')
[1564395563734] del 2312.0.32 from 2312[32,33,26:30]
[1564395563735] add 2312.0.32 to 2312[:31]
[1564395564638] left click on word 2312.0.33 ('up')
[1564395564638] del 2312.0.33 from 2312[33,26:30]
[1564395564638] add 2312.0.33 to 2312[32:31]
[1564395564862] right click on word 2312.0.33 ('up')
[1564395570540] right click on word 2312.1.30 ('中')
[1564395571120] del 2312.1.30 from 2312[26:30]
[1564395572845] right click on word 2312.0.26 ('had')
[1564395574087] label 2312[26:] as unaligned_reduction
[1564395576875] left click on word 2312.1.27 ('没有')
[1564395576875] edit 2312[27,28:26,27]
[1564395577642] left click on word 2312.0.26 ('had')
[1564395577642] del 2312.0.26 from 2312[26:]
[1564395577642] add 2312.0.26 to 2312[27,28:26,27]
[1564395577829] right click on word 2312.0.26 ('had')
[1564395579537] right click on word 2312.1.27 ('没有')
[1564395592866] left click on word 2312.1.33 ('残疾')
[1564395592866] new alignment group
[1564395592866] add 2312.1.33 to 2312[:]
[1564395593347] left click on word 2312.1.34 ('的')
[1564395593348] add 2312.1.34 to 2312[:33]
[1564395594099] left click on word 2312.0.37 ('disabled')
[1564395594099] del 2312.0.37 from 2312[37:]
[1564395594099] add 2312.0.37 to 2312[:33,34]
[1564395594270] right click on word 2312.0.37 ('disabled')
[1564395595028] left click on word 2312.0.36 ('``')
[1564395595028] edit 2312[36:]
[1564395596069] left click on word 2312.1.32 ('“')
[1564395596069] add 2312.1.32 to 2312[36:]
[1564395596246] right click on word 2312.1.32 ('“')
[1564395596834] left click on word 2312.1.35 ('”')
[1564395596834] new alignment group
[1564395596835] add 2312.1.35 to 2312[:]
[1564395597780] left click on word 2312.0.38 ('''')
[1564395597780] del 2312.0.38 from 2312[38:]
[1564395597780] add 2312.0.38 to 2312[:35]
[1564395597956] right click on word 2312.0.38 ('''')
[1564395606040] right click on word 2312.1.30 ('中')
[1564395607036] add 2312.1.30 to 2312[:]
[1564395607036] label 2312[:30] as unaligned_explicitation
[1564395692738] right click on word 2313.1.1 ('我')
[1564395693940] label 2313[1:1] as literal
