[1548774539463] NEW SESSION
[1548774546167] right click on word 722.0.1 ('year')
[1548774551783] left click on word 722.0.3 ('showed')
[1548774551783] edit 722[3:2,4,5]
[1548774560093] left click on word 722.1.2 ('给')
[1548774560094] del 722.1.2 from 722[3:2,4,5]
[1548774561144] right click on word 722.1.4 ('展示')
[1548774562016] right click on word 722.1.2 ('给')
[1548774562761] add 722.1.2 to 722[:]
[1548774562761] label 722[:2] as unaligned_explicitation
[1548774568314] right click on word 722.1.3 ('各位')
[1548774568887] del 722.1.3 from 722[7:3]
[1548774570355] right click on word 722.1.3 ('各位')
[1548774571040] add 722.1.3 to 722[:]
[1548774571040] label 722[:3] as unaligned_explicitation
[1548774576840] left click on word 722.0.4 ('these')
[1548774576840] edit 722[4,5:6]
[1548774577240] left click on word 722.0.4 ('these')
[1548774577240] del 722.0.4 from 722[4,5:6]
[1548774578300] right click on word 722.0.5 ('two')
[1548774579265] left click on word 722.1.6 ('两')
[1548774579265] edit 722[5:6]
[1548774581229] right click on word 722.1.6 ('两')
[1548774583133] left click on word 722.1.7 ('个')
[1548774583133] new alignment group
[1548774583133] add 722.1.7 to 722[:]
[1548774583545] right click on word 722.1.7 ('个')
[1548774584220] left click on word 722.1.7 ('个')
[1548774584220] edit 722[:7]
[1548774585209] right click on word 722.1.7 ('个')
[1548774585831] right click on word 722.1.7 ('个')
[1548774586778] label 722[:7] as unaligned_explicitation
[1548774589233] right click on word 722.0.4 ('these')
[1548774590122] add 722.0.4 to 722[:]
[1548774590122] label 722[4:] as unaligned_reduction
[1548774602946] right click on word 722.0.6 ('slides')
[1548774603624] add 722.0.6 to 722[:]
[1548774603624] label 722[6:] as unaligned_reduction
[1548774605530] left click on word 722.0.9 ('demonstrate')
[1548774605531] edit 722[9:13]
[1548774606329] left click on word 722.1.13 ('在')
[1548774606329] del 722.1.13 from 722[9:13]
[1548774607108] left click on word 722.1.12 ('演示')
[1548774607108] del 722.1.12 from 722[16:12]
[1548774607108] add 722.1.12 to 722[9:]
[1548774607660] right click on word 722.1.12 ('演示')
[1548774611616] right click on word 722.0.11 ('the')
[1548774638445] left click on word 722.0.13 ('ice')
[1548774638445] edit 722[13:10]
[1548774638960] left click on word 722.0.14 ('cap')
[1548774638960] del 722.0.14 from 722[14:11]
[1548774638960] add 722.0.14 to 722[13:10]
[1548774640189] left click on word 722.0.11 ('the')
[1548774640189] del 722.0.11 from 722[11:8]
[1548774640189] add 722.0.11 to 722[13,14:10]
[1548774641145] right click on word 722.0.11 ('the')
[1548774656336] right click on word 722.0.17 ('for')
[1548774656898] del 722.0.17 from 722[17,24:17]
[1548774658581] right click on word 722.0.18 ('most')
[1548774659414] del 722.0.18 from 722[18,19:18]
[1548774660547] right click on word 722.0.19 ('of')
[1548774660954] del 722.0.19 from 722[19:18]
[1548774662683] right click on word 722.0.20 ('the')
[1548774663116] del 722.0.20 from 722[20:14]
[1548774667685] left click on word 722.0.21 ('last')
[1548774667686] edit 722[21:15]
[1548774669056] left click on word 722.1.15 ('三百万')
[1548774669056] del 722.1.15 from 722[21:15]
[1548774669757] left click on word 722.1.14 ('过去')
[1548774669757] del 722.1.14 from 722[:14]
[1548774669757] add 722.1.14 to 722[21:]
[1548774670253] right click on word 722.1.14 ('过去')
[1548774672636] left click on word 722.0.22 ('three')
[1548774672636] edit 722[22,23:16]
[1548774673541] left click on word 722.1.16 ('年')
[1548774673541] del 722.1.16 from 722[22,23:16]
[1548774674138] left click on word 722.1.15 ('三百万')
[1548774674138] add 722.1.15 to 722[22,23:]
[1548774674742] right click on word 722.1.15 ('三百万')
[1548774680420] left click on word 722.0.24 ('years')
[1548774680420] edit 722[24:17]
[1548774681602] left click on word 722.1.17 ('中')
[1548774681602] del 722.1.17 from 722[24:17]
[1548774682124] left click on word 722.1.16 ('年')
[1548774682124] add 722.1.16 to 722[24:]
[1548774682669] right click on word 722.1.16 ('年')
[1548774692795] right click on word 722.0.25 ('has')
[1548774693579] del 722.0.25 from 722[25:19]
[1548774742574] right click on word 722.1.20 ('由')
[1548774743423] del 722.1.20 from 722[27,28:20]
[1548774748063] right click on word 722.0.29 ('of')
[1548774748732] del 722.0.29 from 722[29:22]
[1548774752453] right click on word 722.0.30 ('the')
[1548774753179] del 722.0.30 from 722[30:28]
[1548774754729] left click on word 722.0.31 ('lower')
[1548774754729] edit 722[31:23]
[1548774757828] right click on word 722.1.23 ('南方')
[1548774758472] right click on word 722.1.23 ('南方')
[1548774770387] label 722[31:23] as modulation
[1548774774579] left click on word 722.0.32 ('48')
[1548774774579] edit 722[32:25]
[1548774775443] left click on word 722.1.24 ('48')
[1548774775443] del 722.1.24 from 722[34:24]
[1548774775443] add 722.1.24 to 722[32:25]
[1548774776014] left click on word 722.1.25 ('州')
[1548774776014] del 722.1.25 from 722[32:25,24]
[1548774776755] right click on word 722.1.24 ('48')
[1548774777719] left click on word 722.0.33 ('states')
[1548774777720] edit 722[33:26]
[1548774778568] left click on word 722.1.26 ('面积')
[1548774778568] del 722.1.26 from 722[33:26]
[1548774779237] left click on word 722.1.25 ('州')
[1548774779237] add 722.1.25 to 722[33:]
[1548774779742] right click on word 722.1.25 ('州')
[1548774797790] right click on word 722.0.31 ('lower')
[1548774798723] label 722[31:23] as equivalence
[1548774808444] left click on word 722.0.35 ('has')
[1548774808444] edit 722[35,36,40:30]
[1548774809463] left click on word 722.1.28 ('缩减')
[1548774809464] del 722.1.28 from 722[:28]
[1548774809464] add 722.1.28 to 722[35,36,40:30]
[1548774810083] left click on word 722.1.29 ('了')
[1548774810083] add 722.1.29 to 722[35,36,40:30,28]
[1548774810549] left click on word 722.1.30 ('40%')
[1548774810549] del 722.1.30 from 722[38,39:30]
[1548774810549] add 722.1.30 to 722[35,36,40:30,28,29]
[1548774811787] left click on word 722.0.40 ('.')
[1548774811788] del 722.0.40 from 722[35,36,40:30,28,29]
[1548774812952] right click on word 722.0.36 ('shrunk')
[1548774814379] left click on word 722.0.36 ('shrunk')
[1548774814379] edit 722[35,36:30,28,29]
[1548774815549] left click on word 722.1.30 ('40%')
[1548774815549] del 722.1.30 from 722[35,36:30,28,29]
[1548774816528] right click on word 722.1.28 ('缩减')
[1548774821380] right click on word 722.0.37 ('by')
[1548774822003] del 722.0.37 from 722[37:21]
[1548774824720] left click on word 722.0.38 ('40')
[1548774824720] edit 722[38,39:]
[1548774825175] left click on word 722.0.39 ('percent')
[1548774825176] del 722.0.39 from 722[38,39:]
[1548774826294] left click on word 722.1.30 ('40%')
[1548774826294] add 722.1.30 to 722[38:]
[1548774826814] right click on word 722.1.30 ('40%')
[1548774829126] left click on word 722.0.38 ('40')
[1548774829126] edit 722[38:30]
[1548774829590] left click on word 722.0.39 ('percent')
[1548774829590] add 722.0.39 to 722[38:30]
[1548774830053] right click on word 722.0.39 ('percent')
[1548774850986] left click on word 722.0.17 ('for')
[1548774850987] new alignment group
[1548774850987] add 722.0.17 to 722[:]
[1548774851458] left click on word 722.0.18 ('most')
[1548774851458] add 722.0.18 to 722[17:]
[1548774852267] left click on word 722.0.19 ('of')
[1548774852267] add 722.0.19 to 722[17,18:]
[1548774852991] left click on word 722.0.20 ('the')
[1548774852991] add 722.0.20 to 722[17,18,19:]
[1548774853496] right click on word 722.0.20 ('the')
[1548774853922] right click on word 722.0.20 ('the')
[1548774854812] label 722[17,18,19,20:] as unaligned_reduction
[1548774886396] right click on word 722.1.22 ('美国')
[1548774887400] label 722[:22] as unaligned_explicitation
[1548774897242] left click on word 722.0.17 ('for')
[1548774897243] edit 722[17,18,19,20:]
[1548774898222] left click on word 722.0.17 ('for')
[1548774898222] del 722.0.17 from 722[17,18,19,20:]
[1548774899053] right click on word 722.0.18 ('most')
[1548774899771] left click on word 722.0.17 ('for')
[1548774899771] new alignment group
[1548774899771] add 722.0.17 to 722[:]
[1548774901109] left click on word 722.1.13 ('在')
[1548774901109] add 722.1.13 to 722[17:]
[1548774901670] right click on word 722.1.13 ('在')
[1548774911518] right click on word 722.1.8 ('关于')
[1548774912661] label 722[:8] as unaligned_explicitation
[1548774913705] right click on word 722.1.11 ('的')
[1548774914668] label 722[:11] as unaligned_explicitation
[1548774932273] right click on word 722.1.26 ('面积')
[1548774933318] add 722.1.26 to 722[:]
[1548774933318] label 722[:26] as unaligned_explicitation
[1548774933912] left click on word 722.1.26 ('面积')
[1548774933912] edit 722[:26]
[1548774934698] left click on word 722.1.27 ('总和')
[1548774934698] add 722.1.27 to 722[:26]
[1548774935193] right click on word 722.1.27 ('总和')
[1548774943663] left click on word 722.1.13 ('在')
[1548774943663] edit 722[17:13]
[1548774944714] left click on word 722.1.17 ('中')
[1548774944714] add 722.1.17 to 722[17:13]
[1548774945196] right click on word 722.1.17 ('中')
[1548774956592] left click on word 722.1.18 ('其')
[1548774956592] edit 722[:18]
[1548774957131] left click on word 722.1.19 ('面积')
[1548774957131] del 722.1.19 from 722[:19]
[1548774957132] add 722.1.19 to 722[:18]
[1548774957707] right click on word 722.1.19 ('面积')
[1548774958060] right click on word 722.1.19 ('面积')
[1548774959040] label 722[:18,19] as unaligned_explicitation
[1548774960320] right click on word 722.1.20 ('由')
[1548774961153] add 722.1.20 to 722[:]
[1548774961153] label 722[:20] as unaligned_explicitation
[1548774963429] left click on word 722.0.25 ('has')
[1548774963429] new alignment group
[1548774963429] add 722.0.25 to 722[:]
[1548774964955] left click on word 722.0.26 ('been')
[1548774964955] add 722.0.26 to 722[25:]
[1548774965688] left click on word 722.0.27 ('the')
[1548774965688] del 722.0.27 from 722[27,28:]
[1548774965689] add 722.0.27 to 722[25,26:]
[1548774966187] left click on word 722.0.28 ('size')
[1548774966187] del 722.0.28 from 722[28:]
[1548774966187] add 722.0.28 to 722[25,26,27:]
[1548774966750] left click on word 722.0.29 ('of')
[1548774966750] add 722.0.29 to 722[25,26,27,28:]
[1548774968391] left click on word 722.1.18 ('其')
[1548774968391] del 722.1.18 from 722[:18,19]
[1548774968391] add 722.1.18 to 722[25,26,27,28,29:]
[1548774968985] left click on word 722.1.19 ('面积')
[1548774968985] del 722.1.19 from 722[:19]
[1548774968985] add 722.1.19 to 722[25,26,27,28,29:18]
[1548774970029] left click on word 722.1.21 ('相当于')
[1548774970029] del 722.1.21 from 722[:21]
[1548774970030] add 722.1.21 to 722[25,26,27,28,29:18,19]
[1548774970632] right click on word 722.1.21 ('相当于')
[1548774971146] right click on word 722.1.21 ('相当于')
[1548774973350] label 722[25,26,27,28,29:18,19,21] as modulation
[1548775019834] right click on word 722.1.21 ('相当于')
[1548775021310] label 722[25,26,27,28,29:18,19,21] as particularization
[1548775037125] left click on word 723.0.2 ('understates')
[1548775037125] edit 723[2:2]
[1548775037769] left click on word 723.1.3 ('能')
[1548775037770] del 723.1.3 from 723[3:3]
[1548775037770] add 723.1.3 to 723[2:2]
[1548775038202] left click on word 723.1.4 ('完全')
[1548775038202] add 723.1.4 to 723[2:2,3]
[1548775038741] left click on word 723.1.5 ('说明')
[1548775038741] add 723.1.5 to 723[2:2,3,4]
[1548775039285] right click on word 723.1.5 ('说明')
[1548775041056] right click on word 723.1.5 ('说明')
[1548775041914] label 723[2:2,3,4,5] as modulation
[1548775057586] right click on word 722.1.21 ('相当于')
[1548775058515] label 722[25,26,27,28,29:18,19,21] as modulation
[1548775065486] right click on word 722.1.21 ('相当于')
[1548775066425] label 722[25,26,27,28,29:18,19,21] as particularization
[1548775073111] right click on word 722.1.21 ('相当于')
[1548775074026] label 722[25,26,27,28,29:18,19,21] as transposition
[1548775087290] left click on word 723.0.4 ('seriousness')
[1548775087291] edit 723[4:9]
[1548775087884] left click on word 723.0.3 ('the')
[1548775087884] del 723.0.3 from 723[3:]
[1548775087884] add 723.0.3 to 723[4:9]
[1548775088302] right click on word 723.0.3 ('the')
[1548775096134] left click on word 723.0.6 ('this')
[1548775096134] edit 723[11,13,12,14,17,16,19,18,7,6:12,13,16,17,6]
[1548775096485] left click on word 723.0.6 ('this')
[1548775096485] del 723.0.6 from 723[11,13,12,14,17,16,19,18,7,6:12,13,16,17,6]
[1548775097365] left click on word 723.1.6 ('这个')
[1548775097365] del 723.1.6 from 723[11,13,12,14,17,16,19,18,7:12,13,16,17,6]
[1548775098336] right click on word 723.0.7 ('particular')
[1548775098925] left click on word 723.0.6 ('this')
[1548775098925] new alignment group
[1548775098925] add 723.0.6 to 723[:]
[1548775099797] left click on word 723.1.6 ('这个')
[1548775099797] add 723.1.6 to 723[6:]
[1548775100229] right click on word 723.1.6 ('这个')
[1548775104152] right click on word 723.0.7 ('particular')
[1548775104685] del 723.0.7 from 723[11,13,12,14,17,16,19,18,7:12,13,16,17]
[1548775108845] right click on word 723.0.7 ('particular')
[1548775110019] add 723.0.7 to 723[:]
[1548775110019] label 723[7:] as unaligned_reduction
[1548775118072] left click on word 723.0.11 ('does')
[1548775118072] edit 723[11,13,12,14,17,16,19,18:12,13,16,17]
[1548775119410] left click on word 723.0.11 ('does')
[1548775119410] del 723.0.11 from 723[11,13,12,14,17,16,19,18:12,13,16,17]
[1548775119957] left click on word 723.0.12 ('n't')
[1548775119957] del 723.0.12 from 723[13,12,14,17,16,19,18:12,13,16,17]
[1548775120682] left click on word 723.1.12 ('没有')
[1548775120682] del 723.1.12 from 723[13,14,17,16,19,18:12,13,16,17]
[1548775122206] right click on word 723.1.17 ('厚度')
[1548775122206] del 723.1.17 from 723[15:17]
[1548775122206] add 723.1.17 to 723[13,14,17,16,19,18:13,16,17]
[1548775123040] left click on word 723.0.11 ('does')
[1548775123040] new alignment group
[1548775123040] add 723.0.11 to 723[:]
[1548775123692] left click on word 723.0.12 ('n't')
[1548775123692] add 723.0.12 to 723[11:]
[1548775124477] left click on word 723.1.12 ('没有')
[1548775124477] add 723.1.12 to 723[11,12:]
[1548775124988] right click on word 723.1.12 ('没有')
[1548775126973] left click on word 723.0.13 ('show')
[1548775126974] edit 723[13,14,17,16,19,18:13,16,17]
[1548775127494] left click on word 723.0.13 ('show')
[1548775127494] del 723.0.13 from 723[13,14,17,16,19,18:13,16,17]
[1548775128236] right click on word 723.0.14 ('the')
[1548775128645] left click on word 723.0.13 ('show')
[1548775128645] new alignment group
[1548775128646] add 723.0.13 to 723[:]
[1548775129598] left click on word 723.1.13 ('表示')
[1548775129598] del 723.1.13 from 723[14,17,16,19,18:13,16,17]
[1548775129598] add 723.1.13 to 723[13:]
[1548775131442] right click on word 723.1.13 ('表示')
[1548775132323] right click on word 723.1.14 ('出')
[1548775133131] add 723.1.14 to 723[:]
[1548775133131] label 723[:14] as unaligned_explicitation
[1548775135154] left click on word 723.0.14 ('the')
[1548775135154] edit 723[14,17,16,19,18:16,17]
[1548775135945] left click on word 723.1.16 ('的')
[1548775135945] del 723.1.16 from 723[14,17,16,19,18:16,17]
[1548775136736] left click on word 723.0.15 ('thickness')
[1548775136736] del 723.0.15 from 723[15:]
[1548775136737] add 723.0.15 to 723[14,17,16,19,18:17]
[1548775137502] left click on word 723.0.16 ('of')
[1548775137502] del 723.0.16 from 723[14,17,16,19,18,15:17]
[1548775137969] left click on word 723.0.17 ('the')
[1548775137969] del 723.0.17 from 723[14,17,19,18,15:17]
[1548775138753] left click on word 723.0.18 ('ice')
[1548775138753] del 723.0.18 from 723[14,19,18,15:17]
[1548775139397] left click on word 723.0.19 ('.')
[1548775139397] del 723.0.19 from 723[14,19,15:17]
[1548775140422] right click on word 723.0.15 ('thickness')
[1548775142733] left click on word 723.0.16 ('of')
[1548775142733] new alignment group
[1548775142733] add 723.0.16 to 723[:]
[1548775143899] left click on word 723.1.16 ('的')
[1548775143899] add 723.1.16 to 723[16:]
[1548775144462] right click on word 723.1.16 ('的')
[1548775145621] left click on word 723.0.17 ('the')
[1548775145621] new alignment group
[1548775145621] add 723.0.17 to 723[:]
[1548775146200] left click on word 723.0.18 ('ice')
[1548775146200] add 723.0.18 to 723[17:]
[1548775147146] left click on word 723.1.15 ('冰帽')
[1548775147146] add 723.1.15 to 723[17,18:]
[1548775147683] right click on word 723.1.15 ('冰帽')
[1548775148113] right click on word 723.1.15 ('冰帽')
[1548775149120] label 723[17,18:15] as particularization
[1548775191501] left click on word 724.0.6 ('in')
[1548775191501] new alignment group
[1548775191501] add 724.0.6 to 724[:]
[1548775192031] left click on word 724.0.7 ('a')
[1548775192031] add 724.0.7 to 724[6:]
[1548775192462] left click on word 724.0.8 ('sense')
[1548775192462] del 724.0.8 from 724[8:0]
[1548775192462] add 724.0.8 to 724[6,7:]
[1548775193262] left click on word 724.1.0 ('感觉')
[1548775193262] del 724.1.0 from 724[:0]
[1548775193262] add 724.1.0 to 724[6,7,8:]
[1548775193882] left click on word 724.1.1 ('上')
[1548775193882] del 724.1.1 from 724[0:1]
[1548775193882] add 724.1.1 to 724[6,7,8:0]
[1548775194688] right click on word 724.1.1 ('上')
[1548775196026] right click on word 724.1.1 ('上')
[1548775196933] label 724[6,7,8:0,1] as translation_error
[1548775249995] left click on word 724.0.2 ('ice')
[1548775249995] edit 724[2:4]
[1548775250620] left click on word 724.0.3 ('cap')
[1548775250621] del 724.0.3 from 724[3:5]
[1548775250621] add 724.0.3 to 724[2:4]
[1548775251527] left click on word 724.0.0 ('the')
[1548775251527] del 724.0.0 from 724[0:]
[1548775251527] add 724.0.0 to 724[2,3:4]
[1548775252023] right click on word 724.0.0 ('the')
[1548775259850] left click on word 724.0.4 ('is')
[1548775259850] new alignment group
[1548775259850] add 724.0.4 to 724[:]
[1548775260715] left click on word 724.1.6 ('好象')
[1548775260715] del 724.1.6 from 724[9:6]
[1548775260715] add 724.1.6 to 724[4:]
[1548775261254] right click on word 724.1.6 ('好象')
[1548775261782] right click on word 724.1.6 ('好象')
[1548775262664] label 724[4:6] as modulation
[1548775263846] right click on word 724.1.5 ('就')
[1548775264867] label 724[:5] as unaligned_explicitation
[1548775281454] left click on word 724.0.10 ('the')
[1548775281454] edit 724[10:7]
[1548775282531] left click on word 724.1.7 ('全球')
[1548775282531] del 724.1.7 from 724[10:7]
[1548775283494] left click on word 724.0.12 ('heart')
[1548775283494] del 724.0.12 from 724[12:13]
[1548775283494] add 724.0.12 to 724[10:]
[1548775284455] left click on word 724.1.13 ('心脏')
[1548775284456] del 724.1.13 from 724[:13]
[1548775284456] add 724.1.13 to 724[10,12:]
[1548775285002] right click on word 724.1.13 ('心脏')
[1548775286422] left click on word 724.0.11 ('beating')
[1548775286422] edit 724[11:12]
[1548775287214] left click on word 724.1.11 ('跳动')
[1548775287214] del 724.1.11 from 724[13,14:11]
[1548775287214] add 724.1.11 to 724[11:12]
[1548775287786] right click on word 724.1.11 ('跳动')
[1548775291553] left click on word 724.0.11 ('beating')
[1548775291553] edit 724[11:12,11]
[1548775292368] left click on word 724.1.12 ('的')
[1548775292368] del 724.1.12 from 724[11:12,11]
[1548775293227] right click on word 724.1.11 ('跳动')
[1548775297726] left click on word 724.0.13 ('of')
[1548775297726] edit 724[13,14:]
[1548775298428] left click on word 724.1.12 ('的')
[1548775298428] add 724.1.12 to 724[13,14:]
[1548775298968] right click on word 724.1.12 ('的')
[1548775299970] left click on word 724.0.14 ('the')
[1548775299970] edit 724[13,14:12]
[1548775300410] left click on word 724.0.14 ('the')
[1548775300410] del 724.0.14 from 724[13,14:12]
[1548775301699] right click on word 724.1.12 ('的')
[1548775303845] left click on word 724.0.17 ('system')
[1548775303846] edit 724[17:10]
[1548775305403] left click on word 724.0.14 ('the')
[1548775305403] add 724.0.14 to 724[17:10]
[1548775306121] left click on word 724.1.10 ('中')
[1548775306121] del 724.1.10 from 724[17,14:10]
[1548775306587] left click on word 724.1.9 ('系统')
[1548775306587] del 724.1.9 from 724[16:9]
[1548775306587] add 724.1.9 to 724[17,14:]
[1548775307134] right click on word 724.1.9 ('系统')
[1548775312420] left click on word 724.0.15 ('global')
[1548775312420] edit 724[15:8]
[1548775313245] left click on word 724.1.8 ('气候')
[1548775313245] del 724.1.8 from 724[15:8]
[1548775314126] left click on word 724.1.7 ('全球')
[1548775314126] add 724.1.7 to 724[15:]
[1548775316376] right click on word 724.1.7 ('全球')
[1548775317168] left click on word 724.0.16 ('climate')
[1548775317168] edit 724[16:]
[1548775318050] left click on word 724.1.8 ('气候')
[1548775318050] add 724.1.8 to 724[16:]
[1548775318620] right click on word 724.1.8 ('气候')
[1548775334526] left click on word 724.0.13 ('of')
[1548775334526] edit 724[13:12]
[1548775335334] left click on word 724.1.10 ('中')
[1548775335334] add 724.1.10 to 724[13:12]
[1548775336151] left click on word 724.1.12 ('的')
[1548775336151] del 724.1.12 from 724[13:12,10]
[1548775337153] right click on word 724.0.13 ('of')
[1548775338207] left click on word 724.0.11 ('beating')
[1548775338207] edit 724[11:11]
[1548775339112] left click on word 724.1.12 ('的')
[1548775339112] add 724.1.12 to 724[11:11]
[1548775339673] right click on word 724.1.12 ('的')
[1548775366931] left click on word 725.0.0 ('it')
[1548775366931] edit 725[0,2,3:0]
[1548775367290] left click on word 725.0.0 ('it')
[1548775367290] del 725.0.0 from 725[0,2,3:0]
[1548775369173] right click on word 725.0.3 ('winter')
[1548775371500] left click on word 725.0.1 ('expands')
[1548775371500] edit 725[1:1]
[1548775372094] left click on word 725.1.1 ('心脏')
[1548775372095] del 725.1.1 from 725[1:1]
[1548775372576] left click on word 725.1.2 ('舒张')
[1548775372576] add 725.1.2 to 725[1:]
[1548775373121] right click on word 725.1.2 ('舒张')
[1548775373881] left click on word 725.0.0 ('it')
[1548775373881] new alignment group
[1548775373881] add 725.0.0 to 725[:]
[1548775374585] left click on word 725.1.1 ('心脏')
[1548775374585] add 725.1.1 to 725[0:]
[1548775375162] right click on word 725.1.1 ('心脏')
[1548775375602] right click on word 725.1.1 ('心脏')
[1548775376885] label 725[0:1] as particularization
[1548775394649] right click on word 725.0.4 ('and')
[1548775395327] del 725.0.4 from 725[4:3]
[1548775397090] left click on word 725.0.5 ('contracts')
[1548775397090] edit 725[5:5]
[1548775397610] left click on word 725.1.5 ('心脏')
[1548775397610] del 725.1.5 from 725[5:5]
[1548775398093] left click on word 725.1.6 ('收缩')
[1548775398093] add 725.1.6 to 725[5:]
[1548775398696] right click on word 725.1.6 ('收缩')
[1548775474005] right click on word 725.1.5 ('心脏')
[1548775474937] add 725.1.5 to 725[:]
[1548775474937] label 725[:5] as unaligned_explicitation
[1548776413706] left click on word 725.0.3 ('winter')
[1548776413706] edit 725[2,3:0]
[1548776416878] right click on word 725.0.3 ('winter')
[1548776420875] left click on word 725.0.3 ('winter')
[1548776420875] edit 725[2,3:0]
[1548776421552] left click on word 725.0.2 ('in')
[1548776421553] del 725.0.2 from 725[2,3:0]
[1548776422206] right click on word 725.0.3 ('winter')
[1548776422793] left click on word 725.0.7 ('summer')
[1548776422793] edit 725[6,7:4]
[1548776423348] left click on word 725.0.6 ('in')
[1548776423349] del 725.0.6 from 725[6,7:4]
[1548776424005] right click on word 725.0.7 ('summer')
[1548776692253] left click on word 726.0.3 ('I')
[1548776692253] edit 726[3,6,7:2]
[1548776693059] left click on word 726.0.6 ('will')
[1548776693059] del 726.0.6 from 726[3,6,7:2]
[1548776693533] left click on word 726.0.7 ('be')
[1548776693533] del 726.0.7 from 726[3,7:2]
[1548776694561] left click on word 726.1.2 ('要')
[1548776694561] del 726.1.2 from 726[3:2]
[1548776695353] left click on word 726.1.1 ('我')
[1548776695353] add 726.1.1 to 726[3:]
[1548776696702] left click on word 726.0.4 ('show')
[1548776696702] del 726.0.4 from 726[2,4,5:3]
[1548776696703] add 726.0.4 to 726[3:1]
[1548776697827] left click on word 726.1.3 ('展示')
[1548776697827] del 726.1.3 from 726[2,5:3]
[1548776697827] add 726.1.3 to 726[3,4:1]
[1548776698518] right click on word 726.1.3 ('展示')
[1548776701587] left click on word 726.0.1 ('next')
[1548776701587] edit 726[0,1:0]
[1548776702329] left click on word 726.0.0 ('the')
[1548776702329] del 726.0.0 from 726[0,1:0]
[1548776705895] cancel edit
[1548776705896] add 726.0.0 to 726[1:0]
[1548776707029] left click on word 726.0.1 ('next')
[1548776707029] edit 726[1,0:0]
[1548776707502] left click on word 726.0.1 ('next')
[1548776707502] del 726.0.1 from 726[1,0:0]
[1548776708097] left click on word 726.0.0 ('the')
[1548776708097] del 726.0.0 from 726[0:0]
[1548776709590] left click on word 726.0.1 ('next')
[1548776709590] add 726.0.1 to 726[:0]
[1548776713575] cancel edit
[1548776713575] add 726.0.0 to 726[1:0]
[1548776714967] left click on word 726.0.1 ('next')
[1548776714967] edit 726[1,0:0]
[1548776715464] left click on word 726.0.0 ('the')
[1548776715464] del 726.0.0 from 726[1,0:0]
[1548776723123] left click on word 726.0.2 ('slide')
[1548776723124] del 726.0.2 from 726[2,5:]
[1548776723124] add 726.0.2 to 726[1:0]
[1548776723629] left click on word 726.0.2 ('slide')
[1548776723629] del 726.0.2 from 726[1,2:0]
[1548776723629] add 726.0.2 to 726[5:]
[1548776727173] left click on word 726.1.0 ('下面')
[1548776727173] del 726.1.0 from 726[1:0]
[1548776727579] left click on word 726.1.0 ('下面')
[1548776727579] add 726.1.0 to 726[1:]
[1548776731560] cancel edit
[1548776731560] add 726.0.0 to 726[1:0]
[1548776735589] left click on word 726.0.1 ('next')
[1548776735589] edit 726[1,0:0]
[1548776736225] left click on word 726.0.0 ('the')
[1548776736225] del 726.0.0 from 726[1,0:0]
[1548776737185] right click on word 726.0.1 ('next')
[1548776870086] right click on word 726.0.2 ('slide')
[1548776871033] label 726[5,2:] as unaligned_reduction
[1548776872208] left click on word 726.0.2 ('slide')
[1548776872208] edit 726[5,2:]
[1548776872925] left click on word 726.0.5 ('you')
[1548776872925] del 726.0.5 from 726[5,2:]
[1548776873895] right click on word 726.0.2 ('slide')
[1548776884438] left click on word 726.0.3 ('I')
[1548776884438] edit 726[3,4:1,3]
[1548776887684] left click on word 726.0.4 ('show')
[1548776887684] del 726.0.4 from 726[3,4:1,3]
[1548776888583] left click on word 726.1.3 ('展示')
[1548776888583] del 726.1.3 from 726[3:1,3]
[1548776895101] right click on word 726.1.1 ('我')
[1548776899122] left click on word 726.0.4 ('show')
[1548776899122] new alignment group
[1548776899123] add 726.0.4 to 726[:]
[1548776899856] left click on word 726.1.3 ('展示')
[1548776899856] add 726.1.3 to 726[4:]
[1548776900450] right click on word 726.1.3 ('展示')
[1548776907867] left click on word 726.0.7 ('be')
[1548776907867] new alignment group
[1548776907867] add 726.0.7 to 726[:]
[1548776908690] left click on word 726.1.5 ('是')
[1548776908691] del 726.1.5 from 726[8:5]
[1548776908691] add 726.1.5 to 726[7:]
[1548776909163] right click on word 726.1.5 ('是')
[1548776919646] left click on word 726.0.9 ('rapid')
[1548776919646] edit 726[9:4]
[1548776920796] left click on word 726.1.4 ('的')
[1548776920796] del 726.1.4 from 726[9:4]
[1548776922216] left click on word 726.0.9 ('rapid')
[1548776922216] del 726.0.9 from 726[9:]
[1548776922787] left click on word 726.0.10 ('fast-forward')
[1548776922787] add 726.0.10 to 726[:]
[1548776927469] left click on word 726.1.11 ('极剧')
[1548776927469] del 726.1.11 from 726[16:11]
[1548776927469] add 726.1.11 to 726[10:]
[1548776928945] left click on word 726.0.9 ('rapid')
[1548776928945] add 726.0.9 to 726[10:11]
[1548776930153] right click on word 726.0.10 ('fast-forward')
[1548776930918] right click on word 726.0.10 ('fast-forward')
[1548776932382] label 726[10,9:11] as translation_error
[1548776939274] left click on word 726.0.12 ('what')
[1548776939274] new alignment group
[1548776939274] add 726.0.12 to 726[:]
[1548776939926] left click on word 726.0.13 (''s')
[1548776939926] add 726.0.13 to 726[12:]
[1548776940425] left click on word 726.0.14 ('happened')
[1548776940426] del 726.0.14 from 726[14:11]
[1548776940426] add 726.0.14 to 726[12,13:]
[1548776941737] left click on word 726.1.12 ('变化')
[1548776941737] add 726.1.12 to 726[12,13,14:]
[1548776942750] right click on word 726.1.12 ('变化')
[1548776944430] right click on word 726.1.12 ('变化')
[1548776945939] label 726[12,13,14:12] as transposition
[1548776952749] left click on word 726.0.15 ('over')
[1548776952749] edit 726[15:6]
[1548776953933] left click on word 726.1.9 ('里')
[1548776953933] add 726.1.9 to 726[15:6]
[1548776954780] right click on word 726.1.9 ('里')
[1548777101092] NEW SESSION
[1548777114124] right click on word 726.1.2 ('要')
[1548777115161] add 726.1.2 to 726[:]
[1548777115161] label 726[:2] as unaligned_explicitation
[1548777118823] right click on word 726.1.4 ('的')
[1548777119524] add 726.1.4 to 726[:]
[1548777119524] label 726[:4] as unaligned_explicitation
[1548777122919] left click on word 726.1.6 ('在')
[1548777122919] edit 726[15:6,9]
[1548777123719] left click on word 726.1.9 ('年')
[1548777123719] del 726.1.9 from 726[15:6,9]
[1548777124226] left click on word 726.1.10 ('里')
[1548777124227] add 726.1.10 to 726[15:6]
[1548777124789] right click on word 726.1.10 ('里')
[1548777127383] left click on word 726.1.8 ('25')
[1548777127383] edit 726[18,19:8]
[1548777128467] left click on word 726.0.19 ('years')
[1548777128467] del 726.0.19 from 726[18,19:8]
[1548777129224] right click on word 726.0.18 ('25')
[1548777130083] left click on word 726.1.9 ('年')
[1548777130083] new alignment group
[1548777130083] add 726.1.9 to 726[:]
[1548777131151] left click on word 726.0.19 ('years')
[1548777131151] add 726.0.19 to 726[:9]
[1548777131606] right click on word 726.0.19 ('years')
[1548777135409] left click on word 726.1.11 ('的')
[1548777135409] edit 726[10,9:11]
[1548777135908] left click on word 726.1.12 ('极剧')
[1548777135908] del 726.1.12 from 726[12,13,14:12]
[1548777135908] add 726.1.12 to 726[10,9:11]
[1548777136593] left click on word 726.1.11 ('的')
[1548777136593] del 726.1.11 from 726[10,9:11,12]
[1548777137342] right click on word 726.1.12 ('极剧')
[1548777138134] right click on word 726.1.11 ('的')
[1548777138876] add 726.1.11 to 726[:]
[1548777138876] label 726[:11] as unaligned_explicitation
[1548777141120] left click on word 726.0.12 ('what')
[1548777141120] edit 726[12,13,14:]
[1548777141765] left click on word 726.0.13 (''s')
[1548777141765] del 726.0.13 from 726[12,13,14:]
[1548777142245] left click on word 726.0.14 ('happened')
[1548777142245] del 726.0.14 from 726[12,14:]
[1548777142963] left click on word 726.1.13 ('变化')
[1548777142963] add 726.1.13 to 726[12:]
[1548777143542] right click on word 726.1.13 ('变化')
[1548777144228] right click on word 726.1.13 ('变化')
[1548777145590] label 726[12:13] as transposition
[1548777146465] left click on word 726.0.12 ('what')
[1548777146465] edit 726[12:13]
[1548777146986] left click on word 726.0.13 (''s')
[1548777146986] add 726.0.13 to 726[12:13]
[1548777147401] left click on word 726.0.14 ('happened')
[1548777147401] add 726.0.14 to 726[12,13:13]
[1548777147981] right click on word 726.0.14 ('happened')
[1548777162533] right click on word 726.0.6 ('will')
[1548777163441] add 726.0.6 to 726[:]
[1548777163441] label 726[6:] as unaligned_reduction
[1548777182987] left click on word 726.0.9 ('rapid')
[1548777182988] edit 726[10,9:12]
[1548777183705] left click on word 726.0.8 ('a')
[1548777183705] del 726.0.8 from 726[8:]
[1548777183705] add 726.0.8 to 726[10,9:12]
[1548777184732] left click on word 726.0.11 ('of')
[1548777184732] add 726.0.11 to 726[10,9,8:12]
[1548777185338] right click on word 726.0.11 ('of')
[1548777236357] left click on word 727.0.1 ('permanent')
[1548777236357] edit 727[1,4:3]
[1548777237204] left click on word 727.0.4 ('marked')
[1548777237204] del 727.0.4 from 727[1,4:3]
[1548777238265] right click on word 727.0.1 ('permanent')
[1548777240165] left click on word 727.0.2 ('ice')
[1548777240165] edit 727[2,5:4]
[1548777240875] left click on word 727.1.4 ('冻')
[1548777240875] del 727.1.4 from 727[2,5:4]
[1548777242001] left click on word 727.0.1 ('permanent')
[1548777242001] del 727.0.1 from 727[1:3]
[1548777242001] add 727.0.1 to 727[2,5:]
[1548777243225] left click on word 727.1.3 ('永')
[1548777243225] del 727.1.3 from 727[:3]
[1548777243225] add 727.1.3 to 727[2,5,1:]
[1548777243756] left click on word 727.1.4 ('冻')
[1548777243756] add 727.1.4 to 727[2,5,1:3]
[1548777244229] left click on word 727.1.5 ('冰')
[1548777244229] add 727.1.5 to 727[2,5,1:3,4]
[1548777245020] left click on word 727.0.5 ('in')
[1548777245020] del 727.0.5 from 727[2,5,1:3,4,5]
[1548777246053] right click on word 727.0.1 ('permanent')
[1548777427469] left click on word 727.0.1 ('permanent')
[1548777427469] edit 727[2,1:3,4,5]
[1548777428422] right click on word 727.0.1 ('permanent')
[1548777445083] left click on word 727.0.4 ('marked')
[1548777445084] new alignment group
[1548777445084] add 727.0.4 to 727[:]
[1548777445776] left click on word 727.0.5 ('in')
[1548777445776] add 727.0.5 to 727[4:]
[1548777446233] left click on word 727.0.6 ('red')
[1548777446233] del 727.0.6 from 727[6:0]
[1548777446233] add 727.0.6 to 727[4,5:]
[1548777446983] left click on word 727.1.0 ('红色')
[1548777446983] del 727.1.0 from 727[:0]
[1548777446983] add 727.1.0 to 727[4,5,6:]
[1548777447528] left click on word 727.1.1 ('的')
[1548777447528] add 727.1.1 to 727[4,5,6:0]
[1548777448075] right click on word 727.1.1 ('的')
[1548777448614] right click on word 727.1.1 ('的')
[1548777449545] label 727[4,5,6:0,1] as equivalence
[1548777454986] left click on word 727.0.1 ('permanent')
[1548777454986] edit 727[2,1:3,4,5]
[1548777455591] left click on word 727.0.0 ('the')
[1548777455591] add 727.0.0 to 727[2,1:3,4,5]
[1548777456111] right click on word 727.0.0 ('the')
[1548777457327] left click on word 727.0.1 ('permanent')
[1548777457327] edit 727[2,1,0:3,4,5]
[1548777458134] left click on word 727.0.0 ('the')
[1548777458134] del 727.0.0 from 727[2,1,0:3,4,5]
[1548777458910] left click on word 727.0.0 ('the')
[1548777458910] add 727.0.0 to 727[2,1:3,4,5]
[1548777459562] right click on word 727.0.1 ('permanent')
[1548777475847] left click on word 727.0.4 ('marked')
[1548777475847] edit 727[4,5,6:0,1]
[1548777476108] left click on word 727.0.4 ('marked')
[1548777476108] del 727.0.4 from 727[4,5,6:0,1]
[1548777476885] left click on word 727.0.5 ('in')
[1548777476885] del 727.0.5 from 727[5,6:0,1]
[1548777477924] right click on word 727.0.6 ('red')
[1548777478428] right click on word 727.0.6 ('red')
[1548777479226] label 727[6:0,1] as literal
[1548777480068] left click on word 727.0.4 ('marked')
[1548777480068] new alignment group
[1548777480068] add 727.0.4 to 727[:]
[1548777480711] left click on word 727.0.5 ('in')
[1548777480711] add 727.0.5 to 727[4:]
[1548777481235] right click on word 727.0.5 ('in')
[1548777481642] right click on word 727.0.5 ('in')
[1548777482360] label 727[4,5:] as unaligned_reduction
[1548777498065] left click on word 728.0.5 ('expands')
[1548777498065] new alignment group
[1548777498065] add 728.0.5 to 728[:]
[1548777498766] left click on word 728.1.5 ('变成')
[1548777498766] del 728.1.5 from 728[6:5]
[1548777498767] add 728.1.5 to 728[5:]
[1548777499354] right click on word 728.1.5 ('变成')
[1548777499778] right click on word 728.1.5 ('变成')
[1548777501083] label 728[5:5] as translation_error
[1548777503580] right click on word 728.1.4 ('正在')
[1548777504257] del 728.1.4 from 728[7:4]
[1548777506109] left click on word 728.0.5 ('expands')
[1548777506109] edit 728[5:5]
[1548777506867] left click on word 728.0.6 ('to')
[1548777506868] del 728.0.6 from 728[6:]
[1548777506868] add 728.0.6 to 728[5:5]
[1548777507413] right click on word 728.0.6 ('to')
[1548777512161] right click on word 728.0.10 ('--')
[1548777512800] del 728.0.10 from 728[10,12:9]
[1548777514074] left click on word 728.0.11 ('that')
[1548777514074] edit 728[11:8]
[1548777515090] right click on word 728.0.11 ('that')
[1548777516242] left click on word 728.0.12 (''s')
[1548777516242] edit 728[12:9]
[1548777517048] right click on word 728.0.12 (''s')
[1548777520712] right click on word 728.0.13 ('the')
[1548777521420] del 728.0.13 from 728[13:13]
[1548777524881] left click on word 728.0.14 ('annual')
[1548777524881] edit 728[14:14]
[1548777525992] right click on word 728.1.14 ('年度')
[1548777530920] right click on word 728.0.16 ('in')
[1548777531711] del 728.0.16 from 728[16:16]
[1548777537593] left click on word 728.0.20 ('it')
[1548777537593] new alignment group
[1548777537593] add 728.0.20 to 728[:]
[1548777538327] left click on word 728.1.18 ('永')
[1548777538327] add 728.1.18 to 728[20:]
[1548777538785] left click on word 728.1.19 ('冻')
[1548777538785] del 728.1.19 from 728[22:19]
[1548777538785] add 728.1.19 to 728[20:18]
[1548777539347] left click on word 728.1.20 ('冰')
[1548777539347] add 728.1.20 to 728[20:18,19]
[1548777539895] right click on word 728.1.20 ('冰')
[1548777540226] right click on word 728.1.20 ('冰')
[1548777541044] label 728[20:18,19,20] as particularization
[1548777554007] left click on word 728.0.22 ('in')
[1548777554007] edit 728[22:]
[1548777554928] left click on word 728.1.16 ('在')
[1548777554928] del 728.1.16 from 728[:16]
[1548777554928] add 728.1.16 to 728[22:]
[1548777555464] right click on word 728.1.16 ('在')
[1548777558616] right click on word 728.1.10 ('每年')
[1548777559333] add 728.1.10 to 728[:]
[1548777559333] label 728[:10] as unaligned_explicitation
[1548777560840] left click on word 728.1.12 ('形成')
[1548777560840] new alignment group
[1548777560840] add 728.1.12 to 728[:]
[1548777562090] left click on word 728.1.13 ('的')
[1548777562090] del 728.1.13 from 728[:13]
[1548777562090] add 728.1.13 to 728[:12]
[1548777562744] right click on word 728.1.13 ('的')
[1548777563265] right click on word 728.1.13 ('的')
[1548777564065] label 728[:12,13] as unaligned_explicitation
[1548777578791] left click on word 728.1.5 ('变成')
[1548777578792] edit 728[5,6:5]
[1548777579436] left click on word 728.1.4 ('正在')
[1548777579436] add 728.1.4 to 728[5,6:5]
[1548777580023] right click on word 728.1.4 ('正在')
[1548777603429] right click on word 729.0.0 ('the')
[1548777604129] del 729.0.0 from 729[0:1]
[1548777604970] left click on word 729.0.1 ('so-called')
[1548777604970] edit 729[1:0]
[1548777605696] left click on word 729.1.1 ('的')
[1548777605696] del 729.1.1 from 729[:1]
[1548777605696] add 729.1.1 to 729[1:0]
[1548777606153] right click on word 729.1.1 ('的')
[1548777610258] left click on word 729.0.2 ('permanent')
[1548777610258] edit 729[2:3]
[1548777611497] left click on word 729.1.4 ('冻')
[1548777611497] del 729.1.4 from 729[3:4]
[1548777611497] add 729.1.4 to 729[2:3]
[1548777614998] left click on word 729.1.4 ('冻')
[1548777614998] del 729.1.4 from 729[2:3,4]
[1548777614998] add 729.1.4 to 729[3:]
[1548777615952] right click on word 729.0.2 ('permanent')
[1548777625125] left click on word 729.0.2 ('permanent')
[1548777625125] edit 729[2:3]
[1548777626006] left click on word 729.0.3 ('ice')
[1548777626006] del 729.0.3 from 729[3:4]
[1548777626006] add 729.0.3 to 729[2:3]
[1548777626838] left click on word 729.1.4 ('冻')
[1548777626838] del 729.1.4 from 729[:4]
[1548777626839] add 729.1.4 to 729[2,3:3]
[1548777627392] right click on word 729.1.4 ('冻')
[1548777627890] right click on word 729.1.4 ('冻')
[1548777629047] label 729[2,3:3,4] as uncertain
[1548777638487] left click on word 729.0.5 ('five')
[1548777638488] edit 729[5:10]
[1548777639615] left click on word 729.0.6 ('years')
[1548777639615] del 729.0.6 from 729[6:11]
[1548777639615] add 729.0.6 to 729[5:10]
[1548777640144] left click on word 729.0.7 ('old')
[1548777640144] del 729.0.7 from 729[7:14]
[1548777640144] add 729.0.7 to 729[5,6:10]
[1548777640829] left click on word 729.1.11 ('年')
[1548777640829] del 729.1.11 from 729[:11]
[1548777640829] add 729.1.11 to 729[5,6,7:10]
[1548777641284] right click on word 729.1.11 ('年')
[1548777643155] left click on word 729.0.9 ('older')
[1548777643155] edit 729[9:13]
[1548777643743] left click on word 729.1.14 ('久')
[1548777643743] del 729.1.14 from 729[:14]
[1548777643743] add 729.1.14 to 729[9:13]
[1548777644313] left click on word 729.1.15 ('的')
[1548777644313] add 729.1.15 to 729[9:13,14]
[1548777644795] right click on word 729.1.15 ('的')
[1548777648392] left click on word 729.0.11 ('you')
[1548777648392] edit 729[11,12:17]
[1548777648988] left click on word 729.0.12 ('can')
[1548777648988] del 729.0.12 from 729[11,12:17]
[1548777650202] right click on word 729.0.11 ('you')
[1548777657424] left click on word 729.0.14 ('is')
[1548777657424] edit 729[14:20]
[1548777658140] left click on word 729.1.20 ('这')
[1548777658140] del 729.1.20 from 729[14:20]
[1548777662325] left click on word 729.0.16 ('like')
[1548777662325] del 729.0.16 from 729[15,16:22]
[1548777662325] add 729.0.16 to 729[14:]
[1548777663191] left click on word 729.1.22 ('像')
[1548777663192] del 729.1.22 from 729[15:22]
[1548777663192] add 729.1.22 to 729[14,16:]
[1548777663883] right click on word 729.1.22 ('像')
[1548777665320] right click on word 729.0.15 ('almost')
[1548777666258] label 729[15:] as unaligned_reduction
[1548777671423] left click on word 729.1.22 ('像')
[1548777671423] edit 729[14,16:22]
[1548777672197] left click on word 729.1.24 ('一样')
[1548777672197] add 729.1.24 to 729[14,16:22]
[1548777672736] right click on word 729.1.24 ('一样')
[1548777712653] left click on word 729.0.19 ('spilling')
[1548777712653] new alignment group
[1548777712653] add 729.0.19 to 729[:]
[1548777713393] left click on word 729.0.20 ('out')
[1548777713393] add 729.0.20 to 729[19:]
[1548777713923] left click on word 729.0.21 ('of')
[1548777713923] del 729.0.21 from 729[21,23:29]
[1548777713923] add 729.0.21 to 729[19,20:]
[1548777714585] right click on word 729.0.21 ('of')
[1548777715851] left click on word 729.1.25 ('输送')
[1548777715851] edit 729[22:25,26,28]
[1548777716909] left click on word 729.0.19 ('spilling')
[1548777716909] del 729.0.19 from 729[19,20,21:]
[1548777716910] add 729.0.19 to 729[22:25,26,28]
[1548777717448] cancel edit
[1548777717448] add 729.0.19 to 729[20,21:]
[1548777718811] left click on word 729.1.25 ('输送')
[1548777718811] edit 729[22:25,26,28]
[1548777719375] left click on word 729.0.19 ('spilling')
[1548777719375] del 729.0.19 from 729[20,21,19:]
[1548777719375] add 729.0.19 to 729[22:25,26,28]
[1548777720157] left click on word 729.0.20 ('out')
[1548777720157] del 729.0.20 from 729[20,21:]
[1548777720157] add 729.0.20 to 729[22,19:25,26,28]
[1548777720719] left click on word 729.0.21 ('of')
[1548777720719] del 729.0.21 from 729[21:]
[1548777720719] add 729.0.21 to 729[22,19,20:25,26,28]
[1548777721200] left click on word 729.0.22 ('the')
[1548777721200] del 729.0.22 from 729[22,19,20,21:25,26,28]
[1548777722016] left click on word 729.1.28 ('各')
[1548777722016] del 729.1.28 from 729[19,20,21:25,26,28]
[1548777722686] left click on word 729.1.26 ('到')
[1548777722686] del 729.1.26 from 729[19,20,21:25,26]
[1548777723633] right click on word 729.1.25 ('输送')
[1548777724839] left click on word 729.1.25 ('输送')
[1548777724839] edit 729[19,20,21:25]
[1548777725337] left click on word 729.1.26 ('到')
[1548777725338] add 729.1.26 to 729[19,20,21:25]
[1548777725923] right click on word 729.1.26 ('到')
[1548777726495] right click on word 729.1.26 ('到')
[1548777727427] label 729[19,20,21:25,26] as translation_error
[1548777762970] left click on word 729.0.23 ('body')
[1548777762970] edit 729[23:29]
[1548777763548] left click on word 729.0.22 ('the')
[1548777763548] add 729.0.22 to 729[23:29]
[1548777764267] left click on word 729.1.27 ('身体')
[1548777764267] add 729.1.27 to 729[23,22:29]
[1548777765073] left click on word 729.1.29 ('部位')
[1548777765073] del 729.1.29 from 729[23,22:29,27]
[1548777766092] right click on word 729.1.27 ('身体')
[1548777767669] left click on word 729.1.28 ('各')
[1548777767669] new alignment group
[1548777767669] add 729.1.28 to 729[:]
[1548777768100] left click on word 729.1.29 ('部位')
[1548777768100] add 729.1.29 to 729[:28]
[1548777768644] right click on word 729.1.29 ('部位')
[1548777769086] right click on word 729.1.29 ('部位')
[1548777769797] label 729[:28,29] as unaligned_explicitation
[1548777774088] left click on word 729.1.7 ('是')
[1548777774088] new alignment group
[1548777774088] add 729.1.7 to 729[:]
[1548777774594] left click on word 729.1.8 ('指')
[1548777774594] add 729.1.8 to 729[:7]
[1548777775132] left click on word 729.1.9 ('形成')
[1548777775132] add 729.1.9 to 729[:7,8]
[1548777775702] right click on word 729.1.9 ('形成')
[1548777776127] right click on word 729.1.9 ('形成')
[1548777776795] label 729[:7,8,9] as unaligned_explicitation
[1548777782768] right click on word 729.1.16 ('冰')
[1548777783544] add 729.1.16 to 729[:]
[1548777783544] label 729[:16] as unaligned_explicitation
[1548777802267] right click on word 729.1.29 ('部位')
[1548777802912] del 729.1.29 from 729[:28,29]
[1548777803916] right click on word 729.1.28 ('各')
[1548777804463] del 729.1.28 from 729[:28]
